66.0 APEX_CODE,FINEST;APEX_PROFILING,FINEST;CALLOUT,FINEST;DATA_ACCESS,INFO;DB,FINEST;NBA,FINEST;SYSTEM,FINE;VALIDATION,INFO;VISUALFORCE,FINER;WAVE,FINEST;WORKFLOW,FINER
22:39:00.1 (1221143)|USER_INFO|[EXTERNAL]|00536000001Ebgm|autoproc@00d36000000kq3ueac|(GMT-08:00) Pacific Standard Time (America/Los_Angeles)|GMT-08:00
22:39:00.1 (1333811)|EXECUTION_STARTED
22:39:00.1 (1367398)|CODE_UNIT_STARTED|[EXTERNAL]|01qbV000003N9GX|ServiceLogEventTrigger on Service_Log_Event trigger event AfterInsert|__sfdc_trigger/ServiceLogEventTrigger
22:39:00.1 (1453615)|HEAP_ALLOCATE|[EXTERNAL]|Bytes:8
22:39:00.1 (2346165)|HEAP_ALLOCATE|[95]|Bytes:3
22:39:00.1 (2411884)|HEAP_ALLOCATE|[100]|Bytes:152
22:39:00.1 (2426461)|HEAP_ALLOCATE|[417]|Bytes:408
22:39:00.1 (2444033)|HEAP_ALLOCATE|[430]|Bytes:408
22:39:00.1 (2470716)|HEAP_ALLOCATE|[317]|Bytes:6
22:39:00.1 (2492344)|HEAP_ALLOCATE|[EXTERNAL]|Bytes:8
22:39:00.1 (2539884)|VARIABLE_SCOPE_BEGIN|[12]|this|ServiceLogEventTrigger|true|false
22:39:00.1 (2760633)|VARIABLE_ASSIGNMENT|[12]|this|{}|0x12078120
22:39:00.1 (2818872)|HEAP_ALLOCATE|[EXTERNAL]|Bytes:8
22:39:00.1 (2851028)|VARIABLE_SCOPE_BEGIN|[12]|this|ServiceLogEventTrigger|true|false
22:39:00.1 (2878195)|VARIABLE_ASSIGNMENT|[12]|this|{}|0x12078120
22:39:00.1 (2895276)|STATEMENT_EXECUTE|[12]
22:39:00.1 (2896974)|STATEMENT_EXECUTE|[13]
22:39:00.1 (3045881)|HEAP_ALLOCATE|[13]|Bytes:4
22:39:00.1 (3124606)|SYSTEM_CONSTRUCTOR_ENTRY|[13]|<init>()
22:39:00.1 (3165035)|SYSTEM_CONSTRUCTOR_EXIT|[13]|<init>()
22:39:00.1 (3192699)|HEAP_ALLOCATE|[68]|Bytes:5
22:39:00.1 (3263371)|HEAP_ALLOCATE|[74]|Bytes:5
22:39:00.1 (3282041)|HEAP_ALLOCATE|[82]|Bytes:7
22:39:00.1 (3497884)|HEAP_ALLOCATE|[EXTERNAL]|Bytes:4
22:39:00.1 (3544335)|VARIABLE_ASSIGNMENT|[13]|this.serviceLogs|[]|0x12078120
22:39:00.1 (3735326)|SYSTEM_METHOD_ENTRY|[16]|List<Service_Log_Event__e>.iterator()
22:39:00.1 (3873021)|SYSTEM_METHOD_EXIT|[16]|List<Service_Log_Event__e>.iterator()
22:39:00.1 (3924728)|SYSTEM_METHOD_ENTRY|[16]|system.ListIterator.hasNext()
22:39:00.1 (3945601)|HEAP_ALLOCATE|[16]|Bytes:5
22:39:00.1 (3990670)|SYSTEM_METHOD_EXIT|[16]|system.ListIterator.hasNext()
22:39:00.1 (4059980)|VARIABLE_SCOPE_BEGIN|[16]|evt|Service_Log_Event__e|true|false
22:39:00.1 (4310992)|VARIABLE_ASSIGNMENT|[16]|evt|{"CreatedById":"00536000006CafHAAS","Payload__c":"{\"attributes\":{\"type (3327 more) ...","ReplayId":"28143566","EventUuid":"18e1446d-71ec-4c3e-b (16 more) ...","CreatedDate":"2026-02-22T06:39:00.000Z","OwnerId__c":"00536000006CafHAAS","Id":"e0Fxx000001u5QUEAY"}|0x113f6655
22:39:00.1 (4324077)|STATEMENT_EXECUTE|[16]
22:39:00.1 (4326286)|STATEMENT_EXECUTE|[17]
22:39:00.1 (4416664)|SYSTEM_METHOD_ENTRY|[17]|String.isNotBlank(String)
22:39:00.1 (4451730)|SYSTEM_METHOD_EXIT|[17]|String.isNotBlank(String)
22:39:00.1 (4482695)|VARIABLE_SCOPE_BEGIN|[17]|log|String|false|false
22:39:00.1 (4503443)|VARIABLE_ASSIGNMENT|[17]|log|"{\"attributes\":{\"type (3327 more) ..."
22:39:00.1 (4507231)|STATEMENT_EXECUTE|[18]
22:39:00.1 (4511873)|HEAP_ALLOCATE|[18]|Bytes:40
22:39:00.1 (4644598)|HEAP_ALLOCATE|[18]|Bytes:33
22:39:00.1 (4677388)|SYSTEM_METHOD_ENTRY|[1]|Type.Type()
22:39:00.1 (4681875)|STATEMENT_EXECUTE|[1]
22:39:00.1 (4697273)|SYSTEM_METHOD_EXIT|[1]|Type
22:39:00.1 (4704215)|HEAP_ALLOCATE|[18]|Bytes:8
22:39:00.1 (4725078)|HEAP_ALLOCATE|[18]|Bytes:8
22:39:00.1 (4756271)|VARIABLE_SCOPE_BEGIN|[4]|this|System.Type|true|false
22:39:00.1 (4843490)|VARIABLE_ASSIGNMENT|[4]|this|{}|0xee04c52
22:39:00.1 (4851643)|VARIABLE_SCOPE_BEGIN|[4]|apextype|java:common.apex.runtime.ApexObjectType|true|false
22:39:00.1 (5027662)|VARIABLE_ASSIGNMENT|[4]|apextype|"Service_Log__c"|0x4ecf745f
22:39:00.1 (7650649)|HEAP_ALLOCATE|[18]|Bytes:8
22:39:00.1 (7721195)|HEAP_ALLOCATE|[18]|Bytes:24
22:39:00.1 (7743946)|SYSTEM_METHOD_ENTRY|[1]|JSON.JSON()
22:39:00.1 (7751173)|STATEMENT_EXECUTE|[1]
22:39:00.1 (7762124)|SYSTEM_METHOD_EXIT|[1]|JSON
22:39:00.1 (7792391)|METHOD_ENTRY|[18]||System.JSON.deserializeStrict(String, System.Type)
22:39:00.1 (8810996)|METHOD_EXIT|[18]||System.JSON.deserializeStrict(String, System.Type)
22:39:00.1 (8837359)|VARIABLE_SCOPE_BEGIN|[18]|newLog|Service_Log__c|true|false
22:39:00.1 (9036833)|VARIABLE_ASSIGNMENT|[18]|newLog|{"Service_Name__c":"Google Maps - Get La (5 more) ...","Method__c":"GET","Direction__c":"Outbound","Service_Start__c":"2026-02-22T06:39:00.545Z","Category__c":"Google Maps","RequestBody__c":"","ResponseBody__c":"{\n   \"results\" : \n   (2445 more) ...","attributes":{"type":"Service_Log__c"},"Service_End__c":"2026-02-22T06:39:00.607Z","RequestURI__c":"callout:GoogleMaps/g (111 more) ...","ResponseStatusCode__c":200.0,"ResponseHeaders__c":"(Alt-Svc, Server, Ac (143 more) ..."}|0x5fd43b2b
22:39:00.1 (9052928)|STATEMENT_EXECUTE|[19]
22:39:00.1 (9108366)|HEAP_ALLOCATE|[19]|Bytes:4
22:39:00.1 (9273625)|HEAP_ALLOCATE|[19]|Bytes:-4
22:39:00.1 (9344525)|VARIABLE_ASSIGNMENT|[19]|this.OwnerId|"00536000006CafHAAS"|0x5fd43b2b
22:39:00.1 (9352693)|STATEMENT_EXECUTE|[20]
22:39:00.1 (9420884)|SYSTEM_METHOD_ENTRY|[20]|List<Service_Log__c>.add(Object)
22:39:00.1 (9455373)|HEAP_ALLOCATE|[EXTERNAL]|Bytes:4
22:39:00.1 (9468486)|SYSTEM_METHOD_EXIT|[20]|List<Service_Log__c>.add(Object)
22:39:00.1 (9482266)|SYSTEM_METHOD_ENTRY|[16]|system.ListIterator.hasNext()
22:39:00.1 (9494982)|HEAP_ALLOCATE|[16]|Bytes:5
22:39:00.1 (9507646)|SYSTEM_METHOD_EXIT|[16]|system.ListIterator.hasNext()
22:39:00.1 (9532529)|VARIABLE_ASSIGNMENT|[16]|evt|null|
22:39:00.1 (9549145)|SYSTEM_METHOD_ENTRY|[23]|List<Service_Log__c>.isEmpty()
22:39:00.1 (9564916)|SYSTEM_METHOD_EXIT|[23]|List<Service_Log__c>.isEmpty()
22:39:00.1 (9572617)|STATEMENT_EXECUTE|[23]
22:39:00.1 (9574657)|STATEMENT_EXECUTE|[24]
22:39:00.1 (9695260)|VARIABLE_SCOPE_BEGIN|[17]|ServiceLog.Error_Message_MAX_SIZE|Integer|false|true
22:39:00.1 (9712454)|VARIABLE_SCOPE_BEGIN|[24]|ServiceLog.MAX_PAYLOAD_SIZE|Integer|false|true
22:39:00.1 (9718767)|VARIABLE_SCOPE_BEGIN|[21]|ServiceLog.RequestBody_MAX_SIZE|Integer|false|true
22:39:00.1 (9724475)|VARIABLE_SCOPE_BEGIN|[19]|ServiceLog.RequestHeaders_MAX_SIZE|Integer|false|true
22:39:00.1 (9730131)|VARIABLE_SCOPE_BEGIN|[20]|ServiceLog.RequestParameters_MAX_SIZE|Integer|false|true
22:39:00.1 (9735822)|VARIABLE_SCOPE_BEGIN|[18]|ServiceLog.RequestURI_MAX_SIZE|Integer|false|true
22:39:00.1 (9741819)|VARIABLE_SCOPE_BEGIN|[22]|ServiceLog.ResponseBody_MAX_SIZE|Integer|false|true
22:39:00.1 (9747629)|VARIABLE_SCOPE_BEGIN|[23]|ServiceLog.ResponseHeaders_MAX_SIZE|Integer|false|true
22:39:00.1 (9752891)|VARIABLE_SCOPE_BEGIN|[15]|ServiceLog.includeRequestBody|Boolean|false|true
22:39:00.1 (9758237)|VARIABLE_SCOPE_BEGIN|[13]|ServiceLog.log|ServiceLog|true|true
22:39:00.1 (9775436)|VARIABLE_SCOPE_BEGIN|[11]|ServiceLog.logList|List<Service_Log__c>|true|true
22:39:00.1 (9782203)|VARIABLE_SCOPE_BEGIN|[14]|ServiceLog.serviceLogName|String|false|true
22:39:00.1 (9790131)|VARIABLE_SCOPE_BEGIN|[9]|ServiceLog.settings|AppSettings|true|true
22:39:00.1 (9804543)|HEAP_ALLOCATE|[24]|Bytes:88
22:39:00.1 (9811654)|HEAP_ALLOCATE|[24]|Bytes:84
22:39:00.1 (9814819)|HEAP_ALLOCATE|[24]|Bytes:19
22:39:00.1 (9871185)|METHOD_ENTRY|[8]|01p3600000JZQWB|ServiceLog.ServiceLog()
22:39:00.1 (9876660)|STATEMENT_EXECUTE|[8]
22:39:00.1 (9881082)|STATEMENT_EXECUTE|[8]
22:39:00.1 (9891785)|HEAP_ALLOCATE|[9]|Bytes:5
22:39:00.1 (9896274)|STATEMENT_EXECUTE|[9]
22:39:00.1 (9903040)|HEAP_ALLOCATE|[9]|Bytes:29
22:39:00.1 (9907279)|HEAP_ALLOCATE|[9]|Bytes:44
22:39:00.1 (9914305)|METHOD_ENTRY|[11]|01pbV0000002xX3|AppSettings.AppSettings()
22:39:00.1 (9917200)|STATEMENT_EXECUTE|[11]
22:39:00.1 (9919400)|STATEMENT_EXECUTE|[11]
22:39:00.1 (11103099)|SYSTEM_MODE_ENTER|false
22:39:00.1 (11123815)|HEAP_ALLOCATE|[9]|Bytes:5
22:39:00.1 (11133522)|STATEMENT_EXECUTE|[131]
22:39:00.1 (11142021)|SYSTEM_MODE_EXIT|false
22:39:00.1 (11160798)|METHOD_EXIT|[11]|AppSettings
22:39:00.1 (11168573)|HEAP_ALLOCATE|[9]|Bytes:12
22:39:00.1 (11174579)|HEAP_ALLOCATE|[9]|Bytes:10
22:39:00.1 (11201657)|CONSTRUCTOR_ENTRY|[9]|01pbV0000002xX3|<init>(String)|AppSettings
22:39:00.1 (11235913)|VARIABLE_SCOPE_BEGIN|[16]|this|AppSettings|true|false
22:39:00.1 (11332805)|VARIABLE_ASSIGNMENT|[16]|this|{}|0x1d829fc1
22:39:00.1 (11341034)|VARIABLE_SCOPE_BEGIN|[16]|applicationName|String|false|false
22:39:00.1 (11358124)|VARIABLE_ASSIGNMENT|[16]|applicationName|"ServiceLog"
22:39:00.1 (11373782)|SYSTEM_MODE_ENTER|false
22:39:00.1 (11381687)|HEAP_ALLOCATE|[17]|Bytes:5
22:39:00.1 (11387474)|STATEMENT_EXECUTE|[11]
22:39:00.1 (11390567)|HEAP_ALLOCATE|[17]|Bytes:5
22:39:00.1 (11394258)|STATEMENT_EXECUTE|[12]
22:39:00.1 (11396064)|STATEMENT_EXECUTE|[13]
22:39:00.1 (11423373)|STATEMENT_EXECUTE|[16]
22:39:00.1 (11425316)|STATEMENT_EXECUTE|[17]
22:39:00.1 (11447872)|VARIABLE_ASSIGNMENT|[17]|this.applicationName|"ServiceLog"|0x1d829fc1
22:39:00.1 (11453559)|STATEMENT_EXECUTE|[18]
22:39:00.1 (11554156)|HEAP_ALLOCATE|[18]|Bytes:22
22:39:00.1 (11571178)|METHOD_ENTRY|[1]|01pbV0000000ZVh|ApplicationSettings_Util.ApplicationSettings_Util()
22:39:00.1 (11575528)|STATEMENT_EXECUTE|[1]
22:39:00.1 (11579483)|STATEMENT_EXECUTE|[1]
22:39:00.1 (11584345)|HEAP_ALLOCATE|[18]|Bytes:5
22:39:00.1 (11593979)|METHOD_EXIT|[1]|ApplicationSettings_Util
22:39:00.1 (11613266)|METHOD_ENTRY|[18]|01pbV0000000ZVh|ApplicationSettings_Util.getApplicationConfigurationsByAppName(String)
22:39:00.1 (11634995)|VARIABLE_SCOPE_BEGIN|[33]|applicationName|String|false|false
22:39:00.1 (11647833)|VARIABLE_ASSIGNMENT|[33]|applicationName|"ServiceLog"
22:39:00.1 (11654344)|HEAP_ALLOCATE|[34]|Bytes:5
22:39:00.1 (11659192)|STATEMENT_EXECUTE|[33]
22:39:00.1 (11660429)|STATEMENT_EXECUTE|[34]
22:39:00.1 (11679340)|HEAP_ALLOCATE|[34]|Bytes:4
22:39:00.1 (11692944)|VARIABLE_SCOPE_BEGIN|[34]|applicationConfigMap|Map<String,String>|true|false
22:39:00.1 (11733133)|VARIABLE_ASSIGNMENT|[34]|applicationConfigMap|{}|0x2ca035cb
22:39:00.1 (11744457)|METHOD_ENTRY|[35]|01pbV0000000ZVh|ApplicationSettings_Util.getApplicationDefaultConfigurations(String)
22:39:00.1 (11755299)|VARIABLE_SCOPE_BEGIN|[65]|applicationName|String|false|false
22:39:00.1 (11763478)|VARIABLE_ASSIGNMENT|[65]|applicationName|"ServiceLog"
22:39:00.1 (11768706)|HEAP_ALLOCATE|[66]|Bytes:5
22:39:00.1 (11772166)|STATEMENT_EXECUTE|[65]
22:39:00.1 (11773419)|STATEMENT_EXECUTE|[66]
22:39:00.1 (11775651)|HEAP_ALLOCATE|[66]|Bytes:380
22:39:00.1 (11784403)|HEAP_ALLOCATE|[66]|Bytes:4
22:39:00.1 (11789535)|HEAP_ALLOCATE|[66]|Bytes:7
22:39:00.1 (12895576)|SOQL_EXECUTE_BEGIN|[66]|Aggregations:0|SELECT Label, value__c, ApplicationSettings__c, ApplicationSettings__r.Label, ApplicationSettings__r.DeveloperName, ApplicationSettings__r.Active__c, ApplicationSettings__r.APIConsumer__r.Username__c FROM Application_Configuration__mdt WHERE (ApplicationSettings__r.Active__c = TRUE AND ApplicationSettings__r.MasterLabel = :tmpVar1 AND ApplicationSettings__r.APIConsumer__c = '')
22:39:00.1 (29555723)|SOQL_EXECUTE_EXPLAIN|[66]|No explain plan is available
22:39:00.1 (29585563)|SOQL_EXECUTE_END|[66]|Rows:1
22:39:00.1 (29613612)|LIMIT_USAGE|[66]|SOQL_ROWS|1|50000
22:39:00.1 (29630838)|HEAP_ALLOCATE|[66]|Bytes:8
22:39:00.1 (29677312)|HEAP_ALLOCATE|[66]|Bytes:237
22:39:00.1 (29785948)|HEAP_ALLOCATE|[66]|Bytes:8
22:39:00.1 (29842817)|METHOD_EXIT|[35]|01pbV0000000ZVh|ApplicationSettings_Util.getApplicationDefaultConfigurations(String)
22:39:00.1 (29917731)|SYSTEM_METHOD_ENTRY|[35]|List<Application_Configuration__mdt>.iterator()
22:39:00.1 (30000816)|SYSTEM_METHOD_EXIT|[35]|List<Application_Configuration__mdt>.iterator()
22:39:00.1 (30022278)|SYSTEM_METHOD_ENTRY|[35]|system.ListIterator.hasNext()
22:39:00.1 (30039803)|HEAP_ALLOCATE|[35]|Bytes:5
22:39:00.1 (30073192)|SYSTEM_METHOD_EXIT|[35]|system.ListIterator.hasNext()
22:39:00.1 (30096281)|HEAP_ALLOCATE|[35]|Bytes:24
22:39:00.1 (30119070)|VARIABLE_SCOPE_BEGIN|[35]|config|Application_Configuration__mdt|true|false
22:39:00.1 (30378875)|VARIABLE_ASSIGNMENT|[35]|config|{"Label":"platformEvents.enabl (2 more) ...","value__c":"true","ApplicationSettings__c":"m1NbV0000003cIUUAY","Id":"m0pbV000002vnO8QAI","ApplicationSettings__r":{"Label":"ServiceLog","Id":"m1NbV0000003cIUUAY","DeveloperName":"ServiceLog","Active__c":true}}|0x6b18a608
22:39:00.1 (30390908)|STATEMENT_EXECUTE|[35]
22:39:00.1 (30394276)|STATEMENT_EXECUTE|[36]
22:39:00.1 (30463297)|SYSTEM_METHOD_ENTRY|[36]|Map<String,String>.put(Object, Object)
22:39:00.1 (30502625)|HEAP_ALLOCATE|[EXTERNAL]|Bytes:-4
22:39:00.1 (30511062)|SYSTEM_METHOD_EXIT|[36]|Map<String,String>.put(Object, Object)
22:39:00.1 (30519426)|SYSTEM_METHOD_ENTRY|[35]|system.ListIterator.hasNext()
22:39:00.1 (30528202)|HEAP_ALLOCATE|[35]|Bytes:5
22:39:00.1 (30536182)|SYSTEM_METHOD_EXIT|[35]|system.ListIterator.hasNext()
22:39:00.1 (30553788)|VARIABLE_ASSIGNMENT|[35]|config|null|
22:39:00.1 (30558704)|STATEMENT_EXECUTE|[38]
22:39:00.1 (30568972)|METHOD_EXIT|[18]|01pbV0000000ZVh|ApplicationSettings_Util.getApplicationConfigurationsByAppName(String)
22:39:00.1 (30614678)|VARIABLE_ASSIGNMENT|[18]|this.settingsMap|{"platformEvents.enabled":"true"}|0x1d829fc1
22:39:00.1 (30625105)|SYSTEM_MODE_EXIT|false
22:39:00.1 (30651860)|CONSTRUCTOR_EXIT|[9]|01pbV0000002xX3|<init>(String)|AppSettings
22:39:00.1 (30752519)|VARIABLE_ASSIGNMENT|[9]|ServiceLog.settings|{"applicationName":"ServiceLog","settingsMap":"0x2ca035cb"}|0x1d829fc1
22:39:00.1 (30756976)|STATEMENT_EXECUTE|[15]
22:39:00.1 (30761950)|HEAP_ALLOCATE|[15]|Bytes:5
22:39:00.1 (30777899)|VARIABLE_ASSIGNMENT|[15]|ServiceLog.includeRequestBody|true
22:39:00.1 (30782536)|STATEMENT_EXECUTE|[17]
22:39:00.1 (30786846)|HEAP_ALLOCATE|[15]|Bytes:14
22:39:00.1 (30792582)|HEAP_ALLOCATE|[15]|Bytes:16
22:39:00.1 (30912553)|SYSTEM_METHOD_ENTRY|[17]|Schema.SObjectField.getDescribe()
22:39:00.1 (31332897)|HEAP_ALLOCATE|[EXTERNAL]|Bytes:4
22:39:00.1 (31450229)|HEAP_ALLOCATE|[17]|Bytes:8
22:39:00.1 (31476431)|SYSTEM_METHOD_EXIT|[17]|Schema.SObjectField.getDescribe()
22:39:00.1 (31506066)|HEAP_ALLOCATE|[17]|Bytes:4
22:39:00.1 (31555620)|VARIABLE_ASSIGNMENT|[17]|ServiceLog.Error_Message_MAX_SIZE|50000
22:39:00.1 (31562535)|STATEMENT_EXECUTE|[18]
22:39:00.1 (31567867)|HEAP_ALLOCATE|[17]|Bytes:13
22:39:00.1 (31617950)|SYSTEM_METHOD_ENTRY|[18]|Schema.SObjectField.getDescribe()
22:39:00.1 (31805981)|HEAP_ALLOCATE|[EXTERNAL]|Bytes:4
22:39:00.1 (31831603)|HEAP_ALLOCATE|[18]|Bytes:8
22:39:00.1 (31839810)|SYSTEM_METHOD_EXIT|[18]|Schema.SObjectField.getDescribe()
22:39:00.1 (31848224)|HEAP_ALLOCATE|[18]|Bytes:4
22:39:00.1 (31869480)|VARIABLE_ASSIGNMENT|[18]|ServiceLog.RequestURI_MAX_SIZE|200
22:39:00.1 (31874091)|STATEMENT_EXECUTE|[19]
22:39:00.1 (31876041)|HEAP_ALLOCATE|[18]|Bytes:17
22:39:00.1 (31902530)|SYSTEM_METHOD_ENTRY|[19]|Schema.SObjectField.getDescribe()
22:39:00.1 (32036939)|HEAP_ALLOCATE|[EXTERNAL]|Bytes:4
22:39:00.1 (32057363)|HEAP_ALLOCATE|[19]|Bytes:8
22:39:00.1 (32065869)|SYSTEM_METHOD_EXIT|[19]|Schema.SObjectField.getDescribe()
22:39:00.1 (32073126)|HEAP_ALLOCATE|[19]|Bytes:4
22:39:00.1 (32090727)|VARIABLE_ASSIGNMENT|[19]|ServiceLog.RequestHeaders_MAX_SIZE|10000
22:39:00.1 (32094716)|STATEMENT_EXECUTE|[20]
22:39:00.1 (32097251)|HEAP_ALLOCATE|[19]|Bytes:20
22:39:00.1 (32119654)|SYSTEM_METHOD_ENTRY|[20]|Schema.SObjectField.getDescribe()
22:39:00.1 (32210706)|HEAP_ALLOCATE|[EXTERNAL]|Bytes:4
22:39:00.1 (32225334)|HEAP_ALLOCATE|[20]|Bytes:8
22:39:00.1 (32231094)|SYSTEM_METHOD_EXIT|[20]|Schema.SObjectField.getDescribe()
22:39:00.1 (32236954)|HEAP_ALLOCATE|[20]|Bytes:4
22:39:00.1 (32250803)|VARIABLE_ASSIGNMENT|[20]|ServiceLog.RequestParameters_MAX_SIZE|1000
22:39:00.1 (32254322)|STATEMENT_EXECUTE|[21]
22:39:00.1 (32256495)|HEAP_ALLOCATE|[20]|Bytes:14
22:39:00.1 (32276367)|SYSTEM_METHOD_ENTRY|[21]|Schema.SObjectField.getDescribe()
22:39:00.1 (32357893)|HEAP_ALLOCATE|[EXTERNAL]|Bytes:4
22:39:00.1 (32372532)|HEAP_ALLOCATE|[21]|Bytes:8
22:39:00.1 (32378497)|SYSTEM_METHOD_EXIT|[21]|Schema.SObjectField.getDescribe()
22:39:00.1 (32383911)|HEAP_ALLOCATE|[21]|Bytes:4
22:39:00.1 (32396838)|VARIABLE_ASSIGNMENT|[21]|ServiceLog.RequestBody_MAX_SIZE|50000
22:39:00.1 (32400168)|STATEMENT_EXECUTE|[22]
22:39:00.1 (32402297)|HEAP_ALLOCATE|[21]|Bytes:15
22:39:00.1 (32425290)|SYSTEM_METHOD_ENTRY|[22]|Schema.SObjectField.getDescribe()
22:39:00.1 (32500099)|HEAP_ALLOCATE|[EXTERNAL]|Bytes:4
22:39:00.1 (32513873)|HEAP_ALLOCATE|[22]|Bytes:8
22:39:00.1 (32519642)|SYSTEM_METHOD_EXIT|[22]|Schema.SObjectField.getDescribe()
22:39:00.1 (32525424)|HEAP_ALLOCATE|[22]|Bytes:4
22:39:00.1 (32538512)|VARIABLE_ASSIGNMENT|[22]|ServiceLog.ResponseBody_MAX_SIZE|131072
22:39:00.1 (32541745)|STATEMENT_EXECUTE|[23]
22:39:00.1 (32543611)|HEAP_ALLOCATE|[22]|Bytes:18
22:39:00.1 (32561770)|SYSTEM_METHOD_ENTRY|[23]|Schema.SObjectField.getDescribe()
22:39:00.1 (32643277)|HEAP_ALLOCATE|[EXTERNAL]|Bytes:4
22:39:00.1 (32656547)|HEAP_ALLOCATE|[23]|Bytes:8
22:39:00.1 (32666559)|SYSTEM_METHOD_EXIT|[23]|Schema.SObjectField.getDescribe()
22:39:00.1 (32672003)|HEAP_ALLOCATE|[23]|Bytes:4
22:39:00.1 (32684491)|VARIABLE_ASSIGNMENT|[23]|ServiceLog.ResponseHeaders_MAX_SIZE|1000
22:39:00.1 (32688007)|STATEMENT_EXECUTE|[24]
22:39:00.1 (32692615)|HEAP_ALLOCATE|[24]|Bytes:4
22:39:00.1 (32700865)|VARIABLE_ASSIGNMENT|[24]|ServiceLog.MAX_PAYLOAD_SIZE|131072
22:39:00.1 (32730973)|METHOD_EXIT|[8]|ServiceLog
22:39:00.1 (32759220)|METHOD_ENTRY|[24]|01p3600000JZQWB|ServiceLog.commitLogsViaEvents(List<Service_Log__c>)
22:39:00.1 (32788044)|VARIABLE_SCOPE_BEGIN|[227]|serviceLogs|List<Service_Log__c>|true|false
22:39:00.1 (32944713)|VARIABLE_ASSIGNMENT|[227]|serviceLogs|[{"Method__c":"GET","Service_Start__c":"2026-02-22T06:39:00.545Z","ResponseBody__c":"{\n   \"results\" : \n   (2445 more) ...","Service_End__c":"2026-02-22T06:39:00.607Z","ResponseStatusCode__c":200.0,"Service_Name__c":"Google Maps - Get La (5 more) ...","Direction__c":"Outbound","OwnerId":"00536000006CafHAAS","Category__c":"Google Maps","RequestBody__c":"","attributes":{"type":"Service_Log__c"},"RequestURI__c":"callout:GoogleMaps/g (111 more) ...","ResponseHeaders__c":"(Alt-Svc, Server, Ac (143 more) ..."}]|0x640b0ba0
22:39:00.1 (32963208)|HEAP_ALLOCATE|[228]|Bytes:5
22:39:00.1 (32968453)|STATEMENT_EXECUTE|[227]
22:39:00.1 (32969839)|STATEMENT_EXECUTE|[228]
22:39:00.1 (32970947)|STATEMENT_EXECUTE|[228]
22:39:00.1 (32972274)|STATEMENT_EXECUTE|[229]
22:39:00.1 (33067232)|DML_BEGIN|[229]|Op:Insert|Type:Service_Log__c|Rows:1
22:39:00.1 (33102273)|LIMIT_USAGE|[229]|DML|1|150
22:39:00.1 (33109014)|LIMIT_USAGE|[229]|DML_ROWS|1|10000
22:39:00.1 (33127432)|HEAP_ALLOCATE|[EXTERNAL]|Bytes:8
22:39:00.1 (77840835)|CODE_UNIT_STARTED|[EXTERNAL]|Workflow:01I36000002oP20
22:39:00.1 (88116189)|WF_RULE_EVAL_BEGIN|Workflow
22:39:00.1 (88225180)|WF_CRITERIA_BEGIN|[Service Log: SL-0077135249 a4BbV00000LFUvO]|QuikQ Purchase Policy Submission Failure Emails|01Q1R000000VC5h|ON_CREATE_ONLY|0
22:39:00.1 (88315103)|WF_RULE_FILTER|[Service Log : Service Name contains QuikQ_CreatePurchasePolicies] 
AND [Service Log : Error Exists equals true]
22:39:00.1 (88359634)|WF_RULE_EVAL_VALUE|12494
22:39:00.1 (88365981)|WF_CRITERIA_END|false
22:39:00.1 (88378021)|WF_CRITERIA_BEGIN|[Service Log: SL-0077135249 a4BbV00000LFUvO]|QuikQ Credit Setup Failure Emails|01Q1R000000VBpf|ON_CREATE_ONLY|0
22:39:00.1 (88396921)|WF_RULE_FILTER|[Service Log : Service Name contains QuikQ_CreditCutoff, QuikQ_CreditLimit] 
AND [Service Log : Error Exists equals true]
22:39:00.1 (88416038)|WF_RULE_EVAL_VALUE|12494
22:39:00.1 (88419066)|WF_CRITERIA_END|false
22:39:00.1 (88425756)|WF_CRITERIA_BEGIN|[Service Log: SL-0077135249 a4BbV00000LFUvO]|QuikQ Create Carrier Failure Emails|01Q1R000000VBpe|ON_CREATE_ONLY|0
22:39:00.1 (88458485)|WF_RULE_FILTER|[Service Log : Service Name contains QuikQ_CreateCarrier] 
AND [Service Log : Error Exists equals true]
22:39:00.1 (88465838)|WF_RULE_EVAL_VALUE|12494
22:39:00.1 (88468367)|WF_CRITERIA_END|false
22:39:00.1 (88483239)|WF_CRITERIA_BEGIN|[Service Log: SL-0077135249 a4BbV00000LFUvO]|QuikQ Trailer Submission Failure Emails|01Q1R000000VBph|ON_CREATE_ONLY|0
22:39:00.1 (88497238)|WF_RULE_FILTER|[Service Log : Service Name contains QuikQ_CreateTrailer] 
AND [Service Log : Error Exists equals true]
22:39:00.1 (88504367)|WF_RULE_EVAL_VALUE|12494
22:39:00.1 (88506870)|WF_CRITERIA_END|false
22:39:00.1 (88512442)|WF_CRITERIA_BEGIN|[Service Log: SL-0077135249 a4BbV00000LFUvO]|QuikQ Driver Submission Failure Emails|01Q1R000000VBpg|ON_CREATE_ONLY|0
22:39:00.1 (88525678)|WF_RULE_FILTER|[Service Log : Service Name contains QuikQ_CreateDriver] 
AND [Service Log : Error Exists equals true]
22:39:00.1 (88531848)|WF_RULE_EVAL_VALUE|12494
22:39:00.1 (88534200)|WF_CRITERIA_END|false
22:39:00.1 (88539635)|WF_CRITERIA_BEGIN|[Service Log: SL-0077135249 a4BbV00000LFUvO]|QuikQ Truck Submission Failure Emails|01Q1R000000VBpi|ON_CREATE_ONLY|0
22:39:00.1 (88552596)|WF_RULE_FILTER|[Service Log : Service Name contains QuikQ_CreateTruck] 
AND [Service Log : Error Exists equals true]
22:39:00.1 (88558813)|WF_RULE_EVAL_VALUE|12494
22:39:00.1 (88561563)|WF_CRITERIA_END|false
22:39:00.1 (88566974)|WF_CRITERIA_BEGIN|[Service Log: SL-0077135249 a4BbV00000LFUvO]|QuikQ Credit Alert Failure Emails|01Q1R000000Rtya|ON_CREATE_ONLY|0
22:39:00.1 (88579804)|WF_RULE_FILTER|[Service Log : Service Name contains QuikQ_CreditAlert] 
AND [Service Log : Error Exists equals true]
22:39:00.1 (88588982)|WF_RULE_EVAL_VALUE|12494
22:39:00.1 (88591586)|WF_CRITERIA_END|false
22:39:00.1 (88601141)|WF_SPOOL_ACTION_BEGIN|Workflow
22:39:00.1 (88658175)|WF_ACTION| None
22:39:00.1 (88676850)|WF_RULE_EVAL_END
22:39:00.1 (88763673)|WF_ACTIONS_END| None
22:39:00.1 (88772305)|CODE_UNIT_FINISHED|Workflow:01I36000002oP20
22:39:00.1 (94188268)|DML_END|[229]
22:39:00.1 (94229780)|HEAP_ALLOCATE|[229]|Bytes:-4
22:39:00.1 (95070797)|HEAP_ALLOCATE|[EXTERNAL]|Bytes:8
22:39:00.1 (95121653)|METHOD_EXIT|[24]|01p3600000JZQWB|ServiceLog.commitLogsViaEvents(List<Service_Log__c>)
22:39:00.95 (95159953)|CUMULATIVE_LIMIT_USAGE
22:39:00.95 (95159953)|LIMIT_USAGE_FOR_NS|(default)|
  Number of SOQL queries: 0 out of 100
  Number of query rows: 1 out of 50000
  Number of SOSL queries: 0 out of 20
  Number of DML statements: 1 out of 150
  Number of Publish Immediate DML: 0 out of 150
  Number of DML rows: 1 out of 10000
  Maximum CPU time: 0 out of 10000
  Maximum heap size: 0 out of 6000000
  Number of callouts: 0 out of 100
  Number of Email Invocations: 0 out of 10
  Number of future calls: 0 out of 50
  Number of queueable jobs added to the queue: 0 out of 50
  Number of Mobile Apex push calls: 0 out of 10

22:39:00.95 (95159953)|TOTAL_EMAIL_RECIPIENTS_QUEUED|0
22:39:00.95 (95159953)|STATIC_VARIABLE_LIST|
  int:BYTES:0
  int:BYTES:0
  byte[]:DigitOnes:0
  byte[]:DigitTens:0
  Boolean:FALSE:0
  int:MAX_EXPONENT:0
  double:MAX_VALUE:0
  int:MAX_VALUE:0
  int:MIN_EXPONENT:0
  double:MIN_NORMAL:0
  double:MIN_VALUE:0
  int:MIN_VALUE:0
  double:NEGATIVE_INFINITY:0
  double:NaN:0
  double:POSITIVE_INFINITY:0
  int:PRECISION:0
  int:SIZE:0
  int:SIZE:0
  Boolean:TRUE:0
  String:__sfdcInnerTypes:0
  String:__sfdcProperties:0
  String:_sfdcAdditionalCodeLocations:0
  String:_sfdcAdditionalCodeLocations:0
  String:_sfdcAdditionalCodeLocations:0
  String:_sfdcAdditionalCodeLocations:0
  String:_sfdcAdditionalCodeLocations:0
  String:_sfdcAdditionalCodeLocations:0
  String:_sfdcSuppressedCodeLocations:0
  Integer:_static_Error_Message_MAX_SIZE:0
  Integer:_static_MAX_PAYLOAD_SIZE:0
  Integer:_static_RequestBody_MAX_SIZE:0
  Integer:_static_RequestHeaders_MAX_SIZE:0
  Integer:_static_RequestParameters_MAX_SIZE:0
  Integer:_static_RequestURI_MAX_SIZE:0
  Integer:_static_ResponseBody_MAX_SIZE:0
  Integer:_static_ResponseHeaders_MAX_SIZE:0
  Boolean:_static_includeRequestBody:0
  AppSettings:_static_settings:0
  char[]:digits:0
  long:serialVersionUID:0
  long:serialVersionUID:0
  long:serialVersionUID:0

22:39:00.95 (95159953)|CUMULATIVE_LIMIT_USAGE_END

22:39:00.1 (95564374)|CODE_UNIT_FINISHED|ServiceLogEventTrigger on Service_Log_Event trigger event AfterInsert|__sfdc_trigger/ServiceLogEventTrigger
22:39:00.1 (95578180)|EXECUTION_FINISHED
22:39:00.97 (97478382)|CUMULATIVE_PROFILING_BEGIN
22:39:00.97 (97478382)|CUMULATIVE_PROFILING|SOQL operations|
Class.ApplicationSettings_Util.getApplicationDefaultConfigurations: line 66, column 1: [Select Label, value__c, ApplicationSettings__c, ApplicationSettings__r.Label,ApplicationSettings__r.DeveloperName,ApplicationSettings__r.Active__c, ApplicationSettings__r.APIConsumer__r.Username__c
            from Application_Configuration__mdt where 
            ApplicationSettings__r.Active__c = true and 
            ApplicationSettings__r.MasterLabel = :applicationName and 
            ApplicationSettings__r.APIConsumer__c = '']: executed 1 time in 18 ms

22:39:00.97 (97478382)|CUMULATIVE_PROFILING|No profiling information for SOSL operations
22:39:00.97 (97478382)|CUMULATIVE_PROFILING|DML operations|
Class.ServiceLog.commitLogsViaEvents: line 229, column 1: Insert: List<Service_Log__c>: executed 1 time in 62 ms

22:39:00.97 (97478382)|CUMULATIVE_PROFILING|method invocations|
External entry point: public void invoke(): executed 1 time in 93 ms
Trigger.ServiceLogEventTrigger: line 24, column 1: public static void commitLogsViaEvents(List<Service_Log__c>): executed 1 time in 63 ms
Class.AppSettings.<init>: line 18, column 1: public static Map<String,String> getApplicationConfigurationsByAppName(String): executed 1 time in 19 ms
Class.ServiceLog: line 9, column 1: public AppSettings(String): executed 1 time in 19 ms
Class.ApplicationSettings_Util.getApplicationConfigurationsByAppName: line 35, column 1: public static List<Application_Configuration__mdt> getApplicationDefaultConfigurations(String): executed 4 times in 18 ms
Trigger.ServiceLogEventTrigger: line 18, column 1: global static Object deserializeStrict(String, System.Type): executed 1 time in 1 ms
Trigger.ServiceLogEventTrigger: line 16, column 1: global public System.Iterator iterator(): executed 3 times in 0 ms
Trigger.ServiceLogEventTrigger: line 17, column 1: public static Boolean isNotBlank(String): executed 1 time in 0 ms
Trigger.ServiceLogEventTrigger: line 20, column 1: global public Object add(Object): executed 1 time in 0 ms
Trigger.ServiceLogEventTrigger: line 23, column 1: global public Boolean isEmpty(): executed 1 time in 0 ms
Trigger.ServiceLogEventTrigger: line 13, column 1: global public List<Service_Log__c>(): executed 1 time in 0 ms

22:39:00.97 (97478382)|CUMULATIVE_PROFILING_END
