64.0 APEX_CODE,FINEST;APEX_PROFILING,FINEST;CALLOUT,FINEST;DATA_ACCESS,INFO;DB,FINEST;NBA,FINEST;SYSTEM,FINE;VALIDATION,INFO;VISUALFORCE,FINER;WAVE,FINEST;WORKFLOW,FINER
00:40:36.1 (1211352)|USER_INFO|[EXTERNAL]|0053600000D52rB|heroku.connected@loves.com|(GMT-06:00) Central Standard Time (America/Chicago)|GMT-06:00
00:40:36.1 (1340165)|EXECUTION_STARTED
00:40:36.1 (1361364)|CODE_UNIT_STARTED|[EXTERNAL]|FutureHandler - state load
00:40:36.1 (4743181)|CODE_UNIT_FINISHED|FutureHandler - state load
00:40:36.1 (4777713)|EXECUTION_FINISHED
00:40:36.37 (37669071)|USER_INFO|[EXTERNAL]|0053600000D52rB|heroku.connected@loves.com|(GMT-06:00) Central Standard Time (America/Chicago)|GMT-06:00
00:40:36.37 (37694083)|EXECUTION_STARTED
00:40:36.37 (37724117)|CODE_UNIT_STARTED|[EXTERNAL]|01p1R00000JmIn3|Contact_AccountSync.handleAtFuture(String, String)
00:40:36.37 (37951838)|HEAP_ALLOCATE|[95]|Bytes:3
00:40:36.37 (38071621)|HEAP_ALLOCATE|[100]|Bytes:152
00:40:36.37 (38085336)|HEAP_ALLOCATE|[417]|Bytes:408
00:40:36.37 (38096140)|HEAP_ALLOCATE|[430]|Bytes:408
00:40:36.37 (38116599)|HEAP_ALLOCATE|[317]|Bytes:6
00:40:36.37 (38152638)|VARIABLE_SCOPE_BEGIN|[20]|Contact_AccountSync.RECTYPE_INDIV|String|false|true
00:40:36.37 (38282516)|HEAP_ALLOCATE|[EXTERNAL]|Bytes:24
00:40:36.37 (38287766)|HEAP_ALLOCATE|[EXTERNAL]|Bytes:10
00:40:36.37 (38368430)|VARIABLE_ASSIGNMENT|[EXTERNAL]|Contact_AccountSync.RECTYPE_INDIV|"Individual"
00:40:36.37 (38392247)|METHOD_ENTRY|[19]|01p1R00000JmIn3|Contact_AccountSync.Contact_AccountSync()
00:40:36.37 (38404547)|STATEMENT_EXECUTE|[19]
00:40:36.37 (38414323)|STATEMENT_EXECUTE|[19]
00:40:36.37 (38420698)|METHOD_EXIT|[19]|Contact_AccountSync
00:40:36.37 (38424709)|HEAP_ALLOCATE|[EXTERNAL]|Bytes:8555
00:40:36.37 (38427168)|HEAP_ALLOCATE|[EXTERNAL]|Bytes:8597
00:40:36.37 (38442417)|VARIABLE_SCOPE_BEGIN|[43]|contactListJson|String|false|false
00:40:36.37 (38460407)|VARIABLE_ASSIGNMENT|[43]|contactListJson|"[{\"attributes\":{\"typ (8535 more) ..."
00:40:36.37 (38464307)|VARIABLE_SCOPE_BEGIN|[43]|oldMapJson|String|false|false
00:40:36.37 (38472619)|VARIABLE_ASSIGNMENT|[43]|oldMapJson|"{\"003bV000009X4YxQAK (8577 more) ..."
00:40:36.37 (38481361)|STATEMENT_EXECUTE|[43]
00:40:36.37 (38482492)|STATEMENT_EXECUTE|[44]
00:40:36.37 (38485191)|HEAP_ALLOCATE|[44]|Bytes:67
00:40:36.37 (38514646)|HEAP_ALLOCATE|[68]|Bytes:5
00:40:36.37 (38549920)|HEAP_ALLOCATE|[74]|Bytes:5
00:40:36.37 (38557379)|HEAP_ALLOCATE|[82]|Bytes:7
00:40:36.37 (38755301)|HEAP_ALLOCATE|[44]|Bytes:33
00:40:36.37 (38770334)|SYSTEM_METHOD_ENTRY|[1]|Type.Type()
00:40:36.37 (38778765)|STATEMENT_EXECUTE|[1]
00:40:36.37 (38789609)|SYSTEM_METHOD_EXIT|[1]|Type
00:40:36.37 (38795518)|HEAP_ALLOCATE|[44]|Bytes:8
00:40:36.37 (39003212)|HEAP_ALLOCATE|[44]|Bytes:8
00:40:36.37 (39010850)|VARIABLE_SCOPE_BEGIN|[4]|this|System.Type|true|false
00:40:36.37 (39118747)|VARIABLE_ASSIGNMENT|[4]|this|{}|0x770fa6cd
00:40:36.37 (39124844)|VARIABLE_SCOPE_BEGIN|[4]|apextype|java:common.apex.runtime.ApexObjectType|true|false
00:40:36.37 (39279441)|VARIABLE_ASSIGNMENT|[4]|apextype|"List<Contact>"|0x7903b8f3
00:40:36.37 (42731192)|HEAP_ALLOCATE|[44]|Bytes:8
00:40:36.37 (42817655)|HEAP_ALLOCATE|[44]|Bytes:24
00:40:36.37 (42838169)|SYSTEM_METHOD_ENTRY|[1]|JSON.JSON()
00:40:36.37 (42843088)|STATEMENT_EXECUTE|[1]
00:40:36.37 (42849835)|SYSTEM_METHOD_EXIT|[1]|JSON
00:40:36.37 (42882296)|METHOD_ENTRY|[44]||System.JSON.deserialize(String, System.Type)
00:40:36.37 (48330791)|METHOD_EXIT|[44]||System.JSON.deserialize(String, System.Type)
00:40:36.37 (48349417)|VARIABLE_SCOPE_BEGIN|[44]|contactList|List<Contact>|true|false
00:40:36.37 (48364511)|HEAP_ALLOCATE|[EXTERNAL]|Bytes:12
00:40:36.37 (49451354)|VARIABLE_ASSIGNMENT|[44]|contactList|[{"Auto_Email_Receipts__c":false,"LastModifiedDate":"2026-02-22T06:40:35.000Z","AccountId":"0011R00002vZsYSQA0","Email":"harvindsingh@hotmail (4 more) ...","CloudingoAgent__MAS__c":0.0,"Phone_Verified__c":false,"DSAR__c":false,"RegistrationDate__c":"2022-08-16T21:19:08.000Z","HasOptedOutOfFax":false,"Is_Owner_Active__c":true,"Text_Opt_in__c":false,"Employee_HasSubordinates__c":false,"Factoring_Authorized_Signor__c":false,"HC_ID__c":"a4ee1e96-0cc0-4757-9 (16 more) ...","CreatedById":"0053600000D52rBAAR","Email_Unsubscribed_Time__c":"2024-03-13T23:08:21.000Z","Customer_Type__c":"Commercial","Count__c":1.0,"Fishing__c":false,"Auth0Id__c":"auth0&#124;62fc09ccd0c1a5 (10 more) ...","Driver_Type__c":"Commercial","Incomplete_Contact__c":false,"Special__c":" ","LA_LastPaymentMethod_Fuel__c":"[]","IndividualId":"0PKbV000000KTtkWAG","Phone_Unsubscribed_Time__c":"2024-03-13T23:08:21.000Z","IsDeleted":false,"AgeVerificationStatus__c":"NONE","Email_Verified__c":true,"IsEmailBounced":false,"RegistrationSource__c":"Love's App","OtherCountryCode":"US","Receipt_Unsubscribed_Time__c":"2022-08-16T21:19:48.000Z","Loyalty_Terms_Accepted__c":"2022-08-16T21:19:11.000Z","Golf__c":false,"CloudingoAgent__OAS__c":0.0,"HasOptedOutOfEmail":false,"MailingCity":"Brampton","SF_ID__c":"0031R00002mfNLsQAM","Contractor_Review_Date__c":"2023-02-12T00:00:00.000Z","Authorized_Signor__c":false,"Email_Preference__c":false,"MailingStateCode":"OH","Phone_Opt_in__c":false,"CS_Birth_Date__c":"1980-07-12T00:00:00.000Z","CreatedDate":"2022-08-16T21:19:48.000Z","MailingCountryCode":"US","Hunting__c":false,"LastName":"Singh","Id":"0031R00002mfNLsQAM","Data_Quality_Score__c":50.0,"TEMPTextPrefETL__c":1.0,"DNC_Indicator__c":"_IM1_/sfc/servlet.sh (168 more) ...","Active__c":true,"Admin_Lock__c":false,"DoNotCall":false,"Phone_Preference__c":false,"MailingCountry":"United States","Loyalty_Card__c":"77785069093650","Text_Preference__c":false,"Push_Preference__c":false,"AgeVerificationResponse__c":"{\"code\":\"CREDENTIALS (96 more) ...","MailingState":"Ohio","ManagerName__c":" ","IDM_ID__c":"8e23ff8e-5fc4-4330-9 (16 more) ...","MobilePlus1__c":"N/A","Data_Quality_Description__c":"Missing: Complete Ad (19 more) ...","et4ae5__HasOptedOutOfMobile__c":false,"Email_Opt_in__c":false,"OwnerId":"0053600000D52rBAAR","AgeRestrictedContentPreference__c":true,"Phone":"2072130137","MailingPostalCode":"14330","RecordTypeId":"01236000001HthEAAS","OtherCountry":"United States","Primary_Contact__c":false,"IsPriorityRecord":false,"PhonePlus1__c":"+12072130137","SFMC_Test_Record__c":false,"Terms_Accepted__c":"2022-08-16T21:19:08.000Z","Guarantor__c":false,"FirstName":"Harvind","SFMC_No_Sync__c":false,"LA_LastPaymentMethod_Shower__c":"[{\"context\":\"shower\" (298 more) ...","Factoring_Guarantor__c":false,"SystemModstamp":"2026-02-22T06:40:35.000Z","NASCAR__c":false,"Text_Unsubscribed_Time__c":"2024-03-13T23:08:21.000Z","LastActivityDate":"2023-05-26T00:00:00.000Z","attributes":{"type":"Contact","url":"/services/data/v66.0 (36 more) ..."},"Primary_Loyalty_Account__c":"a411R0000029RaCQAU","LastModifiedById":"0053600000D52rBAAR","CloudingoAgent__CES__c":0.0},{"Auto_Email_Receipts__c":false,"LastModifiedDate":"2026-02-22T06:40:35.000Z","AccountId":"001bV00000Ae8cSQAR","Email":"michaelpblink@gmail. (3 more) ...","CloudingoAgent__MAS__c":0.0,"Phone_Verified__c":false,"DSAR__c":false,"RegistrationDate__c":"2025-01-29T10:58:53.000Z","HasOptedOutOfFax":false,"Is_Owner_Active__c":true,"Text_Opt_in__c":false,"Employee_HasSubordinates__c":false,"Factoring_Authorized_Signor__c":false,"HC_ID__c":"9104b518-c231-4592-8 (16 more) ...","CreatedById":"0053600000D52rBAAR","Email_Unsubscribed_Time__c":"2025-02-01T17:32:35.000Z","MailingLatitude":26.6533,"Customer_Type__c":"Commercial","Count__c":1.0,"Fishing__c":false,"Auth0Id__c":"auth0&#124;679a09eea68c8f (10 more) ...","Driver_Type__c":"Commercial","Incomplete_Contact__c":false,"Special__c":" ","LA_LastPaymentMethod_Fuel__c":"[]","IndividualId":"0PKbV000000bR9oWAE","Phone_Unsubscribed_Time__c":"2025-02-01T17:32:35.000Z","IsDeleted":false,"AgeVerificationStatus__c":"VERIFIED","Email_Verified__c":true,"IsEmailBounced":false,"RegistrationSource__c":"Love's App","OtherCountryCode":"US","Receipt_Unsubscribed_Time__c":"2025-01-29T10:58:56.000Z","Loyalty_Terms_Accepted__c":"2025-01-29T10:58:54.000Z","Golf__c":false,"CloudingoAgent__OAS__c":0.0,"HasOptedOutOfEmail":false,"SF_ID__c":"003bV000009X4YxQAK","Contractor_Review_Date__c":"2025-07-28T00:00:00.000Z","Authorized_Signor__c":false,"Email_Preference__c":false,"Phone_Opt_in__c":false,"CS_Birth_Date__c":"1990-04-18T00:00:00.000Z","CreatedDate":"2025-01-29T10:58:56.000Z","MailingCountryCode":"US","Hunting__c":false,"LastName":"Pinard","Id":"003bV000009X4YxQAK","Data_Quality_Score__c":50.0,"TEMPTextPrefETL__c":1.0,"DNC_Indicator__c":"_IM1_/sfc/servlet.sh (168 more) ...","Active__c":true,"Admin_Lock__c":false,"DoNotCall":false,"Phone_Preference__c":false,"MailingCountry":"United States","Loyalty_Card__c":"77785089894178","Text_Preference__c":false,"Push_Preference__c":false,"AgeVerificationResponse__c":"{\"@context\":[\"https: (1483 more) ...","ManagerName__c":" ","IDM_ID__c":"b37274a4-df59-4642-9 (16 more) ...","MobilePlus1__c":"N/A","Data_Quality_Description__c":"Missing: Complete Ad (19 more) ...","et4ae5__HasOptedOutOfMobile__c":false,"Email_Opt_in__c":false,"OwnerId":"0053600000D52rBAAR","MailingLongitude":-80.2428,"AgeRestrictedContentPreference__c":true,"Phone":"5615159058","MailingPostalCode":"33414","RecordTypeId":"01236000001HthEAAS","OtherCountry":"United States","MailingGeocodeAccuracy":"Zip","Primary_Contact__c":false,"IsPriorityRecord":false,"PhonePlus1__c":"+15615159058","SFMC_Test_Record__c":false,"Terms_Accepted__c":"2025-01-29T10:58:52.000Z","Guarantor__c":false,"FirstName":"Michael","SFMC_No_Sync__c":false,"LA_LastPaymentMethod_Shower__c":"[{\"context\":\"shower\" (85 more) ...","Factoring_Guarantor__c":false,"SystemModstamp":"2026-02-22T06:40:35.000Z","NASCAR__c":false,"Text_Unsubscribed_Time__c":"2025-02-01T17:32:35.000Z","attributes":{"type":"Contact","url":"/services/data/v66.0 (36 more) ..."},"LastModifiedById":"0053600000D52rBAAR","CloudingoAgent__CES__c":0.0}]|0x60dfe2d6
00:40:36.37 (49528605)|STATEMENT_EXECUTE|[45]
00:40:36.37 (49551439)|METHOD_ENTRY|[45]|01p1R00000JmIn3|Contact_AccountSync.handle(List<Contact>, String)
00:40:36.37 (49593135)|VARIABLE_SCOPE_BEGIN|[48]|contactList|List<Contact>|true|false
00:40:36.37 (50374073)|VARIABLE_ASSIGNMENT|[48]|contactList|[{"Auto_Email_Receipts__c":false,"LastModifiedDate":"2026-02-22T06:40:35.000Z","AccountId":"0011R00002vZsYSQA0","Email":"harvindsingh@hotmail (4 more) ...","CloudingoAgent__MAS__c":0.0,"Phone_Verified__c":false,"DSAR__c":false,"RegistrationDate__c":"2022-08-16T21:19:08.000Z","HasOptedOutOfFax":false,"Is_Owner_Active__c":true,"Text_Opt_in__c":false,"Employee_HasSubordinates__c":false,"Factoring_Authorized_Signor__c":false,"HC_ID__c":"a4ee1e96-0cc0-4757-9 (16 more) ...","CreatedById":"0053600000D52rBAAR","Email_Unsubscribed_Time__c":"2024-03-13T23:08:21.000Z","Customer_Type__c":"Commercial","Count__c":1.0,"Fishing__c":false,"Auth0Id__c":"auth0&#124;62fc09ccd0c1a5 (10 more) ...","Driver_Type__c":"Commercial","Incomplete_Contact__c":false,"Special__c":" ","LA_LastPaymentMethod_Fuel__c":"[]","IndividualId":"0PKbV000000KTtkWAG","Phone_Unsubscribed_Time__c":"2024-03-13T23:08:21.000Z","IsDeleted":false,"AgeVerificationStatus__c":"NONE","Email_Verified__c":true,"IsEmailBounced":false,"RegistrationSource__c":"Love's App","OtherCountryCode":"US","Receipt_Unsubscribed_Time__c":"2022-08-16T21:19:48.000Z","Loyalty_Terms_Accepted__c":"2022-08-16T21:19:11.000Z","Golf__c":false,"CloudingoAgent__OAS__c":0.0,"HasOptedOutOfEmail":false,"MailingCity":"Brampton","SF_ID__c":"0031R00002mfNLsQAM","Contractor_Review_Date__c":"2023-02-12T00:00:00.000Z","Authorized_Signor__c":false,"Email_Preference__c":false,"MailingStateCode":"OH","Phone_Opt_in__c":false,"CS_Birth_Date__c":"1980-07-12T00:00:00.000Z","CreatedDate":"2022-08-16T21:19:48.000Z","MailingCountryCode":"US","Hunting__c":false,"LastName":"Singh","Id":"0031R00002mfNLsQAM","Data_Quality_Score__c":50.0,"TEMPTextPrefETL__c":1.0,"DNC_Indicator__c":"_IM1_/sfc/servlet.sh (168 more) ...","Active__c":true,"Admin_Lock__c":false,"DoNotCall":false,"Phone_Preference__c":false,"MailingCountry":"United States","Loyalty_Card__c":"77785069093650","Text_Preference__c":false,"Push_Preference__c":false,"AgeVerificationResponse__c":"{\"code\":\"CREDENTIALS (96 more) ...","MailingState":"Ohio","ManagerName__c":" ","IDM_ID__c":"8e23ff8e-5fc4-4330-9 (16 more) ...","MobilePlus1__c":"N/A","Data_Quality_Description__c":"Missing: Complete Ad (19 more) ...","et4ae5__HasOptedOutOfMobile__c":false,"Email_Opt_in__c":false,"OwnerId":"0053600000D52rBAAR","AgeRestrictedContentPreference__c":true,"Phone":"2072130137","MailingPostalCode":"14330","RecordTypeId":"01236000001HthEAAS","OtherCountry":"United States","Primary_Contact__c":false,"IsPriorityRecord":false,"PhonePlus1__c":"+12072130137","SFMC_Test_Record__c":false,"Terms_Accepted__c":"2022-08-16T21:19:08.000Z","Guarantor__c":false,"FirstName":"Harvind","SFMC_No_Sync__c":false,"LA_LastPaymentMethod_Shower__c":"[{\"context\":\"shower\" (298 more) ...","Factoring_Guarantor__c":false,"SystemModstamp":"2026-02-22T06:40:35.000Z","NASCAR__c":false,"Text_Unsubscribed_Time__c":"2024-03-13T23:08:21.000Z","LastActivityDate":"2023-05-26T00:00:00.000Z","attributes":{"type":"Contact","url":"/services/data/v66.0 (36 more) ..."},"Primary_Loyalty_Account__c":"a411R0000029RaCQAU","LastModifiedById":"0053600000D52rBAAR","CloudingoAgent__CES__c":0.0},{"Auto_Email_Receipts__c":false,"LastModifiedDate":"2026-02-22T06:40:35.000Z","AccountId":"001bV00000Ae8cSQAR","Email":"michaelpblink@gmail. (3 more) ...","CloudingoAgent__MAS__c":0.0,"Phone_Verified__c":false,"DSAR__c":false,"RegistrationDate__c":"2025-01-29T10:58:53.000Z","HasOptedOutOfFax":false,"Is_Owner_Active__c":true,"Text_Opt_in__c":false,"Employee_HasSubordinates__c":false,"Factoring_Authorized_Signor__c":false,"HC_ID__c":"9104b518-c231-4592-8 (16 more) ...","CreatedById":"0053600000D52rBAAR","Email_Unsubscribed_Time__c":"2025-02-01T17:32:35.000Z","MailingLatitude":26.6533,"Customer_Type__c":"Commercial","Count__c":1.0,"Fishing__c":false,"Auth0Id__c":"auth0&#124;679a09eea68c8f (10 more) ...","Driver_Type__c":"Commercial","Incomplete_Contact__c":false,"Special__c":" ","LA_LastPaymentMethod_Fuel__c":"[]","IndividualId":"0PKbV000000bR9oWAE","Phone_Unsubscribed_Time__c":"2025-02-01T17:32:35.000Z","IsDeleted":false,"AgeVerificationStatus__c":"VERIFIED","Email_Verified__c":true,"IsEmailBounced":false,"RegistrationSource__c":"Love's App","OtherCountryCode":"US","Receipt_Unsubscribed_Time__c":"2025-01-29T10:58:56.000Z","Loyalty_Terms_Accepted__c":"2025-01-29T10:58:54.000Z","Golf__c":false,"CloudingoAgent__OAS__c":0.0,"HasOptedOutOfEmail":false,"SF_ID__c":"003bV000009X4YxQAK","Contractor_Review_Date__c":"2025-07-28T00:00:00.000Z","Authorized_Signor__c":false,"Email_Preference__c":false,"Phone_Opt_in__c":false,"CS_Birth_Date__c":"1990-04-18T00:00:00.000Z","CreatedDate":"2025-01-29T10:58:56.000Z","MailingCountryCode":"US","Hunting__c":false,"LastName":"Pinard","Id":"003bV000009X4YxQAK","Data_Quality_Score__c":50.0,"TEMPTextPrefETL__c":1.0,"DNC_Indicator__c":"_IM1_/sfc/servlet.sh (168 more) ...","Active__c":true,"Admin_Lock__c":false,"DoNotCall":false,"Phone_Preference__c":false,"MailingCountry":"United States","Loyalty_Card__c":"77785089894178","Text_Preference__c":false,"Push_Preference__c":false,"AgeVerificationResponse__c":"{\"@context\":[\"https: (1483 more) ...","ManagerName__c":" ","IDM_ID__c":"b37274a4-df59-4642-9 (16 more) ...","MobilePlus1__c":"N/A","Data_Quality_Description__c":"Missing: Complete Ad (19 more) ...","et4ae5__HasOptedOutOfMobile__c":false,"Email_Opt_in__c":false,"OwnerId":"0053600000D52rBAAR","MailingLongitude":-80.2428,"AgeRestrictedContentPreference__c":true,"Phone":"5615159058","MailingPostalCode":"33414","RecordTypeId":"01236000001HthEAAS","OtherCountry":"United States","MailingGeocodeAccuracy":"Zip","Primary_Contact__c":false,"IsPriorityRecord":false,"PhonePlus1__c":"+15615159058","SFMC_Test_Record__c":false,"Terms_Accepted__c":"2025-01-29T10:58:52.000Z","Guarantor__c":false,"FirstName":"Michael","SFMC_No_Sync__c":false,"LA_LastPaymentMethod_Shower__c":"[{\"context\":\"shower\" (85 more) ...","Factoring_Guarantor__c":false,"SystemModstamp":"2026-02-22T06:40:35.000Z","NASCAR__c":false,"Text_Unsubscribed_Time__c":"2025-02-01T17:32:35.000Z","attributes":{"type":"Contact","url":"/services/data/v66.0 (36 more) ..."},"LastModifiedById":"0053600000D52rBAAR","CloudingoAgent__CES__c":0.0}]|0x60dfe2d6
00:40:36.37 (50417979)|VARIABLE_SCOPE_BEGIN|[48]|oldMapJson|String|false|false
00:40:36.37 (50426469)|VARIABLE_ASSIGNMENT|[48]|oldMapJson|"{\"003bV000009X4YxQAK (8577 more) ..."
00:40:36.37 (50434238)|STATEMENT_EXECUTE|[48]
00:40:36.37 (50435209)|STATEMENT_EXECUTE|[49]
00:40:36.37 (50455882)|HEAP_ALLOCATE|[49]|Bytes:4
00:40:36.37 (50494350)|SYSTEM_CONSTRUCTOR_ENTRY|[49]|<init>()
00:40:36.37 (50537623)|SYSTEM_CONSTRUCTOR_EXIT|[49]|<init>()
00:40:36.37 (50541504)|VARIABLE_SCOPE_BEGIN|[49]|conIdList|List<String>|true|false
00:40:36.37 (50577146)|HEAP_ALLOCATE|[EXTERNAL]|Bytes:4
00:40:36.37 (50584149)|VARIABLE_ASSIGNMENT|[49]|conIdList|[]|0x56aa649f
00:40:36.37 (50587037)|STATEMENT_EXECUTE|[50]
00:40:36.37 (50590709)|HEAP_ALLOCATE|[50]|Bytes:4
00:40:36.37 (50594377)|SYSTEM_CONSTRUCTOR_ENTRY|[50]|<init>()
00:40:36.37 (50599842)|SYSTEM_CONSTRUCTOR_EXIT|[50]|<init>()
00:40:36.37 (50601660)|VARIABLE_SCOPE_BEGIN|[50]|accIdList|List<String>|true|false
00:40:36.37 (50609444)|HEAP_ALLOCATE|[EXTERNAL]|Bytes:4
00:40:36.37 (50611951)|VARIABLE_ASSIGNMENT|[50]|accIdList|[]|0x560d9500
00:40:36.37 (50663552)|STATEMENT_EXECUTE|[51]
00:40:36.37 (50708002)|HEAP_ALLOCATE|[51]|Bytes:4
00:40:36.37 (50747289)|SYSTEM_CONSTRUCTOR_ENTRY|[51]|<init>()
00:40:36.37 (50755907)|SYSTEM_CONSTRUCTOR_EXIT|[51]|<init>()
00:40:36.37 (50758004)|VARIABLE_SCOPE_BEGIN|[51]|upsAcctList|List<Account>|true|false
00:40:36.37 (50762517)|HEAP_ALLOCATE|[EXTERNAL]|Bytes:4
00:40:36.37 (50765958)|VARIABLE_ASSIGNMENT|[51]|upsAcctList|[]|0x6d230d5
00:40:36.37 (50788021)|SYSTEM_METHOD_ENTRY|[54]|List<Contact>.iterator()
00:40:36.37 (50940413)|SYSTEM_METHOD_EXIT|[54]|List<Contact>.iterator()
00:40:36.37 (50958241)|SYSTEM_METHOD_ENTRY|[54]|system.ListIterator.hasNext()
00:40:36.37 (50974629)|HEAP_ALLOCATE|[54]|Bytes:5
00:40:36.37 (50981837)|SYSTEM_METHOD_EXIT|[54]|system.ListIterator.hasNext()
00:40:36.37 (51026380)|HEAP_ALLOCATE|[54]|Bytes:376
00:40:36.37 (51034893)|VARIABLE_SCOPE_BEGIN|[54]|con|Contact|true|false
00:40:36.37 (51447358)|VARIABLE_ASSIGNMENT|[54]|con|{"Auto_Email_Receipts__c":false,"LastModifiedDate":"2026-02-22T06:40:35.000Z","AccountId":"0011R00002vZsYSQA0","Email":"harvindsingh@hotmail (4 more) ...","CloudingoAgent__MAS__c":0.0,"Phone_Verified__c":false,"DSAR__c":false,"RegistrationDate__c":"2022-08-16T21:19:08.000Z","HasOptedOutOfFax":false,"Is_Owner_Active__c":true,"Text_Opt_in__c":false,"Employee_HasSubordinates__c":false,"Factoring_Authorized_Signor__c":false,"HC_ID__c":"a4ee1e96-0cc0-4757-9 (16 more) ...","CreatedById":"0053600000D52rBAAR","Email_Unsubscribed_Time__c":"2024-03-13T23:08:21.000Z","Customer_Type__c":"Commercial","Count__c":1.0,"Fishing__c":false,"Auth0Id__c":"auth0&#124;62fc09ccd0c1a5 (10 more) ...","Driver_Type__c":"Commercial","Incomplete_Contact__c":false,"Special__c":" ","LA_LastPaymentMethod_Fuel__c":"[]","IndividualId":"0PKbV000000KTtkWAG","Phone_Unsubscribed_Time__c":"2024-03-13T23:08:21.000Z","IsDeleted":false,"AgeVerificationStatus__c":"NONE","Email_Verified__c":true,"IsEmailBounced":false,"RegistrationSource__c":"Love's App","OtherCountryCode":"US","Receipt_Unsubscribed_Time__c":"2022-08-16T21:19:48.000Z","Loyalty_Terms_Accepted__c":"2022-08-16T21:19:11.000Z","Golf__c":false,"CloudingoAgent__OAS__c":0.0,"HasOptedOutOfEmail":false,"MailingCity":"Brampton","SF_ID__c":"0031R00002mfNLsQAM","Contractor_Review_Date__c":"2023-02-12T00:00:00.000Z","Authorized_Signor__c":false,"Email_Preference__c":false,"MailingStateCode":"OH","Phone_Opt_in__c":false,"CS_Birth_Date__c":"1980-07-12T00:00:00.000Z","CreatedDate":"2022-08-16T21:19:48.000Z","MailingCountryCode":"US","Hunting__c":false,"LastName":"Singh","Id":"0031R00002mfNLsQAM","Data_Quality_Score__c":50.0,"TEMPTextPrefETL__c":1.0,"DNC_Indicator__c":"_IM1_/sfc/servlet.sh (168 more) ...","Active__c":true,"Admin_Lock__c":false,"DoNotCall":false,"Phone_Preference__c":false,"MailingCountry":"United States","Loyalty_Card__c":"77785069093650","Text_Preference__c":false,"Push_Preference__c":false,"AgeVerificationResponse__c":"{\"code\":\"CREDENTIALS (96 more) ...","MailingState":"Ohio","ManagerName__c":" ","IDM_ID__c":"8e23ff8e-5fc4-4330-9 (16 more) ...","MobilePlus1__c":"N/A","Data_Quality_Description__c":"Missing: Complete Ad (19 more) ...","et4ae5__HasOptedOutOfMobile__c":false,"Email_Opt_in__c":false,"OwnerId":"0053600000D52rBAAR","AgeRestrictedContentPreference__c":true,"Phone":"2072130137","MailingPostalCode":"14330","RecordTypeId":"01236000001HthEAAS","OtherCountry":"United States","Primary_Contact__c":false,"IsPriorityRecord":false,"PhonePlus1__c":"+12072130137","SFMC_Test_Record__c":false,"Terms_Accepted__c":"2022-08-16T21:19:08.000Z","Guarantor__c":false,"FirstName":"Harvind","SFMC_No_Sync__c":false,"LA_LastPaymentMethod_Shower__c":"[{\"context\":\"shower\" (298 more) ...","Factoring_Guarantor__c":false,"SystemModstamp":"2026-02-22T06:40:35.000Z","NASCAR__c":false,"Text_Unsubscribed_Time__c":"2024-03-13T23:08:21.000Z","LastActivityDate":"2023-05-26T00:00:00.000Z","attributes":{"type":"Contact","url":"/services/data/v66.0 (36 more) ..."},"Primary_Loyalty_Account__c":"a411R0000029RaCQAU","LastModifiedById":"0053600000D52rBAAR","CloudingoAgent__CES__c":0.0}|0x31535133
00:40:36.37 (51488692)|STATEMENT_EXECUTE|[54]
00:40:36.37 (51490083)|STATEMENT_EXECUTE|[55]
00:40:36.37 (51573372)|SYSTEM_METHOD_ENTRY|[55]|List<String>.add(Object)
00:40:36.37 (51666530)|HEAP_ALLOCATE|[EXTERNAL]|Bytes:4
00:40:36.37 (51674785)|SYSTEM_METHOD_EXIT|[55]|List<String>.add(Object)
00:40:36.37 (51697886)|STATEMENT_EXECUTE|[56]
00:40:36.37 (51705302)|SYSTEM_METHOD_ENTRY|[56]|List<String>.add(Object)
00:40:36.37 (51714748)|HEAP_ALLOCATE|[EXTERNAL]|Bytes:4
00:40:36.37 (51718151)|SYSTEM_METHOD_EXIT|[56]|List<String>.add(Object)
00:40:36.37 (51725212)|SYSTEM_METHOD_ENTRY|[54]|system.ListIterator.hasNext()
00:40:36.37 (51741032)|HEAP_ALLOCATE|[54]|Bytes:5
00:40:36.37 (51746098)|SYSTEM_METHOD_EXIT|[54]|system.ListIterator.hasNext()
00:40:36.37 (51754312)|HEAP_ALLOCATE|[54]|Bytes:368
00:40:36.37 (51760990)|VARIABLE_SCOPE_BEGIN|[54]|con|Contact|true|false
00:40:36.37 (52029030)|VARIABLE_ASSIGNMENT|[54]|con|{"Auto_Email_Receipts__c":false,"LastModifiedDate":"2026-02-22T06:40:35.000Z","AccountId":"001bV00000Ae8cSQAR","Email":"michaelpblink@gmail. (3 more) ...","CloudingoAgent__MAS__c":0.0,"Phone_Verified__c":false,"DSAR__c":false,"RegistrationDate__c":"2025-01-29T10:58:53.000Z","HasOptedOutOfFax":false,"Is_Owner_Active__c":true,"Text_Opt_in__c":false,"Employee_HasSubordinates__c":false,"Factoring_Authorized_Signor__c":false,"HC_ID__c":"9104b518-c231-4592-8 (16 more) ...","CreatedById":"0053600000D52rBAAR","Email_Unsubscribed_Time__c":"2025-02-01T17:32:35.000Z","MailingLatitude":26.6533,"Customer_Type__c":"Commercial","Count__c":1.0,"Fishing__c":false,"Auth0Id__c":"auth0&#124;679a09eea68c8f (10 more) ...","Driver_Type__c":"Commercial","Incomplete_Contact__c":false,"Special__c":" ","LA_LastPaymentMethod_Fuel__c":"[]","IndividualId":"0PKbV000000bR9oWAE","Phone_Unsubscribed_Time__c":"2025-02-01T17:32:35.000Z","IsDeleted":false,"AgeVerificationStatus__c":"VERIFIED","Email_Verified__c":true,"IsEmailBounced":false,"RegistrationSource__c":"Love's App","OtherCountryCode":"US","Receipt_Unsubscribed_Time__c":"2025-01-29T10:58:56.000Z","Loyalty_Terms_Accepted__c":"2025-01-29T10:58:54.000Z","Golf__c":false,"CloudingoAgent__OAS__c":0.0,"HasOptedOutOfEmail":false,"SF_ID__c":"003bV000009X4YxQAK","Contractor_Review_Date__c":"2025-07-28T00:00:00.000Z","Authorized_Signor__c":false,"Email_Preference__c":false,"Phone_Opt_in__c":false,"CS_Birth_Date__c":"1990-04-18T00:00:00.000Z","CreatedDate":"2025-01-29T10:58:56.000Z","MailingCountryCode":"US","Hunting__c":false,"LastName":"Pinard","Id":"003bV000009X4YxQAK","Data_Quality_Score__c":50.0,"TEMPTextPrefETL__c":1.0,"DNC_Indicator__c":"_IM1_/sfc/servlet.sh (168 more) ...","Active__c":true,"Admin_Lock__c":false,"DoNotCall":false,"Phone_Preference__c":false,"MailingCountry":"United States","Loyalty_Card__c":"77785089894178","Text_Preference__c":false,"Push_Preference__c":false,"AgeVerificationResponse__c":"{\"@context\":[\"https: (1483 more) ...","ManagerName__c":" ","IDM_ID__c":"b37274a4-df59-4642-9 (16 more) ...","MobilePlus1__c":"N/A","Data_Quality_Description__c":"Missing: Complete Ad (19 more) ...","et4ae5__HasOptedOutOfMobile__c":false,"Email_Opt_in__c":false,"OwnerId":"0053600000D52rBAAR","MailingLongitude":-80.2428,"AgeRestrictedContentPreference__c":true,"Phone":"5615159058","MailingPostalCode":"33414","RecordTypeId":"01236000001HthEAAS","OtherCountry":"United States","MailingGeocodeAccuracy":"Zip","Primary_Contact__c":false,"IsPriorityRecord":false,"PhonePlus1__c":"+15615159058","SFMC_Test_Record__c":false,"Terms_Accepted__c":"2025-01-29T10:58:52.000Z","Guarantor__c":false,"FirstName":"Michael","SFMC_No_Sync__c":false,"LA_LastPaymentMethod_Shower__c":"[{\"context\":\"shower\" (85 more) ...","Factoring_Guarantor__c":false,"SystemModstamp":"2026-02-22T06:40:35.000Z","NASCAR__c":false,"Text_Unsubscribed_Time__c":"2025-02-01T17:32:35.000Z","attributes":{"type":"Contact","url":"/services/data/v66.0 (36 more) ..."},"LastModifiedById":"0053600000D52rBAAR","CloudingoAgent__CES__c":0.0}|0xd37fc71
00:40:36.37 (52052213)|STATEMENT_EXECUTE|[54]
00:40:36.37 (52053241)|STATEMENT_EXECUTE|[55]
00:40:36.37 (52062172)|SYSTEM_METHOD_ENTRY|[55]|List<String>.add(Object)
00:40:36.37 (52069408)|HEAP_ALLOCATE|[EXTERNAL]|Bytes:4
00:40:36.37 (52073337)|SYSTEM_METHOD_EXIT|[55]|List<String>.add(Object)
00:40:36.37 (52076003)|STATEMENT_EXECUTE|[56]
00:40:36.37 (52079200)|SYSTEM_METHOD_ENTRY|[56]|List<String>.add(Object)
00:40:36.37 (52082419)|HEAP_ALLOCATE|[EXTERNAL]|Bytes:4
00:40:36.37 (52085377)|SYSTEM_METHOD_EXIT|[56]|List<String>.add(Object)
00:40:36.37 (52088262)|SYSTEM_METHOD_ENTRY|[54]|system.ListIterator.hasNext()
00:40:36.37 (52091755)|HEAP_ALLOCATE|[54]|Bytes:5
00:40:36.37 (52094382)|SYSTEM_METHOD_EXIT|[54]|system.ListIterator.hasNext()
00:40:36.37 (52099493)|VARIABLE_ASSIGNMENT|[54]|con|null|
00:40:36.37 (52102736)|STATEMENT_EXECUTE|[60]
00:40:36.37 (52111453)|METHOD_ENTRY|[60]|01p1R00000JmIn3|Contact_AccountSync.getAccountData(List<String>, List<String>)
00:40:36.37 (52123012)|VARIABLE_SCOPE_BEGIN|[105]|accIdList|List<String>|true|false
00:40:36.37 (52131632)|VARIABLE_ASSIGNMENT|[105]|accIdList|["0011R00002vZsYSQA0","001bV00000Ae8cSQAR"]|0x560d9500
00:40:36.37 (52134578)|VARIABLE_SCOPE_BEGIN|[105]|conIdList|List<String>|true|false
00:40:36.37 (52139369)|VARIABLE_ASSIGNMENT|[105]|conIdList|["0031R00002mfNLsQAM","003bV000009X4YxQAK"]|0x56aa649f
00:40:36.37 (52143707)|STATEMENT_EXECUTE|[105]
00:40:36.37 (52144526)|STATEMENT_EXECUTE|[106]
00:40:36.37 (52180833)|HEAP_ALLOCATE|[106]|Bytes:4
00:40:36.37 (52211027)|VARIABLE_SCOPE_BEGIN|[106]|acctMap|Map<String,Account>|true|false
00:40:36.37 (52221347)|VARIABLE_ASSIGNMENT|[106]|acctMap|{}|0x6c0c5d05
00:40:36.37 (52226202)|HEAP_ALLOCATE|[107]|Bytes:237
00:40:36.37 (52232502)|HEAP_ALLOCATE|[107]|Bytes:4
00:40:36.37 (52236957)|HEAP_ALLOCATE|[107]|Bytes:7
00:40:36.37 (52245156)|HEAP_ALLOCATE|[107]|Bytes:7
00:40:36.37 (54315124)|SOQL_EXECUTE_BEGIN|[107]|Aggregations:0|SELECT Id, Name, BillingCity, BillingCountry, BillingPostalCode, BillingState, BillingStreet, Phone, Person_Email__c, Auth0Id__c, SMA_SMAId__c, RecordTypeId, RecordType.Name FROM Account WHERE (Id IN :tmpVar1 OR SMA_SMAId__c IN :tmpVar2)
00:40:36.37 (54409042)|LIMIT_USAGE|[107]|SOQL|1|200
00:40:36.37 (54426193)|LIMIT_USAGE|[107]|AGGS|0|600
00:40:36.37 (84969527)|SOQL_EXECUTE_EXPLAIN|[107]|Index on ApexExecutionOverlayAction : [ScopeId], cardinality: 0, sobjectCardinality: 1, relativeCost 0
00:40:36.37 (85000780)|SOQL_EXECUTE_END|[107]|Rows:2
00:40:36.37 (85060809)|LIMIT_USAGE|[107]|SOQL_ROWS|2|50000
00:40:36.37 (85077685)|HEAP_ALLOCATE|[EXTERNAL]|Bytes:12
00:40:36.37 (85176251)|SYSTEM_METHOD_ENTRY|[107]|Database.QueryLocator.iterator()
00:40:36.37 (85355349)|HEAP_ALLOCATE|[107]|Bytes:54
00:40:36.37 (85363598)|HEAP_ALLOCATE|[107]|Bytes:8
00:40:36.37 (85387111)|SYSTEM_METHOD_ENTRY|[7]|QueryLocatorIterator.QueryLocatorIterator()
00:40:36.37 (85392260)|STATEMENT_EXECUTE|[7]
00:40:36.37 (85405971)|SYSTEM_METHOD_EXIT|[7]|QueryLocatorIterator
00:40:36.37 (85415717)|HEAP_ALLOCATE|[107]|Bytes:28
00:40:36.37 (85451271)|HEAP_ALLOCATE|[107]|Bytes:12
00:40:36.37 (85461456)|HEAP_ALLOCATE|[107]|Bytes:8
00:40:36.37 (85462940)|HEAP_ALLOCATE|[107]|Bytes:8
00:40:36.37 (85467252)|VARIABLE_SCOPE_BEGIN|[15]|this|Database.QueryLocatorIterator|true|false
00:40:36.37 (85518579)|VARIABLE_ASSIGNMENT|[15]|this|{}|0x2f7ed9d6
00:40:36.37 (85522181)|VARIABLE_SCOPE_BEGIN|[15]|values|List<SObject>|true|false
00:40:36.37 (87353383)|VARIABLE_ASSIGNMENT|[15]|values|[{"BillingCountry":"United States","BillingCity":"Brampton","SMA_SMAId__c":"0031R00002mfNLsQAM","RecordType":{"Id":"01236000000o9uVAAQ","Name":"Individual"},"Phone":"2072130137","RecordTypeId":"01236000000o9uVAAQ","Auth0Id__c":"auth0&#124;62fc09ccd0c1a5 (10 more) ...","BillingPostalCode":"14330","Id":"0011R00002vZsYSQA0","Person_Email__c":"harvindsingh@hotmail (4 more) ...","BillingState":"Ohio","Name":"Harvind Singh"},{"BillingCountry":"United States","SMA_SMAId__c":"003bV000009X4YxQAK","RecordType":{"Id":"01236000000o9uVAAQ","Name":"Individual"},"Phone":"5615159058","RecordTypeId":"01236000000o9uVAAQ","Auth0Id__c":"auth0&#124;679a09eea68c8f (10 more) ...","BillingPostalCode":"33414","Id":"001bV00000Ae8cSQAR","Person_Email__c":"michaelpblink@gmail. (3 more) ...","Name":"Michael Pinard"}]|0x6c09a28a
00:40:36.37 (87376107)|VARIABLE_SCOPE_BEGIN|[15]|ql|Database.QueryLocator|true|false
00:40:36.37 (87402572)|VARIABLE_ASSIGNMENT|[15]|ql|{"query":"SELECT Id, Name, Bil (217 more) ..."}|0x97deb05
00:40:36.37 (87405839)|VARIABLE_SCOPE_BEGIN|[15]|totalNumRecords|Integer|false|false
00:40:36.37 (87414011)|VARIABLE_ASSIGNMENT|[15]|totalNumRecords|2
00:40:36.37 (87416211)|VARIABLE_SCOPE_BEGIN|[15]|queryMoreSize|Integer|false|false
00:40:36.37 (87424058)|VARIABLE_ASSIGNMENT|[15]|queryMoreSize|49998
00:40:36.37 (87509717)|HEAP_ALLOCATE|[107]|Bytes:28
00:40:36.37 (87520570)|SYSTEM_METHOD_EXIT|[107]|Database.QueryLocator.iterator()
00:40:36.37 (87558464)|METHOD_ENTRY|[107]||Database.QueryLocatorIterator.hasNext()
00:40:36.37 (87620808)|METHOD_EXIT|[107]||Database.QueryLocatorIterator.hasNext()
00:40:36.37 (87626519)|METHOD_ENTRY|[107]||Database.QueryLocatorIterator.next()
00:40:36.37 (87696072)|METHOD_EXIT|[107]||Database.QueryLocatorIterator.next()
00:40:36.37 (87702549)|VARIABLE_SCOPE_BEGIN|[107]|acc|Account|true|false
00:40:36.37 (87769808)|VARIABLE_ASSIGNMENT|[107]|acc|{"BillingCountry":"United States","BillingCity":"Brampton","SMA_SMAId__c":"0031R00002mfNLsQAM","RecordType":{"Id":"01236000000o9uVAAQ","Name":"Individual"},"Phone":"2072130137","RecordTypeId":"01236000000o9uVAAQ","Auth0Id__c":"auth0&#124;62fc09ccd0c1a5 (10 more) ...","BillingPostalCode":"14330","Id":"0011R00002vZsYSQA0","Person_Email__c":"harvindsingh@hotmail (4 more) ...","BillingState":"Ohio","Name":"Harvind Singh"}|0x2d146c72
00:40:36.37 (87777747)|STATEMENT_EXECUTE|[110]
00:40:36.37 (87870608)|SYSTEM_METHOD_ENTRY|[111]|String.isBlank(String)
00:40:36.37 (87906903)|SYSTEM_METHOD_EXIT|[111]|String.isBlank(String)
00:40:36.37 (87911546)|STATEMENT_EXECUTE|[111]
00:40:36.37 (87912855)|STATEMENT_EXECUTE|[112]
00:40:36.37 (87938393)|SYSTEM_METHOD_ENTRY|[112]|Map<String,Account>.put(Object, Object)
00:40:36.37 (87953424)|HEAP_ALLOCATE|[EXTERNAL]|Bytes:-4
00:40:36.37 (87959048)|SYSTEM_METHOD_EXIT|[112]|Map<String,Account>.put(Object, Object)
00:40:36.37 (87961206)|STATEMENT_EXECUTE|[114]
00:40:36.37 (87983633)|SYSTEM_METHOD_ENTRY|[114]|Map<String,Account>.put(Object, Object)
00:40:36.37 (88012314)|HEAP_ALLOCATE|[EXTERNAL]|Bytes:-4
00:40:36.37 (88021219)|SYSTEM_METHOD_EXIT|[114]|Map<String,Account>.put(Object, Object)
00:40:36.37 (88027501)|METHOD_ENTRY|[107]||Database.QueryLocatorIterator.hasNext()
00:40:36.37 (88047453)|METHOD_EXIT|[107]||Database.QueryLocatorIterator.hasNext()
00:40:36.37 (88051647)|METHOD_ENTRY|[107]||Database.QueryLocatorIterator.next()
00:40:36.37 (88097327)|METHOD_EXIT|[107]||Database.QueryLocatorIterator.next()
00:40:36.37 (88101467)|VARIABLE_SCOPE_BEGIN|[107]|acc|Account|true|false
00:40:36.37 (88166142)|VARIABLE_ASSIGNMENT|[107]|acc|{"BillingCountry":"United States","SMA_SMAId__c":"003bV000009X4YxQAK","RecordType":{"Id":"01236000000o9uVAAQ","Name":"Individual"},"Phone":"5615159058","RecordTypeId":"01236000000o9uVAAQ","Auth0Id__c":"auth0&#124;679a09eea68c8f (10 more) ...","BillingPostalCode":"33414","Id":"001bV00000Ae8cSQAR","Person_Email__c":"michaelpblink@gmail. (3 more) ...","Name":"Michael Pinard"}|0x735570cf
00:40:36.37 (88171997)|STATEMENT_EXECUTE|[110]
00:40:36.37 (88182827)|SYSTEM_METHOD_ENTRY|[111]|String.isBlank(String)
00:40:36.37 (88187702)|SYSTEM_METHOD_EXIT|[111]|String.isBlank(String)
00:40:36.37 (88190031)|STATEMENT_EXECUTE|[111]
00:40:36.37 (88190846)|STATEMENT_EXECUTE|[112]
00:40:36.37 (88196171)|SYSTEM_METHOD_ENTRY|[112]|Map<String,Account>.put(Object, Object)
00:40:36.37 (88200278)|HEAP_ALLOCATE|[EXTERNAL]|Bytes:-4
00:40:36.37 (88206598)|SYSTEM_METHOD_EXIT|[112]|Map<String,Account>.put(Object, Object)
00:40:36.37 (88209355)|STATEMENT_EXECUTE|[114]
00:40:36.37 (88215680)|SYSTEM_METHOD_ENTRY|[114]|Map<String,Account>.put(Object, Object)
00:40:36.37 (88223308)|HEAP_ALLOCATE|[EXTERNAL]|Bytes:-4
00:40:36.37 (88229544)|SYSTEM_METHOD_EXIT|[114]|Map<String,Account>.put(Object, Object)
00:40:36.37 (88233461)|METHOD_ENTRY|[107]||Database.QueryLocatorIterator.hasNext()
00:40:36.37 (88243478)|METHOD_EXIT|[107]||Database.QueryLocatorIterator.hasNext()
00:40:36.37 (88248602)|VARIABLE_ASSIGNMENT|[107]|acc|null|
00:40:36.37 (88267883)|STATEMENT_EXECUTE|[116]
00:40:36.37 (88270759)|METHOD_EXIT|[60]|01p1R00000JmIn3|Contact_AccountSync.getAccountData(List<String>, List<String>)
00:40:36.37 (88274877)|VARIABLE_SCOPE_BEGIN|[60]|accountMap|Map<String,Account>|true|false
00:40:36.37 (88458171)|VARIABLE_ASSIGNMENT|[60]|accountMap|{"0031R00002mfNLsQAM":{"BillingCountry":"United States","BillingCity":"Brampton","SMA_SMAId__c":"0031R00002mfNLsQAM","RecordType":{"Id":"01236000000o9uVAAQ","Name":"Individual"},"Phone":"2072130137","RecordTypeId":"01236000000o9uVAAQ","Auth0Id__c":"auth0&#124;62fc09ccd0c1a5 (10 more) ...","BillingPostalCode":"14330","Id":"0011R00002vZsYSQA0","Person_Email__c":"harvindsingh@hotmail (4 more) ...","BillingState":"Ohio","Name":"Harvind Singh"},"0011R00002vZsYSQA0":{"BillingCountry":"United States","BillingCity":"Brampton","SMA_SMAId__c":"0031R00002mfNLsQAM","RecordType":{"Id":"01236000000o9uVAAQ","Name":"Individual"},"Phone":"2072130137","RecordTypeId":"01236000000o9uVAAQ","Auth0Id__c":"auth0&#124;62fc09ccd0c1a5 (10 more) ...","BillingPostalCode":"14330","Id":"0011R00002vZsYSQA0","Person_Email__c":"harvindsingh@hotmail (4 more) ...","BillingState":"Ohio","Name":"Harvind Singh"},"003bV000009X4YxQAK":{"BillingCountry":"United States","SMA_SMAId__c":"003bV000009X4YxQAK","RecordType":{"Id":"01236000000o9uVAAQ","Name":"Individual"},"Phone":"5615159058","RecordTypeId":"01236000000o9uVAAQ","Auth0Id__c":"auth0&#124;679a09eea68c8f (10 more) ...","BillingPostalCode":"33414","Id":"001bV00000Ae8cSQAR","Person_Email__c":"michaelpblink@gmail. (3 more) ...","Name":"Michael Pinard"},"001bV00000Ae8cSQAR":{"BillingCountry":"United States","SMA_SMAId__c":"003bV000009X4YxQAK","RecordType":{"Id":"01236000000o9uVAAQ","Name":"Individual"},"Phone":"5615159058","RecordTypeId":"01236000000o9uVAAQ","Auth0Id__c":"auth0&#124;679a09eea68c8f (10 more) ...","BillingPostalCode":"33414","Id":"001bV00000Ae8cSQAR","Person_Email__c":"michaelpblink@gmail. (3 more) ...","Name":"Michael Pinard"}}|0x6c0c5d05
00:40:36.37 (88471590)|STATEMENT_EXECUTE|[61]
00:40:36.37 (88479128)|METHOD_ENTRY|[61]|01p1R00000JmIn3|Contact_AccountSync.getContactData(List<String>)
00:40:36.37 (88492393)|VARIABLE_SCOPE_BEGIN|[119]|conIdList|List<String>|true|false
00:40:36.37 (88504377)|VARIABLE_ASSIGNMENT|[119]|conIdList|["0031R00002mfNLsQAM","003bV000009X4YxQAK"]|0x56aa649f
00:40:36.37 (88507933)|STATEMENT_EXECUTE|[119]
00:40:36.37 (88509036)|STATEMENT_EXECUTE|[120]
00:40:36.37 (88512440)|HEAP_ALLOCATE|[120]|Bytes:264
00:40:36.37 (88531749)|HEAP_ALLOCATE|[120]|Bytes:4
00:40:36.37 (89447240)|SOQL_EXECUTE_BEGIN|[120]|Aggregations:0|SELECT Id, FirstName, LastName, Name, MailingCity, MailingCountry, MailingPostalCode, MailingState, MailingStreet, Phone, Email, RecordTypeId, AccountId, CS_Birth_Date__c, MailingCountryCode, Auth0Id__c, IDM_ID__c, Loyalty_Card__c FROM Contact WHERE Id IN :tmpVar1
00:40:36.37 (89497007)|LIMIT_USAGE|[120]|SOQL|2|200
00:40:36.37 (89506383)|LIMIT_USAGE|[120]|AGGS|0|600
00:40:36.37 (103914224)|SOQL_EXECUTE_EXPLAIN|[120]|Index on Contact : [Id], cardinality: 2, sobjectCardinality: 10303891, relativeCost 0
00:40:36.37 (103939281)|SOQL_EXECUTE_END|[120]|Rows:2
00:40:36.37 (103958929)|LIMIT_USAGE|[120]|SOQL_ROWS|4|50000
00:40:36.37 (103972390)|HEAP_ALLOCATE|[120]|Bytes:12
00:40:36.37 (103993990)|HEAP_ALLOCATE|[120]|Bytes:914
00:40:36.37 (104029670)|HEAP_ALLOCATE|[120]|Bytes:12
00:40:36.37 (104048907)|METHOD_EXIT|[61]|01p1R00000JmIn3|Contact_AccountSync.getContactData(List<String>)
00:40:36.37 (104056411)|VARIABLE_SCOPE_BEGIN|[61]|conList|List<Contact>|true|false
00:40:36.37 (104271843)|VARIABLE_ASSIGNMENT|[61]|conList|[{"Email":"harvindsingh@hotmail (4 more) ...","AccountId":"0011R00002vZsYSQA0","FirstName":"Harvind","MailingCountry":"United States","Loyalty_Card__c":"77785069093650","MailingCity":"Brampton","MailingState":"Ohio","Name":"Harvind Singh","IDM_ID__c":"8e23ff8e-5fc4-4330-9 (16 more) ...","Phone":"2072130137","MailingPostalCode":"14330","RecordTypeId":"01236000001HthEAAS","CS_Birth_Date__c":"1980-07-12T00:00:00.000Z","MailingCountryCode":"US","Auth0Id__c":"auth0&#124;62fc09ccd0c1a5 (10 more) ...","Id":"0031R00002mfNLsQAM","LastName":"Singh"},{"Email":"michaelpblink@gmail. (3 more) ...","AccountId":"001bV00000Ae8cSQAR","FirstName":"Michael","MailingCountry":"United States","Loyalty_Card__c":"77785089894178","Name":"Michael Pinard","IDM_ID__c":"b37274a4-df59-4642-9 (16 more) ...","Phone":"5615159058","MailingPostalCode":"33414","RecordTypeId":"01236000001HthEAAS","CS_Birth_Date__c":"1990-04-18T00:00:00.000Z","MailingCountryCode":"US","Auth0Id__c":"auth0&#124;679a09eea68c8f (10 more) ...","Id":"003bV000009X4YxQAK","LastName":"Pinard"}]|0x3141865b
00:40:36.37 (104297809)|SYSTEM_METHOD_ENTRY|[64]|List<Contact>.iterator()
00:40:36.37 (104331203)|SYSTEM_METHOD_EXIT|[64]|List<Contact>.iterator()
00:40:36.37 (104338090)|SYSTEM_METHOD_ENTRY|[64]|system.ListIterator.hasNext()
00:40:36.37 (104348759)|HEAP_ALLOCATE|[64]|Bytes:5
00:40:36.37 (104352711)|SYSTEM_METHOD_EXIT|[64]|system.ListIterator.hasNext()
00:40:36.37 (104362784)|HEAP_ALLOCATE|[64]|Bytes:72
00:40:36.37 (104370470)|VARIABLE_SCOPE_BEGIN|[64]|con|Contact|true|false
00:40:36.37 (104428617)|VARIABLE_ASSIGNMENT|[64]|con|{"Email":"harvindsingh@hotmail (4 more) ...","AccountId":"0011R00002vZsYSQA0","FirstName":"Harvind","MailingCountry":"United States","Loyalty_Card__c":"77785069093650","MailingCity":"Brampton","MailingState":"Ohio","Name":"Harvind Singh","IDM_ID__c":"8e23ff8e-5fc4-4330-9 (16 more) ...","Phone":"2072130137","MailingPostalCode":"14330","RecordTypeId":"01236000001HthEAAS","CS_Birth_Date__c":"1980-07-12T00:00:00.000Z","MailingCountryCode":"US","Auth0Id__c":"auth0&#124;62fc09ccd0c1a5 (10 more) ...","Id":"0031R00002mfNLsQAM","LastName":"Singh"}|0xd7f5f76
00:40:36.37 (104435880)|STATEMENT_EXECUTE|[64]
00:40:36.37 (104436994)|STATEMENT_EXECUTE|[65]
00:40:36.37 (104439746)|VARIABLE_SCOPE_BEGIN|[65]|acct|Account|true|false
00:40:36.37 (104458356)|VARIABLE_ASSIGNMENT|[65]|acct|null|
00:40:36.37 (104474759)|STATEMENT_EXECUTE|[66]
00:40:36.37 (104502629)|SYSTEM_METHOD_ENTRY|[66]|Map<String,Account>.get(Object)
00:40:36.37 (104533669)|SYSTEM_METHOD_EXIT|[66]|Map<String,Account>.get(Object)
00:40:36.37 (104636212)|VARIABLE_ASSIGNMENT|[66]|acct|{"BillingCountry":"United States","BillingCity":"Brampton","SMA_SMAId__c":"0031R00002mfNLsQAM","RecordType":{"Id":"01236000000o9uVAAQ","Name":"Individual"},"Phone":"2072130137","RecordTypeId":"01236000000o9uVAAQ","Auth0Id__c":"auth0&#124;62fc09ccd0c1a5 (10 more) ...","BillingPostalCode":"14330","Id":"0011R00002vZsYSQA0","Person_Email__c":"harvindsingh@hotmail (4 more) ...","BillingState":"Ohio","Name":"Harvind Singh"}|0x2d146c72
00:40:36.37 (104647478)|STATEMENT_EXECUTE|[67]
00:40:36.37 (104660600)|METHOD_ENTRY|[72]|01p1R00000JmIn3|Contact_AccountSync.wasContactDataChanged(Contact, String)
00:40:36.37 (104675782)|VARIABLE_SCOPE_BEGIN|[142]|con|Contact|true|false
00:40:36.37 (104769246)|VARIABLE_ASSIGNMENT|[142]|con|{"Email":"harvindsingh@hotmail (4 more) ...","AccountId":"0011R00002vZsYSQA0","FirstName":"Harvind","MailingCountry":"United States","Loyalty_Card__c":"77785069093650","MailingCity":"Brampton","MailingState":"Ohio","Name":"Harvind Singh","IDM_ID__c":"8e23ff8e-5fc4-4330-9 (16 more) ...","Phone":"2072130137","MailingPostalCode":"14330","RecordTypeId":"01236000001HthEAAS","CS_Birth_Date__c":"1980-07-12T00:00:00.000Z","MailingCountryCode":"US","Auth0Id__c":"auth0&#124;62fc09ccd0c1a5 (10 more) ...","Id":"0031R00002mfNLsQAM","LastName":"Singh"}|0xd7f5f76
00:40:36.37 (104776845)|VARIABLE_SCOPE_BEGIN|[142]|oldMapJson|String|false|false
00:40:36.37 (104783155)|VARIABLE_ASSIGNMENT|[142]|oldMapJson|"{\"003bV000009X4YxQAK (8577 more) ..."
00:40:36.37 (104787987)|STATEMENT_EXECUTE|[142]
00:40:36.37 (104788856)|STATEMENT_EXECUTE|[143]
00:40:36.37 (104791994)|VARIABLE_SCOPE_BEGIN|[143]|changed|Boolean|false|false
00:40:36.37 (104799008)|HEAP_ALLOCATE|[143]|Bytes:5
00:40:36.37 (104803451)|VARIABLE_ASSIGNMENT|[143]|changed|false
00:40:36.37 (104820998)|SYSTEM_METHOD_ENTRY|[145]|String.isBlank(String)
00:40:36.37 (104835530)|SYSTEM_METHOD_EXIT|[145]|String.isBlank(String)
00:40:36.37 (104839849)|HEAP_ALLOCATE|[145]|Bytes:4
00:40:36.37 (104894650)|STATEMENT_EXECUTE|[145]
00:40:36.37 (104895800)|STATEMENT_EXECUTE|[146]
00:40:36.37 (104897329)|HEAP_ALLOCATE|[146]|Bytes:89
00:40:36.37 (104975965)|HEAP_ALLOCATE|[146]|Bytes:8
00:40:36.37 (104982382)|HEAP_ALLOCATE|[146]|Bytes:8
00:40:36.37 (104985882)|VARIABLE_SCOPE_BEGIN|[4]|this|System.Type|true|false
00:40:36.37 (105041614)|VARIABLE_ASSIGNMENT|[4]|this|{}|0x56863534
00:40:36.37 (105046142)|VARIABLE_SCOPE_BEGIN|[4]|apextype|java:common.apex.runtime.ApexObjectType|true|false
00:40:36.37 (105098822)|VARIABLE_ASSIGNMENT|[4]|apextype|"Map<Id,SObject>"|0x53a548f5
00:40:36.37 (105137283)|HEAP_ALLOCATE|[146]|Bytes:8
00:40:36.37 (105144872)|METHOD_ENTRY|[146]||System.JSON.deserialize(String, System.Type)
00:40:36.37 (106531042)|METHOD_EXIT|[146]||System.JSON.deserialize(String, System.Type)
00:40:36.37 (106543006)|VARIABLE_SCOPE_BEGIN|[146]|oldMap|Map<Id,SObject>|true|false
00:40:36.37 (107020122)|VARIABLE_ASSIGNMENT|[146]|oldMap|{"003bV000009X4YxQAK":{"Auto_Email_Receipts__c":false,"LastModifiedDate":"2026-02-20T01:55:17.000Z","AccountId":"001bV00000Ae8cSQAR","Email":"michaelpblink@gmail. (3 more) ...","CloudingoAgent__MAS__c":0.0,"Phone_Verified__c":false,"DSAR__c":false,"RegistrationDate__c":"2025-01-29T10:58:53.000Z","HasOptedOutOfFax":false,"Is_Owner_Active__c":true,"Text_Opt_in__c":false,"Employee_HasSubordinates__c":false,"Factoring_Authorized_Signor__c":false,"HC_ID__c":"9104b518-c231-4592-8 (16 more) ...","CreatedById":"0053600000D52rBAAR","Email_Unsubscribed_Time__c":"2025-02-01T17:32:35.000Z","MailingLatitude":26.6533,"Customer_Type__c":"Commercial","Count__c":1.0,"Fishing__c":false,"Auth0Id__c":"auth0&#124;679a09eea68c8f (10 more) ...","Driver_Type__c":"Commercial","Incomplete_Contact__c":false,"Special__c":" ","LA_LastPaymentMethod_Fuel__c":"[]","IndividualId":"0PKbV000000bR9oWAE","Phone_Unsubscribed_Time__c":"2025-02-01T17:32:35.000Z","IsDeleted":false,"AgeVerificationStatus__c":"VERIFIED","Email_Verified__c":true,"IsEmailBounced":false,"RegistrationSource__c":"Love's App","OtherCountryCode":"US","Receipt_Unsubscribed_Time__c":"2025-01-29T10:58:56.000Z","Loyalty_Terms_Accepted__c":"2025-01-29T10:58:54.000Z","Golf__c":false,"CloudingoAgent__OAS__c":0.0,"HasOptedOutOfEmail":false,"SF_ID__c":"003bV000009X4YxQAK","Contractor_Review_Date__c":"2025-07-28T00:00:00.000Z","Authorized_Signor__c":false,"Email_Preference__c":false,"Phone_Opt_in__c":false,"CS_Birth_Date__c":"1990-04-18T00:00:00.000Z","CreatedDate":"2025-01-29T10:58:56.000Z","MailingCountryCode":"US","Hunting__c":false,"LastName":"Pinard","Id":"003bV000009X4YxQAK","Data_Quality_Score__c":50.0,"TEMPTextPrefETL__c":1.0,"DNC_Indicator__c":"_IM1_/sfc/servlet.sh (168 more) ...","Active__c":true,"Admin_Lock__c":false,"DoNotCall":false,"Phone_Preference__c":false,"MailingCountry":"United States","Loyalty_Card__c":"77785089894178","Text_Preference__c":false,"Push_Preference__c":false,"AgeVerificationResponse__c":"{\"@context\":[\"https: (1483 more) ...","ManagerName__c":" ","IDM_ID__c":"b37274a4-df59-4642-9 (16 more) ...","MobilePlus1__c":"N/A","Data_Quality_Description__c":"Missing: Complete Ad (19 more) ...","et4ae5__HasOptedOutOfMobile__c":false,"Email_Opt_in__c":false,"OwnerId":"0053600000D52rBAAR","MailingLongitude":-80.2428,"AgeRestrictedContentPreference__c":true,"Phone":"5615159058","MailingPostalCode":"33414","RecordTypeId":"01236000001HthEAAS","OtherCountry":"United States","MailingGeocodeAccuracy":"Zip","Primary_Contact__c":false,"IsPriorityRecord":false,"PhonePlus1__c":"+15615159058","SFMC_Test_Record__c":false,"Terms_Accepted__c":"2025-01-29T10:58:52.000Z","Guarantor__c":false,"FirstName":"Michael","SFMC_No_Sync__c":false,"LA_LastPaymentMethod_Shower__c":"[{\"context\":\"shower\" (85 more) ...","Factoring_Guarantor__c":false,"SystemModstamp":"2026-02-20T01:55:17.000Z","NASCAR__c":false,"Text_Unsubscribed_Time__c":"2025-02-01T17:32:35.000Z","attributes":{"type":"Contact","url":"/services/data/v66.0 (36 more) ..."},"LastModifiedById":"0053600000D52rBAAR","CloudingoAgent__CES__c":0.0},"0031R00002mfNLsQAM":{"Auto_Email_Receipts__c":false,"LastModifiedDate":"2026-02-21T23:06:19.000Z","AccountId":"0011R00002vZsYSQA0","Email":"harvindsingh@hotmail (4 more) ...","CloudingoAgent__MAS__c":0.0,"Phone_Verified__c":false,"DSAR__c":false,"RegistrationDate__c":"2022-08-16T21:19:08.000Z","HasOptedOutOfFax":false,"Is_Owner_Active__c":true,"Text_Opt_in__c":false,"Employee_HasSubordinates__c":false,"Factoring_Authorized_Signor__c":false,"HC_ID__c":"a4ee1e96-0cc0-4757-9 (16 more) ...","CreatedById":"0053600000D52rBAAR","Email_Unsubscribed_Time__c":"2024-03-13T23:08:21.000Z","Customer_Type__c":"Commercial","Count__c":1.0,"Fishing__c":false,"Auth0Id__c":"auth0&#124;62fc09ccd0c1a5 (10 more) ...","Driver_Type__c":"Commercial","Incomplete_Contact__c":false,"Special__c":" ","LA_LastPaymentMethod_Fuel__c":"[]","IndividualId":"0PKbV000000KTtkWAG","Phone_Unsubscribed_Time__c":"2024-03-13T23:08:21.000Z","IsDeleted":false,"AgeVerificationStatus__c":"NONE","Email_Verified__c":true,"IsEmailBounced":false,"RegistrationSource__c":"Love's App","OtherCountryCode":"US","Receipt_Unsubscribed_Time__c":"2022-08-16T21:19:48.000Z","Loyalty_Terms_Accepted__c":"2022-08-16T21:19:11.000Z","Golf__c":false,"CloudingoAgent__OAS__c":0.0,"HasOptedOutOfEmail":false,"MailingCity":"Brampton","SF_ID__c":"0031R00002mfNLsQAM","Contractor_Review_Date__c":"2023-02-12T00:00:00.000Z","Authorized_Signor__c":false,"Email_Preference__c":false,"MailingStateCode":"OH","Phone_Opt_in__c":false,"CS_Birth_Date__c":"1980-07-12T00:00:00.000Z","CreatedDate":"2022-08-16T21:19:48.000Z","MailingCountryCode":"US","Hunting__c":false,"LastName":"Singh","Id":"0031R00002mfNLsQAM","Data_Quality_Score__c":50.0,"TEMPTextPrefETL__c":1.0,"DNC_Indicator__c":"_IM1_/sfc/servlet.sh (168 more) ...","Active__c":true,"Admin_Lock__c":false,"DoNotCall":false,"Phone_Preference__c":false,"MailingCountry":"United States","Loyalty_Card__c":"77785069093650","Text_Preference__c":false,"Push_Preference__c":false,"AgeVerificationResponse__c":"{\"code\":\"CREDENTIALS (96 more) ...","MailingState":"Ohio","ManagerName__c":" ","IDM_ID__c":"8e23ff8e-5fc4-4330-9 (16 more) ...","MobilePlus1__c":"N/A","Data_Quality_Description__c":"Missing: Complete Ad (19 more) ...","et4ae5__HasOptedOutOfMobile__c":false,"Email_Opt_in__c":false,"OwnerId":"0053600000D52rBAAR","AgeRestrictedContentPreference__c":true,"Phone":"2072130137","MailingPostalCode":"14330","RecordTypeId":"01236000001HthEAAS","OtherCountry":"United States","Primary_Contact__c":false,"IsPriorityRecord":false,"PhonePlus1__c":"+12072130137","SFMC_Test_Record__c":false,"Terms_Accepted__c":"2022-08-16T21:19:08.000Z","Guarantor__c":false,"FirstName":"Harvind","SFMC_No_Sync__c":false,"LA_LastPaymentMethod_Shower__c":"[{\"context\":\"shower\" (298 more) ...","Factoring_Guarantor__c":false,"SystemModstamp":"2026-02-21T23:06:19.000Z","NASCAR__c":false,"Text_Unsubscribed_Time__c":"2024-03-13T23:08:21.000Z","LastActivityDate":"2023-05-26T00:00:00.000Z","attributes":{"type":"Contact","url":"/services/data/v66.0 (36 more) ..."},"Primary_Loyalty_Account__c":"a411R0000029RaCQAU","LastModifiedById":"0053600000D52rBAAR","CloudingoAgent__CES__c":0.0}}|0x2761610f
00:40:36.37 (107060616)|STATEMENT_EXECUTE|[147]
00:40:36.37 (107062415)|STATEMENT_EXECUTE|[148]
00:40:36.37 (107083067)|SYSTEM_METHOD_ENTRY|[148]|Map<Id,SObject>.get(Object)
00:40:36.37 (107102840)|SYSTEM_METHOD_EXIT|[148]|Map<Id,SObject>.get(Object)
00:40:36.37 (107112332)|VARIABLE_SCOPE_BEGIN|[148]|oldCon|Contact|true|false
00:40:36.37 (107316425)|VARIABLE_ASSIGNMENT|[148]|oldCon|{"Auto_Email_Receipts__c":false,"LastModifiedDate":"2026-02-21T23:06:19.000Z","AccountId":"0011R00002vZsYSQA0","Email":"harvindsingh@hotmail (4 more) ...","CloudingoAgent__MAS__c":0.0,"Phone_Verified__c":false,"DSAR__c":false,"RegistrationDate__c":"2022-08-16T21:19:08.000Z","HasOptedOutOfFax":false,"Is_Owner_Active__c":true,"Text_Opt_in__c":false,"Employee_HasSubordinates__c":false,"Factoring_Authorized_Signor__c":false,"HC_ID__c":"a4ee1e96-0cc0-4757-9 (16 more) ...","CreatedById":"0053600000D52rBAAR","Email_Unsubscribed_Time__c":"2024-03-13T23:08:21.000Z","Customer_Type__c":"Commercial","Count__c":1.0,"Fishing__c":false,"Auth0Id__c":"auth0&#124;62fc09ccd0c1a5 (10 more) ...","Driver_Type__c":"Commercial","Incomplete_Contact__c":false,"Special__c":" ","LA_LastPaymentMethod_Fuel__c":"[]","IndividualId":"0PKbV000000KTtkWAG","Phone_Unsubscribed_Time__c":"2024-03-13T23:08:21.000Z","IsDeleted":false,"AgeVerificationStatus__c":"NONE","Email_Verified__c":true,"IsEmailBounced":false,"RegistrationSource__c":"Love's App","OtherCountryCode":"US","Receipt_Unsubscribed_Time__c":"2022-08-16T21:19:48.000Z","Loyalty_Terms_Accepted__c":"2022-08-16T21:19:11.000Z","Golf__c":false,"CloudingoAgent__OAS__c":0.0,"HasOptedOutOfEmail":false,"MailingCity":"Brampton","SF_ID__c":"0031R00002mfNLsQAM","Contractor_Review_Date__c":"2023-02-12T00:00:00.000Z","Authorized_Signor__c":false,"Email_Preference__c":false,"MailingStateCode":"OH","Phone_Opt_in__c":false,"CS_Birth_Date__c":"1980-07-12T00:00:00.000Z","CreatedDate":"2022-08-16T21:19:48.000Z","MailingCountryCode":"US","Hunting__c":false,"LastName":"Singh","Id":"0031R00002mfNLsQAM","Data_Quality_Score__c":50.0,"TEMPTextPrefETL__c":1.0,"DNC_Indicator__c":"_IM1_/sfc/servlet.sh (168 more) ...","Active__c":true,"Admin_Lock__c":false,"DoNotCall":false,"Phone_Preference__c":false,"MailingCountry":"United States","Loyalty_Card__c":"77785069093650","Text_Preference__c":false,"Push_Preference__c":false,"AgeVerificationResponse__c":"{\"code\":\"CREDENTIALS (96 more) ...","MailingState":"Ohio","ManagerName__c":" ","IDM_ID__c":"8e23ff8e-5fc4-4330-9 (16 more) ...","MobilePlus1__c":"N/A","Data_Quality_Description__c":"Missing: Complete Ad (19 more) ...","et4ae5__HasOptedOutOfMobile__c":false,"Email_Opt_in__c":false,"OwnerId":"0053600000D52rBAAR","AgeRestrictedContentPreference__c":true,"Phone":"2072130137","MailingPostalCode":"14330","RecordTypeId":"01236000001HthEAAS","OtherCountry":"United States","Primary_Contact__c":false,"IsPriorityRecord":false,"PhonePlus1__c":"+12072130137","SFMC_Test_Record__c":false,"Terms_Accepted__c":"2022-08-16T21:19:08.000Z","Guarantor__c":false,"FirstName":"Harvind","SFMC_No_Sync__c":false,"LA_LastPaymentMethod_Shower__c":"[{\"context\":\"shower\" (298 more) ...","Factoring_Guarantor__c":false,"SystemModstamp":"2026-02-21T23:06:19.000Z","NASCAR__c":false,"Text_Unsubscribed_Time__c":"2024-03-13T23:08:21.000Z","LastActivityDate":"2023-05-26T00:00:00.000Z","attributes":{"type":"Contact","url":"/services/data/v66.0 (36 more) ..."},"Primary_Loyalty_Account__c":"a411R0000029RaCQAU","LastModifiedById":"0053600000D52rBAAR","CloudingoAgent__CES__c":0.0}|0x1aaf48e6
00:40:36.37 (107337035)|STATEMENT_EXECUTE|[149]
00:40:36.37 (107362362)|STATEMENT_EXECUTE|[151]
00:40:36.37 (107370151)|STATEMENT_EXECUTE|[152]
00:40:36.37 (107378820)|STATEMENT_EXECUTE|[153]
00:40:36.37 (107386570)|STATEMENT_EXECUTE|[154]
00:40:36.37 (107454497)|SYSTEM_METHOD_ENTRY|[155]|com.salesforce.api.interop.apex.bcl.DateMethods.compareTo(Date)
00:40:36.37 (107471497)|SYSTEM_METHOD_EXIT|[155]|com.salesforce.api.interop.apex.bcl.DateMethods.compareTo(Date)
00:40:36.37 (107475530)|STATEMENT_EXECUTE|[155]
00:40:36.37 (107480161)|STATEMENT_EXECUTE|[156]
00:40:36.37 (107493470)|STATEMENT_EXECUTE|[157]
00:40:36.37 (107502062)|STATEMENT_EXECUTE|[158]
00:40:36.37 (107509550)|STATEMENT_EXECUTE|[159]
00:40:36.37 (107517993)|STATEMENT_EXECUTE|[160]
00:40:36.37 (107525841)|STATEMENT_EXECUTE|[161]
00:40:36.37 (107533155)|STATEMENT_EXECUTE|[162]
00:40:36.37 (107534065)|STATEMENT_EXECUTE|[163]
00:40:36.37 (107537946)|METHOD_EXIT|[72]|01p1R00000JmIn3|Contact_AccountSync.wasContactDataChanged(Contact, String)
00:40:36.37 (107542956)|STATEMENT_EXECUTE|[69]
00:40:36.37 (107549623)|SYSTEM_METHOD_ENTRY|[64]|system.ListIterator.hasNext()
00:40:36.37 (107559554)|HEAP_ALLOCATE|[64]|Bytes:5
00:40:36.37 (107565721)|SYSTEM_METHOD_EXIT|[64]|system.ListIterator.hasNext()
00:40:36.37 (107572932)|HEAP_ALLOCATE|[64]|Bytes:64
00:40:36.37 (107578009)|VARIABLE_SCOPE_BEGIN|[64]|con|Contact|true|false
00:40:36.37 (107672648)|VARIABLE_ASSIGNMENT|[64]|con|{"Email":"michaelpblink@gmail. (3 more) ...","AccountId":"001bV00000Ae8cSQAR","FirstName":"Michael","MailingCountry":"United States","Loyalty_Card__c":"77785089894178","Name":"Michael Pinard","IDM_ID__c":"b37274a4-df59-4642-9 (16 more) ...","Phone":"5615159058","MailingPostalCode":"33414","RecordTypeId":"01236000001HthEAAS","CS_Birth_Date__c":"1990-04-18T00:00:00.000Z","MailingCountryCode":"US","Auth0Id__c":"auth0&#124;679a09eea68c8f (10 more) ...","Id":"003bV000009X4YxQAK","LastName":"Pinard"}|0x26d1e664
00:40:36.37 (107683153)|STATEMENT_EXECUTE|[64]
00:40:36.37 (107684399)|STATEMENT_EXECUTE|[65]
00:40:36.37 (107687225)|VARIABLE_SCOPE_BEGIN|[65]|acct|Account|true|false
00:40:36.37 (107695371)|VARIABLE_ASSIGNMENT|[65]|acct|null|
00:40:36.37 (107706157)|STATEMENT_EXECUTE|[66]
00:40:36.37 (107719580)|SYSTEM_METHOD_ENTRY|[66]|Map<String,Account>.get(Object)
00:40:36.37 (107741525)|SYSTEM_METHOD_EXIT|[66]|Map<String,Account>.get(Object)
00:40:36.37 (107822730)|VARIABLE_ASSIGNMENT|[66]|acct|{"BillingCountry":"United States","SMA_SMAId__c":"003bV000009X4YxQAK","RecordType":{"Id":"01236000000o9uVAAQ","Name":"Individual"},"Phone":"5615159058","RecordTypeId":"01236000000o9uVAAQ","Auth0Id__c":"auth0&#124;679a09eea68c8f (10 more) ...","BillingPostalCode":"33414","Id":"001bV00000Ae8cSQAR","Person_Email__c":"michaelpblink@gmail. (3 more) ...","Name":"Michael Pinard"}|0x735570cf
00:40:36.37 (107829486)|STATEMENT_EXECUTE|[67]
00:40:36.37 (107833935)|METHOD_ENTRY|[72]|01p1R00000JmIn3|Contact_AccountSync.wasContactDataChanged(Contact, String)
00:40:36.37 (107838207)|VARIABLE_SCOPE_BEGIN|[142]|con|Contact|true|false
00:40:36.37 (107916057)|VARIABLE_ASSIGNMENT|[142]|con|{"Email":"michaelpblink@gmail. (3 more) ...","AccountId":"001bV00000Ae8cSQAR","FirstName":"Michael","MailingCountry":"United States","Loyalty_Card__c":"77785089894178","Name":"Michael Pinard","IDM_ID__c":"b37274a4-df59-4642-9 (16 more) ...","Phone":"5615159058","MailingPostalCode":"33414","RecordTypeId":"01236000001HthEAAS","CS_Birth_Date__c":"1990-04-18T00:00:00.000Z","MailingCountryCode":"US","Auth0Id__c":"auth0&#124;679a09eea68c8f (10 more) ...","Id":"003bV000009X4YxQAK","LastName":"Pinard"}|0x26d1e664
00:40:36.37 (107923020)|VARIABLE_SCOPE_BEGIN|[142]|oldMapJson|String|false|false
00:40:36.37 (107928427)|VARIABLE_ASSIGNMENT|[142]|oldMapJson|"{\"003bV000009X4YxQAK (8577 more) ..."
00:40:36.37 (107932515)|STATEMENT_EXECUTE|[142]
00:40:36.37 (107933294)|STATEMENT_EXECUTE|[143]
00:40:36.37 (107936098)|VARIABLE_SCOPE_BEGIN|[143]|changed|Boolean|false|false
00:40:36.37 (107942971)|HEAP_ALLOCATE|[143]|Bytes:5
00:40:36.37 (107947685)|VARIABLE_ASSIGNMENT|[143]|changed|false
00:40:36.37 (107962820)|SYSTEM_METHOD_ENTRY|[145]|String.isBlank(String)
00:40:36.37 (107971001)|SYSTEM_METHOD_EXIT|[145]|String.isBlank(String)
00:40:36.37 (108014232)|STATEMENT_EXECUTE|[145]
00:40:36.37 (108016180)|STATEMENT_EXECUTE|[146]
00:40:36.37 (108077096)|HEAP_ALLOCATE|[146]|Bytes:8
00:40:36.37 (108083106)|HEAP_ALLOCATE|[146]|Bytes:8
00:40:36.37 (108085782)|VARIABLE_SCOPE_BEGIN|[4]|this|System.Type|true|false
00:40:36.37 (108105235)|VARIABLE_ASSIGNMENT|[4]|this|{}|0x46d97220
00:40:36.37 (108108469)|VARIABLE_SCOPE_BEGIN|[4]|apextype|java:common.apex.runtime.ApexObjectType|true|false
00:40:36.37 (108154902)|VARIABLE_ASSIGNMENT|[4]|apextype|"Map<Id,SObject>"|0x53a548f5
00:40:36.37 (108183684)|HEAP_ALLOCATE|[146]|Bytes:8
00:40:36.37 (108189526)|METHOD_ENTRY|[146]||System.JSON.deserialize(String, System.Type)
00:40:36.37 (109293780)|METHOD_EXIT|[146]||System.JSON.deserialize(String, System.Type)
00:40:36.37 (109305468)|VARIABLE_SCOPE_BEGIN|[146]|oldMap|Map<Id,SObject>|true|false
00:40:36.37 (109921805)|VARIABLE_ASSIGNMENT|[146]|oldMap|{"003bV000009X4YxQAK":{"Auto_Email_Receipts__c":false,"LastModifiedDate":"2026-02-20T01:55:17.000Z","AccountId":"001bV00000Ae8cSQAR","Email":"michaelpblink@gmail. (3 more) ...","CloudingoAgent__MAS__c":0.0,"Phone_Verified__c":false,"DSAR__c":false,"RegistrationDate__c":"2025-01-29T10:58:53.000Z","HasOptedOutOfFax":false,"Is_Owner_Active__c":true,"Text_Opt_in__c":false,"Employee_HasSubordinates__c":false,"Factoring_Authorized_Signor__c":false,"HC_ID__c":"9104b518-c231-4592-8 (16 more) ...","CreatedById":"0053600000D52rBAAR","Email_Unsubscribed_Time__c":"2025-02-01T17:32:35.000Z","MailingLatitude":26.6533,"Customer_Type__c":"Commercial","Count__c":1.0,"Fishing__c":false,"Auth0Id__c":"auth0&#124;679a09eea68c8f (10 more) ...","Driver_Type__c":"Commercial","Incomplete_Contact__c":false,"Special__c":" ","LA_LastPaymentMethod_Fuel__c":"[]","IndividualId":"0PKbV000000bR9oWAE","Phone_Unsubscribed_Time__c":"2025-02-01T17:32:35.000Z","IsDeleted":false,"AgeVerificationStatus__c":"VERIFIED","Email_Verified__c":true,"IsEmailBounced":false,"RegistrationSource__c":"Love's App","OtherCountryCode":"US","Receipt_Unsubscribed_Time__c":"2025-01-29T10:58:56.000Z","Loyalty_Terms_Accepted__c":"2025-01-29T10:58:54.000Z","Golf__c":false,"CloudingoAgent__OAS__c":0.0,"HasOptedOutOfEmail":false,"SF_ID__c":"003bV000009X4YxQAK","Contractor_Review_Date__c":"2025-07-28T00:00:00.000Z","Authorized_Signor__c":false,"Email_Preference__c":false,"Phone_Opt_in__c":false,"CS_Birth_Date__c":"1990-04-18T00:00:00.000Z","CreatedDate":"2025-01-29T10:58:56.000Z","MailingCountryCode":"US","Hunting__c":false,"LastName":"Pinard","Id":"003bV000009X4YxQAK","Data_Quality_Score__c":50.0,"TEMPTextPrefETL__c":1.0,"DNC_Indicator__c":"_IM1_/sfc/servlet.sh (168 more) ...","Active__c":true,"Admin_Lock__c":false,"DoNotCall":false,"Phone_Preference__c":false,"MailingCountry":"United States","Loyalty_Card__c":"77785089894178","Text_Preference__c":false,"Push_Preference__c":false,"AgeVerificationResponse__c":"{\"@context\":[\"https: (1483 more) ...","ManagerName__c":" ","IDM_ID__c":"b37274a4-df59-4642-9 (16 more) ...","MobilePlus1__c":"N/A","Data_Quality_Description__c":"Missing: Complete Ad (19 more) ...","et4ae5__HasOptedOutOfMobile__c":false,"Email_Opt_in__c":false,"OwnerId":"0053600000D52rBAAR","MailingLongitude":-80.2428,"AgeRestrictedContentPreference__c":true,"Phone":"5615159058","MailingPostalCode":"33414","RecordTypeId":"01236000001HthEAAS","OtherCountry":"United States","MailingGeocodeAccuracy":"Zip","Primary_Contact__c":false,"IsPriorityRecord":false,"PhonePlus1__c":"+15615159058","SFMC_Test_Record__c":false,"Terms_Accepted__c":"2025-01-29T10:58:52.000Z","Guarantor__c":false,"FirstName":"Michael","SFMC_No_Sync__c":false,"LA_LastPaymentMethod_Shower__c":"[{\"context\":\"shower\" (85 more) ...","Factoring_Guarantor__c":false,"SystemModstamp":"2026-02-20T01:55:17.000Z","NASCAR__c":false,"Text_Unsubscribed_Time__c":"2025-02-01T17:32:35.000Z","attributes":{"type":"Contact","url":"/services/data/v66.0 (36 more) ..."},"LastModifiedById":"0053600000D52rBAAR","CloudingoAgent__CES__c":0.0},"0031R00002mfNLsQAM":{"Auto_Email_Receipts__c":false,"LastModifiedDate":"2026-02-21T23:06:19.000Z","AccountId":"0011R00002vZsYSQA0","Email":"harvindsingh@hotmail (4 more) ...","CloudingoAgent__MAS__c":0.0,"Phone_Verified__c":false,"DSAR__c":false,"RegistrationDate__c":"2022-08-16T21:19:08.000Z","HasOptedOutOfFax":false,"Is_Owner_Active__c":true,"Text_Opt_in__c":false,"Employee_HasSubordinates__c":false,"Factoring_Authorized_Signor__c":false,"HC_ID__c":"a4ee1e96-0cc0-4757-9 (16 more) ...","CreatedById":"0053600000D52rBAAR","Email_Unsubscribed_Time__c":"2024-03-13T23:08:21.000Z","Customer_Type__c":"Commercial","Count__c":1.0,"Fishing__c":false,"Auth0Id__c":"auth0&#124;62fc09ccd0c1a5 (10 more) ...","Driver_Type__c":"Commercial","Incomplete_Contact__c":false,"Special__c":" ","LA_LastPaymentMethod_Fuel__c":"[]","IndividualId":"0PKbV000000KTtkWAG","Phone_Unsubscribed_Time__c":"2024-03-13T23:08:21.000Z","IsDeleted":false,"AgeVerificationStatus__c":"NONE","Email_Verified__c":true,"IsEmailBounced":false,"RegistrationSource__c":"Love's App","OtherCountryCode":"US","Receipt_Unsubscribed_Time__c":"2022-08-16T21:19:48.000Z","Loyalty_Terms_Accepted__c":"2022-08-16T21:19:11.000Z","Golf__c":false,"CloudingoAgent__OAS__c":0.0,"HasOptedOutOfEmail":false,"MailingCity":"Brampton","SF_ID__c":"0031R00002mfNLsQAM","Contractor_Review_Date__c":"2023-02-12T00:00:00.000Z","Authorized_Signor__c":false,"Email_Preference__c":false,"MailingStateCode":"OH","Phone_Opt_in__c":false,"CS_Birth_Date__c":"1980-07-12T00:00:00.000Z","CreatedDate":"2022-08-16T21:19:48.000Z","MailingCountryCode":"US","Hunting__c":false,"LastName":"Singh","Id":"0031R00002mfNLsQAM","Data_Quality_Score__c":50.0,"TEMPTextPrefETL__c":1.0,"DNC_Indicator__c":"_IM1_/sfc/servlet.sh (168 more) ...","Active__c":true,"Admin_Lock__c":false,"DoNotCall":false,"Phone_Preference__c":false,"MailingCountry":"United States","Loyalty_Card__c":"77785069093650","Text_Preference__c":false,"Push_Preference__c":false,"AgeVerificationResponse__c":"{\"code\":\"CREDENTIALS (96 more) ...","MailingState":"Ohio","ManagerName__c":" ","IDM_ID__c":"8e23ff8e-5fc4-4330-9 (16 more) ...","MobilePlus1__c":"N/A","Data_Quality_Description__c":"Missing: Complete Ad (19 more) ...","et4ae5__HasOptedOutOfMobile__c":false,"Email_Opt_in__c":false,"OwnerId":"0053600000D52rBAAR","AgeRestrictedContentPreference__c":true,"Phone":"2072130137","MailingPostalCode":"14330","RecordTypeId":"01236000001HthEAAS","OtherCountry":"United States","Primary_Contact__c":false,"IsPriorityRecord":false,"PhonePlus1__c":"+12072130137","SFMC_Test_Record__c":false,"Terms_Accepted__c":"2022-08-16T21:19:08.000Z","Guarantor__c":false,"FirstName":"Harvind","SFMC_No_Sync__c":false,"LA_LastPaymentMethod_Shower__c":"[{\"context\":\"shower\" (298 more) ...","Factoring_Guarantor__c":false,"SystemModstamp":"2026-02-21T23:06:19.000Z","NASCAR__c":false,"Text_Unsubscribed_Time__c":"2024-03-13T23:08:21.000Z","LastActivityDate":"2023-05-26T00:00:00.000Z","attributes":{"type":"Contact","url":"/services/data/v66.0 (36 more) ..."},"Primary_Loyalty_Account__c":"a411R0000029RaCQAU","LastModifiedById":"0053600000D52rBAAR","CloudingoAgent__CES__c":0.0}}|0x4a08d7b1
00:40:36.37 (109985911)|STATEMENT_EXECUTE|[147]
00:40:36.37 (109987679)|STATEMENT_EXECUTE|[148]
00:40:36.37 (110019463)|SYSTEM_METHOD_ENTRY|[148]|Map<Id,SObject>.get(Object)
00:40:36.37 (110035998)|SYSTEM_METHOD_EXIT|[148]|Map<Id,SObject>.get(Object)
00:40:36.37 (110055538)|VARIABLE_SCOPE_BEGIN|[148]|oldCon|Contact|true|false
00:40:36.37 (110439578)|VARIABLE_ASSIGNMENT|[148]|oldCon|{"Auto_Email_Receipts__c":false,"LastModifiedDate":"2026-02-20T01:55:17.000Z","AccountId":"001bV00000Ae8cSQAR","Email":"michaelpblink@gmail. (3 more) ...","CloudingoAgent__MAS__c":0.0,"Phone_Verified__c":false,"DSAR__c":false,"RegistrationDate__c":"2025-01-29T10:58:53.000Z","HasOptedOutOfFax":false,"Is_Owner_Active__c":true,"Text_Opt_in__c":false,"Employee_HasSubordinates__c":false,"Factoring_Authorized_Signor__c":false,"HC_ID__c":"9104b518-c231-4592-8 (16 more) ...","CreatedById":"0053600000D52rBAAR","Email_Unsubscribed_Time__c":"2025-02-01T17:32:35.000Z","MailingLatitude":26.6533,"Customer_Type__c":"Commercial","Count__c":1.0,"Fishing__c":false,"Auth0Id__c":"auth0&#124;679a09eea68c8f (10 more) ...","Driver_Type__c":"Commercial","Incomplete_Contact__c":false,"Special__c":" ","LA_LastPaymentMethod_Fuel__c":"[]","IndividualId":"0PKbV000000bR9oWAE","Phone_Unsubscribed_Time__c":"2025-02-01T17:32:35.000Z","IsDeleted":false,"AgeVerificationStatus__c":"VERIFIED","Email_Verified__c":true,"IsEmailBounced":false,"RegistrationSource__c":"Love's App","OtherCountryCode":"US","Receipt_Unsubscribed_Time__c":"2025-01-29T10:58:56.000Z","Loyalty_Terms_Accepted__c":"2025-01-29T10:58:54.000Z","Golf__c":false,"CloudingoAgent__OAS__c":0.0,"HasOptedOutOfEmail":false,"SF_ID__c":"003bV000009X4YxQAK","Contractor_Review_Date__c":"2025-07-28T00:00:00.000Z","Authorized_Signor__c":false,"Email_Preference__c":false,"Phone_Opt_in__c":false,"CS_Birth_Date__c":"1990-04-18T00:00:00.000Z","CreatedDate":"2025-01-29T10:58:56.000Z","MailingCountryCode":"US","Hunting__c":false,"LastName":"Pinard","Id":"003bV000009X4YxQAK","Data_Quality_Score__c":50.0,"TEMPTextPrefETL__c":1.0,"DNC_Indicator__c":"_IM1_/sfc/servlet.sh (168 more) ...","Active__c":true,"Admin_Lock__c":false,"DoNotCall":false,"Phone_Preference__c":false,"MailingCountry":"United States","Loyalty_Card__c":"77785089894178","Text_Preference__c":false,"Push_Preference__c":false,"AgeVerificationResponse__c":"{\"@context\":[\"https: (1483 more) ...","ManagerName__c":" ","IDM_ID__c":"b37274a4-df59-4642-9 (16 more) ...","MobilePlus1__c":"N/A","Data_Quality_Description__c":"Missing: Complete Ad (19 more) ...","et4ae5__HasOptedOutOfMobile__c":false,"Email_Opt_in__c":false,"OwnerId":"0053600000D52rBAAR","MailingLongitude":-80.2428,"AgeRestrictedContentPreference__c":true,"Phone":"5615159058","MailingPostalCode":"33414","RecordTypeId":"01236000001HthEAAS","OtherCountry":"United States","MailingGeocodeAccuracy":"Zip","Primary_Contact__c":false,"IsPriorityRecord":false,"PhonePlus1__c":"+15615159058","SFMC_Test_Record__c":false,"Terms_Accepted__c":"2025-01-29T10:58:52.000Z","Guarantor__c":false,"FirstName":"Michael","SFMC_No_Sync__c":false,"LA_LastPaymentMethod_Shower__c":"[{\"context\":\"shower\" (85 more) ...","Factoring_Guarantor__c":false,"SystemModstamp":"2026-02-20T01:55:17.000Z","NASCAR__c":false,"Text_Unsubscribed_Time__c":"2025-02-01T17:32:35.000Z","attributes":{"type":"Contact","url":"/services/data/v66.0 (36 more) ..."},"LastModifiedById":"0053600000D52rBAAR","CloudingoAgent__CES__c":0.0}|0x648b7447
00:40:36.37 (110464222)|STATEMENT_EXECUTE|[149]
00:40:36.37 (110485683)|STATEMENT_EXECUTE|[151]
00:40:36.37 (110491257)|STATEMENT_EXECUTE|[152]
00:40:36.37 (110495209)|STATEMENT_EXECUTE|[153]
00:40:36.37 (110499754)|STATEMENT_EXECUTE|[154]
00:40:36.37 (110531902)|SYSTEM_METHOD_ENTRY|[155]|com.salesforce.api.interop.apex.bcl.DateMethods.compareTo(Date)
00:40:36.37 (110540521)|SYSTEM_METHOD_EXIT|[155]|com.salesforce.api.interop.apex.bcl.DateMethods.compareTo(Date)
00:40:36.37 (110544029)|STATEMENT_EXECUTE|[155]
00:40:36.37 (110548290)|STATEMENT_EXECUTE|[156]
00:40:36.37 (110550764)|STATEMENT_EXECUTE|[157]
00:40:36.37 (110553057)|STATEMENT_EXECUTE|[158]
00:40:36.37 (110557852)|STATEMENT_EXECUTE|[159]
00:40:36.37 (110562072)|STATEMENT_EXECUTE|[160]
00:40:36.37 (110566255)|STATEMENT_EXECUTE|[161]
00:40:36.37 (110570201)|STATEMENT_EXECUTE|[162]
00:40:36.37 (110571013)|STATEMENT_EXECUTE|[163]
00:40:36.37 (110574983)|METHOD_EXIT|[72]|01p1R00000JmIn3|Contact_AccountSync.wasContactDataChanged(Contact, String)
00:40:36.37 (110579514)|STATEMENT_EXECUTE|[69]
00:40:36.37 (110585393)|SYSTEM_METHOD_ENTRY|[64]|system.ListIterator.hasNext()
00:40:36.37 (110595083)|HEAP_ALLOCATE|[64]|Bytes:5
00:40:36.37 (110599337)|SYSTEM_METHOD_EXIT|[64]|system.ListIterator.hasNext()
00:40:36.37 (110605889)|VARIABLE_ASSIGNMENT|[64]|con|null|
00:40:36.37 (110609129)|STATEMENT_EXECUTE|[78]
00:40:36.37 (110610043)|STATEMENT_EXECUTE|[78]
00:40:36.37 (110611055)|STATEMENT_EXECUTE|[79]
00:40:36.37 (110705112)|HEAP_ALLOCATE|[EXTERNAL]|Bytes:4
00:40:36.37 (110710643)|STATEMENT_EXECUTE|[83]
00:40:36.37 (110725433)|HEAP_ALLOCATE|[83]|Bytes:4
00:40:36.37 (110735755)|VARIABLE_SCOPE_BEGIN|[83]|conIdAccIdMap|Map<String,String>|true|false
00:40:36.37 (110745555)|VARIABLE_ASSIGNMENT|[83]|conIdAccIdMap|{}|0x3c463001
00:40:36.37 (110754707)|SYSTEM_METHOD_ENTRY|[84]|List<Account>.iterator()
00:40:36.37 (110842580)|SYSTEM_METHOD_EXIT|[84]|List<Account>.iterator()
00:40:36.37 (110858247)|SYSTEM_METHOD_ENTRY|[84]|system.ListIterator.hasNext()
00:40:36.37 (110863852)|HEAP_ALLOCATE|[84]|Bytes:5
00:40:36.37 (110866719)|SYSTEM_METHOD_EXIT|[84]|system.ListIterator.hasNext()
00:40:36.37 (110870617)|VARIABLE_ASSIGNMENT|[84]|updAcct|null|
00:40:36.37 (110873150)|STATEMENT_EXECUTE|[84]
00:40:36.37 (110874238)|STATEMENT_EXECUTE|[87]
00:40:36.37 (110882224)|HEAP_ALLOCATE|[87]|Bytes:4
00:40:36.37 (110894684)|SYSTEM_CONSTRUCTOR_ENTRY|[87]|<init>()
00:40:36.37 (110908820)|SYSTEM_CONSTRUCTOR_EXIT|[87]|<init>()
00:40:36.37 (110911918)|VARIABLE_SCOPE_BEGIN|[87]|updateList|List<Contact>|true|false
00:40:36.37 (110917190)|HEAP_ALLOCATE|[EXTERNAL]|Bytes:4
00:40:36.37 (110924210)|VARIABLE_ASSIGNMENT|[87]|updateList|[]|0x7fab818f
00:40:36.37 (110929203)|SYSTEM_METHOD_ENTRY|[88]|List<Contact>.iterator()
00:40:36.37 (110934745)|SYSTEM_METHOD_EXIT|[88]|List<Contact>.iterator()
00:40:36.37 (110937641)|SYSTEM_METHOD_ENTRY|[88]|system.ListIterator.hasNext()
00:40:36.37 (110939908)|HEAP_ALLOCATE|[88]|Bytes:5
00:40:36.37 (110942144)|SYSTEM_METHOD_EXIT|[88]|system.ListIterator.hasNext()
00:40:36.37 (110948163)|HEAP_ALLOCATE|[88]|Bytes:72
00:40:36.37 (110952292)|VARIABLE_SCOPE_BEGIN|[88]|con|Contact|true|false
00:40:36.37 (111049747)|VARIABLE_ASSIGNMENT|[88]|con|{"Email":"harvindsingh@hotmail (4 more) ...","AccountId":"0011R00002vZsYSQA0","FirstName":"Harvind","MailingCountry":"United States","Loyalty_Card__c":"77785069093650","MailingCity":"Brampton","MailingState":"Ohio","Name":"Harvind Singh","IDM_ID__c":"8e23ff8e-5fc4-4330-9 (16 more) ...","Phone":"2072130137","MailingPostalCode":"14330","RecordTypeId":"01236000001HthEAAS","CS_Birth_Date__c":"1980-07-12T00:00:00.000Z","MailingCountryCode":"US","Auth0Id__c":"auth0&#124;62fc09ccd0c1a5 (10 more) ...","Id":"0031R00002mfNLsQAM","LastName":"Singh"}|0xd7f5f76
00:40:36.37 (111058453)|STATEMENT_EXECUTE|[88]
00:40:36.37 (111063838)|STATEMENT_EXECUTE|[89]
00:40:36.37 (111066445)|SYSTEM_METHOD_ENTRY|[88]|system.ListIterator.hasNext()
00:40:36.37 (111069009)|HEAP_ALLOCATE|[88]|Bytes:5
00:40:36.37 (111071440)|SYSTEM_METHOD_EXIT|[88]|system.ListIterator.hasNext()
00:40:36.37 (111074480)|HEAP_ALLOCATE|[88]|Bytes:64
00:40:36.37 (111077121)|VARIABLE_SCOPE_BEGIN|[88]|con|Contact|true|false
00:40:36.37 (111125372)|VARIABLE_ASSIGNMENT|[88]|con|{"Email":"michaelpblink@gmail. (3 more) ...","AccountId":"001bV00000Ae8cSQAR","FirstName":"Michael","MailingCountry":"United States","Loyalty_Card__c":"77785089894178","Name":"Michael Pinard","IDM_ID__c":"b37274a4-df59-4642-9 (16 more) ...","Phone":"5615159058","MailingPostalCode":"33414","RecordTypeId":"01236000001HthEAAS","CS_Birth_Date__c":"1990-04-18T00:00:00.000Z","MailingCountryCode":"US","Auth0Id__c":"auth0&#124;679a09eea68c8f (10 more) ...","Id":"003bV000009X4YxQAK","LastName":"Pinard"}|0x26d1e664
00:40:36.37 (111130446)|STATEMENT_EXECUTE|[88]
00:40:36.37 (111132477)|STATEMENT_EXECUTE|[89]
00:40:36.37 (111134354)|SYSTEM_METHOD_ENTRY|[88]|system.ListIterator.hasNext()
00:40:36.37 (111136593)|HEAP_ALLOCATE|[88]|Bytes:5
00:40:36.37 (111138918)|SYSTEM_METHOD_EXIT|[88]|system.ListIterator.hasNext()
00:40:36.37 (111142041)|VARIABLE_ASSIGNMENT|[88]|con|null|
00:40:36.37 (111146548)|SYSTEM_METHOD_ENTRY|[96]|List<Contact>.size()
00:40:36.37 (111154369)|SYSTEM_METHOD_EXIT|[96]|List<Contact>.size()
00:40:36.37 (111158162)|STATEMENT_EXECUTE|[96]
00:40:36.37 (111161608)|METHOD_EXIT|[45]|01p1R00000JmIn3|Contact_AccountSync.handle(List<Contact>, String)
00:40:36.111 (111181758)|CUMULATIVE_LIMIT_USAGE
00:40:36.111 (111181758)|LIMIT_USAGE_FOR_NS|(default)|
  Number of SOQL queries: 2 out of 200
  Number of query rows: 4 out of 50000
  Number of SOSL queries: 0 out of 20
  Number of DML statements: 0 out of 150
  Number of Publish Immediate DML: 0 out of 150
  Number of DML rows: 0 out of 10000
  Maximum CPU time: 0 out of 60000
  Maximum heap size: 0 out of 12000000
  Number of callouts: 0 out of 100
  Number of Email Invocations: 0 out of 10
  Number of future calls: 0 out of 50
  Number of queueable jobs added to the queue: 0 out of 1
  Number of Mobile Apex push calls: 0 out of 10

00:40:36.111 (111181758)|TOTAL_EMAIL_RECIPIENTS_QUEUED|0
00:40:36.111 (111181758)|STATIC_VARIABLE_LIST|
  int:BYTES:0
  int:BYTES:0
  byte[]:DigitOnes:0
  byte[]:DigitTens:0
  Boolean:FALSE:0
  int:MAX_EXPONENT:0
  double:MAX_VALUE:0
  int:MAX_VALUE:0
  int:MIN_EXPONENT:0
  double:MIN_NORMAL:0
  double:MIN_VALUE:0
  int:MIN_VALUE:0
  double:NEGATIVE_INFINITY:0
  double:NaN:0
  double:POSITIVE_INFINITY:0
  int:PRECISION:0
  int:SIZE:0
  int:SIZE:0
  Boolean:TRUE:0
  String:__sfdcParameterizedTypes:0
  String:_sfdcAdditionalCodeLocations:0
  String:_sfdcAdditionalCodeLocations:0
  String:_sfdcAdditionalCodeLocations:0
  String:_sfdcAdditionalCodeLocations:0
  String:_sfdcAdditionalCodeLocations:0
  String:_static_RECTYPE_INDIV:0
  char[]:digits:0
  long:serialVersionUID:0
  long:serialVersionUID:0
  long:serialVersionUID:0

00:40:36.111 (111181758)|CUMULATIVE_LIMIT_USAGE_END

00:40:36.37 (111374357)|CODE_UNIT_FINISHED|Contact_AccountSync.handleAtFuture(String, String)
00:40:36.37 (111389063)|EXECUTION_FINISHED
00:40:36.224 (224972069)|CUMULATIVE_PROFILING_BEGIN
00:40:36.224 (224972069)|CUMULATIVE_PROFILING|SOQL operations|
Class.Contact_AccountSync.getAccountData: line 107, column 1: [SELECT Id, Name,BillingCity,BillingCountry,BillingPostalCode,BillingState,BillingStreet,Phone,
                                  Person_Email__c,Auth0Id__c,SMA_SMAId__c,RecordTypeId,RecordType.Name
                             FROM Account 
                            WHERE Id IN :accIdList or SMA_SMAId__c in :conIdList]: executed 7 times in 35 ms
Class.Contact_AccountSync.getContactData: line 120, column 1: [SELECT Id, FirstName, LastName, Name, MailingCity, MailingCountry, MailingPostalCode, MailingState, MailingStreet, Phone, Email, 
                       RecordTypeId, AccountId, CS_Birth_Date__c, 
                       MailingCountryCode, Auth0Id__c, IDM_ID__c, Loyalty_Card__c
                  FROM Contact 
                 WHERE Id IN: conIdList]: executed 1 time in 16 ms

00:40:36.224 (224972069)|CUMULATIVE_PROFILING|No profiling information for SOSL operations
00:40:36.224 (224972069)|CUMULATIVE_PROFILING|DML operations|
Class.Contact_AccountSync.handle: line 79, column 1: Upsert: List<Account>: executed 1 time in 0 ms

00:40:36.224 (224972069)|CUMULATIVE_PROFILING|method invocations|
External entry point: public static void handleAtFuture(String, String): executed 1 time in 74 ms
Class.Contact_AccountSync.handleAtFuture: line 45, column 1: public static void handle(List<Contact>, String): executed 1 time in 62 ms
Class.Contact_AccountSync.handle: line 60, column 1: private static Map<String,Account> getAccountData(List<String>, List<String>): executed 1 time in 36 ms
Class.Contact_AccountSync.handle: line 61, column 1: private static List<Contact> getContactData(List<String>): executed 1 time in 16 ms
Class.Contact_AccountSync.handle: line 72, column 1: private static Boolean wasContactDataChanged(Contact, String): executed 2 times in 6 ms
Class.Contact_AccountSync.handleAtFuture: line 44, column 1: global static Object deserialize(String, System.Type): executed 1 time in 6 ms
Class.Contact_AccountSync.wasContactDataChanged: line 146, column 1: global static Object deserialize(String, System.Type): executed 2 times in 2 ms
Class.Contact_AccountSync.handle: line 54, column 1: global public System.Iterator iterator(): executed 4 times in 1 ms
Class.Contact_AccountSync.handle: line 64, column 1: global public System.Iterator iterator(): executed 4 times in 0 ms
Class.Contact_AccountSync.handle: line 66, column 1: global public Object get(Object): executed 2 times in 0 ms
Class.Contact_AccountSync.wasContactDataChanged: line 145, column 1: public static Boolean isBlank(String): executed 2 times in 0 ms

00:40:36.224 (224972069)|CUMULATIVE_PROFILING_END
