66.0 APEX_CODE,FINEST;APEX_PROFILING,FINEST;CALLOUT,FINEST;DATA_ACCESS,INFO;DB,FINEST;NBA,FINEST;SYSTEM,FINE;VALIDATION,INFO;VISUALFORCE,FINER;WAVE,FINEST;WORKFLOW,FINER
22:39:39.1 (1070431)|USER_INFO|[EXTERNAL]|00536000001Ebgm|autoproc@00d36000000kq3ueac|(GMT-08:00) Pacific Standard Time (America/Los_Angeles)|GMT-08:00
22:39:39.1 (1154848)|EXECUTION_STARTED
22:39:39.1 (1177818)|CODE_UNIT_STARTED|[EXTERNAL]|01qbV000003N9GX|ServiceLogEventTrigger on Service_Log_Event trigger event AfterInsert|__sfdc_trigger/ServiceLogEventTrigger
22:39:39.1 (1242428)|HEAP_ALLOCATE|[EXTERNAL]|Bytes:8
22:39:39.1 (2022491)|HEAP_ALLOCATE|[95]|Bytes:3
22:39:39.1 (2070918)|HEAP_ALLOCATE|[100]|Bytes:152
22:39:39.1 (2084508)|HEAP_ALLOCATE|[417]|Bytes:408
22:39:39.1 (2096123)|HEAP_ALLOCATE|[430]|Bytes:408
22:39:39.1 (2116561)|HEAP_ALLOCATE|[317]|Bytes:6
22:39:39.1 (2135195)|HEAP_ALLOCATE|[EXTERNAL]|Bytes:8
22:39:39.1 (2147364)|VARIABLE_SCOPE_BEGIN|[12]|this|ServiceLogEventTrigger|true|false
22:39:39.1 (2248196)|VARIABLE_ASSIGNMENT|[12]|this|{}|0xca4b9e9
22:39:39.1 (2275925)|HEAP_ALLOCATE|[EXTERNAL]|Bytes:8
22:39:39.1 (2280009)|VARIABLE_SCOPE_BEGIN|[12]|this|ServiceLogEventTrigger|true|false
22:39:39.1 (2293790)|VARIABLE_ASSIGNMENT|[12]|this|{}|0xca4b9e9
22:39:39.1 (2300711)|STATEMENT_EXECUTE|[12]
22:39:39.1 (2301689)|STATEMENT_EXECUTE|[13]
22:39:39.1 (2442747)|HEAP_ALLOCATE|[13]|Bytes:4
22:39:39.1 (2498563)|SYSTEM_CONSTRUCTOR_ENTRY|[13]|<init>()
22:39:39.1 (2527365)|SYSTEM_CONSTRUCTOR_EXIT|[13]|<init>()
22:39:39.1 (2546947)|HEAP_ALLOCATE|[68]|Bytes:5
22:39:39.1 (2604790)|HEAP_ALLOCATE|[74]|Bytes:5
22:39:39.1 (2612406)|HEAP_ALLOCATE|[82]|Bytes:7
22:39:39.1 (2797665)|HEAP_ALLOCATE|[EXTERNAL]|Bytes:4
22:39:39.1 (2829991)|VARIABLE_ASSIGNMENT|[13]|this.serviceLogs|[]|0xca4b9e9
22:39:39.1 (2930394)|SYSTEM_METHOD_ENTRY|[16]|List<Service_Log_Event__e>.iterator()
22:39:39.1 (3033735)|SYSTEM_METHOD_EXIT|[16]|List<Service_Log_Event__e>.iterator()
22:39:39.1 (3051148)|SYSTEM_METHOD_ENTRY|[16]|system.ListIterator.hasNext()
22:39:39.1 (3063570)|HEAP_ALLOCATE|[16]|Bytes:5
22:39:39.1 (3068129)|SYSTEM_METHOD_EXIT|[16]|system.ListIterator.hasNext()
22:39:39.1 (3106425)|VARIABLE_SCOPE_BEGIN|[16]|evt|Service_Log_Event__e|true|false
22:39:39.1 (3258356)|VARIABLE_ASSIGNMENT|[16]|evt|{"CreatedById":"00536000006CafHAAS","Payload__c":"{\"attributes\":{\"type (3327 more) ...","ReplayId":"28143969","EventUuid":"b1b2a656-bfa0-4232-9 (16 more) ...","CreatedDate":"2026-02-22T06:39:38.000Z","OwnerId__c":"00536000006CafHAAS","Id":"e0Fxx000001u5WzEAI"}|0x1186f7fd
22:39:39.1 (3265561)|STATEMENT_EXECUTE|[16]
22:39:39.1 (3266904)|STATEMENT_EXECUTE|[17]
22:39:39.1 (3310838)|SYSTEM_METHOD_ENTRY|[17]|String.isNotBlank(String)
22:39:39.1 (3329026)|SYSTEM_METHOD_EXIT|[17]|String.isNotBlank(String)
22:39:39.1 (3350535)|VARIABLE_SCOPE_BEGIN|[17]|log|String|false|false
22:39:39.1 (3359151)|VARIABLE_ASSIGNMENT|[17]|log|"{\"attributes\":{\"type (3327 more) ..."
22:39:39.1 (3361842)|STATEMENT_EXECUTE|[18]
22:39:39.1 (3363824)|HEAP_ALLOCATE|[18]|Bytes:40
22:39:39.1 (3448884)|HEAP_ALLOCATE|[18]|Bytes:33
22:39:39.1 (3468222)|SYSTEM_METHOD_ENTRY|[1]|Type.Type()
22:39:39.1 (3470660)|STATEMENT_EXECUTE|[1]
22:39:39.1 (3478839)|SYSTEM_METHOD_EXIT|[1]|Type
22:39:39.1 (3482500)|HEAP_ALLOCATE|[18]|Bytes:8
22:39:39.1 (3496137)|HEAP_ALLOCATE|[18]|Bytes:8
22:39:39.1 (3499779)|VARIABLE_SCOPE_BEGIN|[4]|this|System.Type|true|false
22:39:39.1 (3544279)|VARIABLE_ASSIGNMENT|[4]|this|{}|0x30039efc
22:39:39.1 (3548016)|VARIABLE_SCOPE_BEGIN|[4]|apextype|java:common.apex.runtime.ApexObjectType|true|false
22:39:39.1 (3667014)|VARIABLE_ASSIGNMENT|[4]|apextype|"Service_Log__c"|0x4146f981
22:39:39.1 (5981161)|HEAP_ALLOCATE|[18]|Bytes:8
22:39:39.1 (6028361)|HEAP_ALLOCATE|[18]|Bytes:24
22:39:39.1 (6041532)|SYSTEM_METHOD_ENTRY|[1]|JSON.JSON()
22:39:39.1 (6045164)|STATEMENT_EXECUTE|[1]
22:39:39.1 (6050869)|SYSTEM_METHOD_EXIT|[1]|JSON
22:39:39.1 (6070155)|METHOD_ENTRY|[18]||System.JSON.deserializeStrict(String, System.Type)
22:39:39.1 (6780489)|METHOD_EXIT|[18]||System.JSON.deserializeStrict(String, System.Type)
22:39:39.1 (6797063)|VARIABLE_SCOPE_BEGIN|[18]|newLog|Service_Log__c|true|false
22:39:39.1 (6883632)|VARIABLE_ASSIGNMENT|[18]|newLog|{"Service_Name__c":"Google Maps - Get La (5 more) ...","Method__c":"GET","Direction__c":"Outbound","Service_Start__c":"2026-02-22T06:39:38.841Z","Category__c":"Google Maps","RequestBody__c":"","ResponseBody__c":"{\n   \"results\" : \n   (2445 more) ...","attributes":{"type":"Service_Log__c"},"Service_End__c":"2026-02-22T06:39:38.946Z","RequestURI__c":"callout:GoogleMaps/g (111 more) ...","ResponseStatusCode__c":200.0,"ResponseHeaders__c":"(Alt-Svc, Server, Ac (143 more) ..."}|0x7c78a6b2
22:39:39.1 (6890434)|STATEMENT_EXECUTE|[19]
22:39:39.1 (6929458)|HEAP_ALLOCATE|[19]|Bytes:4
22:39:39.1 (7080682)|HEAP_ALLOCATE|[19]|Bytes:-4
22:39:39.1 (7117927)|VARIABLE_ASSIGNMENT|[19]|this.OwnerId|"00536000006CafHAAS"|0x7c78a6b2
22:39:39.1 (7122578)|STATEMENT_EXECUTE|[20]
22:39:39.1 (7193353)|SYSTEM_METHOD_ENTRY|[20]|List<Service_Log__c>.add(Object)
22:39:39.1 (7215537)|HEAP_ALLOCATE|[EXTERNAL]|Bytes:4
22:39:39.1 (7221916)|SYSTEM_METHOD_EXIT|[20]|List<Service_Log__c>.add(Object)
22:39:39.1 (7229798)|SYSTEM_METHOD_ENTRY|[16]|system.ListIterator.hasNext()
22:39:39.1 (7238996)|HEAP_ALLOCATE|[16]|Bytes:5
22:39:39.1 (7243020)|SYSTEM_METHOD_EXIT|[16]|system.ListIterator.hasNext()
22:39:39.1 (7252612)|VARIABLE_ASSIGNMENT|[16]|evt|null|
22:39:39.1 (7261001)|SYSTEM_METHOD_ENTRY|[23]|List<Service_Log__c>.isEmpty()
22:39:39.1 (7267963)|SYSTEM_METHOD_EXIT|[23]|List<Service_Log__c>.isEmpty()
22:39:39.1 (7272371)|STATEMENT_EXECUTE|[23]
22:39:39.1 (7273341)|STATEMENT_EXECUTE|[24]
22:39:39.1 (7371979)|VARIABLE_SCOPE_BEGIN|[17]|ServiceLog.Error_Message_MAX_SIZE|Integer|false|true
22:39:39.1 (7377679)|VARIABLE_SCOPE_BEGIN|[24]|ServiceLog.MAX_PAYLOAD_SIZE|Integer|false|true
22:39:39.1 (7381581)|VARIABLE_SCOPE_BEGIN|[21]|ServiceLog.RequestBody_MAX_SIZE|Integer|false|true
22:39:39.1 (7385213)|VARIABLE_SCOPE_BEGIN|[19]|ServiceLog.RequestHeaders_MAX_SIZE|Integer|false|true
22:39:39.1 (7388810)|VARIABLE_SCOPE_BEGIN|[20]|ServiceLog.RequestParameters_MAX_SIZE|Integer|false|true
22:39:39.1 (7392504)|VARIABLE_SCOPE_BEGIN|[18]|ServiceLog.RequestURI_MAX_SIZE|Integer|false|true
22:39:39.1 (7396284)|VARIABLE_SCOPE_BEGIN|[22]|ServiceLog.ResponseBody_MAX_SIZE|Integer|false|true
22:39:39.1 (7399921)|VARIABLE_SCOPE_BEGIN|[23]|ServiceLog.ResponseHeaders_MAX_SIZE|Integer|false|true
22:39:39.1 (7403514)|VARIABLE_SCOPE_BEGIN|[15]|ServiceLog.includeRequestBody|Boolean|false|true
22:39:39.1 (7407422)|VARIABLE_SCOPE_BEGIN|[13]|ServiceLog.log|ServiceLog|true|true
22:39:39.1 (7414505)|VARIABLE_SCOPE_BEGIN|[11]|ServiceLog.logList|List<Service_Log__c>|true|true
22:39:39.1 (7418498)|VARIABLE_SCOPE_BEGIN|[14]|ServiceLog.serviceLogName|String|false|true
22:39:39.1 (7690494)|VARIABLE_SCOPE_BEGIN|[9]|ServiceLog.settings|AppSettings|true|true
22:39:39.1 (7703918)|HEAP_ALLOCATE|[24]|Bytes:88
22:39:39.1 (7709297)|HEAP_ALLOCATE|[24]|Bytes:84
22:39:39.1 (7711517)|HEAP_ALLOCATE|[24]|Bytes:19
22:39:39.1 (7761077)|METHOD_ENTRY|[8]|01p3600000JZQWB|ServiceLog.ServiceLog()
22:39:39.1 (7764566)|STATEMENT_EXECUTE|[8]
22:39:39.1 (7766828)|STATEMENT_EXECUTE|[8]
22:39:39.1 (7776808)|HEAP_ALLOCATE|[9]|Bytes:5
22:39:39.1 (7779499)|STATEMENT_EXECUTE|[9]
22:39:39.1 (7782185)|HEAP_ALLOCATE|[9]|Bytes:29
22:39:39.1 (7785187)|HEAP_ALLOCATE|[9]|Bytes:44
22:39:39.1 (7790130)|METHOD_ENTRY|[11]|01pbV0000002xX3|AppSettings.AppSettings()
22:39:39.1 (7792420)|STATEMENT_EXECUTE|[11]
22:39:39.1 (7794052)|STATEMENT_EXECUTE|[11]
22:39:39.1 (9033884)|SYSTEM_MODE_ENTER|false
22:39:39.1 (9043570)|HEAP_ALLOCATE|[9]|Bytes:5
22:39:39.1 (9047432)|STATEMENT_EXECUTE|[131]
22:39:39.1 (9053237)|SYSTEM_MODE_EXIT|false
22:39:39.1 (9066680)|METHOD_EXIT|[11]|AppSettings
22:39:39.1 (9072590)|HEAP_ALLOCATE|[9]|Bytes:12
22:39:39.1 (9076422)|HEAP_ALLOCATE|[9]|Bytes:10
22:39:39.1 (9093681)|CONSTRUCTOR_ENTRY|[9]|01pbV0000002xX3|<init>(String)|AppSettings
22:39:39.1 (9116086)|VARIABLE_SCOPE_BEGIN|[16]|this|AppSettings|true|false
22:39:39.1 (9176163)|VARIABLE_ASSIGNMENT|[16]|this|{}|0x6e04a7dc
22:39:39.1 (9179952)|VARIABLE_SCOPE_BEGIN|[16]|applicationName|String|false|false
22:39:39.1 (9186870)|VARIABLE_ASSIGNMENT|[16]|applicationName|"ServiceLog"
22:39:39.1 (9195280)|SYSTEM_MODE_ENTER|false
22:39:39.1 (9198536)|HEAP_ALLOCATE|[17]|Bytes:5
22:39:39.1 (9200977)|STATEMENT_EXECUTE|[11]
22:39:39.1 (9202561)|HEAP_ALLOCATE|[17]|Bytes:5
22:39:39.1 (9204230)|STATEMENT_EXECUTE|[12]
22:39:39.1 (9205080)|STATEMENT_EXECUTE|[13]
22:39:39.1 (9221036)|STATEMENT_EXECUTE|[16]
22:39:39.1 (9221921)|STATEMENT_EXECUTE|[17]
22:39:39.1 (9242051)|VARIABLE_ASSIGNMENT|[17]|this.applicationName|"ServiceLog"|0x6e04a7dc
22:39:39.1 (9245223)|STATEMENT_EXECUTE|[18]
22:39:39.1 (9298382)|HEAP_ALLOCATE|[18]|Bytes:22
22:39:39.1 (9306636)|METHOD_ENTRY|[1]|01pbV0000000ZVh|ApplicationSettings_Util.ApplicationSettings_Util()
22:39:39.1 (9309710)|STATEMENT_EXECUTE|[1]
22:39:39.1 (9311966)|STATEMENT_EXECUTE|[1]
22:39:39.1 (9314491)|HEAP_ALLOCATE|[18]|Bytes:5
22:39:39.1 (9319423)|METHOD_EXIT|[1]|ApplicationSettings_Util
22:39:39.1 (9338119)|METHOD_ENTRY|[18]|01pbV0000000ZVh|ApplicationSettings_Util.getApplicationConfigurationsByAppName(String)
22:39:39.1 (9351136)|VARIABLE_SCOPE_BEGIN|[33]|applicationName|String|false|false
22:39:39.1 (9356737)|VARIABLE_ASSIGNMENT|[33]|applicationName|"ServiceLog"
22:39:39.1 (9361311)|HEAP_ALLOCATE|[34]|Bytes:5
22:39:39.1 (9363944)|STATEMENT_EXECUTE|[33]
22:39:39.1 (9364957)|STATEMENT_EXECUTE|[34]
22:39:39.1 (9379780)|HEAP_ALLOCATE|[34]|Bytes:4
22:39:39.1 (9390729)|VARIABLE_SCOPE_BEGIN|[34]|applicationConfigMap|Map<String,String>|true|false
22:39:39.1 (9404642)|VARIABLE_ASSIGNMENT|[34]|applicationConfigMap|{}|0x3f0465d7
22:39:39.1 (9412315)|METHOD_ENTRY|[35]|01pbV0000000ZVh|ApplicationSettings_Util.getApplicationDefaultConfigurations(String)
22:39:39.1 (9418524)|VARIABLE_SCOPE_BEGIN|[65]|applicationName|String|false|false
22:39:39.1 (9423244)|VARIABLE_ASSIGNMENT|[65]|applicationName|"ServiceLog"
22:39:39.1 (9427095)|HEAP_ALLOCATE|[66]|Bytes:5
22:39:39.1 (9429360)|STATEMENT_EXECUTE|[65]
22:39:39.1 (9430231)|STATEMENT_EXECUTE|[66]
22:39:39.1 (9431961)|HEAP_ALLOCATE|[66]|Bytes:380
22:39:39.1 (9438028)|HEAP_ALLOCATE|[66]|Bytes:4
22:39:39.1 (9441377)|HEAP_ALLOCATE|[66]|Bytes:7
22:39:39.1 (10418773)|SOQL_EXECUTE_BEGIN|[66]|Aggregations:0|SELECT Label, value__c, ApplicationSettings__c, ApplicationSettings__r.Label, ApplicationSettings__r.DeveloperName, ApplicationSettings__r.Active__c, ApplicationSettings__r.APIConsumer__r.Username__c FROM Application_Configuration__mdt WHERE (ApplicationSettings__r.Active__c = TRUE AND ApplicationSettings__r.MasterLabel = :tmpVar1 AND ApplicationSettings__r.APIConsumer__c = '')
22:39:39.1 (26011496)|SOQL_EXECUTE_EXPLAIN|[66]|No explain plan is available
22:39:39.1 (26046051)|SOQL_EXECUTE_END|[66]|Rows:1
22:39:39.1 (26070654)|LIMIT_USAGE|[66]|SOQL_ROWS|1|50000
22:39:39.1 (26084754)|HEAP_ALLOCATE|[66]|Bytes:8
22:39:39.1 (26125215)|HEAP_ALLOCATE|[66]|Bytes:237
22:39:39.1 (26233403)|HEAP_ALLOCATE|[66]|Bytes:8
22:39:39.1 (26266097)|METHOD_EXIT|[35]|01pbV0000000ZVh|ApplicationSettings_Util.getApplicationDefaultConfigurations(String)
22:39:39.1 (26330660)|SYSTEM_METHOD_ENTRY|[35]|List<Application_Configuration__mdt>.iterator()
22:39:39.1 (26403260)|SYSTEM_METHOD_EXIT|[35]|List<Application_Configuration__mdt>.iterator()
22:39:39.1 (26422208)|SYSTEM_METHOD_ENTRY|[35]|system.ListIterator.hasNext()
22:39:39.1 (26437914)|HEAP_ALLOCATE|[35]|Bytes:5
22:39:39.1 (26442546)|SYSTEM_METHOD_EXIT|[35]|system.ListIterator.hasNext()
22:39:39.1 (26463709)|HEAP_ALLOCATE|[35]|Bytes:24
22:39:39.1 (26510076)|VARIABLE_SCOPE_BEGIN|[35]|config|Application_Configuration__mdt|true|false
22:39:39.1 (26705404)|VARIABLE_ASSIGNMENT|[35]|config|{"Label":"platformEvents.enabl (2 more) ...","value__c":"true","ApplicationSettings__c":"m1NbV0000003cIUUAY","Id":"m0pbV000002vnO8QAI","ApplicationSettings__r":{"Label":"ServiceLog","Id":"m1NbV0000003cIUUAY","DeveloperName":"ServiceLog","Active__c":true}}|0x21e5ea0e
22:39:39.1 (26713874)|STATEMENT_EXECUTE|[35]
22:39:39.1 (26715070)|STATEMENT_EXECUTE|[36]
22:39:39.1 (26807119)|SYSTEM_METHOD_ENTRY|[36]|Map<String,String>.put(Object, Object)
22:39:39.1 (26836162)|HEAP_ALLOCATE|[EXTERNAL]|Bytes:-4
22:39:39.1 (26848058)|SYSTEM_METHOD_EXIT|[36]|Map<String,String>.put(Object, Object)
22:39:39.1 (26853346)|SYSTEM_METHOD_ENTRY|[35]|system.ListIterator.hasNext()
22:39:39.1 (26860310)|HEAP_ALLOCATE|[35]|Bytes:5
22:39:39.1 (26863899)|SYSTEM_METHOD_EXIT|[35]|system.ListIterator.hasNext()
22:39:39.1 (26872222)|VARIABLE_ASSIGNMENT|[35]|config|null|
22:39:39.1 (26875967)|STATEMENT_EXECUTE|[38]
22:39:39.1 (26883323)|METHOD_EXIT|[18]|01pbV0000000ZVh|ApplicationSettings_Util.getApplicationConfigurationsByAppName(String)
22:39:39.1 (26929029)|VARIABLE_ASSIGNMENT|[18]|this.settingsMap|{"platformEvents.enabled":"true"}|0x6e04a7dc
22:39:39.1 (26937741)|SYSTEM_MODE_EXIT|false
22:39:39.1 (26956092)|CONSTRUCTOR_EXIT|[9]|01pbV0000002xX3|<init>(String)|AppSettings
22:39:39.1 (27050307)|VARIABLE_ASSIGNMENT|[9]|ServiceLog.settings|{"applicationName":"ServiceLog","settingsMap":"0x3f0465d7"}|0x6e04a7dc
22:39:39.1 (27055140)|STATEMENT_EXECUTE|[15]
22:39:39.1 (27059483)|HEAP_ALLOCATE|[15]|Bytes:5
22:39:39.1 (27068095)|VARIABLE_ASSIGNMENT|[15]|ServiceLog.includeRequestBody|true
22:39:39.1 (27070758)|STATEMENT_EXECUTE|[17]
22:39:39.1 (27072961)|HEAP_ALLOCATE|[15]|Bytes:14
22:39:39.1 (27075762)|HEAP_ALLOCATE|[15]|Bytes:16
22:39:39.1 (27161759)|SYSTEM_METHOD_ENTRY|[17]|Schema.SObjectField.getDescribe()
22:39:39.1 (27492492)|HEAP_ALLOCATE|[EXTERNAL]|Bytes:4
22:39:39.1 (27567192)|HEAP_ALLOCATE|[17]|Bytes:8
22:39:39.1 (27573488)|SYSTEM_METHOD_EXIT|[17]|Schema.SObjectField.getDescribe()
22:39:39.1 (27591693)|HEAP_ALLOCATE|[17]|Bytes:4
22:39:39.1 (27606134)|VARIABLE_ASSIGNMENT|[17]|ServiceLog.Error_Message_MAX_SIZE|50000
22:39:39.1 (27609736)|STATEMENT_EXECUTE|[18]
22:39:39.1 (27611601)|HEAP_ALLOCATE|[17]|Bytes:13
22:39:39.1 (27638027)|SYSTEM_METHOD_ENTRY|[18]|Schema.SObjectField.getDescribe()
22:39:39.1 (27752311)|HEAP_ALLOCATE|[EXTERNAL]|Bytes:4
22:39:39.1 (27768046)|HEAP_ALLOCATE|[18]|Bytes:8
22:39:39.1 (27771626)|SYSTEM_METHOD_EXIT|[18]|Schema.SObjectField.getDescribe()
22:39:39.1 (27776511)|HEAP_ALLOCATE|[18]|Bytes:4
22:39:39.1 (27787322)|VARIABLE_ASSIGNMENT|[18]|ServiceLog.RequestURI_MAX_SIZE|200
22:39:39.1 (27790073)|STATEMENT_EXECUTE|[19]
22:39:39.1 (27791268)|HEAP_ALLOCATE|[18]|Bytes:17
22:39:39.1 (27808157)|SYSTEM_METHOD_ENTRY|[19]|Schema.SObjectField.getDescribe()
22:39:39.1 (27906539)|HEAP_ALLOCATE|[EXTERNAL]|Bytes:4
22:39:39.1 (27919757)|HEAP_ALLOCATE|[19]|Bytes:8
22:39:39.1 (27923085)|SYSTEM_METHOD_EXIT|[19]|Schema.SObjectField.getDescribe()
22:39:39.1 (27927896)|HEAP_ALLOCATE|[19]|Bytes:4
22:39:39.1 (27937751)|VARIABLE_ASSIGNMENT|[19]|ServiceLog.RequestHeaders_MAX_SIZE|10000
22:39:39.1 (27940665)|STATEMENT_EXECUTE|[20]
22:39:39.1 (27942374)|HEAP_ALLOCATE|[19]|Bytes:20
22:39:39.1 (27957801)|SYSTEM_METHOD_ENTRY|[20]|Schema.SObjectField.getDescribe()
22:39:39.1 (28026894)|HEAP_ALLOCATE|[EXTERNAL]|Bytes:4
22:39:39.1 (28039296)|HEAP_ALLOCATE|[20]|Bytes:8
22:39:39.1 (28042229)|SYSTEM_METHOD_EXIT|[20]|Schema.SObjectField.getDescribe()
22:39:39.1 (28046085)|HEAP_ALLOCATE|[20]|Bytes:4
22:39:39.1 (28059376)|VARIABLE_ASSIGNMENT|[20]|ServiceLog.RequestParameters_MAX_SIZE|1000
22:39:39.1 (28061780)|STATEMENT_EXECUTE|[21]
22:39:39.1 (28063468)|HEAP_ALLOCATE|[20]|Bytes:14
22:39:39.1 (28077924)|SYSTEM_METHOD_ENTRY|[21]|Schema.SObjectField.getDescribe()
22:39:39.1 (28144531)|HEAP_ALLOCATE|[EXTERNAL]|Bytes:4
22:39:39.1 (28156574)|HEAP_ALLOCATE|[21]|Bytes:8
22:39:39.1 (28159572)|SYSTEM_METHOD_EXIT|[21]|Schema.SObjectField.getDescribe()
22:39:39.1 (28163703)|HEAP_ALLOCATE|[21]|Bytes:4
22:39:39.1 (28170747)|VARIABLE_ASSIGNMENT|[21]|ServiceLog.RequestBody_MAX_SIZE|50000
22:39:39.1 (28173233)|STATEMENT_EXECUTE|[22]
22:39:39.1 (28174787)|HEAP_ALLOCATE|[21]|Bytes:15
22:39:39.1 (28188269)|SYSTEM_METHOD_ENTRY|[22]|Schema.SObjectField.getDescribe()
22:39:39.1 (28253889)|HEAP_ALLOCATE|[EXTERNAL]|Bytes:4
22:39:39.1 (28264967)|HEAP_ALLOCATE|[22]|Bytes:8
22:39:39.1 (28267849)|SYSTEM_METHOD_EXIT|[22]|Schema.SObjectField.getDescribe()
22:39:39.1 (28271551)|HEAP_ALLOCATE|[22]|Bytes:4
22:39:39.1 (28278982)|VARIABLE_ASSIGNMENT|[22]|ServiceLog.ResponseBody_MAX_SIZE|131072
22:39:39.1 (28281438)|STATEMENT_EXECUTE|[23]
22:39:39.1 (28282880)|HEAP_ALLOCATE|[22]|Bytes:18
22:39:39.1 (28296972)|SYSTEM_METHOD_ENTRY|[23]|Schema.SObjectField.getDescribe()
22:39:39.1 (28361455)|HEAP_ALLOCATE|[EXTERNAL]|Bytes:4
22:39:39.1 (28372474)|HEAP_ALLOCATE|[23]|Bytes:8
22:39:39.1 (28375386)|SYSTEM_METHOD_EXIT|[23]|Schema.SObjectField.getDescribe()
22:39:39.1 (28379270)|HEAP_ALLOCATE|[23]|Bytes:4
22:39:39.1 (28386166)|VARIABLE_ASSIGNMENT|[23]|ServiceLog.ResponseHeaders_MAX_SIZE|1000
22:39:39.1 (28388475)|STATEMENT_EXECUTE|[24]
22:39:39.1 (28392276)|HEAP_ALLOCATE|[24]|Bytes:4
22:39:39.1 (28396401)|VARIABLE_ASSIGNMENT|[24]|ServiceLog.MAX_PAYLOAD_SIZE|131072
22:39:39.1 (28417348)|METHOD_EXIT|[8]|ServiceLog
22:39:39.1 (28491919)|METHOD_ENTRY|[24]|01p3600000JZQWB|ServiceLog.commitLogsViaEvents(List<Service_Log__c>)
22:39:39.1 (28517858)|VARIABLE_SCOPE_BEGIN|[227]|serviceLogs|List<Service_Log__c>|true|false
22:39:39.1 (28635713)|VARIABLE_ASSIGNMENT|[227]|serviceLogs|[{"Method__c":"GET","Service_Start__c":"2026-02-22T06:39:38.841Z","ResponseBody__c":"{\n   \"results\" : \n   (2445 more) ...","Service_End__c":"2026-02-22T06:39:38.946Z","ResponseStatusCode__c":200.0,"Service_Name__c":"Google Maps - Get La (5 more) ...","Direction__c":"Outbound","OwnerId":"00536000006CafHAAS","Category__c":"Google Maps","RequestBody__c":"","attributes":{"type":"Service_Log__c"},"RequestURI__c":"callout:GoogleMaps/g (111 more) ...","ResponseHeaders__c":"(Alt-Svc, Server, Ac (143 more) ..."}]|0x299317be
22:39:39.1 (28649956)|HEAP_ALLOCATE|[228]|Bytes:5
22:39:39.1 (28652895)|STATEMENT_EXECUTE|[227]
22:39:39.1 (28654075)|STATEMENT_EXECUTE|[228]
22:39:39.1 (28654826)|STATEMENT_EXECUTE|[228]
22:39:39.1 (28655979)|STATEMENT_EXECUTE|[229]
22:39:39.1 (28715527)|DML_BEGIN|[229]|Op:Insert|Type:Service_Log__c|Rows:1
22:39:39.1 (28739970)|LIMIT_USAGE|[229]|DML|1|150
22:39:39.1 (28744823)|LIMIT_USAGE|[229]|DML_ROWS|1|10000
22:39:39.1 (28761336)|HEAP_ALLOCATE|[EXTERNAL]|Bytes:8
22:39:39.1 (75645736)|CODE_UNIT_STARTED|[EXTERNAL]|Workflow:01I36000002oP20
22:39:39.1 (85923752)|WF_RULE_EVAL_BEGIN|Workflow
22:39:39.1 (86012152)|WF_CRITERIA_BEGIN|[Service Log: SL-0077135270 a4BbV00000LFTf4]|QuikQ Purchase Policy Submission Failure Emails|01Q1R000000VC5h|ON_CREATE_ONLY|0
22:39:39.1 (86084556)|WF_RULE_FILTER|[Service Log : Service Name contains QuikQ_CreatePurchasePolicies] 
AND [Service Log : Error Exists equals true]
22:39:39.1 (86120042)|WF_RULE_EVAL_VALUE|12494
22:39:39.1 (86127306)|WF_CRITERIA_END|false
22:39:39.1 (86140077)|WF_CRITERIA_BEGIN|[Service Log: SL-0077135270 a4BbV00000LFTf4]|QuikQ Credit Setup Failure Emails|01Q1R000000VBpf|ON_CREATE_ONLY|0
22:39:39.1 (86157902)|WF_RULE_FILTER|[Service Log : Service Name contains QuikQ_CreditCutoff, QuikQ_CreditLimit] 
AND [Service Log : Error Exists equals true]
22:39:39.1 (86166596)|WF_RULE_EVAL_VALUE|12494
22:39:39.1 (86168897)|WF_CRITERIA_END|false
22:39:39.1 (86174807)|WF_CRITERIA_BEGIN|[Service Log: SL-0077135270 a4BbV00000LFTf4]|QuikQ Create Carrier Failure Emails|01Q1R000000VBpe|ON_CREATE_ONLY|0
22:39:39.1 (86187948)|WF_RULE_FILTER|[Service Log : Service Name contains QuikQ_CreateCarrier] 
AND [Service Log : Error Exists equals true]
22:39:39.1 (86192729)|WF_RULE_EVAL_VALUE|12494
22:39:39.1 (86194585)|WF_CRITERIA_END|false
22:39:39.1 (86199170)|WF_CRITERIA_BEGIN|[Service Log: SL-0077135270 a4BbV00000LFTf4]|QuikQ Trailer Submission Failure Emails|01Q1R000000VBph|ON_CREATE_ONLY|0
22:39:39.1 (86211233)|WF_RULE_FILTER|[Service Log : Service Name contains QuikQ_CreateTrailer] 
AND [Service Log : Error Exists equals true]
22:39:39.1 (86216075)|WF_RULE_EVAL_VALUE|12494
22:39:39.1 (86217927)|WF_CRITERIA_END|false
22:39:39.1 (86222661)|WF_CRITERIA_BEGIN|[Service Log: SL-0077135270 a4BbV00000LFTf4]|QuikQ Driver Submission Failure Emails|01Q1R000000VBpg|ON_CREATE_ONLY|0
22:39:39.1 (86234229)|WF_RULE_FILTER|[Service Log : Service Name contains QuikQ_CreateDriver] 
AND [Service Log : Error Exists equals true]
22:39:39.1 (86238815)|WF_RULE_EVAL_VALUE|12494
22:39:39.1 (86240645)|WF_CRITERIA_END|false
22:39:39.1 (86245551)|WF_CRITERIA_BEGIN|[Service Log: SL-0077135270 a4BbV00000LFTf4]|QuikQ Truck Submission Failure Emails|01Q1R000000VBpi|ON_CREATE_ONLY|0
22:39:39.1 (86257376)|WF_RULE_FILTER|[Service Log : Service Name contains QuikQ_CreateTruck] 
AND [Service Log : Error Exists equals true]
22:39:39.1 (86261824)|WF_RULE_EVAL_VALUE|12494
22:39:39.1 (86264101)|WF_CRITERIA_END|false
22:39:39.1 (86268786)|WF_CRITERIA_BEGIN|[Service Log: SL-0077135270 a4BbV00000LFTf4]|QuikQ Credit Alert Failure Emails|01Q1R000000Rtya|ON_CREATE_ONLY|0
22:39:39.1 (86285127)|WF_RULE_FILTER|[Service Log : Service Name contains QuikQ_CreditAlert] 
AND [Service Log : Error Exists equals true]
22:39:39.1 (86289864)|WF_RULE_EVAL_VALUE|12494
22:39:39.1 (86291719)|WF_CRITERIA_END|false
22:39:39.1 (86299405)|WF_SPOOL_ACTION_BEGIN|Workflow
22:39:39.1 (86313645)|WF_ACTION| None
22:39:39.1 (86317283)|WF_RULE_EVAL_END
22:39:39.1 (86382569)|WF_ACTIONS_END| None
22:39:39.1 (86390218)|CODE_UNIT_FINISHED|Workflow:01I36000002oP20
22:39:39.1 (91799957)|DML_END|[229]
22:39:39.1 (91833936)|HEAP_ALLOCATE|[229]|Bytes:-4
22:39:39.1 (92595000)|HEAP_ALLOCATE|[EXTERNAL]|Bytes:8
22:39:39.1 (92619672)|METHOD_EXIT|[24]|01p3600000JZQWB|ServiceLog.commitLogsViaEvents(List<Service_Log__c>)
22:39:39.92 (92638396)|CUMULATIVE_LIMIT_USAGE
22:39:39.92 (92638396)|LIMIT_USAGE_FOR_NS|(default)|
  Number of SOQL queries: 0 out of 100
  Number of query rows: 1 out of 50000
  Number of SOSL queries: 0 out of 20
  Number of DML statements: 1 out of 150
  Number of Publish Immediate DML: 0 out of 150
  Number of DML rows: 1 out of 10000
  Maximum CPU time: 0 out of 10000
  Maximum heap size: 0 out of 6000000
  Number of callouts: 0 out of 100
  Number of Email Invocations: 0 out of 10
  Number of future calls: 0 out of 50
  Number of queueable jobs added to the queue: 0 out of 50
  Number of Mobile Apex push calls: 0 out of 10

22:39:39.92 (92638396)|TOTAL_EMAIL_RECIPIENTS_QUEUED|0
22:39:39.92 (92638396)|STATIC_VARIABLE_LIST|
  int:BYTES:0
  int:BYTES:0
  byte[]:DigitOnes:0
  byte[]:DigitTens:0
  Boolean:FALSE:0
  int:MAX_EXPONENT:0
  double:MAX_VALUE:0
  int:MAX_VALUE:0
  int:MIN_EXPONENT:0
  double:MIN_NORMAL:0
  double:MIN_VALUE:0
  int:MIN_VALUE:0
  double:NEGATIVE_INFINITY:0
  double:NaN:0
  double:POSITIVE_INFINITY:0
  int:PRECISION:0
  int:SIZE:0
  int:SIZE:0
  Boolean:TRUE:0
  String:__sfdcInnerTypes:0
  String:__sfdcProperties:0
  String:_sfdcAdditionalCodeLocations:0
  String:_sfdcAdditionalCodeLocations:0
  String:_sfdcAdditionalCodeLocations:0
  String:_sfdcAdditionalCodeLocations:0
  String:_sfdcAdditionalCodeLocations:0
  String:_sfdcAdditionalCodeLocations:0
  String:_sfdcSuppressedCodeLocations:0
  Integer:_static_Error_Message_MAX_SIZE:0
  Integer:_static_MAX_PAYLOAD_SIZE:0
  Integer:_static_RequestBody_MAX_SIZE:0
  Integer:_static_RequestHeaders_MAX_SIZE:0
  Integer:_static_RequestParameters_MAX_SIZE:0
  Integer:_static_RequestURI_MAX_SIZE:0
  Integer:_static_ResponseBody_MAX_SIZE:0
  Integer:_static_ResponseHeaders_MAX_SIZE:0
  Boolean:_static_includeRequestBody:0
  AppSettings:_static_settings:0
  char[]:digits:0
  long:serialVersionUID:0
  long:serialVersionUID:0
  long:serialVersionUID:0

22:39:39.92 (92638396)|CUMULATIVE_LIMIT_USAGE_END

22:39:39.1 (92987389)|CODE_UNIT_FINISHED|ServiceLogEventTrigger on Service_Log_Event trigger event AfterInsert|__sfdc_trigger/ServiceLogEventTrigger
22:39:39.1 (93002579)|EXECUTION_FINISHED
22:39:39.94 (94947165)|CUMULATIVE_PROFILING_BEGIN
22:39:39.94 (94947165)|CUMULATIVE_PROFILING|SOQL operations|
Class.ApplicationSettings_Util.getApplicationDefaultConfigurations: line 66, column 1: [Select Label, value__c, ApplicationSettings__c, ApplicationSettings__r.Label,ApplicationSettings__r.DeveloperName,ApplicationSettings__r.Active__c, ApplicationSettings__r.APIConsumer__r.Username__c
            from Application_Configuration__mdt where 
            ApplicationSettings__r.Active__c = true and 
            ApplicationSettings__r.MasterLabel = :applicationName and 
            ApplicationSettings__r.APIConsumer__c = '']: executed 1 time in 17 ms

22:39:39.94 (94947165)|CUMULATIVE_PROFILING|No profiling information for SOSL operations
22:39:39.94 (94947165)|CUMULATIVE_PROFILING|DML operations|
Class.ServiceLog.commitLogsViaEvents: line 229, column 1: Insert: List<Service_Log__c>: executed 1 time in 64 ms

22:39:39.94 (94947165)|CUMULATIVE_PROFILING|method invocations|
External entry point: public void invoke(): executed 1 time in 91 ms
Trigger.ServiceLogEventTrigger: line 24, column 1: public static void commitLogsViaEvents(List<Service_Log__c>): executed 1 time in 64 ms
Class.AppSettings.<init>: line 18, column 1: public static Map<String,String> getApplicationConfigurationsByAppName(String): executed 1 time in 18 ms
Class.ServiceLog: line 9, column 1: public AppSettings(String): executed 1 time in 18 ms
Class.ApplicationSettings_Util.getApplicationConfigurationsByAppName: line 35, column 1: public static List<Application_Configuration__mdt> getApplicationDefaultConfigurations(String): executed 4 times in 17 ms
Trigger.ServiceLogEventTrigger: line 18, column 1: global static Object deserializeStrict(String, System.Type): executed 1 time in 1 ms
Class.ServiceLog: line 17, column 1: global Schema.DescribeFieldResult getDescribe(): executed 1 time in 1 ms
Trigger.ServiceLogEventTrigger: line 16, column 1: global public System.Iterator iterator(): executed 3 times in 0 ms
Trigger.ServiceLogEventTrigger: line 17, column 1: public static Boolean isNotBlank(String): executed 1 time in 0 ms
Trigger.ServiceLogEventTrigger: line 20, column 1: global public Object add(Object): executed 1 time in 0 ms
Trigger.ServiceLogEventTrigger: line 23, column 1: global public Boolean isEmpty(): executed 1 time in 0 ms

22:39:39.94 (94947165)|CUMULATIVE_PROFILING_END
