66.0 APEX_CODE,FINEST;APEX_PROFILING,FINEST;CALLOUT,FINEST;DATA_ACCESS,INFO;DB,FINEST;NBA,FINEST;SYSTEM,FINE;VALIDATION,INFO;VISUALFORCE,FINER;WAVE,FINEST;WORKFLOW,FINER
06:39:09.1 (1694463)|USER_INFO|[EXTERNAL]|005bV000001Mk5F|external_leads@00d36000000kq3ueac.org.force.com|(GMT+00:00) Greenwich Mean Time (GMT)|GMTZ
06:39:09.1 (6334904)|FLOW_CREATE_INTERVIEW_BEGIN|00D36000000Kq3u||301bV00000WON66
06:39:09.1 (8393987)|FLOW_CREATE_INTERVIEW_END|9707dcc2f05505da74b82a79264e19c84056625-1462|Leads - CET/Factoring - Love's External
06:39:09.9 (9733770)|USER_INFO|[EXTERNAL]|005bV000001Mk5F|external_leads@00d36000000kq3ueac.org.force.com|(GMT+00:00) Greenwich Mean Time (GMT)|GMTZ
06:39:09.9 (9778098)|EXECUTION_STARTED
06:39:09.9 (9819465)|CODE_UNIT_STARTED|[EXTERNAL]|Flow: Leads - CET/Factoring - Love's External
06:39:09.9 (9980568)|CODE_UNIT_FINISHED|Flow: Leads - CET/Factoring - Love's External
06:39:09.9 (9993658)|EXECUTION_FINISHED
06:39:09.11 (11166854)|USER_INFO|[EXTERNAL]|005bV000001Mk5F|external_leads@00d36000000kq3ueac.org.force.com|(GMT+00:00) Greenwich Mean Time (GMT)|GMTZ
06:39:09.11 (11555797)|FLOW_START_INTERVIEW_BEGIN|9707dcc2f05505da74b82a79264e19c84056625-1462|Leads - CET/Factoring - Love's External
06:39:09.11 (11646971)|FLOW_START_INTERVIEW_LIMIT_USAGE|SOQL queries: 0 out of 100
06:39:09.11 (11720669)|FLOW_START_INTERVIEW_LIMIT_USAGE|SOQL query rows: 0 out of 50000
06:39:09.11 (11767041)|FLOW_START_INTERVIEW_LIMIT_USAGE|SOSL queries: 0 out of 20
06:39:09.11 (11775787)|FLOW_START_INTERVIEW_LIMIT_USAGE|DML statements: 0 out of 150
06:39:09.11 (11795630)|FLOW_START_INTERVIEW_LIMIT_USAGE|DML rows: 0 out of 10000
06:39:09.11 (11803050)|FLOW_START_INTERVIEW_LIMIT_USAGE|CPU time in ms: 3 out of 15000
06:39:09.11 (11829933)|FLOW_START_INTERVIEW_LIMIT_USAGE|Heap size in bytes: 0 out of 6000000
06:39:09.11 (11837031)|FLOW_START_INTERVIEW_LIMIT_USAGE|Callouts: 0 out of 100
06:39:09.11 (11844809)|FLOW_START_INTERVIEW_LIMIT_USAGE|Email invocations: 0 out of 10
06:39:09.11 (11851322)|FLOW_START_INTERVIEW_LIMIT_USAGE|Future calls: 0 out of 50
06:39:09.11 (11875169)|FLOW_START_INTERVIEW_LIMIT_USAGE|Jobs in queue: 0 out of 50
06:39:09.11 (11881935)|FLOW_START_INTERVIEW_LIMIT_USAGE|Push notifications: 0 out of 10
06:39:09.11 (12158718)|FLOW_VALUE_ASSIGNMENT|9707dcc2f05505da74b82a79264e19c84056625-1462|varFormat|Desktop
06:39:09.11 (36140661)|FLOW_START_INTERVIEW_END|9707dcc2f05505da74b82a79264e19c84056625-1462|Leads - CET/Factoring - Love's External
06:39:09.39 (39086999)|USER_INFO|[EXTERNAL]|005bV000001Mk5F|external_leads@00d36000000kq3ueac.org.force.com|(GMT+00:00) Greenwich Mean Time (GMT)|GMTZ
06:39:09.96 (96249753)|CUMULATIVE_PROFILING_BEGIN
06:39:09.96 (96249753)|CUMULATIVE_PROFILING|No profiling information for SOQL operations
06:39:09.96 (96249753)|CUMULATIVE_PROFILING|No profiling information for SOSL operations
06:39:09.96 (96249753)|CUMULATIVE_PROFILING|No profiling information for DML operations
06:39:09.96 (96249753)|CUMULATIVE_PROFILING|No profiling information for method invocations
06:39:09.96 (96249753)|CUMULATIVE_PROFILING_END
