64.0 APEX_CODE,FINEST;APEX_PROFILING,FINEST;CALLOUT,FINEST;DATA_ACCESS,INFO;DB,FINEST;NBA,FINEST;SYSTEM,FINE;VALIDATION,INFO;VISUALFORCE,FINER;WAVE,FINEST;WORKFLOW,FINER
00:40:04.0 (593259)|USER_INFO|[EXTERNAL]|0053600000D52rB|heroku.connected@loves.com|(GMT-06:00) Central Standard Time (America/Chicago)|GMT-06:00
00:40:04.0 (679914)|EXECUTION_STARTED
00:40:04.0 (701741)|CODE_UNIT_STARTED|[EXTERNAL]|FutureHandler - state load
00:40:04.0 (2470661)|CODE_UNIT_FINISHED|FutureHandler - state load
00:40:04.0 (2492146)|EXECUTION_FINISHED
00:40:04.29 (29723696)|USER_INFO|[EXTERNAL]|0053600000D52rB|heroku.connected@loves.com|(GMT-06:00) Central Standard Time (America/Chicago)|GMT-06:00
00:40:04.29 (29756254)|EXECUTION_STARTED
00:40:04.29 (29790001)|CODE_UNIT_STARTED|[EXTERNAL]|01p1R00000JmIn3|Contact_AccountSync.handleAtFuture(String, String)
00:40:04.29 (29957199)|VARIABLE_SCOPE_BEGIN|[20]|Contact_AccountSync.RECTYPE_INDIV|String|false|true
00:40:04.29 (30242578)|HEAP_ALLOCATE|[95]|Bytes:3
00:40:04.29 (30298137)|HEAP_ALLOCATE|[100]|Bytes:152
00:40:04.29 (30315632)|HEAP_ALLOCATE|[417]|Bytes:408
00:40:04.29 (30334638)|HEAP_ALLOCATE|[430]|Bytes:408
00:40:04.29 (30363886)|HEAP_ALLOCATE|[317]|Bytes:6
00:40:04.29 (30380836)|HEAP_ALLOCATE|[EXTERNAL]|Bytes:24
00:40:04.29 (30386048)|HEAP_ALLOCATE|[EXTERNAL]|Bytes:10
00:40:04.29 (30461857)|VARIABLE_ASSIGNMENT|[EXTERNAL]|Contact_AccountSync.RECTYPE_INDIV|"Individual"
00:40:04.29 (30481299)|METHOD_ENTRY|[19]|01p1R00000JmIn3|Contact_AccountSync.Contact_AccountSync()
00:40:04.29 (30491638)|STATEMENT_EXECUTE|[19]
00:40:04.29 (30496742)|STATEMENT_EXECUTE|[19]
00:40:04.29 (30502523)|METHOD_EXIT|[19]|Contact_AccountSync
00:40:04.29 (30508079)|HEAP_ALLOCATE|[EXTERNAL]|Bytes:3715
00:40:04.29 (30510865)|HEAP_ALLOCATE|[EXTERNAL]|Bytes:3736
00:40:04.29 (30523079)|VARIABLE_SCOPE_BEGIN|[43]|contactListJson|String|false|false
00:40:04.29 (30541753)|VARIABLE_ASSIGNMENT|[43]|contactListJson|"[{\"attributes\":{\"typ (3695 more) ..."
00:40:04.29 (30545676)|VARIABLE_SCOPE_BEGIN|[43]|oldMapJson|String|false|false
00:40:04.29 (30552829)|VARIABLE_ASSIGNMENT|[43]|oldMapJson|"{\"0031R00002SE9GpQAL (3716 more) ..."
00:40:04.29 (30562110)|STATEMENT_EXECUTE|[43]
00:40:04.29 (30563492)|STATEMENT_EXECUTE|[44]
00:40:04.29 (30567287)|HEAP_ALLOCATE|[44]|Bytes:67
00:40:04.29 (30595807)|HEAP_ALLOCATE|[68]|Bytes:5
00:40:04.29 (30667599)|HEAP_ALLOCATE|[74]|Bytes:5
00:40:04.29 (30676697)|HEAP_ALLOCATE|[82]|Bytes:7
00:40:04.29 (30925935)|HEAP_ALLOCATE|[44]|Bytes:33
00:40:04.29 (30942743)|SYSTEM_METHOD_ENTRY|[1]|Type.Type()
00:40:04.29 (30948410)|STATEMENT_EXECUTE|[1]
00:40:04.29 (30957187)|SYSTEM_METHOD_EXIT|[1]|Type
00:40:04.29 (30963186)|HEAP_ALLOCATE|[44]|Bytes:8
00:40:04.29 (31165819)|HEAP_ALLOCATE|[44]|Bytes:8
00:40:04.29 (31175673)|VARIABLE_SCOPE_BEGIN|[4]|this|System.Type|true|false
00:40:04.29 (31261435)|VARIABLE_ASSIGNMENT|[4]|this|{}|0x3f6e81c5
00:40:04.29 (31267377)|VARIABLE_SCOPE_BEGIN|[4]|apextype|java:common.apex.runtime.ApexObjectType|true|false
00:40:04.29 (31413560)|VARIABLE_ASSIGNMENT|[4]|apextype|"List<Contact>"|0x7a441308
00:40:04.29 (34606610)|HEAP_ALLOCATE|[44]|Bytes:8
00:40:04.29 (34681331)|HEAP_ALLOCATE|[44]|Bytes:24
00:40:04.29 (34690262)|SYSTEM_METHOD_ENTRY|[1]|JSON.JSON()
00:40:04.29 (34694719)|STATEMENT_EXECUTE|[1]
00:40:04.29 (34699515)|SYSTEM_METHOD_EXIT|[1]|JSON
00:40:04.29 (34730392)|METHOD_ENTRY|[44]||System.JSON.deserialize(String, System.Type)
00:40:04.29 (39455816)|METHOD_EXIT|[44]||System.JSON.deserialize(String, System.Type)
00:40:04.29 (39480247)|VARIABLE_SCOPE_BEGIN|[44]|contactList|List<Contact>|true|false
00:40:04.29 (39496078)|HEAP_ALLOCATE|[EXTERNAL]|Bytes:8
00:40:04.29 (40190319)|VARIABLE_ASSIGNMENT|[44]|contactList|[{"Auto_Email_Receipts__c":false,"LastModifiedDate":"2026-02-22T06:40:04.000Z","AccountId":"0011R00002dhqrdQAA","Email":"gilliqbal1989@gmail. (3 more) ...","CloudingoAgent__MAS__c":0.0,"Phone_Verified__c":false,"DSAR__c":false,"RegistrationDate__c":"2021-05-31T16:07:51.000Z","HasOptedOutOfFax":false,"Is_Owner_Active__c":true,"Text_Opt_in__c":false,"Employee_HasSubordinates__c":false,"Factoring_Authorized_Signor__c":false,"HC_ID__c":"c322602c-c94a-49c7-8 (16 more) ...","CreatedById":"0053600000D52rBAAR","Email_Unsubscribed_Time__c":"2023-10-28T08:55:37.000Z","MailingLatitude":43.68571,"Customer_Type__c":"Commercial","Count__c":1.0,"Fishing__c":false,"Auth0Id__c":"auth0&#124;60b509d78f5fe1 (10 more) ...","Driver_Type__c":"Commercial","Incomplete_Contact__c":false,"Special__c":" ","LA_LastPaymentMethod_Fuel__c":"[{\"context\":\"fuel\",\" (151 more) ...","IndividualId":"0PKbV000000IGBKWA4","Phone_Unsubscribed_Time__c":"2023-10-28T08:55:37.000Z","IsDeleted":false,"AgeVerificationStatus__c":"NONE","Email_Verified__c":true,"IsEmailBounced":false,"RegistrationSource__c":"Love's App","OtherCountryCode":"US","Receipt_Unsubscribed_Time__c":"2021-05-31T16:07:55.000Z","Loyalty_Terms_Accepted__c":"2021-05-31T16:07:52.000Z","Golf__c":false,"CloudingoAgent__OAS__c":0.0,"HasOptedOutOfEmail":false,"MailingCity":"Brampton","SF_ID__c":"0031R00002SE9GpQAL","Contractor_Review_Date__c":"2021-11-27T00:00:00.000Z","Authorized_Signor__c":false,"Email_Preference__c":false,"MailingStateCode":"ON","Phone_Opt_in__c":false,"CS_Birth_Date__c":"1988-12-27T00:00:00.000Z","CreatedDate":"2021-05-31T16:07:55.000Z","MailingCountryCode":"CA","Hunting__c":false,"LastName":"Gill","Id":"0031R00002SE9GpQAL","Data_Quality_Score__c":50.0,"TEMPTextPrefETL__c":1.0,"DNC_Indicator__c":"_IM1_/sfc/servlet.sh (168 more) ...","Active__c":true,"Admin_Lock__c":false,"DoNotCall":false,"Phone_Preference__c":false,"MailingCountry":"Canada","Loyalty_Card__c":"77785061867143","Text_Preference__c":false,"Push_Preference__c":false,"MailingState":"Ontario","ManagerName__c":" ","IDM_ID__c":"2ad85989-7b3c-4c60-b (16 more) ...","MobilePlus1__c":"N/A","Data_Quality_Description__c":"Missing: Complete Ad (19 more) ...","et4ae5__HasOptedOutOfMobile__c":false,"Email_Opt_in__c":false,"OwnerId":"0053600000D52rBAAR","MailingLongitude":-79.82975,"AgeRestrictedContentPreference__c":false,"Phone":"4379921113","MailingPostalCode":"L7A2Y5","RecordTypeId":"01236000001HthEAAS","OtherCountry":"United States","MailingGeocodeAccuracy":"ExtendedZip","Primary_Contact__c":false,"IsPriorityRecord":false,"PhonePlus1__c":"+14379921113","SFMC_Test_Record__c":false,"Terms_Accepted__c":"2021-05-31T16:07:50.000Z","Guarantor__c":false,"FirstName":"Iqbal","SFMC_No_Sync__c":false,"LA_LastPaymentMethod_Shower__c":"[{\"context\":\"shower\" (202 more) ...","Factoring_Guarantor__c":false,"SystemModstamp":"2026-02-22T06:40:04.000Z","NASCAR__c":false,"Text_Unsubscribed_Time__c":"2023-10-28T08:55:37.000Z","attributes":{"type":"Contact","url":"/services/data/v66.0 (36 more) ..."},"Primary_Loyalty_Account__c":"a411R000001dLcoQAE","LastModifiedById":"0053600000D52rBAAR","CloudingoAgent__CES__c":0.0}]|0x52e9fac2
00:40:04.29 (40238545)|STATEMENT_EXECUTE|[45]
00:40:04.29 (40267839)|METHOD_ENTRY|[45]|01p1R00000JmIn3|Contact_AccountSync.handle(List<Contact>, String)
00:40:04.29 (40318898)|VARIABLE_SCOPE_BEGIN|[48]|contactList|List<Contact>|true|false
00:40:04.29 (40768205)|VARIABLE_ASSIGNMENT|[48]|contactList|[{"Auto_Email_Receipts__c":false,"LastModifiedDate":"2026-02-22T06:40:04.000Z","AccountId":"0011R00002dhqrdQAA","Email":"gilliqbal1989@gmail. (3 more) ...","CloudingoAgent__MAS__c":0.0,"Phone_Verified__c":false,"DSAR__c":false,"RegistrationDate__c":"2021-05-31T16:07:51.000Z","HasOptedOutOfFax":false,"Is_Owner_Active__c":true,"Text_Opt_in__c":false,"Employee_HasSubordinates__c":false,"Factoring_Authorized_Signor__c":false,"HC_ID__c":"c322602c-c94a-49c7-8 (16 more) ...","CreatedById":"0053600000D52rBAAR","Email_Unsubscribed_Time__c":"2023-10-28T08:55:37.000Z","MailingLatitude":43.68571,"Customer_Type__c":"Commercial","Count__c":1.0,"Fishing__c":false,"Auth0Id__c":"auth0&#124;60b509d78f5fe1 (10 more) ...","Driver_Type__c":"Commercial","Incomplete_Contact__c":false,"Special__c":" ","LA_LastPaymentMethod_Fuel__c":"[{\"context\":\"fuel\",\" (151 more) ...","IndividualId":"0PKbV000000IGBKWA4","Phone_Unsubscribed_Time__c":"2023-10-28T08:55:37.000Z","IsDeleted":false,"AgeVerificationStatus__c":"NONE","Email_Verified__c":true,"IsEmailBounced":false,"RegistrationSource__c":"Love's App","OtherCountryCode":"US","Receipt_Unsubscribed_Time__c":"2021-05-31T16:07:55.000Z","Loyalty_Terms_Accepted__c":"2021-05-31T16:07:52.000Z","Golf__c":false,"CloudingoAgent__OAS__c":0.0,"HasOptedOutOfEmail":false,"MailingCity":"Brampton","SF_ID__c":"0031R00002SE9GpQAL","Contractor_Review_Date__c":"2021-11-27T00:00:00.000Z","Authorized_Signor__c":false,"Email_Preference__c":false,"MailingStateCode":"ON","Phone_Opt_in__c":false,"CS_Birth_Date__c":"1988-12-27T00:00:00.000Z","CreatedDate":"2021-05-31T16:07:55.000Z","MailingCountryCode":"CA","Hunting__c":false,"LastName":"Gill","Id":"0031R00002SE9GpQAL","Data_Quality_Score__c":50.0,"TEMPTextPrefETL__c":1.0,"DNC_Indicator__c":"_IM1_/sfc/servlet.sh (168 more) ...","Active__c":true,"Admin_Lock__c":false,"DoNotCall":false,"Phone_Preference__c":false,"MailingCountry":"Canada","Loyalty_Card__c":"77785061867143","Text_Preference__c":false,"Push_Preference__c":false,"MailingState":"Ontario","ManagerName__c":" ","IDM_ID__c":"2ad85989-7b3c-4c60-b (16 more) ...","MobilePlus1__c":"N/A","Data_Quality_Description__c":"Missing: Complete Ad (19 more) ...","et4ae5__HasOptedOutOfMobile__c":false,"Email_Opt_in__c":false,"OwnerId":"0053600000D52rBAAR","MailingLongitude":-79.82975,"AgeRestrictedContentPreference__c":false,"Phone":"4379921113","MailingPostalCode":"L7A2Y5","RecordTypeId":"01236000001HthEAAS","OtherCountry":"United States","MailingGeocodeAccuracy":"ExtendedZip","Primary_Contact__c":false,"IsPriorityRecord":false,"PhonePlus1__c":"+14379921113","SFMC_Test_Record__c":false,"Terms_Accepted__c":"2021-05-31T16:07:50.000Z","Guarantor__c":false,"FirstName":"Iqbal","SFMC_No_Sync__c":false,"LA_LastPaymentMethod_Shower__c":"[{\"context\":\"shower\" (202 more) ...","Factoring_Guarantor__c":false,"SystemModstamp":"2026-02-22T06:40:04.000Z","NASCAR__c":false,"Text_Unsubscribed_Time__c":"2023-10-28T08:55:37.000Z","attributes":{"type":"Contact","url":"/services/data/v66.0 (36 more) ..."},"Primary_Loyalty_Account__c":"a411R000001dLcoQAE","LastModifiedById":"0053600000D52rBAAR","CloudingoAgent__CES__c":0.0}]|0x52e9fac2
00:40:04.29 (40809238)|VARIABLE_SCOPE_BEGIN|[48]|oldMapJson|String|false|false
00:40:04.29 (40820052)|VARIABLE_ASSIGNMENT|[48]|oldMapJson|"{\"0031R00002SE9GpQAL (3716 more) ..."
00:40:04.29 (40828864)|STATEMENT_EXECUTE|[48]
00:40:04.29 (40830590)|STATEMENT_EXECUTE|[49]
00:40:04.29 (40891229)|HEAP_ALLOCATE|[49]|Bytes:4
00:40:04.29 (40916658)|SYSTEM_CONSTRUCTOR_ENTRY|[49]|<init>()
00:40:04.29 (40948123)|SYSTEM_CONSTRUCTOR_EXIT|[49]|<init>()
00:40:04.29 (40952392)|VARIABLE_SCOPE_BEGIN|[49]|conIdList|List<String>|true|false
00:40:04.29 (40996119)|HEAP_ALLOCATE|[EXTERNAL]|Bytes:4
00:40:04.29 (41006833)|VARIABLE_ASSIGNMENT|[49]|conIdList|[]|0x1b9f9e9c
00:40:04.29 (41013491)|STATEMENT_EXECUTE|[50]
00:40:04.29 (41019369)|HEAP_ALLOCATE|[50]|Bytes:4
00:40:04.29 (41031872)|SYSTEM_CONSTRUCTOR_ENTRY|[50]|<init>()
00:40:04.29 (41040774)|SYSTEM_CONSTRUCTOR_EXIT|[50]|<init>()
00:40:04.29 (41043998)|VARIABLE_SCOPE_BEGIN|[50]|accIdList|List<String>|true|false
00:40:04.29 (41058067)|HEAP_ALLOCATE|[EXTERNAL]|Bytes:4
00:40:04.29 (41062787)|VARIABLE_ASSIGNMENT|[50]|accIdList|[]|0x4968615e
00:40:04.29 (41067645)|STATEMENT_EXECUTE|[51]
00:40:04.29 (41112019)|HEAP_ALLOCATE|[51]|Bytes:4
00:40:04.29 (41156481)|SYSTEM_CONSTRUCTOR_ENTRY|[51]|<init>()
00:40:04.29 (41168642)|SYSTEM_CONSTRUCTOR_EXIT|[51]|<init>()
00:40:04.29 (41171956)|VARIABLE_SCOPE_BEGIN|[51]|upsAcctList|List<Account>|true|false
00:40:04.29 (41179499)|HEAP_ALLOCATE|[EXTERNAL]|Bytes:4
00:40:04.29 (41185099)|VARIABLE_ASSIGNMENT|[51]|upsAcctList|[]|0x6932df7b
00:40:04.29 (41209333)|SYSTEM_METHOD_ENTRY|[54]|List<Contact>.iterator()
00:40:04.29 (41377521)|SYSTEM_METHOD_EXIT|[54]|List<Contact>.iterator()
00:40:04.29 (41399762)|SYSTEM_METHOD_ENTRY|[54]|system.ListIterator.hasNext()
00:40:04.29 (41419298)|HEAP_ALLOCATE|[54]|Bytes:5
00:40:04.29 (41426758)|SYSTEM_METHOD_EXIT|[54]|system.ListIterator.hasNext()
00:40:04.29 (41442748)|HEAP_ALLOCATE|[54]|Bytes:380
00:40:04.29 (41451415)|VARIABLE_SCOPE_BEGIN|[54]|con|Contact|true|false
00:40:04.29 (41933297)|VARIABLE_ASSIGNMENT|[54]|con|{"Auto_Email_Receipts__c":false,"LastModifiedDate":"2026-02-22T06:40:04.000Z","AccountId":"0011R00002dhqrdQAA","Email":"gilliqbal1989@gmail. (3 more) ...","CloudingoAgent__MAS__c":0.0,"Phone_Verified__c":false,"DSAR__c":false,"RegistrationDate__c":"2021-05-31T16:07:51.000Z","HasOptedOutOfFax":false,"Is_Owner_Active__c":true,"Text_Opt_in__c":false,"Employee_HasSubordinates__c":false,"Factoring_Authorized_Signor__c":false,"HC_ID__c":"c322602c-c94a-49c7-8 (16 more) ...","CreatedById":"0053600000D52rBAAR","Email_Unsubscribed_Time__c":"2023-10-28T08:55:37.000Z","MailingLatitude":43.68571,"Customer_Type__c":"Commercial","Count__c":1.0,"Fishing__c":false,"Auth0Id__c":"auth0&#124;60b509d78f5fe1 (10 more) ...","Driver_Type__c":"Commercial","Incomplete_Contact__c":false,"Special__c":" ","LA_LastPaymentMethod_Fuel__c":"[{\"context\":\"fuel\",\" (151 more) ...","IndividualId":"0PKbV000000IGBKWA4","Phone_Unsubscribed_Time__c":"2023-10-28T08:55:37.000Z","IsDeleted":false,"AgeVerificationStatus__c":"NONE","Email_Verified__c":true,"IsEmailBounced":false,"RegistrationSource__c":"Love's App","OtherCountryCode":"US","Receipt_Unsubscribed_Time__c":"2021-05-31T16:07:55.000Z","Loyalty_Terms_Accepted__c":"2021-05-31T16:07:52.000Z","Golf__c":false,"CloudingoAgent__OAS__c":0.0,"HasOptedOutOfEmail":false,"MailingCity":"Brampton","SF_ID__c":"0031R00002SE9GpQAL","Contractor_Review_Date__c":"2021-11-27T00:00:00.000Z","Authorized_Signor__c":false,"Email_Preference__c":false,"MailingStateCode":"ON","Phone_Opt_in__c":false,"CS_Birth_Date__c":"1988-12-27T00:00:00.000Z","CreatedDate":"2021-05-31T16:07:55.000Z","MailingCountryCode":"CA","Hunting__c":false,"LastName":"Gill","Id":"0031R00002SE9GpQAL","Data_Quality_Score__c":50.0,"TEMPTextPrefETL__c":1.0,"DNC_Indicator__c":"_IM1_/sfc/servlet.sh (168 more) ...","Active__c":true,"Admin_Lock__c":false,"DoNotCall":false,"Phone_Preference__c":false,"MailingCountry":"Canada","Loyalty_Card__c":"77785061867143","Text_Preference__c":false,"Push_Preference__c":false,"MailingState":"Ontario","ManagerName__c":" ","IDM_ID__c":"2ad85989-7b3c-4c60-b (16 more) ...","MobilePlus1__c":"N/A","Data_Quality_Description__c":"Missing: Complete Ad (19 more) ...","et4ae5__HasOptedOutOfMobile__c":false,"Email_Opt_in__c":false,"OwnerId":"0053600000D52rBAAR","MailingLongitude":-79.82975,"AgeRestrictedContentPreference__c":false,"Phone":"4379921113","MailingPostalCode":"L7A2Y5","RecordTypeId":"01236000001HthEAAS","OtherCountry":"United States","MailingGeocodeAccuracy":"ExtendedZip","Primary_Contact__c":false,"IsPriorityRecord":false,"PhonePlus1__c":"+14379921113","SFMC_Test_Record__c":false,"Terms_Accepted__c":"2021-05-31T16:07:50.000Z","Guarantor__c":false,"FirstName":"Iqbal","SFMC_No_Sync__c":false,"LA_LastPaymentMethod_Shower__c":"[{\"context\":\"shower\" (202 more) ...","Factoring_Guarantor__c":false,"SystemModstamp":"2026-02-22T06:40:04.000Z","NASCAR__c":false,"Text_Unsubscribed_Time__c":"2023-10-28T08:55:37.000Z","attributes":{"type":"Contact","url":"/services/data/v66.0 (36 more) ..."},"Primary_Loyalty_Account__c":"a411R000001dLcoQAE","LastModifiedById":"0053600000D52rBAAR","CloudingoAgent__CES__c":0.0}|0x66c230fb
00:40:04.29 (41973279)|STATEMENT_EXECUTE|[54]
00:40:04.29 (41974994)|STATEMENT_EXECUTE|[55]
00:40:04.29 (42033343)|SYSTEM_METHOD_ENTRY|[55]|List<String>.add(Object)
00:40:04.29 (42085107)|HEAP_ALLOCATE|[EXTERNAL]|Bytes:4
00:40:04.29 (42096404)|SYSTEM_METHOD_EXIT|[55]|List<String>.add(Object)
00:40:04.29 (42122281)|STATEMENT_EXECUTE|[56]
00:40:04.29 (42132770)|SYSTEM_METHOD_ENTRY|[56]|List<String>.add(Object)
00:40:04.29 (42148793)|HEAP_ALLOCATE|[EXTERNAL]|Bytes:4
00:40:04.29 (42154996)|SYSTEM_METHOD_EXIT|[56]|List<String>.add(Object)
00:40:04.29 (42163541)|SYSTEM_METHOD_ENTRY|[54]|system.ListIterator.hasNext()
00:40:04.29 (42175517)|HEAP_ALLOCATE|[54]|Bytes:5
00:40:04.29 (42181605)|SYSTEM_METHOD_EXIT|[54]|system.ListIterator.hasNext()
00:40:04.29 (42195058)|VARIABLE_ASSIGNMENT|[54]|con|null|
00:40:04.29 (42200065)|STATEMENT_EXECUTE|[60]
00:40:04.29 (42214223)|METHOD_ENTRY|[60]|01p1R00000JmIn3|Contact_AccountSync.getAccountData(List<String>, List<String>)
00:40:04.29 (42266830)|VARIABLE_SCOPE_BEGIN|[105]|accIdList|List<String>|true|false
00:40:04.29 (42282985)|VARIABLE_ASSIGNMENT|[105]|accIdList|["0011R00002dhqrdQAA"]|0x4968615e
00:40:04.29 (42288243)|VARIABLE_SCOPE_BEGIN|[105]|conIdList|List<String>|true|false
00:40:04.29 (42295152)|VARIABLE_ASSIGNMENT|[105]|conIdList|["0031R00002SE9GpQAL"]|0x1b9f9e9c
00:40:04.29 (42301538)|STATEMENT_EXECUTE|[105]
00:40:04.29 (42302734)|STATEMENT_EXECUTE|[106]
00:40:04.29 (42316049)|HEAP_ALLOCATE|[106]|Bytes:4
00:40:04.29 (42349917)|VARIABLE_SCOPE_BEGIN|[106]|acctMap|Map<String,Account>|true|false
00:40:04.29 (42365765)|VARIABLE_ASSIGNMENT|[106]|acctMap|{}|0x121d38e9
00:40:04.29 (42373581)|HEAP_ALLOCATE|[107]|Bytes:237
00:40:04.29 (42384347)|HEAP_ALLOCATE|[107]|Bytes:4
00:40:04.29 (42390974)|HEAP_ALLOCATE|[107]|Bytes:7
00:40:04.29 (42400689)|HEAP_ALLOCATE|[107]|Bytes:7
00:40:04.29 (44962882)|SOQL_EXECUTE_BEGIN|[107]|Aggregations:0|SELECT Id, Name, BillingCity, BillingCountry, BillingPostalCode, BillingState, BillingStreet, Phone, Person_Email__c, Auth0Id__c, SMA_SMAId__c, RecordTypeId, RecordType.Name FROM Account WHERE (Id IN :tmpVar1 OR SMA_SMAId__c IN :tmpVar2)
00:40:04.29 (45008044)|LIMIT_USAGE|[107]|SOQL|1|200
00:40:04.29 (45020054)|LIMIT_USAGE|[107]|AGGS|0|600
00:40:04.29 (70981563)|SOQL_EXECUTE_EXPLAIN|[107]|Index on ApexExecutionOverlayAction : [ScopeId], cardinality: 0, sobjectCardinality: 1, relativeCost 0
00:40:04.29 (71001473)|SOQL_EXECUTE_END|[107]|Rows:1
00:40:04.29 (71028145)|LIMIT_USAGE|[107]|SOQL_ROWS|1|50000
00:40:04.29 (71040864)|HEAP_ALLOCATE|[EXTERNAL]|Bytes:8
00:40:04.29 (71140559)|SYSTEM_METHOD_ENTRY|[107]|Database.QueryLocator.iterator()
00:40:04.29 (71341605)|HEAP_ALLOCATE|[107]|Bytes:54
00:40:04.29 (71353629)|HEAP_ALLOCATE|[107]|Bytes:8
00:40:04.29 (71370947)|SYSTEM_METHOD_ENTRY|[7]|QueryLocatorIterator.QueryLocatorIterator()
00:40:04.29 (71374942)|STATEMENT_EXECUTE|[7]
00:40:04.29 (71384533)|SYSTEM_METHOD_EXIT|[7]|QueryLocatorIterator
00:40:04.29 (71391840)|HEAP_ALLOCATE|[107]|Bytes:28
00:40:04.29 (71425285)|HEAP_ALLOCATE|[107]|Bytes:8
00:40:04.29 (71434230)|HEAP_ALLOCATE|[107]|Bytes:8
00:40:04.29 (71436115)|HEAP_ALLOCATE|[107]|Bytes:8
00:40:04.29 (71440758)|VARIABLE_SCOPE_BEGIN|[15]|this|Database.QueryLocatorIterator|true|false
00:40:04.29 (71496181)|VARIABLE_ASSIGNMENT|[15]|this|{}|0x37b22b
00:40:04.29 (71502223)|VARIABLE_SCOPE_BEGIN|[15]|values|List<SObject>|true|false
00:40:04.29 (73741012)|VARIABLE_ASSIGNMENT|[15]|values|[{"BillingCountry":"Canada","BillingCity":"Brampton","SMA_SMAId__c":"0031R00002SE9GpQAL","RecordType":{"Id":"01236000000o9uVAAQ","Name":"Individual"},"Phone":"4379921113","RecordTypeId":"01236000000o9uVAAQ","Auth0Id__c":"auth0&#124;60b509d78f5fe1 (10 more) ...","BillingPostalCode":"L7A2Y5","Id":"0011R00002dhqrdQAA","Person_Email__c":"gilliqbal1989@gmail. (3 more) ...","BillingState":"Ontario","Name":"Iqbal Gill"}]|0x10c7de30
00:40:04.29 (73758426)|VARIABLE_SCOPE_BEGIN|[15]|ql|Database.QueryLocator|true|false
00:40:04.29 (73783510)|VARIABLE_ASSIGNMENT|[15]|ql|{"query":"SELECT Id, Name, Bil (217 more) ..."}|0x226eecdd
00:40:04.29 (73786511)|VARIABLE_SCOPE_BEGIN|[15]|totalNumRecords|Integer|false|false
00:40:04.29 (73794391)|VARIABLE_ASSIGNMENT|[15]|totalNumRecords|1
00:40:04.29 (73796535)|VARIABLE_SCOPE_BEGIN|[15]|queryMoreSize|Integer|false|false
00:40:04.29 (73800258)|VARIABLE_ASSIGNMENT|[15]|queryMoreSize|49999
00:40:04.29 (73881355)|HEAP_ALLOCATE|[107]|Bytes:28
00:40:04.29 (73893808)|SYSTEM_METHOD_EXIT|[107]|Database.QueryLocator.iterator()
00:40:04.29 (73932358)|METHOD_ENTRY|[107]||Database.QueryLocatorIterator.hasNext()
00:40:04.29 (73984945)|METHOD_EXIT|[107]||Database.QueryLocatorIterator.hasNext()
00:40:04.29 (73990914)|METHOD_ENTRY|[107]||Database.QueryLocatorIterator.next()
00:40:04.29 (74055079)|METHOD_EXIT|[107]||Database.QueryLocatorIterator.next()
00:40:04.29 (74061666)|VARIABLE_SCOPE_BEGIN|[107]|acc|Account|true|false
00:40:04.29 (74151666)|VARIABLE_ASSIGNMENT|[107]|acc|{"BillingCountry":"Canada","BillingCity":"Brampton","SMA_SMAId__c":"0031R00002SE9GpQAL","RecordType":{"Id":"01236000000o9uVAAQ","Name":"Individual"},"Phone":"4379921113","RecordTypeId":"01236000000o9uVAAQ","Auth0Id__c":"auth0&#124;60b509d78f5fe1 (10 more) ...","BillingPostalCode":"L7A2Y5","Id":"0011R00002dhqrdQAA","Person_Email__c":"gilliqbal1989@gmail. (3 more) ...","BillingState":"Ontario","Name":"Iqbal Gill"}|0x647f1ea1
00:40:04.29 (74159254)|STATEMENT_EXECUTE|[110]
00:40:04.29 (74208191)|SYSTEM_METHOD_ENTRY|[111]|String.isBlank(String)
00:40:04.29 (74232195)|SYSTEM_METHOD_EXIT|[111]|String.isBlank(String)
00:40:04.29 (74235875)|STATEMENT_EXECUTE|[111]
00:40:04.29 (74236699)|STATEMENT_EXECUTE|[112]
00:40:04.29 (74256222)|SYSTEM_METHOD_ENTRY|[112]|Map<String,Account>.put(Object, Object)
00:40:04.29 (74271515)|HEAP_ALLOCATE|[EXTERNAL]|Bytes:-4
00:40:04.29 (74277276)|SYSTEM_METHOD_EXIT|[112]|Map<String,Account>.put(Object, Object)
00:40:04.29 (74279685)|STATEMENT_EXECUTE|[114]
00:40:04.29 (74296060)|SYSTEM_METHOD_ENTRY|[114]|Map<String,Account>.put(Object, Object)
00:40:04.29 (74317203)|HEAP_ALLOCATE|[EXTERNAL]|Bytes:-4
00:40:04.29 (74321617)|SYSTEM_METHOD_EXIT|[114]|Map<String,Account>.put(Object, Object)
00:40:04.29 (74325102)|METHOD_ENTRY|[107]||Database.QueryLocatorIterator.hasNext()
00:40:04.29 (74333590)|METHOD_EXIT|[107]||Database.QueryLocatorIterator.hasNext()
00:40:04.29 (74338605)|VARIABLE_ASSIGNMENT|[107]|acc|null|
00:40:04.29 (74353755)|STATEMENT_EXECUTE|[116]
00:40:04.29 (74356677)|METHOD_EXIT|[60]|01p1R00000JmIn3|Contact_AccountSync.getAccountData(List<String>, List<String>)
00:40:04.29 (74360152)|VARIABLE_SCOPE_BEGIN|[60]|accountMap|Map<String,Account>|true|false
00:40:04.29 (74464878)|VARIABLE_ASSIGNMENT|[60]|accountMap|{"0031R00002SE9GpQAL":{"BillingCountry":"Canada","BillingCity":"Brampton","SMA_SMAId__c":"0031R00002SE9GpQAL","RecordType":{"Id":"01236000000o9uVAAQ","Name":"Individual"},"Phone":"4379921113","RecordTypeId":"01236000000o9uVAAQ","Auth0Id__c":"auth0&#124;60b509d78f5fe1 (10 more) ...","BillingPostalCode":"L7A2Y5","Id":"0011R00002dhqrdQAA","Person_Email__c":"gilliqbal1989@gmail. (3 more) ...","BillingState":"Ontario","Name":"Iqbal Gill"},"0011R00002dhqrdQAA":{"BillingCountry":"Canada","BillingCity":"Brampton","SMA_SMAId__c":"0031R00002SE9GpQAL","RecordType":{"Id":"01236000000o9uVAAQ","Name":"Individual"},"Phone":"4379921113","RecordTypeId":"01236000000o9uVAAQ","Auth0Id__c":"auth0&#124;60b509d78f5fe1 (10 more) ...","BillingPostalCode":"L7A2Y5","Id":"0011R00002dhqrdQAA","Person_Email__c":"gilliqbal1989@gmail. (3 more) ...","BillingState":"Ontario","Name":"Iqbal Gill"}}|0x121d38e9
00:40:04.29 (74472866)|STATEMENT_EXECUTE|[61]
00:40:04.29 (74480863)|METHOD_ENTRY|[61]|01p1R00000JmIn3|Contact_AccountSync.getContactData(List<String>)
00:40:04.29 (74495136)|VARIABLE_SCOPE_BEGIN|[119]|conIdList|List<String>|true|false
00:40:04.29 (74506591)|VARIABLE_ASSIGNMENT|[119]|conIdList|["0031R00002SE9GpQAL"]|0x1b9f9e9c
00:40:04.29 (74510045)|STATEMENT_EXECUTE|[119]
00:40:04.29 (74510801)|STATEMENT_EXECUTE|[120]
00:40:04.29 (74513493)|HEAP_ALLOCATE|[120]|Bytes:264
00:40:04.29 (74527926)|HEAP_ALLOCATE|[120]|Bytes:4
00:40:04.29 (75026563)|SOQL_EXECUTE_BEGIN|[120]|Aggregations:0|SELECT Id, FirstName, LastName, Name, MailingCity, MailingCountry, MailingPostalCode, MailingState, MailingStreet, Phone, Email, RecordTypeId, AccountId, CS_Birth_Date__c, MailingCountryCode, Auth0Id__c, IDM_ID__c, Loyalty_Card__c FROM Contact WHERE Id IN :tmpVar1
00:40:04.29 (75053803)|LIMIT_USAGE|[120]|SOQL|2|200
00:40:04.29 (75060828)|LIMIT_USAGE|[120]|AGGS|0|600
00:40:04.29 (83357335)|SOQL_EXECUTE_EXPLAIN|[120]|Index on Contact : [Id], cardinality: 1, sobjectCardinality: 10303891, relativeCost 0
00:40:04.29 (83374940)|SOQL_EXECUTE_END|[120]|Rows:1
00:40:04.29 (83402410)|LIMIT_USAGE|[120]|SOQL_ROWS|2|50000
00:40:04.29 (83419179)|HEAP_ALLOCATE|[120]|Bytes:8
00:40:04.29 (83446439)|HEAP_ALLOCATE|[120]|Bytes:468
00:40:04.29 (83499705)|HEAP_ALLOCATE|[120]|Bytes:8
00:40:04.29 (83521921)|METHOD_EXIT|[61]|01p1R00000JmIn3|Contact_AccountSync.getContactData(List<String>)
00:40:04.29 (83532325)|VARIABLE_SCOPE_BEGIN|[61]|conList|List<Contact>|true|false
00:40:04.29 (83704527)|VARIABLE_ASSIGNMENT|[61]|conList|[{"Email":"gilliqbal1989@gmail. (3 more) ...","AccountId":"0011R00002dhqrdQAA","FirstName":"Iqbal","MailingCountry":"Canada","Loyalty_Card__c":"77785061867143","MailingCity":"Brampton","MailingState":"Ontario","Name":"Iqbal Gill","IDM_ID__c":"2ad85989-7b3c-4c60-b (16 more) ...","Phone":"4379921113","MailingPostalCode":"L7A2Y5","RecordTypeId":"01236000001HthEAAS","CS_Birth_Date__c":"1988-12-27T00:00:00.000Z","MailingCountryCode":"CA","Auth0Id__c":"auth0&#124;60b509d78f5fe1 (10 more) ...","Id":"0031R00002SE9GpQAL","LastName":"Gill"}]|0x5eec8388
00:40:04.29 (83731902)|SYSTEM_METHOD_ENTRY|[64]|List<Contact>.iterator()
00:40:04.29 (83775097)|SYSTEM_METHOD_EXIT|[64]|List<Contact>.iterator()
00:40:04.29 (83786101)|SYSTEM_METHOD_ENTRY|[64]|system.ListIterator.hasNext()
00:40:04.29 (83803542)|HEAP_ALLOCATE|[64]|Bytes:5
00:40:04.29 (83809322)|SYSTEM_METHOD_EXIT|[64]|system.ListIterator.hasNext()
00:40:04.29 (83823787)|HEAP_ALLOCATE|[64]|Bytes:72
00:40:04.29 (83833887)|VARIABLE_SCOPE_BEGIN|[64]|con|Contact|true|false
00:40:04.29 (83902121)|VARIABLE_ASSIGNMENT|[64]|con|{"Email":"gilliqbal1989@gmail. (3 more) ...","AccountId":"0011R00002dhqrdQAA","FirstName":"Iqbal","MailingCountry":"Canada","Loyalty_Card__c":"77785061867143","MailingCity":"Brampton","MailingState":"Ontario","Name":"Iqbal Gill","IDM_ID__c":"2ad85989-7b3c-4c60-b (16 more) ...","Phone":"4379921113","MailingPostalCode":"L7A2Y5","RecordTypeId":"01236000001HthEAAS","CS_Birth_Date__c":"1988-12-27T00:00:00.000Z","MailingCountryCode":"CA","Auth0Id__c":"auth0&#124;60b509d78f5fe1 (10 more) ...","Id":"0031R00002SE9GpQAL","LastName":"Gill"}|0x6f758df4
00:40:04.29 (83910398)|STATEMENT_EXECUTE|[64]
00:40:04.29 (83911573)|STATEMENT_EXECUTE|[65]
00:40:04.29 (83914471)|VARIABLE_SCOPE_BEGIN|[65]|acct|Account|true|false
00:40:04.29 (83920220)|VARIABLE_ASSIGNMENT|[65]|acct|null|
00:40:04.29 (83937652)|STATEMENT_EXECUTE|[66]
00:40:04.29 (83962877)|SYSTEM_METHOD_ENTRY|[66]|Map<String,Account>.get(Object)
00:40:04.29 (83995438)|SYSTEM_METHOD_EXIT|[66]|Map<String,Account>.get(Object)
00:40:04.29 (84088116)|VARIABLE_ASSIGNMENT|[66]|acct|{"BillingCountry":"Canada","BillingCity":"Brampton","SMA_SMAId__c":"0031R00002SE9GpQAL","RecordType":{"Id":"01236000000o9uVAAQ","Name":"Individual"},"Phone":"4379921113","RecordTypeId":"01236000000o9uVAAQ","Auth0Id__c":"auth0&#124;60b509d78f5fe1 (10 more) ...","BillingPostalCode":"L7A2Y5","Id":"0011R00002dhqrdQAA","Person_Email__c":"gilliqbal1989@gmail. (3 more) ...","BillingState":"Ontario","Name":"Iqbal Gill"}|0x647f1ea1
00:40:04.29 (84097559)|STATEMENT_EXECUTE|[67]
00:40:04.29 (84116418)|METHOD_ENTRY|[72]|01p1R00000JmIn3|Contact_AccountSync.wasContactDataChanged(Contact, String)
00:40:04.29 (84135713)|VARIABLE_SCOPE_BEGIN|[142]|con|Contact|true|false
00:40:04.29 (84192589)|VARIABLE_ASSIGNMENT|[142]|con|{"Email":"gilliqbal1989@gmail. (3 more) ...","AccountId":"0011R00002dhqrdQAA","FirstName":"Iqbal","MailingCountry":"Canada","Loyalty_Card__c":"77785061867143","MailingCity":"Brampton","MailingState":"Ontario","Name":"Iqbal Gill","IDM_ID__c":"2ad85989-7b3c-4c60-b (16 more) ...","Phone":"4379921113","MailingPostalCode":"L7A2Y5","RecordTypeId":"01236000001HthEAAS","CS_Birth_Date__c":"1988-12-27T00:00:00.000Z","MailingCountryCode":"CA","Auth0Id__c":"auth0&#124;60b509d78f5fe1 (10 more) ...","Id":"0031R00002SE9GpQAL","LastName":"Gill"}|0x6f758df4
00:40:04.29 (84199776)|VARIABLE_SCOPE_BEGIN|[142]|oldMapJson|String|false|false
00:40:04.29 (84205406)|VARIABLE_ASSIGNMENT|[142]|oldMapJson|"{\"0031R00002SE9GpQAL (3716 more) ..."
00:40:04.29 (84210311)|STATEMENT_EXECUTE|[142]
00:40:04.29 (84211299)|STATEMENT_EXECUTE|[143]
00:40:04.29 (84213741)|VARIABLE_SCOPE_BEGIN|[143]|changed|Boolean|false|false
00:40:04.29 (84219835)|HEAP_ALLOCATE|[143]|Bytes:5
00:40:04.29 (84223964)|VARIABLE_ASSIGNMENT|[143]|changed|false
00:40:04.29 (84241319)|SYSTEM_METHOD_ENTRY|[145]|String.isBlank(String)
00:40:04.29 (84256447)|SYSTEM_METHOD_EXIT|[145]|String.isBlank(String)
00:40:04.29 (84261826)|HEAP_ALLOCATE|[145]|Bytes:4
00:40:04.29 (84303274)|STATEMENT_EXECUTE|[145]
00:40:04.29 (84304140)|STATEMENT_EXECUTE|[146]
00:40:04.29 (84305652)|HEAP_ALLOCATE|[146]|Bytes:89
00:40:04.29 (84387164)|HEAP_ALLOCATE|[146]|Bytes:8
00:40:04.29 (84393920)|HEAP_ALLOCATE|[146]|Bytes:8
00:40:04.29 (84397148)|VARIABLE_SCOPE_BEGIN|[4]|this|System.Type|true|false
00:40:04.29 (84422973)|VARIABLE_ASSIGNMENT|[4]|this|{}|0x786f2eed
00:40:04.29 (84426139)|VARIABLE_SCOPE_BEGIN|[4]|apextype|java:common.apex.runtime.ApexObjectType|true|false
00:40:04.29 (84480199)|VARIABLE_ASSIGNMENT|[4]|apextype|"Map<Id,SObject>"|0x2bedbed1
00:40:04.29 (84515868)|HEAP_ALLOCATE|[146]|Bytes:8
00:40:04.29 (84523396)|METHOD_ENTRY|[146]||System.JSON.deserialize(String, System.Type)
00:40:04.29 (85368718)|METHOD_EXIT|[146]||System.JSON.deserialize(String, System.Type)
00:40:04.29 (85383220)|VARIABLE_SCOPE_BEGIN|[146]|oldMap|Map<Id,SObject>|true|false
00:40:04.29 (85710322)|VARIABLE_ASSIGNMENT|[146]|oldMap|{"0031R00002SE9GpQAL":{"Auto_Email_Receipts__c":false,"LastModifiedDate":"2026-02-21T11:19:42.000Z","AccountId":"0011R00002dhqrdQAA","Email":"gilliqbal1989@gmail. (3 more) ...","CloudingoAgent__MAS__c":0.0,"Phone_Verified__c":false,"DSAR__c":false,"RegistrationDate__c":"2021-05-31T16:07:51.000Z","HasOptedOutOfFax":false,"Is_Owner_Active__c":true,"Text_Opt_in__c":false,"Employee_HasSubordinates__c":false,"Factoring_Authorized_Signor__c":false,"HC_ID__c":"c322602c-c94a-49c7-8 (16 more) ...","CreatedById":"0053600000D52rBAAR","Email_Unsubscribed_Time__c":"2023-10-28T08:55:37.000Z","MailingLatitude":43.68571,"Customer_Type__c":"Commercial","Count__c":1.0,"Fishing__c":false,"Auth0Id__c":"auth0&#124;60b509d78f5fe1 (10 more) ...","Driver_Type__c":"Commercial","Incomplete_Contact__c":false,"Special__c":" ","LA_LastPaymentMethod_Fuel__c":"[{\"context\":\"fuel\",\" (151 more) ...","IndividualId":"0PKbV000000IGBKWA4","Phone_Unsubscribed_Time__c":"2023-10-28T08:55:37.000Z","IsDeleted":false,"AgeVerificationStatus__c":"NONE","Email_Verified__c":true,"IsEmailBounced":false,"RegistrationSource__c":"Love's App","OtherCountryCode":"US","Receipt_Unsubscribed_Time__c":"2021-05-31T16:07:55.000Z","Loyalty_Terms_Accepted__c":"2021-05-31T16:07:52.000Z","Golf__c":false,"CloudingoAgent__OAS__c":0.0,"HasOptedOutOfEmail":false,"MailingCity":"Brampton","SF_ID__c":"0031R00002SE9GpQAL","Contractor_Review_Date__c":"2021-11-27T00:00:00.000Z","Authorized_Signor__c":false,"Email_Preference__c":false,"MailingStateCode":"ON","Phone_Opt_in__c":false,"CS_Birth_Date__c":"1988-12-27T00:00:00.000Z","CreatedDate":"2021-05-31T16:07:55.000Z","MailingCountryCode":"CA","Hunting__c":false,"LastName":"Gill","Id":"0031R00002SE9GpQAL","Data_Quality_Score__c":50.0,"TEMPTextPrefETL__c":1.0,"DNC_Indicator__c":"_IM1_/sfc/servlet.sh (168 more) ...","Active__c":true,"Admin_Lock__c":false,"DoNotCall":false,"Phone_Preference__c":false,"MailingCountry":"Canada","Loyalty_Card__c":"77785061867143","Text_Preference__c":false,"Push_Preference__c":false,"MailingState":"Ontario","ManagerName__c":" ","IDM_ID__c":"2ad85989-7b3c-4c60-b (16 more) ...","MobilePlus1__c":"N/A","Data_Quality_Description__c":"Missing: Complete Ad (19 more) ...","et4ae5__HasOptedOutOfMobile__c":false,"Email_Opt_in__c":false,"OwnerId":"0053600000D52rBAAR","MailingLongitude":-79.82975,"AgeRestrictedContentPreference__c":false,"Phone":"4379921113","MailingPostalCode":"L7A2Y5","RecordTypeId":"01236000001HthEAAS","OtherCountry":"United States","MailingGeocodeAccuracy":"ExtendedZip","Primary_Contact__c":false,"IsPriorityRecord":false,"PhonePlus1__c":"+14379921113","SFMC_Test_Record__c":false,"Terms_Accepted__c":"2021-05-31T16:07:50.000Z","Guarantor__c":false,"FirstName":"Iqbal","SFMC_No_Sync__c":false,"LA_LastPaymentMethod_Shower__c":"[{\"context\":\"shower\" (202 more) ...","Factoring_Guarantor__c":false,"SystemModstamp":"2026-02-21T11:19:42.000Z","NASCAR__c":false,"Text_Unsubscribed_Time__c":"2023-10-28T08:55:37.000Z","attributes":{"type":"Contact","url":"/services/data/v66.0 (36 more) ..."},"Primary_Loyalty_Account__c":"a411R000001dLcoQAE","LastModifiedById":"0053600000D52rBAAR","CloudingoAgent__CES__c":0.0}}|0x255edf3d
00:40:04.29 (85735795)|STATEMENT_EXECUTE|[147]
00:40:04.29 (85737115)|STATEMENT_EXECUTE|[148]
00:40:04.29 (85763275)|SYSTEM_METHOD_ENTRY|[148]|Map<Id,SObject>.get(Object)
00:40:04.29 (85785464)|SYSTEM_METHOD_EXIT|[148]|Map<Id,SObject>.get(Object)
00:40:04.29 (85795755)|VARIABLE_SCOPE_BEGIN|[148]|oldCon|Contact|true|false
00:40:04.29 (86027667)|VARIABLE_ASSIGNMENT|[148]|oldCon|{"Auto_Email_Receipts__c":false,"LastModifiedDate":"2026-02-21T11:19:42.000Z","AccountId":"0011R00002dhqrdQAA","Email":"gilliqbal1989@gmail. (3 more) ...","CloudingoAgent__MAS__c":0.0,"Phone_Verified__c":false,"DSAR__c":false,"RegistrationDate__c":"2021-05-31T16:07:51.000Z","HasOptedOutOfFax":false,"Is_Owner_Active__c":true,"Text_Opt_in__c":false,"Employee_HasSubordinates__c":false,"Factoring_Authorized_Signor__c":false,"HC_ID__c":"c322602c-c94a-49c7-8 (16 more) ...","CreatedById":"0053600000D52rBAAR","Email_Unsubscribed_Time__c":"2023-10-28T08:55:37.000Z","MailingLatitude":43.68571,"Customer_Type__c":"Commercial","Count__c":1.0,"Fishing__c":false,"Auth0Id__c":"auth0&#124;60b509d78f5fe1 (10 more) ...","Driver_Type__c":"Commercial","Incomplete_Contact__c":false,"Special__c":" ","LA_LastPaymentMethod_Fuel__c":"[{\"context\":\"fuel\",\" (151 more) ...","IndividualId":"0PKbV000000IGBKWA4","Phone_Unsubscribed_Time__c":"2023-10-28T08:55:37.000Z","IsDeleted":false,"AgeVerificationStatus__c":"NONE","Email_Verified__c":true,"IsEmailBounced":false,"RegistrationSource__c":"Love's App","OtherCountryCode":"US","Receipt_Unsubscribed_Time__c":"2021-05-31T16:07:55.000Z","Loyalty_Terms_Accepted__c":"2021-05-31T16:07:52.000Z","Golf__c":false,"CloudingoAgent__OAS__c":0.0,"HasOptedOutOfEmail":false,"MailingCity":"Brampton","SF_ID__c":"0031R00002SE9GpQAL","Contractor_Review_Date__c":"2021-11-27T00:00:00.000Z","Authorized_Signor__c":false,"Email_Preference__c":false,"MailingStateCode":"ON","Phone_Opt_in__c":false,"CS_Birth_Date__c":"1988-12-27T00:00:00.000Z","CreatedDate":"2021-05-31T16:07:55.000Z","MailingCountryCode":"CA","Hunting__c":false,"LastName":"Gill","Id":"0031R00002SE9GpQAL","Data_Quality_Score__c":50.0,"TEMPTextPrefETL__c":1.0,"DNC_Indicator__c":"_IM1_/sfc/servlet.sh (168 more) ...","Active__c":true,"Admin_Lock__c":false,"DoNotCall":false,"Phone_Preference__c":false,"MailingCountry":"Canada","Loyalty_Card__c":"77785061867143","Text_Preference__c":false,"Push_Preference__c":false,"MailingState":"Ontario","ManagerName__c":" ","IDM_ID__c":"2ad85989-7b3c-4c60-b (16 more) ...","MobilePlus1__c":"N/A","Data_Quality_Description__c":"Missing: Complete Ad (19 more) ...","et4ae5__HasOptedOutOfMobile__c":false,"Email_Opt_in__c":false,"OwnerId":"0053600000D52rBAAR","MailingLongitude":-79.82975,"AgeRestrictedContentPreference__c":false,"Phone":"4379921113","MailingPostalCode":"L7A2Y5","RecordTypeId":"01236000001HthEAAS","OtherCountry":"United States","MailingGeocodeAccuracy":"ExtendedZip","Primary_Contact__c":false,"IsPriorityRecord":false,"PhonePlus1__c":"+14379921113","SFMC_Test_Record__c":false,"Terms_Accepted__c":"2021-05-31T16:07:50.000Z","Guarantor__c":false,"FirstName":"Iqbal","SFMC_No_Sync__c":false,"LA_LastPaymentMethod_Shower__c":"[{\"context\":\"shower\" (202 more) ...","Factoring_Guarantor__c":false,"SystemModstamp":"2026-02-21T11:19:42.000Z","NASCAR__c":false,"Text_Unsubscribed_Time__c":"2023-10-28T08:55:37.000Z","attributes":{"type":"Contact","url":"/services/data/v66.0 (36 more) ..."},"Primary_Loyalty_Account__c":"a411R000001dLcoQAE","LastModifiedById":"0053600000D52rBAAR","CloudingoAgent__CES__c":0.0}|0x1f14e8dd
00:40:04.29 (86049865)|STATEMENT_EXECUTE|[149]
00:40:04.29 (86076016)|STATEMENT_EXECUTE|[151]
00:40:04.29 (86084202)|STATEMENT_EXECUTE|[152]
00:40:04.29 (86093190)|STATEMENT_EXECUTE|[153]
00:40:04.29 (86101370)|STATEMENT_EXECUTE|[154]
00:40:04.29 (86135675)|SYSTEM_METHOD_ENTRY|[155]|com.salesforce.api.interop.apex.bcl.DateMethods.compareTo(Date)
00:40:04.29 (86151922)|SYSTEM_METHOD_EXIT|[155]|com.salesforce.api.interop.apex.bcl.DateMethods.compareTo(Date)
00:40:04.29 (86155314)|STATEMENT_EXECUTE|[155]
00:40:04.29 (86160202)|STATEMENT_EXECUTE|[156]
00:40:04.29 (86171680)|STATEMENT_EXECUTE|[157]
00:40:04.29 (86179450)|STATEMENT_EXECUTE|[158]
00:40:04.29 (86187364)|STATEMENT_EXECUTE|[159]
00:40:04.29 (86194817)|STATEMENT_EXECUTE|[160]
00:40:04.29 (86201580)|STATEMENT_EXECUTE|[161]
00:40:04.29 (86209097)|STATEMENT_EXECUTE|[162]
00:40:04.29 (86209903)|STATEMENT_EXECUTE|[163]
00:40:04.29 (86214277)|METHOD_EXIT|[72]|01p1R00000JmIn3|Contact_AccountSync.wasContactDataChanged(Contact, String)
00:40:04.29 (86220062)|STATEMENT_EXECUTE|[69]
00:40:04.29 (86227292)|SYSTEM_METHOD_ENTRY|[64]|system.ListIterator.hasNext()
00:40:04.29 (86236162)|HEAP_ALLOCATE|[64]|Bytes:5
00:40:04.29 (86240674)|SYSTEM_METHOD_EXIT|[64]|system.ListIterator.hasNext()
00:40:04.29 (86246645)|VARIABLE_ASSIGNMENT|[64]|con|null|
00:40:04.29 (86250270)|STATEMENT_EXECUTE|[78]
00:40:04.29 (86251043)|STATEMENT_EXECUTE|[78]
00:40:04.29 (86251935)|STATEMENT_EXECUTE|[79]
00:40:04.29 (86324361)|HEAP_ALLOCATE|[EXTERNAL]|Bytes:4
00:40:04.29 (86329313)|STATEMENT_EXECUTE|[83]
00:40:04.29 (86343880)|HEAP_ALLOCATE|[83]|Bytes:4
00:40:04.29 (86352858)|VARIABLE_SCOPE_BEGIN|[83]|conIdAccIdMap|Map<String,String>|true|false
00:40:04.29 (86361270)|VARIABLE_ASSIGNMENT|[83]|conIdAccIdMap|{}|0xea00264
00:40:04.29 (86369744)|SYSTEM_METHOD_ENTRY|[84]|List<Account>.iterator()
00:40:04.29 (86451271)|SYSTEM_METHOD_EXIT|[84]|List<Account>.iterator()
00:40:04.29 (86465872)|SYSTEM_METHOD_ENTRY|[84]|system.ListIterator.hasNext()
00:40:04.29 (86471282)|HEAP_ALLOCATE|[84]|Bytes:5
00:40:04.29 (86474088)|SYSTEM_METHOD_EXIT|[84]|system.ListIterator.hasNext()
00:40:04.29 (86478541)|VARIABLE_ASSIGNMENT|[84]|updAcct|null|
00:40:04.29 (86481003)|STATEMENT_EXECUTE|[84]
00:40:04.29 (86481960)|STATEMENT_EXECUTE|[87]
00:40:04.29 (86489105)|HEAP_ALLOCATE|[87]|Bytes:4
00:40:04.29 (86500715)|SYSTEM_CONSTRUCTOR_ENTRY|[87]|<init>()
00:40:04.29 (86513031)|SYSTEM_CONSTRUCTOR_EXIT|[87]|<init>()
00:40:04.29 (86515040)|VARIABLE_SCOPE_BEGIN|[87]|updateList|List<Contact>|true|false
00:40:04.29 (86520158)|HEAP_ALLOCATE|[EXTERNAL]|Bytes:4
00:40:04.29 (86526618)|VARIABLE_ASSIGNMENT|[87]|updateList|[]|0x45201ae
00:40:04.29 (86531412)|SYSTEM_METHOD_ENTRY|[88]|List<Contact>.iterator()
00:40:04.29 (86536463)|SYSTEM_METHOD_EXIT|[88]|List<Contact>.iterator()
00:40:04.29 (86539709)|SYSTEM_METHOD_ENTRY|[88]|system.ListIterator.hasNext()
00:40:04.29 (86542302)|HEAP_ALLOCATE|[88]|Bytes:5
00:40:04.29 (86544551)|SYSTEM_METHOD_EXIT|[88]|system.ListIterator.hasNext()
00:40:04.29 (86551143)|HEAP_ALLOCATE|[88]|Bytes:72
00:40:04.29 (86555892)|VARIABLE_SCOPE_BEGIN|[88]|con|Contact|true|false
00:40:04.29 (86647053)|VARIABLE_ASSIGNMENT|[88]|con|{"Email":"gilliqbal1989@gmail. (3 more) ...","AccountId":"0011R00002dhqrdQAA","FirstName":"Iqbal","MailingCountry":"Canada","Loyalty_Card__c":"77785061867143","MailingCity":"Brampton","MailingState":"Ontario","Name":"Iqbal Gill","IDM_ID__c":"2ad85989-7b3c-4c60-b (16 more) ...","Phone":"4379921113","MailingPostalCode":"L7A2Y5","RecordTypeId":"01236000001HthEAAS","CS_Birth_Date__c":"1988-12-27T00:00:00.000Z","MailingCountryCode":"CA","Auth0Id__c":"auth0&#124;60b509d78f5fe1 (10 more) ...","Id":"0031R00002SE9GpQAL","LastName":"Gill"}|0x6f758df4
00:40:04.29 (86654644)|STATEMENT_EXECUTE|[88]
00:40:04.29 (86659994)|STATEMENT_EXECUTE|[89]
00:40:04.29 (86662519)|SYSTEM_METHOD_ENTRY|[88]|system.ListIterator.hasNext()
00:40:04.29 (86666140)|HEAP_ALLOCATE|[88]|Bytes:5
00:40:04.29 (86668320)|SYSTEM_METHOD_EXIT|[88]|system.ListIterator.hasNext()
00:40:04.29 (86671714)|VARIABLE_ASSIGNMENT|[88]|con|null|
00:40:04.29 (86676004)|SYSTEM_METHOD_ENTRY|[96]|List<Contact>.size()
00:40:04.29 (86682755)|SYSTEM_METHOD_EXIT|[96]|List<Contact>.size()
00:40:04.29 (86686152)|STATEMENT_EXECUTE|[96]
00:40:04.29 (86689814)|METHOD_EXIT|[45]|01p1R00000JmIn3|Contact_AccountSync.handle(List<Contact>, String)
00:40:04.86 (86712307)|CUMULATIVE_LIMIT_USAGE
00:40:04.86 (86712307)|LIMIT_USAGE_FOR_NS|(default)|
  Number of SOQL queries: 2 out of 200
  Number of query rows: 2 out of 50000
  Number of SOSL queries: 0 out of 20
  Number of DML statements: 0 out of 150
  Number of Publish Immediate DML: 0 out of 150
  Number of DML rows: 0 out of 10000
  Maximum CPU time: 0 out of 60000
  Maximum heap size: 0 out of 12000000
  Number of callouts: 0 out of 100
  Number of Email Invocations: 0 out of 10
  Number of future calls: 0 out of 50
  Number of queueable jobs added to the queue: 0 out of 1
  Number of Mobile Apex push calls: 0 out of 10

00:40:04.86 (86712307)|TOTAL_EMAIL_RECIPIENTS_QUEUED|0
00:40:04.86 (86712307)|STATIC_VARIABLE_LIST|
  int:BYTES:0
  int:BYTES:0
  byte[]:DigitOnes:0
  byte[]:DigitTens:0
  Boolean:FALSE:0
  int:MAX_EXPONENT:0
  double:MAX_VALUE:0
  int:MAX_VALUE:0
  int:MIN_EXPONENT:0
  double:MIN_NORMAL:0
  double:MIN_VALUE:0
  int:MIN_VALUE:0
  double:NEGATIVE_INFINITY:0
  double:NaN:0
  double:POSITIVE_INFINITY:0
  int:PRECISION:0
  int:SIZE:0
  int:SIZE:0
  Boolean:TRUE:0
  String:__sfdcParameterizedTypes:0
  String:_sfdcAdditionalCodeLocations:0
  String:_sfdcAdditionalCodeLocations:0
  String:_sfdcAdditionalCodeLocations:0
  String:_sfdcAdditionalCodeLocations:0
  String:_sfdcAdditionalCodeLocations:0
  String:_static_RECTYPE_INDIV:0
  char[]:digits:0
  long:serialVersionUID:0
  long:serialVersionUID:0
  long:serialVersionUID:0

00:40:04.86 (86712307)|CUMULATIVE_LIMIT_USAGE_END

00:40:04.29 (86916252)|CODE_UNIT_FINISHED|Contact_AccountSync.handleAtFuture(String, String)
00:40:04.29 (86932010)|EXECUTION_FINISHED
00:40:04.161 (161407028)|CUMULATIVE_PROFILING_BEGIN
00:40:04.161 (161407028)|CUMULATIVE_PROFILING|SOQL operations|
Class.Contact_AccountSync.getAccountData: line 107, column 1: [SELECT Id, Name,BillingCity,BillingCountry,BillingPostalCode,BillingState,BillingStreet,Phone,
                                  Person_Email__c,Auth0Id__c,SMA_SMAId__c,RecordTypeId,RecordType.Name
                             FROM Account 
                            WHERE Id IN :accIdList or SMA_SMAId__c in :conIdList]: executed 5 times in 32 ms
Class.Contact_AccountSync.getContactData: line 120, column 1: [SELECT Id, FirstName, LastName, Name, MailingCity, MailingCountry, MailingPostalCode, MailingState, MailingStreet, Phone, Email, 
                       RecordTypeId, AccountId, CS_Birth_Date__c, 
                       MailingCountryCode, Auth0Id__c, IDM_ID__c, Loyalty_Card__c
                  FROM Contact 
                 WHERE Id IN: conIdList]: executed 1 time in 9 ms

00:40:04.161 (161407028)|CUMULATIVE_PROFILING|No profiling information for SOSL operations
00:40:04.161 (161407028)|CUMULATIVE_PROFILING|DML operations|
Class.Contact_AccountSync.handle: line 79, column 1: Upsert: List<Account>: executed 1 time in 0 ms

00:40:04.161 (161407028)|CUMULATIVE_PROFILING|method invocations|
External entry point: public static void handleAtFuture(String, String): executed 1 time in 56 ms
Class.Contact_AccountSync.handleAtFuture: line 45, column 1: public static void handle(List<Contact>, String): executed 1 time in 46 ms
Class.Contact_AccountSync.handle: line 60, column 1: private static Map<String,Account> getAccountData(List<String>, List<String>): executed 1 time in 32 ms
Class.Contact_AccountSync.handle: line 61, column 1: private static List<Contact> getContactData(List<String>): executed 1 time in 9 ms
Class.Contact_AccountSync.handleAtFuture: line 44, column 1: global static Object deserialize(String, System.Type): executed 1 time in 5 ms
Class.Contact_AccountSync.handle: line 72, column 1: private static Boolean wasContactDataChanged(Contact, String): executed 1 time in 2 ms
Class.Contact_AccountSync.wasContactDataChanged: line 146, column 1: global static Object deserialize(String, System.Type): executed 1 time in 1 ms
Class.Contact_AccountSync.wasContactDataChanged: line 148, column 1: global public Object get(Object): executed 1 time in 1 ms
Class.Contact_AccountSync.handle: line 64, column 1: global public System.Iterator iterator(): executed 3 times in 0 ms
Class.Contact_AccountSync.handle: line 66, column 1: global public Object get(Object): executed 1 time in 0 ms
Class.Contact_AccountSync.wasContactDataChanged: line 145, column 1: public static Boolean isBlank(String): executed 1 time in 0 ms

00:40:04.161 (161407028)|CUMULATIVE_PROFILING_END
