66.0 APEX_CODE,FINEST;APEX_PROFILING,FINEST;CALLOUT,FINEST;DATA_ACCESS,INFO;DB,FINEST;NBA,FINEST;SYSTEM,FINE;VALIDATION,INFO;VISUALFORCE,FINER;WAVE,FINEST;WORKFLOW,FINER
22:40:14.0 (523553)|USER_INFO|[EXTERNAL]|00536000001Ebgm|autoproc@00d36000000kq3ueac|(GMT-08:00) Pacific Standard Time (America/Los_Angeles)|GMT-08:00
22:40:14.0 (608017)|EXECUTION_STARTED
22:40:14.0 (630973)|CODE_UNIT_STARTED|[EXTERNAL]|01qbV000003N9GX|ServiceLogEventTrigger on Service_Log_Event trigger event AfterInsert|__sfdc_trigger/ServiceLogEventTrigger
22:40:14.0 (702106)|HEAP_ALLOCATE|[EXTERNAL]|Bytes:8
22:40:14.0 (1387238)|HEAP_ALLOCATE|[95]|Bytes:3
22:40:14.0 (1435950)|HEAP_ALLOCATE|[100]|Bytes:152
22:40:14.0 (1449300)|HEAP_ALLOCATE|[417]|Bytes:408
22:40:14.0 (1460819)|HEAP_ALLOCATE|[430]|Bytes:408
22:40:14.0 (1480726)|HEAP_ALLOCATE|[317]|Bytes:6
22:40:14.0 (1498277)|HEAP_ALLOCATE|[EXTERNAL]|Bytes:8
22:40:14.0 (1507153)|VARIABLE_SCOPE_BEGIN|[12]|this|ServiceLogEventTrigger|true|false
22:40:14.0 (1608031)|VARIABLE_ASSIGNMENT|[12]|this|{}|0x4214a1ad
22:40:14.0 (1636352)|HEAP_ALLOCATE|[EXTERNAL]|Bytes:8
22:40:14.0 (1640487)|VARIABLE_SCOPE_BEGIN|[12]|this|ServiceLogEventTrigger|true|false
22:40:14.0 (1653617)|VARIABLE_ASSIGNMENT|[12]|this|{}|0x4214a1ad
22:40:14.0 (1662212)|STATEMENT_EXECUTE|[12]
22:40:14.0 (1663162)|STATEMENT_EXECUTE|[13]
22:40:14.0 (1812794)|HEAP_ALLOCATE|[13]|Bytes:4
22:40:14.0 (1871640)|SYSTEM_CONSTRUCTOR_ENTRY|[13]|<init>()
22:40:14.0 (1901427)|SYSTEM_CONSTRUCTOR_EXIT|[13]|<init>()
22:40:14.0 (1923883)|HEAP_ALLOCATE|[68]|Bytes:5
22:40:14.0 (1948305)|HEAP_ALLOCATE|[74]|Bytes:5
22:40:14.0 (1955421)|HEAP_ALLOCATE|[82]|Bytes:7
22:40:14.0 (2145443)|HEAP_ALLOCATE|[EXTERNAL]|Bytes:4
22:40:14.0 (2176524)|VARIABLE_ASSIGNMENT|[13]|this.serviceLogs|[]|0x4214a1ad
22:40:14.0 (2275590)|SYSTEM_METHOD_ENTRY|[16]|List<Service_Log_Event__e>.iterator()
22:40:14.0 (2379500)|SYSTEM_METHOD_EXIT|[16]|List<Service_Log_Event__e>.iterator()
22:40:14.0 (2395389)|SYSTEM_METHOD_ENTRY|[16]|system.ListIterator.hasNext()
22:40:14.0 (2408988)|HEAP_ALLOCATE|[16]|Bytes:5
22:40:14.0 (2413264)|SYSTEM_METHOD_EXIT|[16]|system.ListIterator.hasNext()
22:40:14.0 (2449431)|VARIABLE_SCOPE_BEGIN|[16]|evt|Service_Log_Event__e|true|false
22:40:14.0 (2604013)|VARIABLE_ASSIGNMENT|[16]|evt|{"CreatedById":"00536000006CafHAAS","Payload__c":"{\"attributes\":{\"type (17981 more) ...","ReplayId":"28144269","EventUuid":"1f4e0a4a-e7b0-41a8-a (16 more) ...","CreatedDate":"2026-02-22T06:40:14.000Z","OwnerId__c":"00536000006CafHAAS","Id":"e0Fxx000001u5bpEAA"}|0xc1780ca
22:40:14.0 (2613629)|STATEMENT_EXECUTE|[16]
22:40:14.0 (2615387)|STATEMENT_EXECUTE|[17]
22:40:14.0 (2669566)|SYSTEM_METHOD_ENTRY|[17]|String.isNotBlank(String)
22:40:14.0 (2689707)|SYSTEM_METHOD_EXIT|[17]|String.isNotBlank(String)
22:40:14.0 (2709670)|VARIABLE_SCOPE_BEGIN|[17]|log|String|false|false
22:40:14.0 (2718251)|VARIABLE_ASSIGNMENT|[17]|log|"{\"attributes\":{\"type (17981 more) ..."
22:40:14.0 (2720474)|STATEMENT_EXECUTE|[18]
22:40:14.0 (2722906)|HEAP_ALLOCATE|[18]|Bytes:40
22:40:14.0 (2819131)|HEAP_ALLOCATE|[18]|Bytes:33
22:40:14.0 (2839174)|SYSTEM_METHOD_ENTRY|[1]|Type.Type()
22:40:14.0 (2841871)|STATEMENT_EXECUTE|[1]
22:40:14.0 (2850148)|SYSTEM_METHOD_EXIT|[1]|Type
22:40:14.0 (2853983)|HEAP_ALLOCATE|[18]|Bytes:8
22:40:14.0 (2866883)|HEAP_ALLOCATE|[18]|Bytes:8
22:40:14.0 (2869703)|VARIABLE_SCOPE_BEGIN|[4]|this|System.Type|true|false
22:40:14.0 (2915573)|VARIABLE_ASSIGNMENT|[4]|this|{}|0x3cdc970a
22:40:14.0 (2921265)|VARIABLE_SCOPE_BEGIN|[4]|apextype|java:common.apex.runtime.ApexObjectType|true|false
22:40:14.0 (3049347)|VARIABLE_ASSIGNMENT|[4]|apextype|"Service_Log__c"|0x3f353df7
22:40:14.0 (5773886)|HEAP_ALLOCATE|[18]|Bytes:8
22:40:14.0 (5857385)|HEAP_ALLOCATE|[18]|Bytes:24
22:40:14.0 (5888281)|SYSTEM_METHOD_ENTRY|[1]|JSON.JSON()
22:40:14.0 (5894644)|STATEMENT_EXECUTE|[1]
22:40:14.0 (5901895)|SYSTEM_METHOD_EXIT|[1]|JSON
22:40:14.0 (5914544)|METHOD_ENTRY|[18]||System.JSON.deserializeStrict(String, System.Type)
22:40:14.0 (7145800)|METHOD_EXIT|[18]||System.JSON.deserializeStrict(String, System.Type)
22:40:14.0 (7170696)|VARIABLE_SCOPE_BEGIN|[18]|newLog|Service_Log__c|true|false
22:40:14.0 (7307487)|VARIABLE_ASSIGNMENT|[18]|newLog|{"Service_Name__c":"Google Maps - Get Ad (5 more) ...","Method__c":"GET","Direction__c":"Outbound","Service_Start__c":"2026-02-22T06:40:14.729Z","Category__c":"Google Maps","RequestBody__c":"","ResponseBody__c":"{\n   \"plus_code\" : \n (15881 more) ...","attributes":{"type":"Service_Log__c"},"Service_End__c":"2026-02-22T06:40:14.787Z","RequestURI__c":"callout:GoogleMaps/g (95 more) ...","ResponseStatusCode__c":200.0,"ResponseHeaders__c":"(Alt-Svc, Server, Ac (143 more) ..."}|0x2e55bbe4
22:40:14.0 (7315702)|STATEMENT_EXECUTE|[19]
22:40:14.0 (7369846)|HEAP_ALLOCATE|[19]|Bytes:4
22:40:14.0 (7520188)|HEAP_ALLOCATE|[19]|Bytes:-4
22:40:14.0 (7575093)|VARIABLE_ASSIGNMENT|[19]|this.OwnerId|"00536000006CafHAAS"|0x2e55bbe4
22:40:14.0 (7581572)|STATEMENT_EXECUTE|[20]
22:40:14.0 (7635483)|SYSTEM_METHOD_ENTRY|[20]|List<Service_Log__c>.add(Object)
22:40:14.0 (7661039)|HEAP_ALLOCATE|[EXTERNAL]|Bytes:4
22:40:14.0 (7666831)|SYSTEM_METHOD_EXIT|[20]|List<Service_Log__c>.add(Object)
22:40:14.0 (7675078)|SYSTEM_METHOD_ENTRY|[16]|system.ListIterator.hasNext()
22:40:14.0 (7713202)|HEAP_ALLOCATE|[16]|Bytes:5
22:40:14.0 (7718271)|SYSTEM_METHOD_EXIT|[16]|system.ListIterator.hasNext()
22:40:14.0 (7734333)|VARIABLE_ASSIGNMENT|[16]|evt|null|
22:40:14.0 (7743656)|SYSTEM_METHOD_ENTRY|[23]|List<Service_Log__c>.isEmpty()
22:40:14.0 (7752645)|SYSTEM_METHOD_EXIT|[23]|List<Service_Log__c>.isEmpty()
22:40:14.0 (7757241)|STATEMENT_EXECUTE|[23]
22:40:14.0 (7758461)|STATEMENT_EXECUTE|[24]
22:40:14.0 (7860233)|VARIABLE_SCOPE_BEGIN|[17]|ServiceLog.Error_Message_MAX_SIZE|Integer|false|true
22:40:14.0 (7865037)|VARIABLE_SCOPE_BEGIN|[24]|ServiceLog.MAX_PAYLOAD_SIZE|Integer|false|true
22:40:14.0 (7871496)|VARIABLE_SCOPE_BEGIN|[21]|ServiceLog.RequestBody_MAX_SIZE|Integer|false|true
22:40:14.0 (7874855)|VARIABLE_SCOPE_BEGIN|[19]|ServiceLog.RequestHeaders_MAX_SIZE|Integer|false|true
22:40:14.0 (7878187)|VARIABLE_SCOPE_BEGIN|[20]|ServiceLog.RequestParameters_MAX_SIZE|Integer|false|true
22:40:14.0 (7881518)|VARIABLE_SCOPE_BEGIN|[18]|ServiceLog.RequestURI_MAX_SIZE|Integer|false|true
22:40:14.0 (7884907)|VARIABLE_SCOPE_BEGIN|[22]|ServiceLog.ResponseBody_MAX_SIZE|Integer|false|true
22:40:14.0 (7889240)|VARIABLE_SCOPE_BEGIN|[23]|ServiceLog.ResponseHeaders_MAX_SIZE|Integer|false|true
22:40:14.0 (7892562)|VARIABLE_SCOPE_BEGIN|[15]|ServiceLog.includeRequestBody|Boolean|false|true
22:40:14.0 (7895819)|VARIABLE_SCOPE_BEGIN|[13]|ServiceLog.log|ServiceLog|true|true
22:40:14.0 (7899648)|VARIABLE_SCOPE_BEGIN|[11]|ServiceLog.logList|List<Service_Log__c>|true|true
22:40:14.0 (7903461)|VARIABLE_SCOPE_BEGIN|[14]|ServiceLog.serviceLogName|String|false|true
22:40:14.0 (7907380)|VARIABLE_SCOPE_BEGIN|[9]|ServiceLog.settings|AppSettings|true|true
22:40:14.0 (7938872)|HEAP_ALLOCATE|[24]|Bytes:88
22:40:14.0 (7943259)|HEAP_ALLOCATE|[24]|Bytes:84
22:40:14.0 (7947144)|HEAP_ALLOCATE|[24]|Bytes:19
22:40:14.0 (7998711)|METHOD_ENTRY|[8]|01p3600000JZQWB|ServiceLog.ServiceLog()
22:40:14.0 (8002911)|STATEMENT_EXECUTE|[8]
22:40:14.0 (8006416)|STATEMENT_EXECUTE|[8]
22:40:14.0 (8015962)|HEAP_ALLOCATE|[9]|Bytes:5
22:40:14.0 (8018530)|STATEMENT_EXECUTE|[9]
22:40:14.0 (8021065)|HEAP_ALLOCATE|[9]|Bytes:29
22:40:14.0 (8024029)|HEAP_ALLOCATE|[9]|Bytes:44
22:40:14.0 (8029217)|METHOD_ENTRY|[11]|01pbV0000002xX3|AppSettings.AppSettings()
22:40:14.0 (8031564)|STATEMENT_EXECUTE|[11]
22:40:14.0 (8033214)|STATEMENT_EXECUTE|[11]
22:40:14.0 (9400948)|SYSTEM_MODE_ENTER|false
22:40:14.0 (9435239)|HEAP_ALLOCATE|[9]|Bytes:5
22:40:14.0 (9445807)|STATEMENT_EXECUTE|[131]
22:40:14.0 (9454238)|SYSTEM_MODE_EXIT|false
22:40:14.0 (9479126)|METHOD_EXIT|[11]|AppSettings
22:40:14.0 (9488690)|HEAP_ALLOCATE|[9]|Bytes:12
22:40:14.0 (9511522)|HEAP_ALLOCATE|[9]|Bytes:10
22:40:14.0 (9553475)|CONSTRUCTOR_ENTRY|[9]|01pbV0000002xX3|<init>(String)|AppSettings
22:40:14.0 (9584307)|VARIABLE_SCOPE_BEGIN|[16]|this|AppSettings|true|false
22:40:14.0 (9678192)|VARIABLE_ASSIGNMENT|[16]|this|{}|0x74bd7e94
22:40:14.0 (9683755)|VARIABLE_SCOPE_BEGIN|[16]|applicationName|String|false|false
22:40:14.0 (9693876)|VARIABLE_ASSIGNMENT|[16]|applicationName|"ServiceLog"
22:40:14.0 (9714092)|SYSTEM_MODE_ENTER|false
22:40:14.0 (9720731)|HEAP_ALLOCATE|[17]|Bytes:5
22:40:14.0 (9724671)|STATEMENT_EXECUTE|[11]
22:40:14.0 (9727226)|HEAP_ALLOCATE|[17]|Bytes:5
22:40:14.0 (9729996)|STATEMENT_EXECUTE|[12]
22:40:14.0 (9731319)|STATEMENT_EXECUTE|[13]
22:40:14.0 (9761913)|STATEMENT_EXECUTE|[16]
22:40:14.0 (9763515)|STATEMENT_EXECUTE|[17]
22:40:14.0 (9787576)|VARIABLE_ASSIGNMENT|[17]|this.applicationName|"ServiceLog"|0x74bd7e94
22:40:14.0 (9792721)|STATEMENT_EXECUTE|[18]
22:40:14.0 (9914352)|HEAP_ALLOCATE|[18]|Bytes:22
22:40:14.0 (9929219)|METHOD_ENTRY|[1]|01pbV0000000ZVh|ApplicationSettings_Util.ApplicationSettings_Util()
22:40:14.0 (9934638)|STATEMENT_EXECUTE|[1]
22:40:14.0 (9937668)|STATEMENT_EXECUTE|[1]
22:40:14.0 (9942089)|HEAP_ALLOCATE|[18]|Bytes:5
22:40:14.0 (9950630)|METHOD_EXIT|[1]|ApplicationSettings_Util
22:40:14.0 (9961864)|METHOD_ENTRY|[18]|01pbV0000000ZVh|ApplicationSettings_Util.getApplicationConfigurationsByAppName(String)
22:40:14.0 (9979899)|VARIABLE_SCOPE_BEGIN|[33]|applicationName|String|false|false
22:40:14.0 (9987600)|VARIABLE_ASSIGNMENT|[33]|applicationName|"ServiceLog"
22:40:14.0 (9994924)|HEAP_ALLOCATE|[34]|Bytes:5
22:40:14.0 (9999434)|STATEMENT_EXECUTE|[33]
22:40:14.0 (10000664)|STATEMENT_EXECUTE|[34]
22:40:14.0 (10022699)|HEAP_ALLOCATE|[34]|Bytes:4
22:40:14.0 (10039534)|VARIABLE_SCOPE_BEGIN|[34]|applicationConfigMap|Map<String,String>|true|false
22:40:14.0 (10060828)|VARIABLE_ASSIGNMENT|[34]|applicationConfigMap|{}|0x1e9eedb7
22:40:14.0 (10090934)|METHOD_ENTRY|[35]|01pbV0000000ZVh|ApplicationSettings_Util.getApplicationDefaultConfigurations(String)
22:40:14.0 (10101359)|VARIABLE_SCOPE_BEGIN|[65]|applicationName|String|false|false
22:40:14.0 (10108578)|VARIABLE_ASSIGNMENT|[65]|applicationName|"ServiceLog"
22:40:14.0 (10114485)|HEAP_ALLOCATE|[66]|Bytes:5
22:40:14.0 (10117525)|STATEMENT_EXECUTE|[65]
22:40:14.0 (10118903)|STATEMENT_EXECUTE|[66]
22:40:14.0 (10121589)|HEAP_ALLOCATE|[66]|Bytes:380
22:40:14.0 (10130803)|HEAP_ALLOCATE|[66]|Bytes:4
22:40:14.0 (10136299)|HEAP_ALLOCATE|[66]|Bytes:7
22:40:14.0 (11704798)|SOQL_EXECUTE_BEGIN|[66]|Aggregations:0|SELECT Label, value__c, ApplicationSettings__c, ApplicationSettings__r.Label, ApplicationSettings__r.DeveloperName, ApplicationSettings__r.Active__c, ApplicationSettings__r.APIConsumer__r.Username__c FROM Application_Configuration__mdt WHERE (ApplicationSettings__r.Active__c = TRUE AND ApplicationSettings__r.MasterLabel = :tmpVar1 AND ApplicationSettings__r.APIConsumer__c = '')
22:40:14.0 (28413009)|SOQL_EXECUTE_EXPLAIN|[66]|No explain plan is available
22:40:14.0 (28440819)|SOQL_EXECUTE_END|[66]|Rows:1
22:40:14.0 (28466074)|LIMIT_USAGE|[66]|SOQL_ROWS|1|50000
22:40:14.0 (28480842)|HEAP_ALLOCATE|[66]|Bytes:8
22:40:14.0 (28521466)|HEAP_ALLOCATE|[66]|Bytes:237
22:40:14.0 (28614167)|HEAP_ALLOCATE|[66]|Bytes:8
22:40:14.0 (28638924)|METHOD_EXIT|[35]|01pbV0000000ZVh|ApplicationSettings_Util.getApplicationDefaultConfigurations(String)
22:40:14.0 (28694702)|SYSTEM_METHOD_ENTRY|[35]|List<Application_Configuration__mdt>.iterator()
22:40:14.0 (28768181)|SYSTEM_METHOD_EXIT|[35]|List<Application_Configuration__mdt>.iterator()
22:40:14.0 (28784405)|SYSTEM_METHOD_ENTRY|[35]|system.ListIterator.hasNext()
22:40:14.0 (28796712)|HEAP_ALLOCATE|[35]|Bytes:5
22:40:14.0 (28800767)|SYSTEM_METHOD_EXIT|[35]|system.ListIterator.hasNext()
22:40:14.0 (28820398)|HEAP_ALLOCATE|[35]|Bytes:24
22:40:14.0 (28834128)|VARIABLE_SCOPE_BEGIN|[35]|config|Application_Configuration__mdt|true|false
22:40:14.0 (28999080)|VARIABLE_ASSIGNMENT|[35]|config|{"Label":"platformEvents.enabl (2 more) ...","value__c":"true","ApplicationSettings__c":"m1NbV0000003cIUUAY","Id":"m0pbV000002vnO8QAI","ApplicationSettings__r":{"Label":"ServiceLog","Id":"m1NbV0000003cIUUAY","DeveloperName":"ServiceLog","Active__c":true}}|0x6306862b
22:40:14.0 (29006757)|STATEMENT_EXECUTE|[35]
22:40:14.0 (29008559)|STATEMENT_EXECUTE|[36]
22:40:14.0 (29058239)|SYSTEM_METHOD_ENTRY|[36]|Map<String,String>.put(Object, Object)
22:40:14.0 (29089943)|HEAP_ALLOCATE|[EXTERNAL]|Bytes:-4
22:40:14.0 (29099269)|SYSTEM_METHOD_EXIT|[36]|Map<String,String>.put(Object, Object)
22:40:14.0 (29103593)|SYSTEM_METHOD_ENTRY|[35]|system.ListIterator.hasNext()
22:40:14.0 (29108464)|HEAP_ALLOCATE|[35]|Bytes:5
22:40:14.0 (29111377)|SYSTEM_METHOD_EXIT|[35]|system.ListIterator.hasNext()
22:40:14.0 (29118547)|VARIABLE_ASSIGNMENT|[35]|config|null|
22:40:14.0 (29121983)|STATEMENT_EXECUTE|[38]
22:40:14.0 (29128944)|METHOD_EXIT|[18]|01pbV0000000ZVh|ApplicationSettings_Util.getApplicationConfigurationsByAppName(String)
22:40:14.0 (29173510)|VARIABLE_ASSIGNMENT|[18]|this.settingsMap|{"platformEvents.enabled":"true"}|0x74bd7e94
22:40:14.0 (29182287)|SYSTEM_MODE_EXIT|false
22:40:14.0 (29201830)|CONSTRUCTOR_EXIT|[9]|01pbV0000002xX3|<init>(String)|AppSettings
22:40:14.0 (29293226)|VARIABLE_ASSIGNMENT|[9]|ServiceLog.settings|{"applicationName":"ServiceLog","settingsMap":"0x1e9eedb7"}|0x74bd7e94
22:40:14.0 (29296902)|STATEMENT_EXECUTE|[15]
22:40:14.0 (29326888)|HEAP_ALLOCATE|[15]|Bytes:5
22:40:14.0 (29339944)|VARIABLE_ASSIGNMENT|[15]|ServiceLog.includeRequestBody|true
22:40:14.0 (29343892)|STATEMENT_EXECUTE|[17]
22:40:14.0 (29348051)|HEAP_ALLOCATE|[15]|Bytes:14
22:40:14.0 (29352957)|HEAP_ALLOCATE|[15]|Bytes:16
22:40:14.0 (29442211)|SYSTEM_METHOD_ENTRY|[17]|Schema.SObjectField.getDescribe()
22:40:14.0 (29780553)|HEAP_ALLOCATE|[EXTERNAL]|Bytes:4
22:40:14.0 (29847748)|HEAP_ALLOCATE|[17]|Bytes:8
22:40:14.0 (29854258)|SYSTEM_METHOD_EXIT|[17]|Schema.SObjectField.getDescribe()
22:40:14.0 (29870089)|HEAP_ALLOCATE|[17]|Bytes:4
22:40:14.0 (29887083)|VARIABLE_ASSIGNMENT|[17]|ServiceLog.Error_Message_MAX_SIZE|50000
22:40:14.0 (29892634)|STATEMENT_EXECUTE|[18]
22:40:14.0 (29894886)|HEAP_ALLOCATE|[17]|Bytes:13
22:40:14.0 (29922154)|SYSTEM_METHOD_ENTRY|[18]|Schema.SObjectField.getDescribe()
22:40:14.0 (30035502)|HEAP_ALLOCATE|[EXTERNAL]|Bytes:4
22:40:14.0 (30052837)|HEAP_ALLOCATE|[18]|Bytes:8
22:40:14.0 (30056201)|SYSTEM_METHOD_EXIT|[18]|Schema.SObjectField.getDescribe()
22:40:14.0 (30061445)|HEAP_ALLOCATE|[18]|Bytes:4
22:40:14.0 (30071356)|VARIABLE_ASSIGNMENT|[18]|ServiceLog.RequestURI_MAX_SIZE|200
22:40:14.0 (30075214)|STATEMENT_EXECUTE|[19]
22:40:14.0 (30076904)|HEAP_ALLOCATE|[18]|Bytes:17
22:40:14.0 (30093192)|SYSTEM_METHOD_ENTRY|[19]|Schema.SObjectField.getDescribe()
22:40:14.0 (30167015)|HEAP_ALLOCATE|[EXTERNAL]|Bytes:4
22:40:14.0 (30179499)|HEAP_ALLOCATE|[19]|Bytes:8
22:40:14.0 (30182395)|SYSTEM_METHOD_EXIT|[19]|Schema.SObjectField.getDescribe()
22:40:14.0 (30186930)|HEAP_ALLOCATE|[19]|Bytes:4
22:40:14.0 (30193838)|VARIABLE_ASSIGNMENT|[19]|ServiceLog.RequestHeaders_MAX_SIZE|10000
22:40:14.0 (30196470)|STATEMENT_EXECUTE|[20]
22:40:14.0 (30197889)|HEAP_ALLOCATE|[19]|Bytes:20
22:40:14.0 (30213465)|SYSTEM_METHOD_ENTRY|[20]|Schema.SObjectField.getDescribe()
22:40:14.0 (30279560)|HEAP_ALLOCATE|[EXTERNAL]|Bytes:4
22:40:14.0 (30290665)|HEAP_ALLOCATE|[20]|Bytes:8
22:40:14.0 (30293479)|SYSTEM_METHOD_EXIT|[20]|Schema.SObjectField.getDescribe()
22:40:14.0 (30297368)|HEAP_ALLOCATE|[20]|Bytes:4
22:40:14.0 (30304430)|VARIABLE_ASSIGNMENT|[20]|ServiceLog.RequestParameters_MAX_SIZE|1000
22:40:14.0 (30306757)|STATEMENT_EXECUTE|[21]
22:40:14.0 (30308459)|HEAP_ALLOCATE|[20]|Bytes:14
22:40:14.0 (30322334)|SYSTEM_METHOD_ENTRY|[21]|Schema.SObjectField.getDescribe()
22:40:14.0 (30389811)|HEAP_ALLOCATE|[EXTERNAL]|Bytes:4
22:40:14.0 (30402056)|HEAP_ALLOCATE|[21]|Bytes:8
22:40:14.0 (30404884)|SYSTEM_METHOD_EXIT|[21]|Schema.SObjectField.getDescribe()
22:40:14.0 (30409034)|HEAP_ALLOCATE|[21]|Bytes:4
22:40:14.0 (30415544)|VARIABLE_ASSIGNMENT|[21]|ServiceLog.RequestBody_MAX_SIZE|50000
22:40:14.0 (30417932)|STATEMENT_EXECUTE|[22]
22:40:14.0 (30419159)|HEAP_ALLOCATE|[21]|Bytes:15
22:40:14.0 (30432929)|SYSTEM_METHOD_ENTRY|[22]|Schema.SObjectField.getDescribe()
22:40:14.0 (30497743)|HEAP_ALLOCATE|[EXTERNAL]|Bytes:4
22:40:14.0 (30509561)|HEAP_ALLOCATE|[22]|Bytes:8
22:40:14.0 (30512383)|SYSTEM_METHOD_EXIT|[22]|Schema.SObjectField.getDescribe()
22:40:14.0 (30516218)|HEAP_ALLOCATE|[22]|Bytes:4
22:40:14.0 (30522804)|VARIABLE_ASSIGNMENT|[22]|ServiceLog.ResponseBody_MAX_SIZE|131072
22:40:14.0 (30524957)|STATEMENT_EXECUTE|[23]
22:40:14.0 (30526423)|HEAP_ALLOCATE|[22]|Bytes:18
22:40:14.0 (30540195)|SYSTEM_METHOD_ENTRY|[23]|Schema.SObjectField.getDescribe()
22:40:14.0 (30605762)|HEAP_ALLOCATE|[EXTERNAL]|Bytes:4
22:40:14.0 (30617354)|HEAP_ALLOCATE|[23]|Bytes:8
22:40:14.0 (30620121)|SYSTEM_METHOD_EXIT|[23]|Schema.SObjectField.getDescribe()
22:40:14.0 (30623718)|HEAP_ALLOCATE|[23]|Bytes:4
22:40:14.0 (30700988)|VARIABLE_ASSIGNMENT|[23]|ServiceLog.ResponseHeaders_MAX_SIZE|1000
22:40:14.0 (30703819)|STATEMENT_EXECUTE|[24]
22:40:14.0 (30707516)|HEAP_ALLOCATE|[24]|Bytes:4
22:40:14.0 (30711888)|VARIABLE_ASSIGNMENT|[24]|ServiceLog.MAX_PAYLOAD_SIZE|131072
22:40:14.0 (30732378)|METHOD_EXIT|[8]|ServiceLog
22:40:14.0 (30745346)|METHOD_ENTRY|[24]|01p3600000JZQWB|ServiceLog.commitLogsViaEvents(List<Service_Log__c>)
22:40:14.0 (30760470)|VARIABLE_SCOPE_BEGIN|[227]|serviceLogs|List<Service_Log__c>|true|false
22:40:14.0 (30873985)|VARIABLE_ASSIGNMENT|[227]|serviceLogs|[{"Method__c":"GET","Service_Start__c":"2026-02-22T06:40:14.729Z","ResponseBody__c":"{\n   \"plus_code\" : \n (15881 more) ...","Service_End__c":"2026-02-22T06:40:14.787Z","ResponseStatusCode__c":200.0,"Service_Name__c":"Google Maps - Get Ad (5 more) ...","Direction__c":"Outbound","OwnerId":"00536000006CafHAAS","Category__c":"Google Maps","RequestBody__c":"","attributes":{"type":"Service_Log__c"},"RequestURI__c":"callout:GoogleMaps/g (95 more) ...","ResponseHeaders__c":"(Alt-Svc, Server, Ac (143 more) ..."}]|0x23ce8e5
22:40:14.0 (30886924)|HEAP_ALLOCATE|[228]|Bytes:5
22:40:14.0 (30889680)|STATEMENT_EXECUTE|[227]
22:40:14.0 (30890966)|STATEMENT_EXECUTE|[228]
22:40:14.0 (30891680)|STATEMENT_EXECUTE|[228]
22:40:14.0 (30892684)|STATEMENT_EXECUTE|[229]
22:40:14.0 (30950316)|DML_BEGIN|[229]|Op:Insert|Type:Service_Log__c|Rows:1
22:40:14.0 (30973619)|LIMIT_USAGE|[229]|DML|1|150
22:40:14.0 (30978965)|LIMIT_USAGE|[229]|DML_ROWS|1|10000
22:40:14.0 (30993849)|HEAP_ALLOCATE|[EXTERNAL]|Bytes:8
22:40:14.0 (75902403)|CODE_UNIT_STARTED|[EXTERNAL]|Workflow:01I36000002oP20
22:40:14.0 (86298273)|WF_RULE_EVAL_BEGIN|Workflow
22:40:14.0 (86414278)|WF_CRITERIA_BEGIN|[Service Log: SL-0077135287 a4BbV00000LFVOf]|QuikQ Purchase Policy Submission Failure Emails|01Q1R000000VC5h|ON_CREATE_ONLY|0
22:40:14.0 (86506355)|WF_RULE_FILTER|[Service Log : Service Name contains QuikQ_CreatePurchasePolicies] 
AND [Service Log : Error Exists equals true]
22:40:14.0 (86547115)|WF_RULE_EVAL_VALUE|12493
22:40:14.0 (86554498)|WF_CRITERIA_END|false
22:40:14.0 (86569982)|WF_CRITERIA_BEGIN|[Service Log: SL-0077135287 a4BbV00000LFVOf]|QuikQ Credit Setup Failure Emails|01Q1R000000VBpf|ON_CREATE_ONLY|0
22:40:14.0 (86595177)|WF_RULE_FILTER|[Service Log : Service Name contains QuikQ_CreditCutoff, QuikQ_CreditLimit] 
AND [Service Log : Error Exists equals true]
22:40:14.0 (86607874)|WF_RULE_EVAL_VALUE|12493
22:40:14.0 (86611231)|WF_CRITERIA_END|false
22:40:14.0 (86623610)|WF_CRITERIA_BEGIN|[Service Log: SL-0077135287 a4BbV00000LFVOf]|QuikQ Create Carrier Failure Emails|01Q1R000000VBpe|ON_CREATE_ONLY|0
22:40:14.0 (86645050)|WF_RULE_FILTER|[Service Log : Service Name contains QuikQ_CreateCarrier] 
AND [Service Log : Error Exists equals true]
22:40:14.0 (86653161)|WF_RULE_EVAL_VALUE|12493
22:40:14.0 (86656387)|WF_CRITERIA_END|false
22:40:14.0 (86697411)|WF_CRITERIA_BEGIN|[Service Log: SL-0077135287 a4BbV00000LFVOf]|QuikQ Trailer Submission Failure Emails|01Q1R000000VBph|ON_CREATE_ONLY|0
22:40:14.0 (86717957)|WF_RULE_FILTER|[Service Log : Service Name contains QuikQ_CreateTrailer] 
AND [Service Log : Error Exists equals true]
22:40:14.0 (86726916)|WF_RULE_EVAL_VALUE|12493
22:40:14.0 (86730225)|WF_CRITERIA_END|false
22:40:14.0 (86737521)|WF_CRITERIA_BEGIN|[Service Log: SL-0077135287 a4BbV00000LFVOf]|QuikQ Driver Submission Failure Emails|01Q1R000000VBpg|ON_CREATE_ONLY|0
22:40:14.0 (86755431)|WF_RULE_FILTER|[Service Log : Service Name contains QuikQ_CreateDriver] 
AND [Service Log : Error Exists equals true]
22:40:14.0 (86763364)|WF_RULE_EVAL_VALUE|12493
22:40:14.0 (86769096)|WF_CRITERIA_END|false
22:40:14.0 (86775966)|WF_CRITERIA_BEGIN|[Service Log: SL-0077135287 a4BbV00000LFVOf]|QuikQ Truck Submission Failure Emails|01Q1R000000VBpi|ON_CREATE_ONLY|0
22:40:14.0 (86793585)|WF_RULE_FILTER|[Service Log : Service Name contains QuikQ_CreateTruck] 
AND [Service Log : Error Exists equals true]
22:40:14.0 (86800850)|WF_RULE_EVAL_VALUE|12493
22:40:14.0 (86804102)|WF_CRITERIA_END|false
22:40:14.0 (86810664)|WF_CRITERIA_BEGIN|[Service Log: SL-0077135287 a4BbV00000LFVOf]|QuikQ Credit Alert Failure Emails|01Q1R000000Rtya|ON_CREATE_ONLY|0
22:40:14.0 (87003055)|WF_RULE_FILTER|[Service Log : Service Name contains QuikQ_CreditAlert] 
AND [Service Log : Error Exists equals true]
22:40:14.0 (87014840)|WF_RULE_EVAL_VALUE|12493
22:40:14.0 (87018105)|WF_CRITERIA_END|false
22:40:14.0 (87031233)|WF_SPOOL_ACTION_BEGIN|Workflow
22:40:14.0 (87050550)|WF_ACTION| None
22:40:14.0 (87055456)|WF_RULE_EVAL_END
22:40:14.0 (87140998)|WF_ACTIONS_END| None
22:40:14.0 (87153344)|CODE_UNIT_FINISHED|Workflow:01I36000002oP20
22:40:14.0 (93474165)|DML_END|[229]
22:40:14.0 (93499525)|HEAP_ALLOCATE|[229]|Bytes:-4
22:40:14.0 (94319613)|HEAP_ALLOCATE|[EXTERNAL]|Bytes:8
22:40:14.0 (94361614)|METHOD_EXIT|[24]|01p3600000JZQWB|ServiceLog.commitLogsViaEvents(List<Service_Log__c>)
22:40:14.94 (94386086)|CUMULATIVE_LIMIT_USAGE
22:40:14.94 (94386086)|LIMIT_USAGE_FOR_NS|(default)|
  Number of SOQL queries: 0 out of 100
  Number of query rows: 1 out of 50000
  Number of SOSL queries: 0 out of 20
  Number of DML statements: 1 out of 150
  Number of Publish Immediate DML: 0 out of 150
  Number of DML rows: 1 out of 10000
  Maximum CPU time: 0 out of 10000
  Maximum heap size: 0 out of 6000000
  Number of callouts: 0 out of 100
  Number of Email Invocations: 0 out of 10
  Number of future calls: 0 out of 50
  Number of queueable jobs added to the queue: 0 out of 50
  Number of Mobile Apex push calls: 0 out of 10

22:40:14.94 (94386086)|TOTAL_EMAIL_RECIPIENTS_QUEUED|0
22:40:14.94 (94386086)|STATIC_VARIABLE_LIST|
  int:BYTES:0
  int:BYTES:0
  byte[]:DigitOnes:0
  byte[]:DigitTens:0
  Boolean:FALSE:0
  int:MAX_EXPONENT:0
  double:MAX_VALUE:0
  int:MAX_VALUE:0
  int:MIN_EXPONENT:0
  double:MIN_NORMAL:0
  double:MIN_VALUE:0
  int:MIN_VALUE:0
  double:NEGATIVE_INFINITY:0
  double:NaN:0
  double:POSITIVE_INFINITY:0
  int:PRECISION:0
  int:SIZE:0
  int:SIZE:0
  Boolean:TRUE:0
  String:__sfdcInnerTypes:0
  String:__sfdcProperties:0
  String:_sfdcAdditionalCodeLocations:0
  String:_sfdcAdditionalCodeLocations:0
  String:_sfdcAdditionalCodeLocations:0
  String:_sfdcAdditionalCodeLocations:0
  String:_sfdcAdditionalCodeLocations:0
  String:_sfdcAdditionalCodeLocations:0
  String:_sfdcSuppressedCodeLocations:0
  Integer:_static_Error_Message_MAX_SIZE:0
  Integer:_static_MAX_PAYLOAD_SIZE:0
  Integer:_static_RequestBody_MAX_SIZE:0
  Integer:_static_RequestHeaders_MAX_SIZE:0
  Integer:_static_RequestParameters_MAX_SIZE:0
  Integer:_static_RequestURI_MAX_SIZE:0
  Integer:_static_ResponseBody_MAX_SIZE:0
  Integer:_static_ResponseHeaders_MAX_SIZE:0
  Boolean:_static_includeRequestBody:0
  AppSettings:_static_settings:0
  char[]:digits:0
  long:serialVersionUID:0
  long:serialVersionUID:0
  long:serialVersionUID:0

22:40:14.94 (94386086)|CUMULATIVE_LIMIT_USAGE_END

22:40:14.0 (94738983)|CODE_UNIT_FINISHED|ServiceLogEventTrigger on Service_Log_Event trigger event AfterInsert|__sfdc_trigger/ServiceLogEventTrigger
22:40:14.0 (94758385)|EXECUTION_FINISHED
22:40:14.96 (96785213)|CUMULATIVE_PROFILING_BEGIN
22:40:14.96 (96785213)|CUMULATIVE_PROFILING|SOQL operations|
Class.ApplicationSettings_Util.getApplicationDefaultConfigurations: line 66, column 1: [Select Label, value__c, ApplicationSettings__c, ApplicationSettings__r.Label,ApplicationSettings__r.DeveloperName,ApplicationSettings__r.Active__c, ApplicationSettings__r.APIConsumer__r.Username__c
            from Application_Configuration__mdt where 
            ApplicationSettings__r.Active__c = true and 
            ApplicationSettings__r.MasterLabel = :applicationName and 
            ApplicationSettings__r.APIConsumer__c = '']: executed 1 time in 19 ms

22:40:14.96 (96785213)|CUMULATIVE_PROFILING|No profiling information for SOSL operations
22:40:14.96 (96785213)|CUMULATIVE_PROFILING|DML operations|
Class.ServiceLog.commitLogsViaEvents: line 229, column 1: Insert: List<Service_Log__c>: executed 1 time in 64 ms

22:40:14.96 (96785213)|CUMULATIVE_PROFILING|method invocations|
External entry point: public void invoke(): executed 1 time in 93 ms
Trigger.ServiceLogEventTrigger: line 24, column 1: public static void commitLogsViaEvents(List<Service_Log__c>): executed 1 time in 64 ms
Class.AppSettings.<init>: line 18, column 1: public static Map<String,String> getApplicationConfigurationsByAppName(String): executed 1 time in 19 ms
Class.ApplicationSettings_Util.getApplicationConfigurationsByAppName: line 35, column 1: public static List<Application_Configuration__mdt> getApplicationDefaultConfigurations(String): executed 4 times in 19 ms
Class.ServiceLog: line 9, column 1: public AppSettings(String): executed 1 time in 19 ms
Trigger.ServiceLogEventTrigger: line 18, column 1: global static Object deserializeStrict(String, System.Type): executed 1 time in 1 ms
Class.ServiceLog: line 20, column 1: global Schema.DescribeFieldResult getDescribe(): executed 1 time in 1 ms
Trigger.ServiceLogEventTrigger: line 16, column 1: global public System.Iterator iterator(): executed 3 times in 0 ms
Trigger.ServiceLogEventTrigger: line 17, column 1: public static Boolean isNotBlank(String): executed 1 time in 0 ms
Trigger.ServiceLogEventTrigger: line 20, column 1: global public Object add(Object): executed 1 time in 0 ms
Trigger.ServiceLogEventTrigger: line 23, column 1: global public Boolean isEmpty(): executed 1 time in 0 ms

22:40:14.96 (96785213)|CUMULATIVE_PROFILING_END
