66.0 APEX_CODE,FINEST;APEX_PROFILING,FINEST;CALLOUT,FINEST;DATA_ACCESS,INFO;DB,FINEST;NBA,FINEST;SYSTEM,FINE;VALIDATION,INFO;VISUALFORCE,FINER;WAVE,FINEST;WORKFLOW,FINER
22:40:06.0 (619547)|USER_INFO|[EXTERNAL]|00536000001Ebgm|autoproc@00d36000000kq3ueac|(GMT-08:00) Pacific Standard Time (America/Los_Angeles)|GMT-08:00
22:40:06.0 (714701)|EXECUTION_STARTED
22:40:06.0 (740972)|CODE_UNIT_STARTED|[EXTERNAL]|01qbV000003N9GX|ServiceLogEventTrigger on Service_Log_Event trigger event AfterInsert|__sfdc_trigger/ServiceLogEventTrigger
22:40:06.0 (824507)|HEAP_ALLOCATE|[EXTERNAL]|Bytes:8
22:40:06.0 (1642728)|HEAP_ALLOCATE|[95]|Bytes:3
22:40:06.0 (1691028)|HEAP_ALLOCATE|[100]|Bytes:152
22:40:06.0 (1705040)|HEAP_ALLOCATE|[417]|Bytes:408
22:40:06.0 (1716472)|HEAP_ALLOCATE|[430]|Bytes:408
22:40:06.0 (1737910)|HEAP_ALLOCATE|[317]|Bytes:6
22:40:06.0 (1754824)|HEAP_ALLOCATE|[EXTERNAL]|Bytes:8
22:40:06.0 (1764145)|VARIABLE_SCOPE_BEGIN|[12]|this|ServiceLogEventTrigger|true|false
22:40:06.0 (1868917)|VARIABLE_ASSIGNMENT|[12]|this|{}|0x1e68cf5b
22:40:06.0 (1918901)|HEAP_ALLOCATE|[EXTERNAL]|Bytes:8
22:40:06.0 (1924329)|VARIABLE_SCOPE_BEGIN|[12]|this|ServiceLogEventTrigger|true|false
22:40:06.0 (1939795)|VARIABLE_ASSIGNMENT|[12]|this|{}|0x1e68cf5b
22:40:06.0 (1945781)|STATEMENT_EXECUTE|[12]
22:40:06.0 (1946875)|STATEMENT_EXECUTE|[13]
22:40:06.0 (2073036)|HEAP_ALLOCATE|[13]|Bytes:4
22:40:06.0 (2131510)|SYSTEM_CONSTRUCTOR_ENTRY|[13]|<init>()
22:40:06.0 (2161865)|SYSTEM_CONSTRUCTOR_EXIT|[13]|<init>()
22:40:06.0 (2181418)|HEAP_ALLOCATE|[68]|Bytes:5
22:40:06.0 (2204335)|HEAP_ALLOCATE|[74]|Bytes:5
22:40:06.0 (2210761)|HEAP_ALLOCATE|[82]|Bytes:7
22:40:06.0 (2430669)|HEAP_ALLOCATE|[EXTERNAL]|Bytes:4
22:40:06.0 (2464695)|VARIABLE_ASSIGNMENT|[13]|this.serviceLogs|[]|0x1e68cf5b
22:40:06.0 (2569674)|SYSTEM_METHOD_ENTRY|[16]|List<Service_Log_Event__e>.iterator()
22:40:06.0 (2684809)|SYSTEM_METHOD_EXIT|[16]|List<Service_Log_Event__e>.iterator()
22:40:06.0 (2700126)|SYSTEM_METHOD_ENTRY|[16]|system.ListIterator.hasNext()
22:40:06.0 (2712083)|HEAP_ALLOCATE|[16]|Bytes:5
22:40:06.0 (2716790)|SYSTEM_METHOD_EXIT|[16]|system.ListIterator.hasNext()
22:40:06.0 (2752393)|VARIABLE_SCOPE_BEGIN|[16]|evt|Service_Log_Event__e|true|false
22:40:06.0 (2900586)|VARIABLE_ASSIGNMENT|[16]|evt|{"CreatedById":"00536000006CafHAAS","Payload__c":"{\"attributes\":{\"type (17981 more) ...","ReplayId":"28144244","EventUuid":"999acd2d-3f10-4495-b (16 more) ...","CreatedDate":"2026-02-22T06:40:06.000Z","OwnerId__c":"00536000006CafHAAS","Id":"e0Fxx000001u5bQEAQ"}|0x44be92d7
22:40:06.0 (2907535)|STATEMENT_EXECUTE|[16]
22:40:06.0 (2909012)|STATEMENT_EXECUTE|[17]
22:40:06.0 (2953532)|SYSTEM_METHOD_ENTRY|[17]|String.isNotBlank(String)
22:40:06.0 (2978613)|SYSTEM_METHOD_EXIT|[17]|String.isNotBlank(String)
22:40:06.0 (3003912)|VARIABLE_SCOPE_BEGIN|[17]|log|String|false|false
22:40:06.0 (3015923)|VARIABLE_ASSIGNMENT|[17]|log|"{\"attributes\":{\"type (17981 more) ..."
22:40:06.0 (3019024)|STATEMENT_EXECUTE|[18]
22:40:06.0 (3021936)|HEAP_ALLOCATE|[18]|Bytes:40
22:40:06.0 (3133741)|HEAP_ALLOCATE|[18]|Bytes:33
22:40:06.0 (3156168)|SYSTEM_METHOD_ENTRY|[1]|Type.Type()
22:40:06.0 (3159222)|STATEMENT_EXECUTE|[1]
22:40:06.0 (3167636)|SYSTEM_METHOD_EXIT|[1]|Type
22:40:06.0 (3171530)|HEAP_ALLOCATE|[18]|Bytes:8
22:40:06.0 (3184994)|HEAP_ALLOCATE|[18]|Bytes:8
22:40:06.0 (3188317)|VARIABLE_SCOPE_BEGIN|[4]|this|System.Type|true|false
22:40:06.0 (3235520)|VARIABLE_ASSIGNMENT|[4]|this|{}|0x19cf6c06
22:40:06.0 (3239392)|VARIABLE_SCOPE_BEGIN|[4]|apextype|java:common.apex.runtime.ApexObjectType|true|false
22:40:06.0 (3377447)|VARIABLE_ASSIGNMENT|[4]|apextype|"Service_Log__c"|0x4ec57c9e
22:40:06.0 (6659755)|HEAP_ALLOCATE|[18]|Bytes:8
22:40:06.0 (6740714)|HEAP_ALLOCATE|[18]|Bytes:24
22:40:06.0 (6771906)|SYSTEM_METHOD_ENTRY|[1]|JSON.JSON()
22:40:06.0 (6777588)|STATEMENT_EXECUTE|[1]
22:40:06.0 (6787802)|SYSTEM_METHOD_EXIT|[1]|JSON
22:40:06.0 (6805410)|METHOD_ENTRY|[18]||System.JSON.deserializeStrict(String, System.Type)
22:40:06.0 (7595930)|METHOD_EXIT|[18]||System.JSON.deserializeStrict(String, System.Type)
22:40:06.0 (7613287)|VARIABLE_SCOPE_BEGIN|[18]|newLog|Service_Log__c|true|false
22:40:06.0 (7701424)|VARIABLE_ASSIGNMENT|[18]|newLog|{"Service_Name__c":"Google Maps - Get Ad (5 more) ...","Method__c":"GET","Direction__c":"Outbound","Service_Start__c":"2026-02-22T06:40:05.890Z","Category__c":"Google Maps","RequestBody__c":"","ResponseBody__c":"{\n   \"plus_code\" : \n (15881 more) ...","attributes":{"type":"Service_Log__c"},"Service_End__c":"2026-02-22T06:40:06.002Z","RequestURI__c":"callout:GoogleMaps/g (95 more) ...","ResponseStatusCode__c":200.0,"ResponseHeaders__c":"(Alt-Svc, Server, Ac (143 more) ..."}|0x46691b83
22:40:06.0 (7707940)|STATEMENT_EXECUTE|[19]
22:40:06.0 (7750201)|HEAP_ALLOCATE|[19]|Bytes:4
22:40:06.0 (7884948)|HEAP_ALLOCATE|[19]|Bytes:-4
22:40:06.0 (7926887)|VARIABLE_ASSIGNMENT|[19]|this.OwnerId|"00536000006CafHAAS"|0x46691b83
22:40:06.0 (7931310)|STATEMENT_EXECUTE|[20]
22:40:06.0 (7980276)|SYSTEM_METHOD_ENTRY|[20]|List<Service_Log__c>.add(Object)
22:40:06.0 (8003242)|HEAP_ALLOCATE|[EXTERNAL]|Bytes:4
22:40:06.0 (8008537)|SYSTEM_METHOD_EXIT|[20]|List<Service_Log__c>.add(Object)
22:40:06.0 (8016742)|SYSTEM_METHOD_ENTRY|[16]|system.ListIterator.hasNext()
22:40:06.0 (8026227)|HEAP_ALLOCATE|[16]|Bytes:5
22:40:06.0 (8030388)|SYSTEM_METHOD_EXIT|[16]|system.ListIterator.hasNext()
22:40:06.0 (8038703)|VARIABLE_ASSIGNMENT|[16]|evt|null|
22:40:06.0 (8045387)|SYSTEM_METHOD_ENTRY|[23]|List<Service_Log__c>.isEmpty()
22:40:06.0 (8052766)|SYSTEM_METHOD_EXIT|[23]|List<Service_Log__c>.isEmpty()
22:40:06.0 (8057040)|STATEMENT_EXECUTE|[23]
22:40:06.0 (8057985)|STATEMENT_EXECUTE|[24]
22:40:06.0 (8188686)|VARIABLE_SCOPE_BEGIN|[17]|ServiceLog.Error_Message_MAX_SIZE|Integer|false|true
22:40:06.0 (8193884)|VARIABLE_SCOPE_BEGIN|[24]|ServiceLog.MAX_PAYLOAD_SIZE|Integer|false|true
22:40:06.0 (8197369)|VARIABLE_SCOPE_BEGIN|[21]|ServiceLog.RequestBody_MAX_SIZE|Integer|false|true
22:40:06.0 (8200819)|VARIABLE_SCOPE_BEGIN|[19]|ServiceLog.RequestHeaders_MAX_SIZE|Integer|false|true
22:40:06.0 (8204065)|VARIABLE_SCOPE_BEGIN|[20]|ServiceLog.RequestParameters_MAX_SIZE|Integer|false|true
22:40:06.0 (8207385)|VARIABLE_SCOPE_BEGIN|[18]|ServiceLog.RequestURI_MAX_SIZE|Integer|false|true
22:40:06.0 (8210779)|VARIABLE_SCOPE_BEGIN|[22]|ServiceLog.ResponseBody_MAX_SIZE|Integer|false|true
22:40:06.0 (8214220)|VARIABLE_SCOPE_BEGIN|[23]|ServiceLog.ResponseHeaders_MAX_SIZE|Integer|false|true
22:40:06.0 (8217406)|VARIABLE_SCOPE_BEGIN|[15]|ServiceLog.includeRequestBody|Boolean|false|true
22:40:06.0 (8220749)|VARIABLE_SCOPE_BEGIN|[13]|ServiceLog.log|ServiceLog|true|true
22:40:06.0 (8224699)|VARIABLE_SCOPE_BEGIN|[11]|ServiceLog.logList|List<Service_Log__c>|true|true
22:40:06.0 (8228534)|VARIABLE_SCOPE_BEGIN|[14]|ServiceLog.serviceLogName|String|false|true
22:40:06.0 (8232483)|VARIABLE_SCOPE_BEGIN|[9]|ServiceLog.settings|AppSettings|true|true
22:40:06.0 (8248638)|HEAP_ALLOCATE|[24]|Bytes:88
22:40:06.0 (8252861)|HEAP_ALLOCATE|[24]|Bytes:84
22:40:06.0 (8254978)|HEAP_ALLOCATE|[24]|Bytes:19
22:40:06.0 (8301545)|METHOD_ENTRY|[8]|01p3600000JZQWB|ServiceLog.ServiceLog()
22:40:06.0 (8305264)|STATEMENT_EXECUTE|[8]
22:40:06.0 (8307600)|STATEMENT_EXECUTE|[8]
22:40:06.0 (8315937)|HEAP_ALLOCATE|[9]|Bytes:5
22:40:06.0 (8318277)|STATEMENT_EXECUTE|[9]
22:40:06.0 (8320656)|HEAP_ALLOCATE|[9]|Bytes:29
22:40:06.0 (8323795)|HEAP_ALLOCATE|[9]|Bytes:44
22:40:06.0 (8328491)|METHOD_ENTRY|[11]|01pbV0000002xX3|AppSettings.AppSettings()
22:40:06.0 (8330560)|STATEMENT_EXECUTE|[11]
22:40:06.0 (8332060)|STATEMENT_EXECUTE|[11]
22:40:06.0 (9604973)|SYSTEM_MODE_ENTER|false
22:40:06.0 (9615189)|HEAP_ALLOCATE|[9]|Bytes:5
22:40:06.0 (9618340)|STATEMENT_EXECUTE|[131]
22:40:06.0 (9624660)|SYSTEM_MODE_EXIT|false
22:40:06.0 (9645269)|METHOD_EXIT|[11]|AppSettings
22:40:06.0 (9651896)|HEAP_ALLOCATE|[9]|Bytes:12
22:40:06.0 (9655337)|HEAP_ALLOCATE|[9]|Bytes:10
22:40:06.0 (9673491)|CONSTRUCTOR_ENTRY|[9]|01pbV0000002xX3|<init>(String)|AppSettings
22:40:06.0 (9701454)|VARIABLE_SCOPE_BEGIN|[16]|this|AppSettings|true|false
22:40:06.0 (9778028)|VARIABLE_ASSIGNMENT|[16]|this|{}|0x7cd3b5a6
22:40:06.0 (9783095)|VARIABLE_SCOPE_BEGIN|[16]|applicationName|String|false|false
22:40:06.0 (9793227)|VARIABLE_ASSIGNMENT|[16]|applicationName|"ServiceLog"
22:40:06.0 (9805728)|SYSTEM_MODE_ENTER|false
22:40:06.0 (9811732)|HEAP_ALLOCATE|[17]|Bytes:5
22:40:06.0 (9816297)|STATEMENT_EXECUTE|[11]
22:40:06.0 (9819158)|HEAP_ALLOCATE|[17]|Bytes:5
22:40:06.0 (9821784)|STATEMENT_EXECUTE|[12]
22:40:06.0 (9822986)|STATEMENT_EXECUTE|[13]
22:40:06.0 (9846532)|STATEMENT_EXECUTE|[16]
22:40:06.0 (9847644)|STATEMENT_EXECUTE|[17]
22:40:06.0 (9873570)|VARIABLE_ASSIGNMENT|[17]|this.applicationName|"ServiceLog"|0x7cd3b5a6
22:40:06.0 (9879750)|STATEMENT_EXECUTE|[18]
22:40:06.0 (9959359)|HEAP_ALLOCATE|[18]|Bytes:22
22:40:06.0 (9971991)|METHOD_ENTRY|[1]|01pbV0000000ZVh|ApplicationSettings_Util.ApplicationSettings_Util()
22:40:06.0 (9976523)|STATEMENT_EXECUTE|[1]
22:40:06.0 (9978913)|STATEMENT_EXECUTE|[1]
22:40:06.0 (9983248)|HEAP_ALLOCATE|[18]|Bytes:5
22:40:06.0 (9990754)|METHOD_EXIT|[1]|ApplicationSettings_Util
22:40:06.0 (10001864)|METHOD_ENTRY|[18]|01pbV0000000ZVh|ApplicationSettings_Util.getApplicationConfigurationsByAppName(String)
22:40:06.0 (10021873)|VARIABLE_SCOPE_BEGIN|[33]|applicationName|String|false|false
22:40:06.0 (10030017)|VARIABLE_ASSIGNMENT|[33]|applicationName|"ServiceLog"
22:40:06.0 (10037124)|HEAP_ALLOCATE|[34]|Bytes:5
22:40:06.0 (10041188)|STATEMENT_EXECUTE|[33]
22:40:06.0 (10042405)|STATEMENT_EXECUTE|[34]
22:40:06.0 (10064213)|HEAP_ALLOCATE|[34]|Bytes:4
22:40:06.0 (10080756)|VARIABLE_SCOPE_BEGIN|[34]|applicationConfigMap|Map<String,String>|true|false
22:40:06.0 (10103922)|VARIABLE_ASSIGNMENT|[34]|applicationConfigMap|{}|0x5c6434b2
22:40:06.0 (10113824)|METHOD_ENTRY|[35]|01pbV0000000ZVh|ApplicationSettings_Util.getApplicationDefaultConfigurations(String)
22:40:06.0 (10124147)|VARIABLE_SCOPE_BEGIN|[65]|applicationName|String|false|false
22:40:06.0 (10130288)|VARIABLE_ASSIGNMENT|[65]|applicationName|"ServiceLog"
22:40:06.0 (10136351)|HEAP_ALLOCATE|[66]|Bytes:5
22:40:06.0 (10139802)|STATEMENT_EXECUTE|[65]
22:40:06.0 (10141289)|STATEMENT_EXECUTE|[66]
22:40:06.0 (10143955)|HEAP_ALLOCATE|[66]|Bytes:380
22:40:06.0 (10154991)|HEAP_ALLOCATE|[66]|Bytes:4
22:40:06.0 (10161029)|HEAP_ALLOCATE|[66]|Bytes:7
22:40:06.0 (11208537)|SOQL_EXECUTE_BEGIN|[66]|Aggregations:0|SELECT Label, value__c, ApplicationSettings__c, ApplicationSettings__r.Label, ApplicationSettings__r.DeveloperName, ApplicationSettings__r.Active__c, ApplicationSettings__r.APIConsumer__r.Username__c FROM Application_Configuration__mdt WHERE (ApplicationSettings__r.Active__c = TRUE AND ApplicationSettings__r.MasterLabel = :tmpVar1 AND ApplicationSettings__r.APIConsumer__c = '')
22:40:06.0 (26671470)|SOQL_EXECUTE_EXPLAIN|[66]|No explain plan is available
22:40:06.0 (26698031)|SOQL_EXECUTE_END|[66]|Rows:1
22:40:06.0 (26723711)|LIMIT_USAGE|[66]|SOQL_ROWS|1|50000
22:40:06.0 (26739589)|HEAP_ALLOCATE|[66]|Bytes:8
22:40:06.0 (26784584)|HEAP_ALLOCATE|[66]|Bytes:237
22:40:06.0 (26894917)|HEAP_ALLOCATE|[66]|Bytes:8
22:40:06.0 (26926710)|METHOD_EXIT|[35]|01pbV0000000ZVh|ApplicationSettings_Util.getApplicationDefaultConfigurations(String)
22:40:06.0 (26992463)|SYSTEM_METHOD_ENTRY|[35]|List<Application_Configuration__mdt>.iterator()
22:40:06.0 (27065984)|SYSTEM_METHOD_EXIT|[35]|List<Application_Configuration__mdt>.iterator()
22:40:06.0 (27083662)|SYSTEM_METHOD_ENTRY|[35]|system.ListIterator.hasNext()
22:40:06.0 (27099373)|HEAP_ALLOCATE|[35]|Bytes:5
22:40:06.0 (27104119)|SYSTEM_METHOD_EXIT|[35]|system.ListIterator.hasNext()
22:40:06.0 (27125819)|HEAP_ALLOCATE|[35]|Bytes:24
22:40:06.0 (27140087)|VARIABLE_SCOPE_BEGIN|[35]|config|Application_Configuration__mdt|true|false
22:40:06.0 (27315788)|VARIABLE_ASSIGNMENT|[35]|config|{"Label":"platformEvents.enabl (2 more) ...","value__c":"true","ApplicationSettings__c":"m1NbV0000003cIUUAY","Id":"m0pbV000002vnO8QAI","ApplicationSettings__r":{"Label":"ServiceLog","Id":"m1NbV0000003cIUUAY","DeveloperName":"ServiceLog","Active__c":true}}|0x3739ee83
22:40:06.0 (27323263)|STATEMENT_EXECUTE|[35]
22:40:06.0 (27324336)|STATEMENT_EXECUTE|[36]
22:40:06.0 (27380471)|SYSTEM_METHOD_ENTRY|[36]|Map<String,String>.put(Object, Object)
22:40:06.0 (27419077)|HEAP_ALLOCATE|[EXTERNAL]|Bytes:-4
22:40:06.0 (27425174)|SYSTEM_METHOD_EXIT|[36]|Map<String,String>.put(Object, Object)
22:40:06.0 (27429928)|SYSTEM_METHOD_ENTRY|[35]|system.ListIterator.hasNext()
22:40:06.0 (27435126)|HEAP_ALLOCATE|[35]|Bytes:5
22:40:06.0 (27438117)|SYSTEM_METHOD_EXIT|[35]|system.ListIterator.hasNext()
22:40:06.0 (27444577)|VARIABLE_ASSIGNMENT|[35]|config|null|
22:40:06.0 (27447850)|STATEMENT_EXECUTE|[38]
22:40:06.0 (27454509)|METHOD_EXIT|[18]|01pbV0000000ZVh|ApplicationSettings_Util.getApplicationConfigurationsByAppName(String)
22:40:06.0 (27502059)|VARIABLE_ASSIGNMENT|[18]|this.settingsMap|{"platformEvents.enabled":"true"}|0x7cd3b5a6
22:40:06.0 (27511319)|SYSTEM_MODE_EXIT|false
22:40:06.0 (27530861)|CONSTRUCTOR_EXIT|[9]|01pbV0000002xX3|<init>(String)|AppSettings
22:40:06.0 (27623643)|VARIABLE_ASSIGNMENT|[9]|ServiceLog.settings|{"applicationName":"ServiceLog","settingsMap":"0x5c6434b2"}|0x7cd3b5a6
22:40:06.0 (27627279)|STATEMENT_EXECUTE|[15]
22:40:06.0 (27631490)|HEAP_ALLOCATE|[15]|Bytes:5
22:40:06.0 (27638892)|VARIABLE_ASSIGNMENT|[15]|ServiceLog.includeRequestBody|true
22:40:06.0 (27641664)|STATEMENT_EXECUTE|[17]
22:40:06.0 (27644480)|HEAP_ALLOCATE|[15]|Bytes:14
22:40:06.0 (27647556)|HEAP_ALLOCATE|[15]|Bytes:16
22:40:06.0 (27730002)|SYSTEM_METHOD_ENTRY|[17]|Schema.SObjectField.getDescribe()
22:40:06.0 (28056626)|HEAP_ALLOCATE|[EXTERNAL]|Bytes:4
22:40:06.0 (28169044)|HEAP_ALLOCATE|[17]|Bytes:8
22:40:06.0 (28177340)|SYSTEM_METHOD_EXIT|[17]|Schema.SObjectField.getDescribe()
22:40:06.0 (28197686)|HEAP_ALLOCATE|[17]|Bytes:4
22:40:06.0 (28219997)|VARIABLE_ASSIGNMENT|[17]|ServiceLog.Error_Message_MAX_SIZE|50000
22:40:06.0 (28223346)|STATEMENT_EXECUTE|[18]
22:40:06.0 (28226555)|HEAP_ALLOCATE|[17]|Bytes:13
22:40:06.0 (28257034)|SYSTEM_METHOD_ENTRY|[18]|Schema.SObjectField.getDescribe()
22:40:06.0 (28393315)|HEAP_ALLOCATE|[EXTERNAL]|Bytes:4
22:40:06.0 (28413414)|HEAP_ALLOCATE|[18]|Bytes:8
22:40:06.0 (28417272)|SYSTEM_METHOD_EXIT|[18]|Schema.SObjectField.getDescribe()
22:40:06.0 (28422766)|HEAP_ALLOCATE|[18]|Bytes:4
22:40:06.0 (28433793)|VARIABLE_ASSIGNMENT|[18]|ServiceLog.RequestURI_MAX_SIZE|200
22:40:06.0 (28436595)|STATEMENT_EXECUTE|[19]
22:40:06.0 (28437883)|HEAP_ALLOCATE|[18]|Bytes:17
22:40:06.0 (28454817)|SYSTEM_METHOD_ENTRY|[19]|Schema.SObjectField.getDescribe()
22:40:06.0 (28534781)|HEAP_ALLOCATE|[EXTERNAL]|Bytes:4
22:40:06.0 (28547952)|HEAP_ALLOCATE|[19]|Bytes:8
22:40:06.0 (28550965)|SYSTEM_METHOD_EXIT|[19]|Schema.SObjectField.getDescribe()
22:40:06.0 (28555221)|HEAP_ALLOCATE|[19]|Bytes:4
22:40:06.0 (28562791)|VARIABLE_ASSIGNMENT|[19]|ServiceLog.RequestHeaders_MAX_SIZE|10000
22:40:06.0 (28565708)|STATEMENT_EXECUTE|[20]
22:40:06.0 (28567221)|HEAP_ALLOCATE|[19]|Bytes:20
22:40:06.0 (28581659)|SYSTEM_METHOD_ENTRY|[20]|Schema.SObjectField.getDescribe()
22:40:06.0 (28649652)|HEAP_ALLOCATE|[EXTERNAL]|Bytes:4
22:40:06.0 (28661326)|HEAP_ALLOCATE|[20]|Bytes:8
22:40:06.0 (28664347)|SYSTEM_METHOD_EXIT|[20]|Schema.SObjectField.getDescribe()
22:40:06.0 (28672692)|HEAP_ALLOCATE|[20]|Bytes:4
22:40:06.0 (28679965)|VARIABLE_ASSIGNMENT|[20]|ServiceLog.RequestParameters_MAX_SIZE|1000
22:40:06.0 (28682328)|STATEMENT_EXECUTE|[21]
22:40:06.0 (28683821)|HEAP_ALLOCATE|[20]|Bytes:14
22:40:06.0 (28698209)|SYSTEM_METHOD_ENTRY|[21]|Schema.SObjectField.getDescribe()
22:40:06.0 (28764979)|HEAP_ALLOCATE|[EXTERNAL]|Bytes:4
22:40:06.0 (28777062)|HEAP_ALLOCATE|[21]|Bytes:8
22:40:06.0 (28779740)|SYSTEM_METHOD_EXIT|[21]|Schema.SObjectField.getDescribe()
22:40:06.0 (28783465)|HEAP_ALLOCATE|[21]|Bytes:4
22:40:06.0 (28789710)|VARIABLE_ASSIGNMENT|[21]|ServiceLog.RequestBody_MAX_SIZE|50000
22:40:06.0 (28792239)|STATEMENT_EXECUTE|[22]
22:40:06.0 (28793885)|HEAP_ALLOCATE|[21]|Bytes:15
22:40:06.0 (28806850)|SYSTEM_METHOD_ENTRY|[22]|Schema.SObjectField.getDescribe()
22:40:06.0 (28872261)|HEAP_ALLOCATE|[EXTERNAL]|Bytes:4
22:40:06.0 (28883405)|HEAP_ALLOCATE|[22]|Bytes:8
22:40:06.0 (28886078)|SYSTEM_METHOD_EXIT|[22]|Schema.SObjectField.getDescribe()
22:40:06.0 (28890074)|HEAP_ALLOCATE|[22]|Bytes:4
22:40:06.0 (28897727)|VARIABLE_ASSIGNMENT|[22]|ServiceLog.ResponseBody_MAX_SIZE|131072
22:40:06.0 (28901813)|STATEMENT_EXECUTE|[23]
22:40:06.0 (28903769)|HEAP_ALLOCATE|[22]|Bytes:18
22:40:06.0 (28927400)|SYSTEM_METHOD_ENTRY|[23]|Schema.SObjectField.getDescribe()
22:40:06.0 (28998342)|HEAP_ALLOCATE|[EXTERNAL]|Bytes:4
22:40:06.0 (29010727)|HEAP_ALLOCATE|[23]|Bytes:8
22:40:06.0 (29014589)|SYSTEM_METHOD_EXIT|[23]|Schema.SObjectField.getDescribe()
22:40:06.0 (29018371)|HEAP_ALLOCATE|[23]|Bytes:4
22:40:06.0 (29025300)|VARIABLE_ASSIGNMENT|[23]|ServiceLog.ResponseHeaders_MAX_SIZE|1000
22:40:06.0 (29027679)|STATEMENT_EXECUTE|[24]
22:40:06.0 (29031770)|HEAP_ALLOCATE|[24]|Bytes:4
22:40:06.0 (29035940)|VARIABLE_ASSIGNMENT|[24]|ServiceLog.MAX_PAYLOAD_SIZE|131072
22:40:06.0 (29059417)|METHOD_EXIT|[8]|ServiceLog
22:40:06.0 (29073633)|METHOD_ENTRY|[24]|01p3600000JZQWB|ServiceLog.commitLogsViaEvents(List<Service_Log__c>)
22:40:06.0 (29090647)|VARIABLE_SCOPE_BEGIN|[227]|serviceLogs|List<Service_Log__c>|true|false
22:40:06.0 (29203001)|VARIABLE_ASSIGNMENT|[227]|serviceLogs|[{"Method__c":"GET","Service_Start__c":"2026-02-22T06:40:05.890Z","ResponseBody__c":"{\n   \"plus_code\" : \n (15881 more) ...","Service_End__c":"2026-02-22T06:40:06.002Z","ResponseStatusCode__c":200.0,"Service_Name__c":"Google Maps - Get Ad (5 more) ...","Direction__c":"Outbound","OwnerId":"00536000006CafHAAS","Category__c":"Google Maps","RequestBody__c":"","attributes":{"type":"Service_Log__c"},"RequestURI__c":"callout:GoogleMaps/g (95 more) ...","ResponseHeaders__c":"(Alt-Svc, Server, Ac (143 more) ..."}]|0x4b696a80
22:40:06.0 (29218298)|HEAP_ALLOCATE|[228]|Bytes:5
22:40:06.0 (29221076)|STATEMENT_EXECUTE|[227]
22:40:06.0 (29222186)|STATEMENT_EXECUTE|[228]
22:40:06.0 (29222930)|STATEMENT_EXECUTE|[228]
22:40:06.0 (29223900)|STATEMENT_EXECUTE|[229]
22:40:06.0 (29282972)|DML_BEGIN|[229]|Op:Insert|Type:Service_Log__c|Rows:1
22:40:06.0 (29307915)|LIMIT_USAGE|[229]|DML|1|150
22:40:06.0 (29313328)|LIMIT_USAGE|[229]|DML_ROWS|1|10000
22:40:06.0 (29326602)|HEAP_ALLOCATE|[EXTERNAL]|Bytes:8
22:40:06.0 (74127678)|CODE_UNIT_STARTED|[EXTERNAL]|Workflow:01I36000002oP20
22:40:06.0 (84228506)|WF_RULE_EVAL_BEGIN|Workflow
22:40:06.0 (84335997)|WF_CRITERIA_BEGIN|[Service Log: SL-0077135283 a4BbV00000LFU6S]|QuikQ Purchase Policy Submission Failure Emails|01Q1R000000VC5h|ON_CREATE_ONLY|0
22:40:06.0 (84423616)|WF_RULE_FILTER|[Service Log : Service Name contains QuikQ_CreatePurchasePolicies] 
AND [Service Log : Error Exists equals true]
22:40:06.0 (84461760)|WF_RULE_EVAL_VALUE|12493
22:40:06.0 (84467922)|WF_CRITERIA_END|false
22:40:06.0 (84480272)|WF_CRITERIA_BEGIN|[Service Log: SL-0077135283 a4BbV00000LFU6S]|QuikQ Credit Setup Failure Emails|01Q1R000000VBpf|ON_CREATE_ONLY|0
22:40:06.0 (84497791)|WF_RULE_FILTER|[Service Log : Service Name contains QuikQ_CreditCutoff, QuikQ_CreditLimit] 
AND [Service Log : Error Exists equals true]
22:40:06.0 (84505847)|WF_RULE_EVAL_VALUE|12493
22:40:06.0 (84508135)|WF_CRITERIA_END|false
22:40:06.0 (84513775)|WF_CRITERIA_BEGIN|[Service Log: SL-0077135283 a4BbV00000LFU6S]|QuikQ Create Carrier Failure Emails|01Q1R000000VBpe|ON_CREATE_ONLY|0
22:40:06.0 (84525845)|WF_RULE_FILTER|[Service Log : Service Name contains QuikQ_CreateCarrier] 
AND [Service Log : Error Exists equals true]
22:40:06.0 (84531194)|WF_RULE_EVAL_VALUE|12493
22:40:06.0 (84533145)|WF_CRITERIA_END|false
22:40:06.0 (84537396)|WF_CRITERIA_BEGIN|[Service Log: SL-0077135283 a4BbV00000LFU6S]|QuikQ Trailer Submission Failure Emails|01Q1R000000VBph|ON_CREATE_ONLY|0
22:40:06.0 (84548390)|WF_RULE_FILTER|[Service Log : Service Name contains QuikQ_CreateTrailer] 
AND [Service Log : Error Exists equals true]
22:40:06.0 (84553094)|WF_RULE_EVAL_VALUE|12493
22:40:06.0 (84554935)|WF_CRITERIA_END|false
22:40:06.0 (84559695)|WF_CRITERIA_BEGIN|[Service Log: SL-0077135283 a4BbV00000LFU6S]|QuikQ Driver Submission Failure Emails|01Q1R000000VBpg|ON_CREATE_ONLY|0
22:40:06.0 (84570569)|WF_RULE_FILTER|[Service Log : Service Name contains QuikQ_CreateDriver] 
AND [Service Log : Error Exists equals true]
22:40:06.0 (84575147)|WF_RULE_EVAL_VALUE|12493
22:40:06.0 (84576942)|WF_CRITERIA_END|false
22:40:06.0 (84581213)|WF_CRITERIA_BEGIN|[Service Log: SL-0077135283 a4BbV00000LFU6S]|QuikQ Truck Submission Failure Emails|01Q1R000000VBpi|ON_CREATE_ONLY|0
22:40:06.0 (84592206)|WF_RULE_FILTER|[Service Log : Service Name contains QuikQ_CreateTruck] 
AND [Service Log : Error Exists equals true]
22:40:06.0 (84601170)|WF_RULE_EVAL_VALUE|12493
22:40:06.0 (84603505)|WF_CRITERIA_END|false
22:40:06.0 (84607922)|WF_CRITERIA_BEGIN|[Service Log: SL-0077135283 a4BbV00000LFU6S]|QuikQ Credit Alert Failure Emails|01Q1R000000Rtya|ON_CREATE_ONLY|0
22:40:06.0 (84618792)|WF_RULE_FILTER|[Service Log : Service Name contains QuikQ_CreditAlert] 
AND [Service Log : Error Exists equals true]
22:40:06.0 (84623415)|WF_RULE_EVAL_VALUE|12493
22:40:06.0 (84625224)|WF_CRITERIA_END|false
22:40:06.0 (84633928)|WF_SPOOL_ACTION_BEGIN|Workflow
22:40:06.0 (84650268)|WF_ACTION| None
22:40:06.0 (84653274)|WF_RULE_EVAL_END
22:40:06.0 (84722731)|WF_ACTIONS_END| None
22:40:06.0 (84731117)|CODE_UNIT_FINISHED|Workflow:01I36000002oP20
22:40:06.0 (90988803)|DML_END|[229]
22:40:06.0 (91010501)|HEAP_ALLOCATE|[229]|Bytes:-4
22:40:06.0 (91803834)|HEAP_ALLOCATE|[EXTERNAL]|Bytes:8
22:40:06.0 (91831840)|METHOD_EXIT|[24]|01p3600000JZQWB|ServiceLog.commitLogsViaEvents(List<Service_Log__c>)
22:40:06.91 (91851315)|CUMULATIVE_LIMIT_USAGE
22:40:06.91 (91851315)|LIMIT_USAGE_FOR_NS|(default)|
  Number of SOQL queries: 0 out of 100
  Number of query rows: 1 out of 50000
  Number of SOSL queries: 0 out of 20
  Number of DML statements: 1 out of 150
  Number of Publish Immediate DML: 0 out of 150
  Number of DML rows: 1 out of 10000
  Maximum CPU time: 0 out of 10000
  Maximum heap size: 0 out of 6000000
  Number of callouts: 0 out of 100
  Number of Email Invocations: 0 out of 10
  Number of future calls: 0 out of 50
  Number of queueable jobs added to the queue: 0 out of 50
  Number of Mobile Apex push calls: 0 out of 10

22:40:06.91 (91851315)|TOTAL_EMAIL_RECIPIENTS_QUEUED|0
22:40:06.91 (91851315)|STATIC_VARIABLE_LIST|
  int:BYTES:0
  int:BYTES:0
  byte[]:DigitOnes:0
  byte[]:DigitTens:0
  Boolean:FALSE:0
  int:MAX_EXPONENT:0
  double:MAX_VALUE:0
  int:MAX_VALUE:0
  int:MIN_EXPONENT:0
  double:MIN_NORMAL:0
  double:MIN_VALUE:0
  int:MIN_VALUE:0
  double:NEGATIVE_INFINITY:0
  double:NaN:0
  double:POSITIVE_INFINITY:0
  int:PRECISION:0
  int:SIZE:0
  int:SIZE:0
  Boolean:TRUE:0
  String:__sfdcInnerTypes:0
  String:__sfdcProperties:0
  String:_sfdcAdditionalCodeLocations:0
  String:_sfdcAdditionalCodeLocations:0
  String:_sfdcAdditionalCodeLocations:0
  String:_sfdcAdditionalCodeLocations:0
  String:_sfdcAdditionalCodeLocations:0
  String:_sfdcAdditionalCodeLocations:0
  String:_sfdcSuppressedCodeLocations:0
  Integer:_static_Error_Message_MAX_SIZE:0
  Integer:_static_MAX_PAYLOAD_SIZE:0
  Integer:_static_RequestBody_MAX_SIZE:0
  Integer:_static_RequestHeaders_MAX_SIZE:0
  Integer:_static_RequestParameters_MAX_SIZE:0
  Integer:_static_RequestURI_MAX_SIZE:0
  Integer:_static_ResponseBody_MAX_SIZE:0
  Integer:_static_ResponseHeaders_MAX_SIZE:0
  Boolean:_static_includeRequestBody:0
  AppSettings:_static_settings:0
  char[]:digits:0
  long:serialVersionUID:0
  long:serialVersionUID:0
  long:serialVersionUID:0

22:40:06.91 (91851315)|CUMULATIVE_LIMIT_USAGE_END

22:40:06.0 (92204759)|CODE_UNIT_FINISHED|ServiceLogEventTrigger on Service_Log_Event trigger event AfterInsert|__sfdc_trigger/ServiceLogEventTrigger
22:40:06.0 (92228274)|EXECUTION_FINISHED
22:40:06.94 (94203761)|CUMULATIVE_PROFILING_BEGIN
22:40:06.94 (94203761)|CUMULATIVE_PROFILING|SOQL operations|
Class.ApplicationSettings_Util.getApplicationDefaultConfigurations: line 66, column 1: [Select Label, value__c, ApplicationSettings__c, ApplicationSettings__r.Label,ApplicationSettings__r.DeveloperName,ApplicationSettings__r.Active__c, ApplicationSettings__r.APIConsumer__r.Username__c
            from Application_Configuration__mdt where 
            ApplicationSettings__r.Active__c = true and 
            ApplicationSettings__r.MasterLabel = :applicationName and 
            ApplicationSettings__r.APIConsumer__c = '']: executed 1 time in 16 ms

22:40:06.94 (94203761)|CUMULATIVE_PROFILING|No profiling information for SOSL operations
22:40:06.94 (94203761)|CUMULATIVE_PROFILING|DML operations|
Class.ServiceLog.commitLogsViaEvents: line 229, column 1: Insert: List<Service_Log__c>: executed 1 time in 62 ms

22:40:06.94 (94203761)|CUMULATIVE_PROFILING|method invocations|
External entry point: public void invoke(): executed 1 time in 90 ms
Trigger.ServiceLogEventTrigger: line 24, column 1: public static void commitLogsViaEvents(List<Service_Log__c>): executed 1 time in 62 ms
Class.AppSettings.<init>: line 18, column 1: public static Map<String,String> getApplicationConfigurationsByAppName(String): executed 1 time in 18 ms
Class.ServiceLog: line 9, column 1: public AppSettings(String): executed 1 time in 18 ms
Class.ApplicationSettings_Util.getApplicationConfigurationsByAppName: line 35, column 1: public static List<Application_Configuration__mdt> getApplicationDefaultConfigurations(String): executed 4 times in 17 ms
Trigger.ServiceLogEventTrigger: line 18, column 1: global static Object deserializeStrict(String, System.Type): executed 1 time in 1 ms
Class.ServiceLog: line 17, column 1: global Schema.DescribeFieldResult getDescribe(): executed 1 time in 1 ms
Trigger.ServiceLogEventTrigger: line 16, column 1: global public System.Iterator iterator(): executed 3 times in 0 ms
Trigger.ServiceLogEventTrigger: line 17, column 1: public static Boolean isNotBlank(String): executed 1 time in 0 ms
Trigger.ServiceLogEventTrigger: line 20, column 1: global public Object add(Object): executed 1 time in 0 ms
Trigger.ServiceLogEventTrigger: line 23, column 1: global public Boolean isEmpty(): executed 1 time in 0 ms

22:40:06.94 (94203761)|CUMULATIVE_PROFILING_END
