66.0 APEX_CODE,FINEST;APEX_PROFILING,FINEST;CALLOUT,FINEST;DATA_ACCESS,INFO;DB,FINEST;NBA,FINEST;SYSTEM,FINE;VALIDATION,INFO;VISUALFORCE,FINER;WAVE,FINEST;WORKFLOW,FINER
22:39:02.1 (1016983)|USER_INFO|[EXTERNAL]|00536000001Ebgm|autoproc@00d36000000kq3ueac|(GMT-08:00) Pacific Standard Time (America/Los_Angeles)|GMT-08:00
22:39:02.1 (1095320)|EXECUTION_STARTED
22:39:02.1 (1121826)|CODE_UNIT_STARTED|[EXTERNAL]|01qbV000003N9GX|ServiceLogEventTrigger on Service_Log_Event trigger event AfterInsert|__sfdc_trigger/ServiceLogEventTrigger
22:39:02.1 (1192559)|HEAP_ALLOCATE|[EXTERNAL]|Bytes:8
22:39:02.1 (2050574)|HEAP_ALLOCATE|[95]|Bytes:3
22:39:02.1 (2105907)|HEAP_ALLOCATE|[100]|Bytes:152
22:39:02.1 (2120095)|HEAP_ALLOCATE|[417]|Bytes:408
22:39:02.1 (2132045)|HEAP_ALLOCATE|[430]|Bytes:408
22:39:02.1 (2153143)|HEAP_ALLOCATE|[317]|Bytes:6
22:39:02.1 (2171085)|HEAP_ALLOCATE|[EXTERNAL]|Bytes:8
22:39:02.1 (2185670)|VARIABLE_SCOPE_BEGIN|[12]|this|ServiceLogEventTrigger|true|false
22:39:02.1 (2339268)|VARIABLE_ASSIGNMENT|[12]|this|{}|0x3def88b6
22:39:02.1 (2376170)|HEAP_ALLOCATE|[EXTERNAL]|Bytes:8
22:39:02.1 (2384220)|VARIABLE_SCOPE_BEGIN|[12]|this|ServiceLogEventTrigger|true|false
22:39:02.1 (2406846)|VARIABLE_ASSIGNMENT|[12]|this|{}|0x3def88b6
22:39:02.1 (2414565)|STATEMENT_EXECUTE|[12]
22:39:02.1 (2416628)|STATEMENT_EXECUTE|[13]
22:39:02.1 (2522001)|HEAP_ALLOCATE|[13]|Bytes:4
22:39:02.1 (2587452)|SYSTEM_CONSTRUCTOR_ENTRY|[13]|<init>()
22:39:02.1 (2619950)|SYSTEM_CONSTRUCTOR_EXIT|[13]|<init>()
22:39:02.1 (2643786)|HEAP_ALLOCATE|[68]|Bytes:5
22:39:02.1 (2673340)|HEAP_ALLOCATE|[74]|Bytes:5
22:39:02.1 (2682181)|HEAP_ALLOCATE|[82]|Bytes:7
22:39:02.1 (2858752)|HEAP_ALLOCATE|[EXTERNAL]|Bytes:4
22:39:02.1 (2892987)|VARIABLE_ASSIGNMENT|[13]|this.serviceLogs|[]|0x3def88b6
22:39:02.1 (3006800)|SYSTEM_METHOD_ENTRY|[16]|List<Service_Log_Event__e>.iterator()
22:39:02.1 (3122211)|SYSTEM_METHOD_EXIT|[16]|List<Service_Log_Event__e>.iterator()
22:39:02.1 (3141258)|SYSTEM_METHOD_ENTRY|[16]|system.ListIterator.hasNext()
22:39:02.1 (3152863)|HEAP_ALLOCATE|[16]|Bytes:5
22:39:02.1 (3201544)|SYSTEM_METHOD_EXIT|[16]|system.ListIterator.hasNext()
22:39:02.1 (3256397)|VARIABLE_SCOPE_BEGIN|[16]|evt|Service_Log_Event__e|true|false
22:39:02.1 (3483819)|VARIABLE_ASSIGNMENT|[16]|evt|{"CreatedById":"00536000006CafHAAS","Payload__c":"{\"attributes\":{\"type (17981 more) ...","ReplayId":"28143569","EventUuid":"dec9b866-ff02-4019-8 (16 more) ...","CreatedDate":"2026-02-22T06:39:01.000Z","OwnerId__c":"00536000006CafHAAS","Id":"e0Fxx000001u5QXEAY"}|0x5c0f31c
22:39:02.1 (3493227)|STATEMENT_EXECUTE|[16]
22:39:02.1 (3494925)|STATEMENT_EXECUTE|[17]
22:39:02.1 (3560274)|SYSTEM_METHOD_ENTRY|[17]|String.isNotBlank(String)
22:39:02.1 (3582804)|SYSTEM_METHOD_EXIT|[17]|String.isNotBlank(String)
22:39:02.1 (3606249)|VARIABLE_SCOPE_BEGIN|[17]|log|String|false|false
22:39:02.1 (3621495)|VARIABLE_ASSIGNMENT|[17]|log|"{\"attributes\":{\"type (17981 more) ..."
22:39:02.1 (3624731)|STATEMENT_EXECUTE|[18]
22:39:02.1 (3627454)|HEAP_ALLOCATE|[18]|Bytes:40
22:39:02.1 (3733827)|HEAP_ALLOCATE|[18]|Bytes:33
22:39:02.1 (3756440)|SYSTEM_METHOD_ENTRY|[1]|Type.Type()
22:39:02.1 (3759776)|STATEMENT_EXECUTE|[1]
22:39:02.1 (3789353)|SYSTEM_METHOD_EXIT|[1]|Type
22:39:02.1 (3794210)|HEAP_ALLOCATE|[18]|Bytes:8
22:39:02.1 (3809313)|HEAP_ALLOCATE|[18]|Bytes:8
22:39:02.1 (3813898)|VARIABLE_SCOPE_BEGIN|[4]|this|System.Type|true|false
22:39:02.1 (3872254)|VARIABLE_ASSIGNMENT|[4]|this|{}|0x62a79e2a
22:39:02.1 (3877106)|VARIABLE_SCOPE_BEGIN|[4]|apextype|java:common.apex.runtime.ApexObjectType|true|false
22:39:02.1 (4103121)|VARIABLE_ASSIGNMENT|[4]|apextype|"Service_Log__c"|0xad0e35
22:39:02.1 (6402123)|HEAP_ALLOCATE|[18]|Bytes:8
22:39:02.1 (6479907)|HEAP_ALLOCATE|[18]|Bytes:24
22:39:02.1 (6504185)|SYSTEM_METHOD_ENTRY|[1]|JSON.JSON()
22:39:02.1 (6513047)|STATEMENT_EXECUTE|[1]
22:39:02.1 (6524156)|SYSTEM_METHOD_EXIT|[1]|JSON
22:39:02.1 (6550167)|METHOD_ENTRY|[18]||System.JSON.deserializeStrict(String, System.Type)
22:39:02.1 (7792471)|METHOD_EXIT|[18]||System.JSON.deserializeStrict(String, System.Type)
22:39:02.1 (7862979)|VARIABLE_SCOPE_BEGIN|[18]|newLog|Service_Log__c|true|false
22:39:02.1 (8171449)|VARIABLE_ASSIGNMENT|[18]|newLog|{"Service_Name__c":"Google Maps - Get Ad (5 more) ...","Method__c":"GET","Direction__c":"Outbound","Service_Start__c":"2026-02-22T06:39:01.750Z","Category__c":"Google Maps","RequestBody__c":"","ResponseBody__c":"{\n   \"plus_code\" : \n (15881 more) ...","attributes":{"type":"Service_Log__c"},"Service_End__c":"2026-02-22T06:39:01.824Z","RequestURI__c":"callout:GoogleMaps/g (95 more) ...","ResponseStatusCode__c":200.0,"ResponseHeaders__c":"(Alt-Svc, Server, Ac (143 more) ..."}|0x1dcad66a
22:39:02.1 (8193300)|STATEMENT_EXECUTE|[19]
22:39:02.1 (8261237)|HEAP_ALLOCATE|[19]|Bytes:4
22:39:02.1 (8541462)|HEAP_ALLOCATE|[19]|Bytes:-4
22:39:02.1 (8676305)|VARIABLE_ASSIGNMENT|[19]|this.OwnerId|"00536000006CafHAAS"|0x1dcad66a
22:39:02.1 (8695993)|STATEMENT_EXECUTE|[20]
22:39:02.1 (8757996)|SYSTEM_METHOD_ENTRY|[20]|List<Service_Log__c>.add(Object)
22:39:02.1 (8801610)|HEAP_ALLOCATE|[EXTERNAL]|Bytes:4
22:39:02.1 (8814361)|SYSTEM_METHOD_EXIT|[20]|List<Service_Log__c>.add(Object)
22:39:02.1 (8827420)|SYSTEM_METHOD_ENTRY|[16]|system.ListIterator.hasNext()
22:39:02.1 (8841007)|HEAP_ALLOCATE|[16]|Bytes:5
22:39:02.1 (8854034)|SYSTEM_METHOD_EXIT|[16]|system.ListIterator.hasNext()
22:39:02.1 (8879720)|VARIABLE_ASSIGNMENT|[16]|evt|null|
22:39:02.1 (8896181)|SYSTEM_METHOD_ENTRY|[23]|List<Service_Log__c>.isEmpty()
22:39:02.1 (8911521)|SYSTEM_METHOD_EXIT|[23]|List<Service_Log__c>.isEmpty()
22:39:02.1 (8918824)|STATEMENT_EXECUTE|[23]
22:39:02.1 (8920884)|STATEMENT_EXECUTE|[24]
22:39:02.1 (9068273)|VARIABLE_SCOPE_BEGIN|[17]|ServiceLog.Error_Message_MAX_SIZE|Integer|false|true
22:39:02.1 (9144580)|VARIABLE_SCOPE_BEGIN|[24]|ServiceLog.MAX_PAYLOAD_SIZE|Integer|false|true
22:39:02.1 (9155424)|VARIABLE_SCOPE_BEGIN|[21]|ServiceLog.RequestBody_MAX_SIZE|Integer|false|true
22:39:02.1 (9163775)|VARIABLE_SCOPE_BEGIN|[19]|ServiceLog.RequestHeaders_MAX_SIZE|Integer|false|true
22:39:02.1 (9179862)|VARIABLE_SCOPE_BEGIN|[20]|ServiceLog.RequestParameters_MAX_SIZE|Integer|false|true
22:39:02.1 (9187424)|VARIABLE_SCOPE_BEGIN|[18]|ServiceLog.RequestURI_MAX_SIZE|Integer|false|true
22:39:02.1 (9195816)|VARIABLE_SCOPE_BEGIN|[22]|ServiceLog.ResponseBody_MAX_SIZE|Integer|false|true
22:39:02.1 (9203647)|VARIABLE_SCOPE_BEGIN|[23]|ServiceLog.ResponseHeaders_MAX_SIZE|Integer|false|true
22:39:02.1 (9211304)|VARIABLE_SCOPE_BEGIN|[15]|ServiceLog.includeRequestBody|Boolean|false|true
22:39:02.1 (9288976)|VARIABLE_SCOPE_BEGIN|[13]|ServiceLog.log|ServiceLog|true|true
22:39:02.1 (9300281)|VARIABLE_SCOPE_BEGIN|[11]|ServiceLog.logList|List<Service_Log__c>|true|true
22:39:02.1 (9309458)|VARIABLE_SCOPE_BEGIN|[14]|ServiceLog.serviceLogName|String|false|true
22:39:02.1 (9319020)|VARIABLE_SCOPE_BEGIN|[9]|ServiceLog.settings|AppSettings|true|true
22:39:02.1 (9345862)|HEAP_ALLOCATE|[24]|Bytes:88
22:39:02.1 (9359710)|HEAP_ALLOCATE|[24]|Bytes:84
22:39:02.1 (9364500)|HEAP_ALLOCATE|[24]|Bytes:19
22:39:02.1 (9478845)|METHOD_ENTRY|[8]|01p3600000JZQWB|ServiceLog.ServiceLog()
22:39:02.1 (9506617)|STATEMENT_EXECUTE|[8]
22:39:02.1 (9519809)|STATEMENT_EXECUTE|[8]
22:39:02.1 (9537757)|HEAP_ALLOCATE|[9]|Bytes:5
22:39:02.1 (9546372)|STATEMENT_EXECUTE|[9]
22:39:02.1 (9550912)|HEAP_ALLOCATE|[9]|Bytes:29
22:39:02.1 (9611648)|HEAP_ALLOCATE|[9]|Bytes:44
22:39:02.1 (9633141)|METHOD_ENTRY|[11]|01pbV0000002xX3|AppSettings.AppSettings()
22:39:02.1 (9638898)|STATEMENT_EXECUTE|[11]
22:39:02.1 (9642894)|STATEMENT_EXECUTE|[11]
22:39:02.1 (10928036)|SYSTEM_MODE_ENTER|false
22:39:02.1 (10961178)|HEAP_ALLOCATE|[9]|Bytes:5
22:39:02.1 (10981074)|STATEMENT_EXECUTE|[131]
22:39:02.1 (10991169)|SYSTEM_MODE_EXIT|false
22:39:02.1 (11019973)|METHOD_EXIT|[11]|AppSettings
22:39:02.1 (11031083)|HEAP_ALLOCATE|[9]|Bytes:12
22:39:02.1 (11040407)|HEAP_ALLOCATE|[9]|Bytes:10
22:39:02.1 (11078512)|CONSTRUCTOR_ENTRY|[9]|01pbV0000002xX3|<init>(String)|AppSettings
22:39:02.1 (11125474)|VARIABLE_SCOPE_BEGIN|[16]|this|AppSettings|true|false
22:39:02.1 (11573013)|VARIABLE_ASSIGNMENT|[16]|this|{}|0x1e6973f5
22:39:02.1 (11592998)|VARIABLE_SCOPE_BEGIN|[16]|applicationName|String|false|false
22:39:02.1 (11615139)|VARIABLE_ASSIGNMENT|[16]|applicationName|"ServiceLog"
22:39:02.1 (11639247)|SYSTEM_MODE_ENTER|false
22:39:02.1 (11652983)|HEAP_ALLOCATE|[17]|Bytes:5
22:39:02.1 (11663841)|STATEMENT_EXECUTE|[11]
22:39:02.1 (11667924)|HEAP_ALLOCATE|[17]|Bytes:5
22:39:02.1 (11672553)|STATEMENT_EXECUTE|[12]
22:39:02.1 (11674435)|STATEMENT_EXECUTE|[13]
22:39:02.1 (11709860)|STATEMENT_EXECUTE|[16]
22:39:02.1 (11712519)|STATEMENT_EXECUTE|[17]
22:39:02.1 (11742000)|VARIABLE_ASSIGNMENT|[17]|this.applicationName|"ServiceLog"|0x1e6973f5
22:39:02.1 (11749447)|STATEMENT_EXECUTE|[18]
22:39:02.1 (11874956)|HEAP_ALLOCATE|[18]|Bytes:22
22:39:02.1 (11902864)|METHOD_ENTRY|[1]|01pbV0000000ZVh|ApplicationSettings_Util.ApplicationSettings_Util()
22:39:02.1 (11911305)|STATEMENT_EXECUTE|[1]
22:39:02.1 (11915573)|STATEMENT_EXECUTE|[1]
22:39:02.1 (11923951)|HEAP_ALLOCATE|[18]|Bytes:5
22:39:02.1 (11939555)|METHOD_EXIT|[1]|ApplicationSettings_Util
22:39:02.1 (11959331)|METHOD_ENTRY|[18]|01pbV0000000ZVh|ApplicationSettings_Util.getApplicationConfigurationsByAppName(String)
22:39:02.1 (11990043)|VARIABLE_SCOPE_BEGIN|[33]|applicationName|String|false|false
22:39:02.1 (12010130)|VARIABLE_ASSIGNMENT|[33]|applicationName|"ServiceLog"
22:39:02.1 (12022239)|HEAP_ALLOCATE|[34]|Bytes:5
22:39:02.1 (12030762)|STATEMENT_EXECUTE|[33]
22:39:02.1 (12032720)|STATEMENT_EXECUTE|[34]
22:39:02.1 (12051835)|HEAP_ALLOCATE|[34]|Bytes:4
22:39:02.1 (12070597)|VARIABLE_SCOPE_BEGIN|[34]|applicationConfigMap|Map<String,String>|true|false
22:39:02.1 (12150701)|VARIABLE_ASSIGNMENT|[34]|applicationConfigMap|{}|0x41548f16
22:39:02.1 (12167709)|METHOD_ENTRY|[35]|01pbV0000000ZVh|ApplicationSettings_Util.getApplicationDefaultConfigurations(String)
22:39:02.1 (12189506)|VARIABLE_SCOPE_BEGIN|[65]|applicationName|String|false|false
22:39:02.1 (12204574)|VARIABLE_ASSIGNMENT|[65]|applicationName|"ServiceLog"
22:39:02.1 (12215682)|HEAP_ALLOCATE|[66]|Bytes:5
22:39:02.1 (12235298)|STATEMENT_EXECUTE|[65]
22:39:02.1 (12237841)|STATEMENT_EXECUTE|[66]
22:39:02.1 (12241300)|HEAP_ALLOCATE|[66]|Bytes:380
22:39:02.1 (12258411)|HEAP_ALLOCATE|[66]|Bytes:4
22:39:02.1 (12327664)|HEAP_ALLOCATE|[66]|Bytes:7
22:39:02.1 (14418669)|SOQL_EXECUTE_BEGIN|[66]|Aggregations:0|SELECT Label, value__c, ApplicationSettings__c, ApplicationSettings__r.Label, ApplicationSettings__r.DeveloperName, ApplicationSettings__r.Active__c, ApplicationSettings__r.APIConsumer__r.Username__c FROM Application_Configuration__mdt WHERE (ApplicationSettings__r.Active__c = TRUE AND ApplicationSettings__r.MasterLabel = :tmpVar1 AND ApplicationSettings__r.APIConsumer__c = '')
22:39:02.1 (33965258)|SOQL_EXECUTE_EXPLAIN|[66]|No explain plan is available
22:39:02.1 (34000118)|SOQL_EXECUTE_END|[66]|Rows:1
22:39:02.1 (34031334)|LIMIT_USAGE|[66]|SOQL_ROWS|1|50000
22:39:02.1 (34055349)|HEAP_ALLOCATE|[66]|Bytes:8
22:39:02.1 (34119949)|HEAP_ALLOCATE|[66]|Bytes:237
22:39:02.1 (34246753)|HEAP_ALLOCATE|[66]|Bytes:8
22:39:02.1 (34294115)|METHOD_EXIT|[35]|01pbV0000000ZVh|ApplicationSettings_Util.getApplicationDefaultConfigurations(String)
22:39:02.1 (34406954)|SYSTEM_METHOD_ENTRY|[35]|List<Application_Configuration__mdt>.iterator()
22:39:02.1 (34514972)|SYSTEM_METHOD_EXIT|[35]|List<Application_Configuration__mdt>.iterator()
22:39:02.1 (34539808)|SYSTEM_METHOD_ENTRY|[35]|system.ListIterator.hasNext()
22:39:02.1 (34557644)|HEAP_ALLOCATE|[35]|Bytes:5
22:39:02.1 (34571697)|SYSTEM_METHOD_EXIT|[35]|system.ListIterator.hasNext()
22:39:02.1 (34602622)|HEAP_ALLOCATE|[35]|Bytes:24
22:39:02.1 (34627043)|VARIABLE_SCOPE_BEGIN|[35]|config|Application_Configuration__mdt|true|false
22:39:02.1 (35084424)|VARIABLE_ASSIGNMENT|[35]|config|{"Label":"platformEvents.enabl (2 more) ...","value__c":"true","ApplicationSettings__c":"m1NbV0000003cIUUAY","Id":"m0pbV000002vnO8QAI","ApplicationSettings__r":{"Label":"ServiceLog","Id":"m1NbV0000003cIUUAY","DeveloperName":"ServiceLog","Active__c":true}}|0x5ecef1ee
22:39:02.1 (35141659)|STATEMENT_EXECUTE|[35]
22:39:02.1 (35144463)|STATEMENT_EXECUTE|[36]
22:39:02.1 (35269869)|SYSTEM_METHOD_ENTRY|[36]|Map<String,String>.put(Object, Object)
22:39:02.1 (35317208)|HEAP_ALLOCATE|[EXTERNAL]|Bytes:-4
22:39:02.1 (35331809)|SYSTEM_METHOD_EXIT|[36]|Map<String,String>.put(Object, Object)
22:39:02.1 (35344647)|SYSTEM_METHOD_ENTRY|[35]|system.ListIterator.hasNext()
22:39:02.1 (35360675)|HEAP_ALLOCATE|[35]|Bytes:5
22:39:02.1 (35390102)|SYSTEM_METHOD_EXIT|[35]|system.ListIterator.hasNext()
22:39:02.1 (35424634)|VARIABLE_ASSIGNMENT|[35]|config|null|
22:39:02.1 (35432469)|STATEMENT_EXECUTE|[38]
22:39:02.1 (35444909)|METHOD_EXIT|[18]|01pbV0000000ZVh|ApplicationSettings_Util.getApplicationConfigurationsByAppName(String)
22:39:02.1 (35542065)|VARIABLE_ASSIGNMENT|[18]|this.settingsMap|{"platformEvents.enabled":"true"}|0x1e6973f5
22:39:02.1 (35556224)|SYSTEM_MODE_EXIT|false
22:39:02.1 (35642719)|CONSTRUCTOR_EXIT|[9]|01pbV0000002xX3|<init>(String)|AppSettings
22:39:02.1 (35865900)|VARIABLE_ASSIGNMENT|[9]|ServiceLog.settings|{"applicationName":"ServiceLog","settingsMap":"0x41548f16"}|0x1e6973f5
22:39:02.1 (35877603)|STATEMENT_EXECUTE|[15]
22:39:02.1 (35889860)|HEAP_ALLOCATE|[15]|Bytes:5
22:39:02.1 (35921243)|VARIABLE_ASSIGNMENT|[15]|ServiceLog.includeRequestBody|true
22:39:02.1 (35926249)|STATEMENT_EXECUTE|[17]
22:39:02.1 (35930328)|HEAP_ALLOCATE|[15]|Bytes:14
22:39:02.1 (35936165)|HEAP_ALLOCATE|[15]|Bytes:16
22:39:02.1 (36093597)|SYSTEM_METHOD_ENTRY|[17]|Schema.SObjectField.getDescribe()
22:39:02.1 (36506794)|HEAP_ALLOCATE|[EXTERNAL]|Bytes:4
22:39:02.1 (36592969)|HEAP_ALLOCATE|[17]|Bytes:8
22:39:02.1 (36630894)|SYSTEM_METHOD_EXIT|[17]|Schema.SObjectField.getDescribe()
22:39:02.1 (36657863)|HEAP_ALLOCATE|[17]|Bytes:4
22:39:02.1 (36708837)|VARIABLE_ASSIGNMENT|[17]|ServiceLog.Error_Message_MAX_SIZE|50000
22:39:02.1 (36716369)|STATEMENT_EXECUTE|[18]
22:39:02.1 (36720584)|HEAP_ALLOCATE|[17]|Bytes:13
22:39:02.1 (36795723)|SYSTEM_METHOD_ENTRY|[18]|Schema.SObjectField.getDescribe()
22:39:02.1 (37118083)|HEAP_ALLOCATE|[EXTERNAL]|Bytes:4
22:39:02.1 (37173417)|HEAP_ALLOCATE|[18]|Bytes:8
22:39:02.1 (37189381)|SYSTEM_METHOD_EXIT|[18]|Schema.SObjectField.getDescribe()
22:39:02.1 (37214653)|HEAP_ALLOCATE|[18]|Bytes:4
22:39:02.1 (37308407)|VARIABLE_ASSIGNMENT|[18]|ServiceLog.RequestURI_MAX_SIZE|200
22:39:02.1 (37318186)|STATEMENT_EXECUTE|[19]
22:39:02.1 (37322927)|HEAP_ALLOCATE|[18]|Bytes:17
22:39:02.1 (37394129)|SYSTEM_METHOD_ENTRY|[19]|Schema.SObjectField.getDescribe()
22:39:02.1 (37663447)|HEAP_ALLOCATE|[EXTERNAL]|Bytes:4
22:39:02.1 (37722697)|HEAP_ALLOCATE|[19]|Bytes:8
22:39:02.1 (37741114)|SYSTEM_METHOD_EXIT|[19]|Schema.SObjectField.getDescribe()
22:39:02.1 (37757893)|HEAP_ALLOCATE|[19]|Bytes:4
22:39:02.1 (37799499)|VARIABLE_ASSIGNMENT|[19]|ServiceLog.RequestHeaders_MAX_SIZE|10000
22:39:02.1 (37807559)|STATEMENT_EXECUTE|[20]
22:39:02.1 (37811924)|HEAP_ALLOCATE|[19]|Bytes:20
22:39:02.1 (37866378)|SYSTEM_METHOD_ENTRY|[20]|Schema.SObjectField.getDescribe()
22:39:02.1 (38088252)|HEAP_ALLOCATE|[EXTERNAL]|Bytes:4
22:39:02.1 (38125080)|HEAP_ALLOCATE|[20]|Bytes:8
22:39:02.1 (38137042)|SYSTEM_METHOD_EXIT|[20]|Schema.SObjectField.getDescribe()
22:39:02.1 (38149609)|HEAP_ALLOCATE|[20]|Bytes:4
22:39:02.1 (38183047)|VARIABLE_ASSIGNMENT|[20]|ServiceLog.RequestParameters_MAX_SIZE|1000
22:39:02.1 (38189686)|STATEMENT_EXECUTE|[21]
22:39:02.1 (38193338)|HEAP_ALLOCATE|[20]|Bytes:14
22:39:02.1 (38303996)|SYSTEM_METHOD_ENTRY|[21]|Schema.SObjectField.getDescribe()
22:39:02.1 (38556199)|HEAP_ALLOCATE|[EXTERNAL]|Bytes:4
22:39:02.1 (38600145)|HEAP_ALLOCATE|[21]|Bytes:8
22:39:02.1 (38616577)|SYSTEM_METHOD_EXIT|[21]|Schema.SObjectField.getDescribe()
22:39:02.1 (38632083)|HEAP_ALLOCATE|[21]|Bytes:4
22:39:02.1 (38669799)|VARIABLE_ASSIGNMENT|[21]|ServiceLog.RequestBody_MAX_SIZE|50000
22:39:02.1 (38676797)|STATEMENT_EXECUTE|[22]
22:39:02.1 (38680720)|HEAP_ALLOCATE|[21]|Bytes:15
22:39:02.1 (38723899)|SYSTEM_METHOD_ENTRY|[22]|Schema.SObjectField.getDescribe()
22:39:02.1 (38921932)|HEAP_ALLOCATE|[EXTERNAL]|Bytes:4
22:39:02.1 (38956189)|HEAP_ALLOCATE|[22]|Bytes:8
22:39:02.1 (38967168)|SYSTEM_METHOD_EXIT|[22]|Schema.SObjectField.getDescribe()
22:39:02.1 (38979262)|HEAP_ALLOCATE|[22]|Bytes:4
22:39:02.1 (39012002)|VARIABLE_ASSIGNMENT|[22]|ServiceLog.ResponseBody_MAX_SIZE|131072
22:39:02.1 (39019358)|STATEMENT_EXECUTE|[23]
22:39:02.1 (39022734)|HEAP_ALLOCATE|[22]|Bytes:18
22:39:02.1 (39061864)|SYSTEM_METHOD_ENTRY|[23]|Schema.SObjectField.getDescribe()
22:39:02.1 (39216243)|HEAP_ALLOCATE|[EXTERNAL]|Bytes:4
22:39:02.1 (39243155)|HEAP_ALLOCATE|[23]|Bytes:8
22:39:02.1 (39250518)|SYSTEM_METHOD_EXIT|[23]|Schema.SObjectField.getDescribe()
22:39:02.1 (39258850)|HEAP_ALLOCATE|[23]|Bytes:4
22:39:02.1 (39281515)|VARIABLE_ASSIGNMENT|[23]|ServiceLog.ResponseHeaders_MAX_SIZE|1000
22:39:02.1 (39285570)|STATEMENT_EXECUTE|[24]
22:39:02.1 (39290176)|HEAP_ALLOCATE|[24]|Bytes:4
22:39:02.1 (39298904)|VARIABLE_ASSIGNMENT|[24]|ServiceLog.MAX_PAYLOAD_SIZE|131072
22:39:02.1 (39321962)|METHOD_EXIT|[8]|ServiceLog
22:39:02.1 (39377691)|METHOD_ENTRY|[24]|01p3600000JZQWB|ServiceLog.commitLogsViaEvents(List<Service_Log__c>)
22:39:02.1 (39407512)|VARIABLE_SCOPE_BEGIN|[227]|serviceLogs|List<Service_Log__c>|true|false
22:39:02.1 (39578506)|VARIABLE_ASSIGNMENT|[227]|serviceLogs|[{"Method__c":"GET","Service_Start__c":"2026-02-22T06:39:01.750Z","ResponseBody__c":"{\n   \"plus_code\" : \n (15881 more) ...","Service_End__c":"2026-02-22T06:39:01.824Z","ResponseStatusCode__c":200.0,"Service_Name__c":"Google Maps - Get Ad (5 more) ...","Direction__c":"Outbound","OwnerId":"00536000006CafHAAS","Category__c":"Google Maps","RequestBody__c":"","attributes":{"type":"Service_Log__c"},"RequestURI__c":"callout:GoogleMaps/g (95 more) ...","ResponseHeaders__c":"(Alt-Svc, Server, Ac (143 more) ..."}]|0x50d89c35
22:39:02.1 (39595738)|HEAP_ALLOCATE|[228]|Bytes:5
22:39:02.1 (39601945)|STATEMENT_EXECUTE|[227]
22:39:02.1 (39603692)|STATEMENT_EXECUTE|[228]
22:39:02.1 (39604819)|STATEMENT_EXECUTE|[228]
22:39:02.1 (39606111)|STATEMENT_EXECUTE|[229]
22:39:02.1 (39720360)|DML_BEGIN|[229]|Op:Insert|Type:Service_Log__c|Rows:1
22:39:02.1 (39761034)|LIMIT_USAGE|[229]|DML|1|150
22:39:02.1 (39767198)|LIMIT_USAGE|[229]|DML_ROWS|1|10000
22:39:02.1 (39802049)|HEAP_ALLOCATE|[EXTERNAL]|Bytes:8
22:39:02.1 (88126690)|CODE_UNIT_STARTED|[EXTERNAL]|Workflow:01I36000002oP20
22:39:02.1 (101333181)|WF_RULE_EVAL_BEGIN|Workflow
22:39:02.1 (101491390)|WF_CRITERIA_BEGIN|[Service Log: SL-0077135250 a4BbV00000LFW1u]|QuikQ Purchase Policy Submission Failure Emails|01Q1R000000VC5h|ON_CREATE_ONLY|0
22:39:02.1 (101647883)|WF_RULE_FILTER|[Service Log : Service Name contains QuikQ_CreatePurchasePolicies] 
AND [Service Log : Error Exists equals true]
22:39:02.1 (101739880)|WF_RULE_EVAL_VALUE|12493
22:39:02.1 (101749304)|WF_CRITERIA_END|false
22:39:02.1 (101771963)|WF_CRITERIA_BEGIN|[Service Log: SL-0077135250 a4BbV00000LFW1u]|QuikQ Credit Setup Failure Emails|01Q1R000000VBpf|ON_CREATE_ONLY|0
22:39:02.1 (101798973)|WF_RULE_FILTER|[Service Log : Service Name contains QuikQ_CreditCutoff, QuikQ_CreditLimit] 
AND [Service Log : Error Exists equals true]
22:39:02.1 (101816408)|WF_RULE_EVAL_VALUE|12493
22:39:02.1 (101820309)|WF_CRITERIA_END|false
22:39:02.1 (101831741)|WF_CRITERIA_BEGIN|[Service Log: SL-0077135250 a4BbV00000LFW1u]|QuikQ Create Carrier Failure Emails|01Q1R000000VBpe|ON_CREATE_ONLY|0
22:39:02.1 (101853890)|WF_RULE_FILTER|[Service Log : Service Name contains QuikQ_CreateCarrier] 
AND [Service Log : Error Exists equals true]
22:39:02.1 (101863753)|WF_RULE_EVAL_VALUE|12493
22:39:02.1 (101867358)|WF_CRITERIA_END|false
22:39:02.1 (101876009)|WF_CRITERIA_BEGIN|[Service Log: SL-0077135250 a4BbV00000LFW1u]|QuikQ Trailer Submission Failure Emails|01Q1R000000VBph|ON_CREATE_ONLY|0
22:39:02.1 (101895842)|WF_RULE_FILTER|[Service Log : Service Name contains QuikQ_CreateTrailer] 
AND [Service Log : Error Exists equals true]
22:39:02.1 (101905447)|WF_RULE_EVAL_VALUE|12493
22:39:02.1 (101909028)|WF_CRITERIA_END|false
22:39:02.1 (101917546)|WF_CRITERIA_BEGIN|[Service Log: SL-0077135250 a4BbV00000LFW1u]|QuikQ Driver Submission Failure Emails|01Q1R000000VBpg|ON_CREATE_ONLY|0
22:39:02.1 (101938406)|WF_RULE_FILTER|[Service Log : Service Name contains QuikQ_CreateDriver] 
AND [Service Log : Error Exists equals true]
22:39:02.1 (101947737)|WF_RULE_EVAL_VALUE|12493
22:39:02.1 (101951442)|WF_CRITERIA_END|false
22:39:02.1 (101959426)|WF_CRITERIA_BEGIN|[Service Log: SL-0077135250 a4BbV00000LFW1u]|QuikQ Truck Submission Failure Emails|01Q1R000000VBpi|ON_CREATE_ONLY|0
22:39:02.1 (101980588)|WF_RULE_FILTER|[Service Log : Service Name contains QuikQ_CreateTruck] 
AND [Service Log : Error Exists equals true]
22:39:02.1 (101989897)|WF_RULE_EVAL_VALUE|12493
22:39:02.1 (101994583)|WF_CRITERIA_END|false
22:39:02.1 (102002882)|WF_CRITERIA_BEGIN|[Service Log: SL-0077135250 a4BbV00000LFW1u]|QuikQ Credit Alert Failure Emails|01Q1R000000Rtya|ON_CREATE_ONLY|0
22:39:02.1 (102031731)|WF_RULE_FILTER|[Service Log : Service Name contains QuikQ_CreditAlert] 
AND [Service Log : Error Exists equals true]
22:39:02.1 (102041800)|WF_RULE_EVAL_VALUE|12493
22:39:02.1 (102045477)|WF_CRITERIA_END|false
22:39:02.1 (102065937)|WF_SPOOL_ACTION_BEGIN|Workflow
22:39:02.1 (102110635)|WF_ACTION| None
22:39:02.1 (102119486)|WF_RULE_EVAL_END
22:39:02.1 (102246916)|WF_ACTIONS_END| None
22:39:02.1 (102296630)|CODE_UNIT_FINISHED|Workflow:01I36000002oP20
22:39:02.1 (109534817)|DML_END|[229]
22:39:02.1 (109575415)|HEAP_ALLOCATE|[229]|Bytes:-4
22:39:02.1 (110430555)|HEAP_ALLOCATE|[EXTERNAL]|Bytes:8
22:39:02.1 (110476354)|METHOD_EXIT|[24]|01p3600000JZQWB|ServiceLog.commitLogsViaEvents(List<Service_Log__c>)
22:39:02.110 (110510150)|CUMULATIVE_LIMIT_USAGE
22:39:02.110 (110510150)|LIMIT_USAGE_FOR_NS|(default)|
  Number of SOQL queries: 0 out of 100
  Number of query rows: 1 out of 50000
  Number of SOSL queries: 0 out of 20
  Number of DML statements: 1 out of 150
  Number of Publish Immediate DML: 0 out of 150
  Number of DML rows: 1 out of 10000
  Maximum CPU time: 0 out of 10000
  Maximum heap size: 0 out of 6000000
  Number of callouts: 0 out of 100
  Number of Email Invocations: 0 out of 10
  Number of future calls: 0 out of 50
  Number of queueable jobs added to the queue: 0 out of 50
  Number of Mobile Apex push calls: 0 out of 10

22:39:02.110 (110510150)|TOTAL_EMAIL_RECIPIENTS_QUEUED|0
22:39:02.110 (110510150)|STATIC_VARIABLE_LIST|
  int:BYTES:0
  int:BYTES:0
  byte[]:DigitOnes:0
  byte[]:DigitTens:0
  Boolean:FALSE:0
  int:MAX_EXPONENT:0
  double:MAX_VALUE:0
  int:MAX_VALUE:0
  int:MIN_EXPONENT:0
  double:MIN_NORMAL:0
  double:MIN_VALUE:0
  int:MIN_VALUE:0
  double:NEGATIVE_INFINITY:0
  double:NaN:0
  double:POSITIVE_INFINITY:0
  int:PRECISION:0
  int:SIZE:0
  int:SIZE:0
  Boolean:TRUE:0
  String:__sfdcInnerTypes:0
  String:__sfdcProperties:0
  String:_sfdcAdditionalCodeLocations:0
  String:_sfdcAdditionalCodeLocations:0
  String:_sfdcAdditionalCodeLocations:0
  String:_sfdcAdditionalCodeLocations:0
  String:_sfdcAdditionalCodeLocations:0
  String:_sfdcAdditionalCodeLocations:0
  String:_sfdcSuppressedCodeLocations:0
  Integer:_static_Error_Message_MAX_SIZE:0
  Integer:_static_MAX_PAYLOAD_SIZE:0
  Integer:_static_RequestBody_MAX_SIZE:0
  Integer:_static_RequestHeaders_MAX_SIZE:0
  Integer:_static_RequestParameters_MAX_SIZE:0
  Integer:_static_RequestURI_MAX_SIZE:0
  Integer:_static_ResponseBody_MAX_SIZE:0
  Integer:_static_ResponseHeaders_MAX_SIZE:0
  Boolean:_static_includeRequestBody:0
  AppSettings:_static_settings:0
  char[]:digits:0
  long:serialVersionUID:0
  long:serialVersionUID:0
  long:serialVersionUID:0

22:39:02.110 (110510150)|CUMULATIVE_LIMIT_USAGE_END

22:39:02.1 (111032068)|CODE_UNIT_FINISHED|ServiceLogEventTrigger on Service_Log_Event trigger event AfterInsert|__sfdc_trigger/ServiceLogEventTrigger
22:39:02.1 (111056694)|EXECUTION_FINISHED
22:39:02.113 (113070594)|CUMULATIVE_PROFILING_BEGIN
22:39:02.113 (113070594)|CUMULATIVE_PROFILING|SOQL operations|
Class.ApplicationSettings_Util.getApplicationDefaultConfigurations: line 66, column 1: [Select Label, value__c, ApplicationSettings__c, ApplicationSettings__r.Label,ApplicationSettings__r.DeveloperName,ApplicationSettings__r.Active__c, ApplicationSettings__r.APIConsumer__r.Username__c
            from Application_Configuration__mdt where 
            ApplicationSettings__r.Active__c = true and 
            ApplicationSettings__r.MasterLabel = :applicationName and 
            ApplicationSettings__r.APIConsumer__c = '']: executed 1 time in 22 ms

22:39:02.113 (113070594)|CUMULATIVE_PROFILING|No profiling information for SOSL operations
22:39:02.113 (113070594)|CUMULATIVE_PROFILING|DML operations|
Class.ServiceLog.commitLogsViaEvents: line 229, column 1: Insert: List<Service_Log__c>: executed 1 time in 71 ms

22:39:02.113 (113070594)|CUMULATIVE_PROFILING|method invocations|
External entry point: public void invoke(): executed 1 time in 108 ms
Trigger.ServiceLogEventTrigger: line 24, column 1: public static void commitLogsViaEvents(List<Service_Log__c>): executed 1 time in 71 ms
Class.ServiceLog: line 9, column 1: public AppSettings(String): executed 1 time in 25 ms
Class.AppSettings.<init>: line 18, column 1: public static Map<String,String> getApplicationConfigurationsByAppName(String): executed 1 time in 24 ms
Class.ApplicationSettings_Util.getApplicationConfigurationsByAppName: line 35, column 1: public static List<Application_Configuration__mdt> getApplicationDefaultConfigurations(String): executed 4 times in 23 ms
Trigger.ServiceLogEventTrigger: line 18, column 1: global static Object deserializeStrict(String, System.Type): executed 1 time in 1 ms
Class.ServiceLog: line 17, column 1: global Schema.DescribeFieldResult getDescribe(): executed 1 time in 1 ms
Class.ServiceLog: line 18, column 1: global Schema.DescribeFieldResult getDescribe(): executed 1 time in 1 ms
Class.ServiceLog: line 23, column 1: global Schema.DescribeFieldResult getDescribe(): executed 1 time in 1 ms
Trigger.ServiceLogEventTrigger: line 16, column 1: global public System.Iterator iterator(): executed 3 times in 0 ms
Trigger.ServiceLogEventTrigger: line 17, column 1: public static Boolean isNotBlank(String): executed 1 time in 0 ms

22:39:02.113 (113070594)|CUMULATIVE_PROFILING_END
