66.0 APEX_CODE,FINEST;APEX_PROFILING,FINEST;CALLOUT,FINEST;DATA_ACCESS,INFO;DB,FINEST;NBA,FINEST;SYSTEM,FINE;VALIDATION,INFO;VISUALFORCE,FINER;WAVE,FINEST;WORKFLOW,FINER
22:40:30.0 (514738)|USER_INFO|[EXTERNAL]|00536000001Ebgm|autoproc@00d36000000kq3ueac|(GMT-08:00) Pacific Standard Time (America/Los_Angeles)|GMT-08:00
22:40:30.0 (591695)|EXECUTION_STARTED
22:40:30.0 (612030)|CODE_UNIT_STARTED|[EXTERNAL]|01qbV000003N9GX|ServiceLogEventTrigger on Service_Log_Event trigger event AfterInsert|__sfdc_trigger/ServiceLogEventTrigger
22:40:30.0 (678097)|HEAP_ALLOCATE|[EXTERNAL]|Bytes:8
22:40:30.0 (1416267)|HEAP_ALLOCATE|[95]|Bytes:3
22:40:30.0 (1463626)|HEAP_ALLOCATE|[100]|Bytes:152
22:40:30.0 (1477246)|HEAP_ALLOCATE|[417]|Bytes:408
22:40:30.0 (1488242)|HEAP_ALLOCATE|[430]|Bytes:408
22:40:30.0 (1508035)|HEAP_ALLOCATE|[317]|Bytes:6
22:40:30.0 (1525594)|HEAP_ALLOCATE|[EXTERNAL]|Bytes:8
22:40:30.0 (1531882)|VARIABLE_SCOPE_BEGIN|[12]|this|ServiceLogEventTrigger|true|false
22:40:30.0 (1623068)|VARIABLE_ASSIGNMENT|[12]|this|{}|0x2379c0bd
22:40:30.0 (1650540)|HEAP_ALLOCATE|[EXTERNAL]|Bytes:8
22:40:30.0 (1653785)|VARIABLE_SCOPE_BEGIN|[12]|this|ServiceLogEventTrigger|true|false
22:40:30.0 (1666020)|VARIABLE_ASSIGNMENT|[12]|this|{}|0x2379c0bd
22:40:30.0 (1672063)|STATEMENT_EXECUTE|[12]
22:40:30.0 (1673085)|STATEMENT_EXECUTE|[13]
22:40:30.0 (1801499)|HEAP_ALLOCATE|[13]|Bytes:4
22:40:30.0 (1855587)|SYSTEM_CONSTRUCTOR_ENTRY|[13]|<init>()
22:40:30.0 (1884760)|SYSTEM_CONSTRUCTOR_EXIT|[13]|<init>()
22:40:30.0 (1905041)|HEAP_ALLOCATE|[68]|Bytes:5
22:40:30.0 (1928007)|HEAP_ALLOCATE|[74]|Bytes:5
22:40:30.0 (1933813)|HEAP_ALLOCATE|[82]|Bytes:7
22:40:30.0 (2101056)|HEAP_ALLOCATE|[EXTERNAL]|Bytes:4
22:40:30.0 (2119349)|VARIABLE_ASSIGNMENT|[13]|this.serviceLogs|[]|0x2379c0bd
22:40:30.0 (2208263)|SYSTEM_METHOD_ENTRY|[16]|List<Service_Log_Event__e>.iterator()
22:40:30.0 (2326150)|SYSTEM_METHOD_EXIT|[16]|List<Service_Log_Event__e>.iterator()
22:40:30.0 (2343872)|SYSTEM_METHOD_ENTRY|[16]|system.ListIterator.hasNext()
22:40:30.0 (2357987)|HEAP_ALLOCATE|[16]|Bytes:5
22:40:30.0 (2361736)|SYSTEM_METHOD_EXIT|[16]|system.ListIterator.hasNext()
22:40:30.0 (2397567)|VARIABLE_SCOPE_BEGIN|[16]|evt|Service_Log_Event__e|true|false
22:40:30.0 (2548996)|VARIABLE_ASSIGNMENT|[16]|evt|{"CreatedById":"00536000006CafHAAS","Payload__c":"{\"attributes\":{\"type (17981 more) ...","ReplayId":"28144510","EventUuid":"083a7c7d-830f-43a3-b (16 more) ...","CreatedDate":"2026-02-22T06:40:30.000Z","OwnerId__c":"00536000006CafHAAS","Id":"e0Fxx000001u5fiEAA"}|0x1be10589
22:40:30.0 (2556038)|STATEMENT_EXECUTE|[16]
22:40:30.0 (2557213)|STATEMENT_EXECUTE|[17]
22:40:30.0 (2602532)|SYSTEM_METHOD_ENTRY|[17]|String.isNotBlank(String)
22:40:30.0 (2621906)|SYSTEM_METHOD_EXIT|[17]|String.isNotBlank(String)
22:40:30.0 (2641495)|VARIABLE_SCOPE_BEGIN|[17]|log|String|false|false
22:40:30.0 (2649050)|VARIABLE_ASSIGNMENT|[17]|log|"{\"attributes\":{\"type (17981 more) ..."
22:40:30.0 (2651327)|STATEMENT_EXECUTE|[18]
22:40:30.0 (2653347)|HEAP_ALLOCATE|[18]|Bytes:40
22:40:30.0 (2743884)|HEAP_ALLOCATE|[18]|Bytes:33
22:40:30.0 (2762341)|SYSTEM_METHOD_ENTRY|[1]|Type.Type()
22:40:30.0 (2765031)|STATEMENT_EXECUTE|[1]
22:40:30.0 (2773001)|SYSTEM_METHOD_EXIT|[1]|Type
22:40:30.0 (2776755)|HEAP_ALLOCATE|[18]|Bytes:8
22:40:30.0 (2788338)|HEAP_ALLOCATE|[18]|Bytes:8
22:40:30.0 (2790957)|VARIABLE_SCOPE_BEGIN|[4]|this|System.Type|true|false
22:40:30.0 (2834091)|VARIABLE_ASSIGNMENT|[4]|this|{}|0x28b7b7b
22:40:30.0 (2837277)|VARIABLE_SCOPE_BEGIN|[4]|apextype|java:common.apex.runtime.ApexObjectType|true|false
22:40:30.0 (2942602)|VARIABLE_ASSIGNMENT|[4]|apextype|"Service_Log__c"|0x5f5242bc
22:40:30.0 (5546977)|HEAP_ALLOCATE|[18]|Bytes:8
22:40:30.0 (5597310)|HEAP_ALLOCATE|[18]|Bytes:24
22:40:30.0 (5610733)|SYSTEM_METHOD_ENTRY|[1]|JSON.JSON()
22:40:30.0 (5613929)|STATEMENT_EXECUTE|[1]
22:40:30.0 (5619079)|SYSTEM_METHOD_EXIT|[1]|JSON
22:40:30.0 (5630822)|METHOD_ENTRY|[18]||System.JSON.deserializeStrict(String, System.Type)
22:40:30.0 (6370916)|METHOD_EXIT|[18]||System.JSON.deserializeStrict(String, System.Type)
22:40:30.0 (6384934)|VARIABLE_SCOPE_BEGIN|[18]|newLog|Service_Log__c|true|false
22:40:30.0 (6464291)|VARIABLE_ASSIGNMENT|[18]|newLog|{"Service_Name__c":"Google Maps - Get Ad (5 more) ...","Method__c":"GET","Direction__c":"Outbound","Service_Start__c":"2026-02-22T06:40:30.111Z","Category__c":"Google Maps","RequestBody__c":"","ResponseBody__c":"{\n   \"plus_code\" : \n (15881 more) ...","attributes":{"type":"Service_Log__c"},"Service_End__c":"2026-02-22T06:40:30.176Z","RequestURI__c":"callout:GoogleMaps/g (95 more) ...","ResponseStatusCode__c":200.0,"ResponseHeaders__c":"(Alt-Svc, Server, Ac (143 more) ..."}|0x381bf131
22:40:30.0 (6470533)|STATEMENT_EXECUTE|[19]
22:40:30.0 (6509479)|HEAP_ALLOCATE|[19]|Bytes:4
22:40:30.0 (6641062)|HEAP_ALLOCATE|[19]|Bytes:-4
22:40:30.0 (6682623)|VARIABLE_ASSIGNMENT|[19]|this.OwnerId|"00536000006CafHAAS"|0x381bf131
22:40:30.0 (6687032)|STATEMENT_EXECUTE|[20]
22:40:30.0 (6732969)|SYSTEM_METHOD_ENTRY|[20]|List<Service_Log__c>.add(Object)
22:40:30.0 (6754247)|HEAP_ALLOCATE|[EXTERNAL]|Bytes:4
22:40:30.0 (6760364)|SYSTEM_METHOD_EXIT|[20]|List<Service_Log__c>.add(Object)
22:40:30.0 (6767728)|SYSTEM_METHOD_ENTRY|[16]|system.ListIterator.hasNext()
22:40:30.0 (6777217)|HEAP_ALLOCATE|[16]|Bytes:5
22:40:30.0 (6781146)|SYSTEM_METHOD_EXIT|[16]|system.ListIterator.hasNext()
22:40:30.0 (6789984)|VARIABLE_ASSIGNMENT|[16]|evt|null|
22:40:30.0 (6797263)|SYSTEM_METHOD_ENTRY|[23]|List<Service_Log__c>.isEmpty()
22:40:30.0 (6803776)|SYSTEM_METHOD_EXIT|[23]|List<Service_Log__c>.isEmpty()
22:40:30.0 (6808019)|STATEMENT_EXECUTE|[23]
22:40:30.0 (6808990)|STATEMENT_EXECUTE|[24]
22:40:30.0 (6900558)|VARIABLE_SCOPE_BEGIN|[17]|ServiceLog.Error_Message_MAX_SIZE|Integer|false|true
22:40:30.0 (6905167)|VARIABLE_SCOPE_BEGIN|[24]|ServiceLog.MAX_PAYLOAD_SIZE|Integer|false|true
22:40:30.0 (6908595)|VARIABLE_SCOPE_BEGIN|[21]|ServiceLog.RequestBody_MAX_SIZE|Integer|false|true
22:40:30.0 (6911809)|VARIABLE_SCOPE_BEGIN|[19]|ServiceLog.RequestHeaders_MAX_SIZE|Integer|false|true
22:40:30.0 (6914948)|VARIABLE_SCOPE_BEGIN|[20]|ServiceLog.RequestParameters_MAX_SIZE|Integer|false|true
22:40:30.0 (6918089)|VARIABLE_SCOPE_BEGIN|[18]|ServiceLog.RequestURI_MAX_SIZE|Integer|false|true
22:40:30.0 (6921261)|VARIABLE_SCOPE_BEGIN|[22]|ServiceLog.ResponseBody_MAX_SIZE|Integer|false|true
22:40:30.0 (6924459)|VARIABLE_SCOPE_BEGIN|[23]|ServiceLog.ResponseHeaders_MAX_SIZE|Integer|false|true
22:40:30.0 (6927734)|VARIABLE_SCOPE_BEGIN|[15]|ServiceLog.includeRequestBody|Boolean|false|true
22:40:30.0 (6930769)|VARIABLE_SCOPE_BEGIN|[13]|ServiceLog.log|ServiceLog|true|true
22:40:30.0 (6934364)|VARIABLE_SCOPE_BEGIN|[11]|ServiceLog.logList|List<Service_Log__c>|true|true
22:40:30.0 (6938092)|VARIABLE_SCOPE_BEGIN|[14]|ServiceLog.serviceLogName|String|false|true
22:40:30.0 (6941767)|VARIABLE_SCOPE_BEGIN|[9]|ServiceLog.settings|AppSettings|true|true
22:40:30.0 (6951481)|HEAP_ALLOCATE|[24]|Bytes:88
22:40:30.0 (6955549)|HEAP_ALLOCATE|[24]|Bytes:84
22:40:30.0 (6957688)|HEAP_ALLOCATE|[24]|Bytes:19
22:40:30.0 (6996204)|METHOD_ENTRY|[8]|01p3600000JZQWB|ServiceLog.ServiceLog()
22:40:30.0 (6999419)|STATEMENT_EXECUTE|[8]
22:40:30.0 (7001785)|STATEMENT_EXECUTE|[8]
22:40:30.0 (7012006)|HEAP_ALLOCATE|[9]|Bytes:5
22:40:30.0 (7014385)|STATEMENT_EXECUTE|[9]
22:40:30.0 (7016839)|HEAP_ALLOCATE|[9]|Bytes:29
22:40:30.0 (7019524)|HEAP_ALLOCATE|[9]|Bytes:44
22:40:30.0 (7023740)|METHOD_ENTRY|[11]|01pbV0000002xX3|AppSettings.AppSettings()
22:40:30.0 (7025736)|STATEMENT_EXECUTE|[11]
22:40:30.0 (7027389)|STATEMENT_EXECUTE|[11]
22:40:30.0 (8165763)|SYSTEM_MODE_ENTER|false
22:40:30.0 (8177076)|HEAP_ALLOCATE|[9]|Bytes:5
22:40:30.0 (8180700)|STATEMENT_EXECUTE|[131]
22:40:30.0 (8187263)|SYSTEM_MODE_EXIT|false
22:40:30.0 (8199457)|METHOD_EXIT|[11]|AppSettings
22:40:30.0 (8205494)|HEAP_ALLOCATE|[9]|Bytes:12
22:40:30.0 (8208733)|HEAP_ALLOCATE|[9]|Bytes:10
22:40:30.0 (8224694)|CONSTRUCTOR_ENTRY|[9]|01pbV0000002xX3|<init>(String)|AppSettings
22:40:30.0 (8244957)|VARIABLE_SCOPE_BEGIN|[16]|this|AppSettings|true|false
22:40:30.0 (8302591)|VARIABLE_ASSIGNMENT|[16]|this|{}|0x1d34c6f9
22:40:30.0 (8305808)|VARIABLE_SCOPE_BEGIN|[16]|applicationName|String|false|false
22:40:30.0 (8312794)|VARIABLE_ASSIGNMENT|[16]|applicationName|"ServiceLog"
22:40:30.0 (8321087)|SYSTEM_MODE_ENTER|false
22:40:30.0 (8324128)|HEAP_ALLOCATE|[17]|Bytes:5
22:40:30.0 (8326491)|STATEMENT_EXECUTE|[11]
22:40:30.0 (8328159)|HEAP_ALLOCATE|[17]|Bytes:5
22:40:30.0 (8329714)|STATEMENT_EXECUTE|[12]
22:40:30.0 (8330559)|STATEMENT_EXECUTE|[13]
22:40:30.0 (8345763)|STATEMENT_EXECUTE|[16]
22:40:30.0 (8346798)|STATEMENT_EXECUTE|[17]
22:40:30.0 (8356103)|VARIABLE_ASSIGNMENT|[17]|this.applicationName|"ServiceLog"|0x1d34c6f9
22:40:30.0 (8358769)|STATEMENT_EXECUTE|[18]
22:40:30.0 (8418433)|HEAP_ALLOCATE|[18]|Bytes:22
22:40:30.0 (8426697)|METHOD_ENTRY|[1]|01pbV0000000ZVh|ApplicationSettings_Util.ApplicationSettings_Util()
22:40:30.0 (8429638)|STATEMENT_EXECUTE|[1]
22:40:30.0 (8431713)|STATEMENT_EXECUTE|[1]
22:40:30.0 (8433928)|HEAP_ALLOCATE|[18]|Bytes:5
22:40:30.0 (8438686)|METHOD_EXIT|[1]|ApplicationSettings_Util
22:40:30.0 (8446223)|METHOD_ENTRY|[18]|01pbV0000000ZVh|ApplicationSettings_Util.getApplicationConfigurationsByAppName(String)
22:40:30.0 (8457848)|VARIABLE_SCOPE_BEGIN|[33]|applicationName|String|false|false
22:40:30.0 (8462186)|VARIABLE_ASSIGNMENT|[33]|applicationName|"ServiceLog"
22:40:30.0 (8466724)|HEAP_ALLOCATE|[34]|Bytes:5
22:40:30.0 (8469183)|STATEMENT_EXECUTE|[33]
22:40:30.0 (8470071)|STATEMENT_EXECUTE|[34]
22:40:30.0 (8485745)|HEAP_ALLOCATE|[34]|Bytes:4
22:40:30.0 (8496841)|VARIABLE_SCOPE_BEGIN|[34]|applicationConfigMap|Map<String,String>|true|false
22:40:30.0 (8511577)|VARIABLE_ASSIGNMENT|[34]|applicationConfigMap|{}|0x42bcc7a2
22:40:30.0 (8519182)|METHOD_ENTRY|[35]|01pbV0000000ZVh|ApplicationSettings_Util.getApplicationDefaultConfigurations(String)
22:40:30.0 (8525740)|VARIABLE_SCOPE_BEGIN|[65]|applicationName|String|false|false
22:40:30.0 (8529672)|VARIABLE_ASSIGNMENT|[65]|applicationName|"ServiceLog"
22:40:30.0 (8532855)|HEAP_ALLOCATE|[66]|Bytes:5
22:40:30.0 (8535158)|STATEMENT_EXECUTE|[65]
22:40:30.0 (8536218)|STATEMENT_EXECUTE|[66]
22:40:30.0 (8537863)|HEAP_ALLOCATE|[66]|Bytes:380
22:40:30.0 (8543899)|HEAP_ALLOCATE|[66]|Bytes:4
22:40:30.0 (8547392)|HEAP_ALLOCATE|[66]|Bytes:7
22:40:30.0 (9433161)|SOQL_EXECUTE_BEGIN|[66]|Aggregations:0|SELECT Label, value__c, ApplicationSettings__c, ApplicationSettings__r.Label, ApplicationSettings__r.DeveloperName, ApplicationSettings__r.Active__c, ApplicationSettings__r.APIConsumer__r.Username__c FROM Application_Configuration__mdt WHERE (ApplicationSettings__r.Active__c = TRUE AND ApplicationSettings__r.MasterLabel = :tmpVar1 AND ApplicationSettings__r.APIConsumer__c = '')
22:40:30.0 (24516407)|SOQL_EXECUTE_EXPLAIN|[66]|No explain plan is available
22:40:30.0 (24541252)|SOQL_EXECUTE_END|[66]|Rows:1
22:40:30.0 (24564791)|LIMIT_USAGE|[66]|SOQL_ROWS|1|50000
22:40:30.0 (24577800)|HEAP_ALLOCATE|[66]|Bytes:8
22:40:30.0 (24618220)|HEAP_ALLOCATE|[66]|Bytes:237
22:40:30.0 (24724627)|HEAP_ALLOCATE|[66]|Bytes:8
22:40:30.0 (24752227)|METHOD_EXIT|[35]|01pbV0000000ZVh|ApplicationSettings_Util.getApplicationDefaultConfigurations(String)
22:40:30.0 (24809264)|SYSTEM_METHOD_ENTRY|[35]|List<Application_Configuration__mdt>.iterator()
22:40:30.0 (24880946)|SYSTEM_METHOD_EXIT|[35]|List<Application_Configuration__mdt>.iterator()
22:40:30.0 (24897324)|SYSTEM_METHOD_ENTRY|[35]|system.ListIterator.hasNext()
22:40:30.0 (24912056)|HEAP_ALLOCATE|[35]|Bytes:5
22:40:30.0 (24916354)|SYSTEM_METHOD_EXIT|[35]|system.ListIterator.hasNext()
22:40:30.0 (24937584)|HEAP_ALLOCATE|[35]|Bytes:24
22:40:30.0 (24947708)|VARIABLE_SCOPE_BEGIN|[35]|config|Application_Configuration__mdt|true|false
22:40:30.0 (25109596)|VARIABLE_ASSIGNMENT|[35]|config|{"Label":"platformEvents.enabl (2 more) ...","value__c":"true","ApplicationSettings__c":"m1NbV0000003cIUUAY","Id":"m0pbV000002vnO8QAI","ApplicationSettings__r":{"Label":"ServiceLog","Id":"m1NbV0000003cIUUAY","DeveloperName":"ServiceLog","Active__c":true}}|0x1b4995d3
22:40:30.0 (25119035)|STATEMENT_EXECUTE|[35]
22:40:30.0 (25120101)|STATEMENT_EXECUTE|[36]
22:40:30.0 (25174008)|SYSTEM_METHOD_ENTRY|[36]|Map<String,String>.put(Object, Object)
22:40:30.0 (25204253)|HEAP_ALLOCATE|[EXTERNAL]|Bytes:-4
22:40:30.0 (25210625)|SYSTEM_METHOD_EXIT|[36]|Map<String,String>.put(Object, Object)
22:40:30.0 (25215357)|SYSTEM_METHOD_ENTRY|[35]|system.ListIterator.hasNext()
22:40:30.0 (25219638)|HEAP_ALLOCATE|[35]|Bytes:5
22:40:30.0 (25222463)|SYSTEM_METHOD_EXIT|[35]|system.ListIterator.hasNext()
22:40:30.0 (25229195)|VARIABLE_ASSIGNMENT|[35]|config|null|
22:40:30.0 (25232980)|STATEMENT_EXECUTE|[38]
22:40:30.0 (25239404)|METHOD_EXIT|[18]|01pbV0000000ZVh|ApplicationSettings_Util.getApplicationConfigurationsByAppName(String)
22:40:30.0 (25267173)|VARIABLE_ASSIGNMENT|[18]|this.settingsMap|{"platformEvents.enabled":"true"}|0x1d34c6f9
22:40:30.0 (25275155)|SYSTEM_MODE_EXIT|false
22:40:30.0 (25292062)|CONSTRUCTOR_EXIT|[9]|01pbV0000002xX3|<init>(String)|AppSettings
22:40:30.0 (25993418)|VARIABLE_ASSIGNMENT|[9]|ServiceLog.settings|{"applicationName":"ServiceLog","settingsMap":"0x42bcc7a2"}|0x1d34c6f9
22:40:30.0 (26001454)|STATEMENT_EXECUTE|[15]
22:40:30.0 (26009212)|HEAP_ALLOCATE|[15]|Bytes:5
22:40:30.0 (26026309)|VARIABLE_ASSIGNMENT|[15]|ServiceLog.includeRequestBody|true
22:40:30.0 (26028939)|STATEMENT_EXECUTE|[17]
22:40:30.0 (26031874)|HEAP_ALLOCATE|[15]|Bytes:14
22:40:30.0 (26034452)|HEAP_ALLOCATE|[15]|Bytes:16
22:40:30.0 (26126853)|SYSTEM_METHOD_ENTRY|[17]|Schema.SObjectField.getDescribe()
22:40:30.0 (26467610)|HEAP_ALLOCATE|[EXTERNAL]|Bytes:4
22:40:30.0 (26543040)|HEAP_ALLOCATE|[17]|Bytes:8
22:40:30.0 (26550267)|SYSTEM_METHOD_EXIT|[17]|Schema.SObjectField.getDescribe()
22:40:30.0 (26570685)|HEAP_ALLOCATE|[17]|Bytes:4
22:40:30.0 (26592373)|VARIABLE_ASSIGNMENT|[17]|ServiceLog.Error_Message_MAX_SIZE|50000
22:40:30.0 (26595979)|STATEMENT_EXECUTE|[18]
22:40:30.0 (26598720)|HEAP_ALLOCATE|[17]|Bytes:13
22:40:30.0 (26627505)|SYSTEM_METHOD_ENTRY|[18]|Schema.SObjectField.getDescribe()
22:40:30.0 (26744674)|HEAP_ALLOCATE|[EXTERNAL]|Bytes:4
22:40:30.0 (26760957)|HEAP_ALLOCATE|[18]|Bytes:8
22:40:30.0 (26764181)|SYSTEM_METHOD_EXIT|[18]|Schema.SObjectField.getDescribe()
22:40:30.0 (26769716)|HEAP_ALLOCATE|[18]|Bytes:4
22:40:30.0 (26779688)|VARIABLE_ASSIGNMENT|[18]|ServiceLog.RequestURI_MAX_SIZE|200
22:40:30.0 (26782487)|STATEMENT_EXECUTE|[19]
22:40:30.0 (26783656)|HEAP_ALLOCATE|[18]|Bytes:17
22:40:30.0 (26799778)|SYSTEM_METHOD_ENTRY|[19]|Schema.SObjectField.getDescribe()
22:40:30.0 (26873669)|HEAP_ALLOCATE|[EXTERNAL]|Bytes:4
22:40:30.0 (26886133)|HEAP_ALLOCATE|[19]|Bytes:8
22:40:30.0 (26888728)|SYSTEM_METHOD_EXIT|[19]|Schema.SObjectField.getDescribe()
22:40:30.0 (26893333)|HEAP_ALLOCATE|[19]|Bytes:4
22:40:30.0 (26899708)|VARIABLE_ASSIGNMENT|[19]|ServiceLog.RequestHeaders_MAX_SIZE|10000
22:40:30.0 (26902086)|STATEMENT_EXECUTE|[20]
22:40:30.0 (26903645)|HEAP_ALLOCATE|[19]|Bytes:20
22:40:30.0 (26916868)|SYSTEM_METHOD_ENTRY|[20]|Schema.SObjectField.getDescribe()
22:40:30.0 (26982239)|HEAP_ALLOCATE|[EXTERNAL]|Bytes:4
22:40:30.0 (26993330)|HEAP_ALLOCATE|[20]|Bytes:8
22:40:30.0 (26996013)|SYSTEM_METHOD_EXIT|[20]|Schema.SObjectField.getDescribe()
22:40:30.0 (27000044)|HEAP_ALLOCATE|[20]|Bytes:4
22:40:30.0 (27007884)|VARIABLE_ASSIGNMENT|[20]|ServiceLog.RequestParameters_MAX_SIZE|1000
22:40:30.0 (27010152)|STATEMENT_EXECUTE|[21]
22:40:30.0 (27011582)|HEAP_ALLOCATE|[20]|Bytes:14
22:40:30.0 (27025477)|SYSTEM_METHOD_ENTRY|[21]|Schema.SObjectField.getDescribe()
22:40:30.0 (27090191)|HEAP_ALLOCATE|[EXTERNAL]|Bytes:4
22:40:30.0 (27101702)|HEAP_ALLOCATE|[21]|Bytes:8
22:40:30.0 (27104246)|SYSTEM_METHOD_EXIT|[21]|Schema.SObjectField.getDescribe()
22:40:30.0 (27108481)|HEAP_ALLOCATE|[21]|Bytes:4
22:40:30.0 (27114691)|VARIABLE_ASSIGNMENT|[21]|ServiceLog.RequestBody_MAX_SIZE|50000
22:40:30.0 (27116858)|STATEMENT_EXECUTE|[22]
22:40:30.0 (27118416)|HEAP_ALLOCATE|[21]|Bytes:15
22:40:30.0 (27131003)|SYSTEM_METHOD_ENTRY|[22]|Schema.SObjectField.getDescribe()
22:40:30.0 (27194138)|HEAP_ALLOCATE|[EXTERNAL]|Bytes:4
22:40:30.0 (27204903)|HEAP_ALLOCATE|[22]|Bytes:8
22:40:30.0 (27207492)|SYSTEM_METHOD_EXIT|[22]|Schema.SObjectField.getDescribe()
22:40:30.0 (27211210)|HEAP_ALLOCATE|[22]|Bytes:4
22:40:30.0 (27218112)|VARIABLE_ASSIGNMENT|[22]|ServiceLog.ResponseBody_MAX_SIZE|131072
22:40:30.0 (27220388)|STATEMENT_EXECUTE|[23]
22:40:30.0 (27221838)|HEAP_ALLOCATE|[22]|Bytes:18
22:40:30.0 (27234765)|SYSTEM_METHOD_ENTRY|[23]|Schema.SObjectField.getDescribe()
22:40:30.0 (27297962)|HEAP_ALLOCATE|[EXTERNAL]|Bytes:4
22:40:30.0 (27309316)|HEAP_ALLOCATE|[23]|Bytes:8
22:40:30.0 (27311934)|SYSTEM_METHOD_EXIT|[23]|Schema.SObjectField.getDescribe()
22:40:30.0 (27315698)|HEAP_ALLOCATE|[23]|Bytes:4
22:40:30.0 (27321984)|VARIABLE_ASSIGNMENT|[23]|ServiceLog.ResponseHeaders_MAX_SIZE|1000
22:40:30.0 (27324169)|STATEMENT_EXECUTE|[24]
22:40:30.0 (27328012)|HEAP_ALLOCATE|[24]|Bytes:4
22:40:30.0 (27332631)|VARIABLE_ASSIGNMENT|[24]|ServiceLog.MAX_PAYLOAD_SIZE|131072
22:40:30.0 (27352032)|METHOD_EXIT|[8]|ServiceLog
22:40:30.0 (27365058)|METHOD_ENTRY|[24]|01p3600000JZQWB|ServiceLog.commitLogsViaEvents(List<Service_Log__c>)
22:40:30.0 (27380333)|VARIABLE_SCOPE_BEGIN|[227]|serviceLogs|List<Service_Log__c>|true|false
22:40:30.0 (27483499)|VARIABLE_ASSIGNMENT|[227]|serviceLogs|[{"Method__c":"GET","Service_Start__c":"2026-02-22T06:40:30.111Z","ResponseBody__c":"{\n   \"plus_code\" : \n (15881 more) ...","Service_End__c":"2026-02-22T06:40:30.176Z","ResponseStatusCode__c":200.0,"Service_Name__c":"Google Maps - Get Ad (5 more) ...","Direction__c":"Outbound","OwnerId":"00536000006CafHAAS","Category__c":"Google Maps","RequestBody__c":"","attributes":{"type":"Service_Log__c"},"RequestURI__c":"callout:GoogleMaps/g (95 more) ...","ResponseHeaders__c":"(Alt-Svc, Server, Ac (143 more) ..."}]|0x4f40164e
22:40:30.0 (27497648)|HEAP_ALLOCATE|[228]|Bytes:5
22:40:30.0 (27500222)|STATEMENT_EXECUTE|[227]
22:40:30.0 (27501243)|STATEMENT_EXECUTE|[228]
22:40:30.0 (27501967)|STATEMENT_EXECUTE|[228]
22:40:30.0 (27502946)|STATEMENT_EXECUTE|[229]
22:40:30.0 (27558688)|DML_BEGIN|[229]|Op:Insert|Type:Service_Log__c|Rows:1
22:40:30.0 (27580849)|LIMIT_USAGE|[229]|DML|1|150
22:40:30.0 (27586154)|LIMIT_USAGE|[229]|DML_ROWS|1|10000
22:40:30.0 (27602093)|HEAP_ALLOCATE|[EXTERNAL]|Bytes:8
22:40:30.0 (72658100)|CODE_UNIT_STARTED|[EXTERNAL]|Workflow:01I36000002oP20
22:40:30.0 (83348730)|WF_RULE_EVAL_BEGIN|Workflow
22:40:30.0 (83435202)|WF_CRITERIA_BEGIN|[Service Log: SL-0077135295 a4BbV00000LFW6l]|QuikQ Purchase Policy Submission Failure Emails|01Q1R000000VC5h|ON_CREATE_ONLY|0
22:40:30.0 (83503881)|WF_RULE_FILTER|[Service Log : Service Name contains QuikQ_CreatePurchasePolicies] 
AND [Service Log : Error Exists equals true]
22:40:30.0 (83534366)|WF_RULE_EVAL_VALUE|12493
22:40:30.0 (83539950)|WF_CRITERIA_END|false
22:40:30.0 (83549601)|WF_CRITERIA_BEGIN|[Service Log: SL-0077135295 a4BbV00000LFW6l]|QuikQ Credit Setup Failure Emails|01Q1R000000VBpf|ON_CREATE_ONLY|0
22:40:30.0 (83565196)|WF_RULE_FILTER|[Service Log : Service Name contains QuikQ_CreditCutoff, QuikQ_CreditLimit] 
AND [Service Log : Error Exists equals true]
22:40:30.0 (83573202)|WF_RULE_EVAL_VALUE|12493
22:40:30.0 (83575253)|WF_CRITERIA_END|false
22:40:30.0 (83580447)|WF_CRITERIA_BEGIN|[Service Log: SL-0077135295 a4BbV00000LFW6l]|QuikQ Create Carrier Failure Emails|01Q1R000000VBpe|ON_CREATE_ONLY|0
22:40:30.0 (83592456)|WF_RULE_FILTER|[Service Log : Service Name contains QuikQ_CreateCarrier] 
AND [Service Log : Error Exists equals true]
22:40:30.0 (83597437)|WF_RULE_EVAL_VALUE|12493
22:40:30.0 (83599280)|WF_CRITERIA_END|false
22:40:30.0 (83603467)|WF_CRITERIA_BEGIN|[Service Log: SL-0077135295 a4BbV00000LFW6l]|QuikQ Trailer Submission Failure Emails|01Q1R000000VBph|ON_CREATE_ONLY|0
22:40:30.0 (83614466)|WF_RULE_FILTER|[Service Log : Service Name contains QuikQ_CreateTrailer] 
AND [Service Log : Error Exists equals true]
22:40:30.0 (83619035)|WF_RULE_EVAL_VALUE|12493
22:40:30.0 (83620767)|WF_CRITERIA_END|false
22:40:30.0 (83624989)|WF_CRITERIA_BEGIN|[Service Log: SL-0077135295 a4BbV00000LFW6l]|QuikQ Driver Submission Failure Emails|01Q1R000000VBpg|ON_CREATE_ONLY|0
22:40:30.0 (83635945)|WF_RULE_FILTER|[Service Log : Service Name contains QuikQ_CreateDriver] 
AND [Service Log : Error Exists equals true]
22:40:30.0 (83640621)|WF_RULE_EVAL_VALUE|12493
22:40:30.0 (83642274)|WF_CRITERIA_END|false
22:40:30.0 (83652573)|WF_CRITERIA_BEGIN|[Service Log: SL-0077135295 a4BbV00000LFW6l]|QuikQ Truck Submission Failure Emails|01Q1R000000VBpi|ON_CREATE_ONLY|0
22:40:30.0 (83664074)|WF_RULE_FILTER|[Service Log : Service Name contains QuikQ_CreateTruck] 
AND [Service Log : Error Exists equals true]
22:40:30.0 (83668523)|WF_RULE_EVAL_VALUE|12493
22:40:30.0 (83670571)|WF_CRITERIA_END|false
22:40:30.0 (83674412)|WF_CRITERIA_BEGIN|[Service Log: SL-0077135295 a4BbV00000LFW6l]|QuikQ Credit Alert Failure Emails|01Q1R000000Rtya|ON_CREATE_ONLY|0
22:40:30.0 (83685446)|WF_RULE_FILTER|[Service Log : Service Name contains QuikQ_CreditAlert] 
AND [Service Log : Error Exists equals true]
22:40:30.0 (83689826)|WF_RULE_EVAL_VALUE|12493
22:40:30.0 (83691519)|WF_CRITERIA_END|false
22:40:30.0 (83697745)|WF_SPOOL_ACTION_BEGIN|Workflow
22:40:30.0 (83710719)|WF_ACTION| None
22:40:30.0 (83714359)|WF_RULE_EVAL_END
22:40:30.0 (83779563)|WF_ACTIONS_END| None
22:40:30.0 (83789278)|CODE_UNIT_FINISHED|Workflow:01I36000002oP20
22:40:30.0 (89656556)|DML_END|[229]
22:40:30.0 (89677120)|HEAP_ALLOCATE|[229]|Bytes:-4
22:40:30.0 (90531477)|HEAP_ALLOCATE|[EXTERNAL]|Bytes:8
22:40:30.0 (90566769)|METHOD_EXIT|[24]|01p3600000JZQWB|ServiceLog.commitLogsViaEvents(List<Service_Log__c>)
22:40:30.90 (90588002)|CUMULATIVE_LIMIT_USAGE
22:40:30.90 (90588002)|LIMIT_USAGE_FOR_NS|(default)|
  Number of SOQL queries: 0 out of 100
  Number of query rows: 1 out of 50000
  Number of SOSL queries: 0 out of 20
  Number of DML statements: 1 out of 150
  Number of Publish Immediate DML: 0 out of 150
  Number of DML rows: 1 out of 10000
  Maximum CPU time: 0 out of 10000
  Maximum heap size: 0 out of 6000000
  Number of callouts: 0 out of 100
  Number of Email Invocations: 0 out of 10
  Number of future calls: 0 out of 50
  Number of queueable jobs added to the queue: 0 out of 50
  Number of Mobile Apex push calls: 0 out of 10

22:40:30.90 (90588002)|TOTAL_EMAIL_RECIPIENTS_QUEUED|0
22:40:30.90 (90588002)|STATIC_VARIABLE_LIST|
  int:BYTES:0
  int:BYTES:0
  byte[]:DigitOnes:0
  byte[]:DigitTens:0
  Boolean:FALSE:0
  int:MAX_EXPONENT:0
  double:MAX_VALUE:0
  int:MAX_VALUE:0
  int:MIN_EXPONENT:0
  double:MIN_NORMAL:0
  double:MIN_VALUE:0
  int:MIN_VALUE:0
  double:NEGATIVE_INFINITY:0
  double:NaN:0
  double:POSITIVE_INFINITY:0
  int:PRECISION:0
  int:SIZE:0
  int:SIZE:0
  Boolean:TRUE:0
  String:__sfdcInnerTypes:0
  String:__sfdcProperties:0
  String:_sfdcAdditionalCodeLocations:0
  String:_sfdcAdditionalCodeLocations:0
  String:_sfdcAdditionalCodeLocations:0
  String:_sfdcAdditionalCodeLocations:0
  String:_sfdcAdditionalCodeLocations:0
  String:_sfdcAdditionalCodeLocations:0
  String:_sfdcSuppressedCodeLocations:0
  Integer:_static_Error_Message_MAX_SIZE:0
  Integer:_static_MAX_PAYLOAD_SIZE:0
  Integer:_static_RequestBody_MAX_SIZE:0
  Integer:_static_RequestHeaders_MAX_SIZE:0
  Integer:_static_RequestParameters_MAX_SIZE:0
  Integer:_static_RequestURI_MAX_SIZE:0
  Integer:_static_ResponseBody_MAX_SIZE:0
  Integer:_static_ResponseHeaders_MAX_SIZE:0
  Boolean:_static_includeRequestBody:0
  AppSettings:_static_settings:0
  char[]:digits:0
  long:serialVersionUID:0
  long:serialVersionUID:0
  long:serialVersionUID:0

22:40:30.90 (90588002)|CUMULATIVE_LIMIT_USAGE_END

22:40:30.0 (90868516)|CODE_UNIT_FINISHED|ServiceLogEventTrigger on Service_Log_Event trigger event AfterInsert|__sfdc_trigger/ServiceLogEventTrigger
22:40:30.0 (90885090)|EXECUTION_FINISHED
22:40:30.92 (92898630)|CUMULATIVE_PROFILING_BEGIN
22:40:30.92 (92898630)|CUMULATIVE_PROFILING|SOQL operations|
Class.ApplicationSettings_Util.getApplicationDefaultConfigurations: line 66, column 1: [Select Label, value__c, ApplicationSettings__c, ApplicationSettings__r.Label,ApplicationSettings__r.DeveloperName,ApplicationSettings__r.Active__c, ApplicationSettings__r.APIConsumer__r.Username__c
            from Application_Configuration__mdt where 
            ApplicationSettings__r.Active__c = true and 
            ApplicationSettings__r.MasterLabel = :applicationName and 
            ApplicationSettings__r.APIConsumer__c = '']: executed 1 time in 16 ms

22:40:30.92 (92898630)|CUMULATIVE_PROFILING|No profiling information for SOSL operations
22:40:30.92 (92898630)|CUMULATIVE_PROFILING|DML operations|
Class.ServiceLog.commitLogsViaEvents: line 229, column 1: Insert: List<Service_Log__c>: executed 1 time in 63 ms

22:40:30.92 (92898630)|CUMULATIVE_PROFILING|method invocations|
External entry point: public void invoke(): executed 1 time in 89 ms
Trigger.ServiceLogEventTrigger: line 24, column 1: public static void commitLogsViaEvents(List<Service_Log__c>): executed 1 time in 63 ms
Class.AppSettings.<init>: line 18, column 1: public static Map<String,String> getApplicationConfigurationsByAppName(String): executed 1 time in 17 ms
Class.ApplicationSettings_Util.getApplicationConfigurationsByAppName: line 35, column 1: public static List<Application_Configuration__mdt> getApplicationDefaultConfigurations(String): executed 4 times in 17 ms
Class.ServiceLog: line 9, column 1: public AppSettings(String): executed 1 time in 17 ms
Trigger.ServiceLogEventTrigger: line 18, column 1: global static Object deserializeStrict(String, System.Type): executed 1 time in 1 ms
Trigger.ServiceLogEventTrigger: line 16, column 1: global public System.Iterator iterator(): executed 3 times in 0 ms
Trigger.ServiceLogEventTrigger: line 17, column 1: public static Boolean isNotBlank(String): executed 1 time in 0 ms
Trigger.ServiceLogEventTrigger: line 20, column 1: global public Object add(Object): executed 1 time in 0 ms
Trigger.ServiceLogEventTrigger: line 23, column 1: global public Boolean isEmpty(): executed 1 time in 0 ms
Trigger.ServiceLogEventTrigger: line 13, column 1: global public List<Service_Log__c>(): executed 1 time in 0 ms

22:40:30.92 (92898630)|CUMULATIVE_PROFILING_END
