64.0 APEX_CODE,FINEST;APEX_PROFILING,FINEST;CALLOUT,FINEST;DATA_ACCESS,INFO;DB,FINEST;NBA,FINEST;SYSTEM,FINE;VALIDATION,INFO;VISUALFORCE,FINER;WAVE,FINEST;WORKFLOW,FINER
00:40:14.1 (1020510)|USER_INFO|[EXTERNAL]|0053600000D52rB|heroku.connected@loves.com|(GMT-06:00) Central Standard Time (America/Chicago)|GMT-06:00
00:40:14.1 (1108482)|EXECUTION_STARTED
00:40:14.1 (1134219)|CODE_UNIT_STARTED|[EXTERNAL]|FutureHandler - state load
00:40:14.1 (3152884)|CODE_UNIT_FINISHED|FutureHandler - state load
00:40:14.1 (3176059)|EXECUTION_FINISHED
00:40:14.35 (35560090)|USER_INFO|[EXTERNAL]|0053600000D52rB|heroku.connected@loves.com|(GMT-06:00) Central Standard Time (America/Chicago)|GMT-06:00
00:40:14.35 (35583039)|EXECUTION_STARTED
00:40:14.35 (35612660)|CODE_UNIT_STARTED|[EXTERNAL]|01p1R00000JmIn3|Contact_AccountSync.handleAtFuture(String, String)
00:40:14.35 (35810243)|HEAP_ALLOCATE|[95]|Bytes:3
00:40:14.35 (35914825)|HEAP_ALLOCATE|[100]|Bytes:152
00:40:14.35 (35928601)|HEAP_ALLOCATE|[417]|Bytes:408
00:40:14.35 (35940258)|HEAP_ALLOCATE|[430]|Bytes:408
00:40:14.35 (35960633)|HEAP_ALLOCATE|[317]|Bytes:6
00:40:14.35 (36019305)|VARIABLE_SCOPE_BEGIN|[20]|Contact_AccountSync.RECTYPE_INDIV|String|false|true
00:40:14.35 (36157815)|HEAP_ALLOCATE|[EXTERNAL]|Bytes:24
00:40:14.35 (36162639)|HEAP_ALLOCATE|[EXTERNAL]|Bytes:10
00:40:14.35 (36287366)|VARIABLE_ASSIGNMENT|[EXTERNAL]|Contact_AccountSync.RECTYPE_INDIV|"Individual"
00:40:14.35 (36320712)|METHOD_ENTRY|[19]|01p1R00000JmIn3|Contact_AccountSync.Contact_AccountSync()
00:40:14.35 (36328673)|STATEMENT_EXECUTE|[19]
00:40:14.35 (36335445)|STATEMENT_EXECUTE|[19]
00:40:14.35 (36340716)|METHOD_EXIT|[19]|Contact_AccountSync
00:40:14.35 (36343779)|HEAP_ALLOCATE|[EXTERNAL]|Bytes:5103
00:40:14.35 (36345863)|HEAP_ALLOCATE|[EXTERNAL]|Bytes:5124
00:40:14.35 (36355691)|VARIABLE_SCOPE_BEGIN|[43]|contactListJson|String|false|false
00:40:14.35 (36370747)|VARIABLE_ASSIGNMENT|[43]|contactListJson|"[{\"attributes\":{\"typ (5083 more) ..."
00:40:14.35 (36373602)|VARIABLE_SCOPE_BEGIN|[43]|oldMapJson|String|false|false
00:40:14.35 (36378984)|VARIABLE_ASSIGNMENT|[43]|oldMapJson|"{\"0031R00001wnjL2QAI (5104 more) ..."
00:40:14.35 (36388584)|STATEMENT_EXECUTE|[43]
00:40:14.35 (36389517)|STATEMENT_EXECUTE|[44]
00:40:14.35 (36391949)|HEAP_ALLOCATE|[44]|Bytes:67
00:40:14.35 (36412731)|HEAP_ALLOCATE|[68]|Bytes:5
00:40:14.35 (36445796)|HEAP_ALLOCATE|[74]|Bytes:5
00:40:14.35 (36451409)|HEAP_ALLOCATE|[82]|Bytes:7
00:40:14.35 (36601444)|HEAP_ALLOCATE|[44]|Bytes:33
00:40:14.35 (36610197)|SYSTEM_METHOD_ENTRY|[1]|Type.Type()
00:40:14.35 (36612584)|STATEMENT_EXECUTE|[1]
00:40:14.35 (36618779)|SYSTEM_METHOD_EXIT|[1]|Type
00:40:14.35 (36622117)|HEAP_ALLOCATE|[44]|Bytes:8
00:40:14.35 (36777340)|HEAP_ALLOCATE|[44]|Bytes:8
00:40:14.35 (36783400)|VARIABLE_SCOPE_BEGIN|[4]|this|System.Type|true|false
00:40:14.35 (36869688)|VARIABLE_ASSIGNMENT|[4]|this|{}|0x1423a701
00:40:14.35 (36873014)|VARIABLE_SCOPE_BEGIN|[4]|apextype|java:common.apex.runtime.ApexObjectType|true|false
00:40:14.35 (36980280)|VARIABLE_ASSIGNMENT|[4]|apextype|"List<Contact>"|0x780dfdf6
00:40:14.35 (39776313)|HEAP_ALLOCATE|[44]|Bytes:8
00:40:14.35 (39822893)|HEAP_ALLOCATE|[44]|Bytes:24
00:40:14.35 (39839343)|SYSTEM_METHOD_ENTRY|[1]|JSON.JSON()
00:40:14.35 (39843228)|STATEMENT_EXECUTE|[1]
00:40:14.35 (39848994)|SYSTEM_METHOD_EXIT|[1]|JSON
00:40:14.35 (39879689)|METHOD_ENTRY|[44]||System.JSON.deserialize(String, System.Type)
00:40:14.35 (42218661)|METHOD_EXIT|[44]||System.JSON.deserialize(String, System.Type)
00:40:14.35 (42234525)|VARIABLE_SCOPE_BEGIN|[44]|contactList|List<Contact>|true|false
00:40:14.35 (42257287)|HEAP_ALLOCATE|[EXTERNAL]|Bytes:8
00:40:14.35 (42675420)|VARIABLE_ASSIGNMENT|[44]|contactList|[{"Auto_Email_Receipts__c":false,"LastModifiedDate":"2026-02-22T06:40:13.000Z","AccountId":"0011R000023ZxbqQAC","Email":"jedler23@comcast.net","CloudingoAgent__MAS__c":0.0,"Phone_Verified__c":false,"DSAR__c":false,"RegistrationDate__c":"2018-12-17T01:34:10.000Z","HasOptedOutOfFax":false,"Is_Owner_Active__c":true,"Text_Opt_in__c":false,"Employee_HasSubordinates__c":false,"Factoring_Authorized_Signor__c":false,"HC_ID__c":"ca9e1608-9165-4567-b (16 more) ...","CreatedById":"0053600000D52rBAAR","Email_Unsubscribed_Time__c":"2024-01-11T03:12:07.000Z","MailingLatitude":38.663,"Customer_Type__c":"Commercial","Count__c":1.0,"Fishing__c":false,"Auth0Id__c":"auth0&#124;5c16fd120e8a42 (10 more) ...","Driver_Type__c":"Both","Incomplete_Contact__c":false,"Special__c":" ","LA_LastPaymentMethod_Fuel__c":"[{\"context\":\"fuel\",\" (67 more) ...","IndividualId":"0PKbV000000FTG4WAO","Phone_Unsubscribed_Time__c":"2018-12-17T01:34:13.000Z","IsDeleted":false,"AgeVerificationStatus__c":"VERIFIED","Email_Verified__c":true,"IsEmailBounced":false,"RegistrationSource__c":"Love's App","OtherCountryCode":"US","Loyalty_Terms_Accepted__c":"2019-02-18T11:25:00.000Z","Golf__c":false,"CloudingoAgent__OAS__c":0.0,"HasOptedOutOfEmail":false,"MailingCity":"Fountain","SF_ID__c":"0031R00001wnjL2QAI","Contractor_Review_Date__c":"2019-06-15T00:00:00.000Z","Authorized_Signor__c":false,"Email_Preference__c":false,"MailingStateCode":"CO","Phone_Opt_in__c":false,"CS_Birth_Date__c":"1963-07-23T00:00:00.000Z","CreatedDate":"2018-12-17T01:34:13.000Z","MailingCountryCode":"US","Hunting__c":false,"LastName":"Erickson","Id":"0031R00001wnjL2QAI","Data_Quality_Score__c":50.0,"TEMPTextPrefETL__c":1.0,"DNC_Indicator__c":"_IM1_/sfc/servlet.sh (168 more) ...","Active__c":true,"Admin_Lock__c":false,"DoNotCall":false,"Phone_Preference__c":false,"MailingCountry":"United States","Loyalty_Card__c":"77785073312922","Text_Preference__c":false,"Push_Preference__c":false,"AgeVerificationResponse__c":"{\"@context\":[\"https: (1465 more) ...","MailingState":"Colorado","ManagerName__c":" ","IDM_ID__c":"5b509c0a-bb42-445a-a (16 more) ...","MobilePlus1__c":"N/A","Data_Quality_Description__c":"Missing: Complete Ad (19 more) ...","et4ae5__HasOptedOutOfMobile__c":false,"Email_Opt_in__c":false,"OwnerId":"0053600000D52rBAAR","MailingLongitude":-104.6939,"AgeRestrictedContentPreference__c":true,"Phone":"(719) 244-5044","MailingPostalCode":"80817","RecordTypeId":"01236000001HthEAAS","OtherCountry":"United States","MailingGeocodeAccuracy":"Zip","Primary_Contact__c":false,"IsPriorityRecord":false,"PhonePlus1__c":"+17192445044","SFMC_Test_Record__c":false,"Terms_Accepted__c":"2018-12-17T01:34:10.000Z","Guarantor__c":false,"FirstName":"Jed","SFMC_No_Sync__c":false,"LA_LastPaymentMethod_Shower__c":"[{\"context\":\"shower\" (181 more) ...","Factoring_Guarantor__c":false,"SystemModstamp":"2026-02-22T06:40:13.000Z","NASCAR__c":false,"Text_Unsubscribed_Time__c":"2024-01-11T03:12:07.000Z","attributes":{"type":"Contact","url":"/services/data/v66.0 (36 more) ..."},"Primary_Loyalty_Account__c":"a411R000000Yn25QAC","LastModifiedById":"0053600000D52rBAAR","CloudingoAgent__CES__c":0.0}]|0x7b7880a4
00:40:14.35 (42702558)|STATEMENT_EXECUTE|[45]
00:40:14.35 (42716457)|METHOD_ENTRY|[45]|01p1R00000JmIn3|Contact_AccountSync.handle(List<Contact>, String)
00:40:14.35 (42743226)|VARIABLE_SCOPE_BEGIN|[48]|contactList|List<Contact>|true|false
00:40:14.35 (42963017)|VARIABLE_ASSIGNMENT|[48]|contactList|[{"Auto_Email_Receipts__c":false,"LastModifiedDate":"2026-02-22T06:40:13.000Z","AccountId":"0011R000023ZxbqQAC","Email":"jedler23@comcast.net","CloudingoAgent__MAS__c":0.0,"Phone_Verified__c":false,"DSAR__c":false,"RegistrationDate__c":"2018-12-17T01:34:10.000Z","HasOptedOutOfFax":false,"Is_Owner_Active__c":true,"Text_Opt_in__c":false,"Employee_HasSubordinates__c":false,"Factoring_Authorized_Signor__c":false,"HC_ID__c":"ca9e1608-9165-4567-b (16 more) ...","CreatedById":"0053600000D52rBAAR","Email_Unsubscribed_Time__c":"2024-01-11T03:12:07.000Z","MailingLatitude":38.663,"Customer_Type__c":"Commercial","Count__c":1.0,"Fishing__c":false,"Auth0Id__c":"auth0&#124;5c16fd120e8a42 (10 more) ...","Driver_Type__c":"Both","Incomplete_Contact__c":false,"Special__c":" ","LA_LastPaymentMethod_Fuel__c":"[{\"context\":\"fuel\",\" (67 more) ...","IndividualId":"0PKbV000000FTG4WAO","Phone_Unsubscribed_Time__c":"2018-12-17T01:34:13.000Z","IsDeleted":false,"AgeVerificationStatus__c":"VERIFIED","Email_Verified__c":true,"IsEmailBounced":false,"RegistrationSource__c":"Love's App","OtherCountryCode":"US","Loyalty_Terms_Accepted__c":"2019-02-18T11:25:00.000Z","Golf__c":false,"CloudingoAgent__OAS__c":0.0,"HasOptedOutOfEmail":false,"MailingCity":"Fountain","SF_ID__c":"0031R00001wnjL2QAI","Contractor_Review_Date__c":"2019-06-15T00:00:00.000Z","Authorized_Signor__c":false,"Email_Preference__c":false,"MailingStateCode":"CO","Phone_Opt_in__c":false,"CS_Birth_Date__c":"1963-07-23T00:00:00.000Z","CreatedDate":"2018-12-17T01:34:13.000Z","MailingCountryCode":"US","Hunting__c":false,"LastName":"Erickson","Id":"0031R00001wnjL2QAI","Data_Quality_Score__c":50.0,"TEMPTextPrefETL__c":1.0,"DNC_Indicator__c":"_IM1_/sfc/servlet.sh (168 more) ...","Active__c":true,"Admin_Lock__c":false,"DoNotCall":false,"Phone_Preference__c":false,"MailingCountry":"United States","Loyalty_Card__c":"77785073312922","Text_Preference__c":false,"Push_Preference__c":false,"AgeVerificationResponse__c":"{\"@context\":[\"https: (1465 more) ...","MailingState":"Colorado","ManagerName__c":" ","IDM_ID__c":"5b509c0a-bb42-445a-a (16 more) ...","MobilePlus1__c":"N/A","Data_Quality_Description__c":"Missing: Complete Ad (19 more) ...","et4ae5__HasOptedOutOfMobile__c":false,"Email_Opt_in__c":false,"OwnerId":"0053600000D52rBAAR","MailingLongitude":-104.6939,"AgeRestrictedContentPreference__c":true,"Phone":"(719) 244-5044","MailingPostalCode":"80817","RecordTypeId":"01236000001HthEAAS","OtherCountry":"United States","MailingGeocodeAccuracy":"Zip","Primary_Contact__c":false,"IsPriorityRecord":false,"PhonePlus1__c":"+17192445044","SFMC_Test_Record__c":false,"Terms_Accepted__c":"2018-12-17T01:34:10.000Z","Guarantor__c":false,"FirstName":"Jed","SFMC_No_Sync__c":false,"LA_LastPaymentMethod_Shower__c":"[{\"context\":\"shower\" (181 more) ...","Factoring_Guarantor__c":false,"SystemModstamp":"2026-02-22T06:40:13.000Z","NASCAR__c":false,"Text_Unsubscribed_Time__c":"2024-01-11T03:12:07.000Z","attributes":{"type":"Contact","url":"/services/data/v66.0 (36 more) ..."},"Primary_Loyalty_Account__c":"a411R000000Yn25QAC","LastModifiedById":"0053600000D52rBAAR","CloudingoAgent__CES__c":0.0}]|0x7b7880a4
00:40:14.35 (42983682)|VARIABLE_SCOPE_BEGIN|[48]|oldMapJson|String|false|false
00:40:14.35 (42990614)|VARIABLE_ASSIGNMENT|[48]|oldMapJson|"{\"0031R00001wnjL2QAI (5104 more) ..."
00:40:14.35 (42996103)|STATEMENT_EXECUTE|[48]
00:40:14.35 (42997063)|STATEMENT_EXECUTE|[49]
00:40:14.35 (43011336)|HEAP_ALLOCATE|[49]|Bytes:4
00:40:14.35 (43044954)|SYSTEM_CONSTRUCTOR_ENTRY|[49]|<init>()
00:40:14.35 (43075543)|SYSTEM_CONSTRUCTOR_EXIT|[49]|<init>()
00:40:14.35 (43078415)|VARIABLE_SCOPE_BEGIN|[49]|conIdList|List<String>|true|false
00:40:14.35 (43108796)|HEAP_ALLOCATE|[EXTERNAL]|Bytes:4
00:40:14.35 (43117840)|VARIABLE_ASSIGNMENT|[49]|conIdList|[]|0x210e1a31
00:40:14.35 (43120818)|STATEMENT_EXECUTE|[50]
00:40:14.35 (43124322)|HEAP_ALLOCATE|[50]|Bytes:4
00:40:14.35 (43128033)|SYSTEM_CONSTRUCTOR_ENTRY|[50]|<init>()
00:40:14.35 (43133542)|SYSTEM_CONSTRUCTOR_EXIT|[50]|<init>()
00:40:14.35 (43135755)|VARIABLE_SCOPE_BEGIN|[50]|accIdList|List<String>|true|false
00:40:14.35 (43143544)|HEAP_ALLOCATE|[EXTERNAL]|Bytes:4
00:40:14.35 (43146476)|VARIABLE_ASSIGNMENT|[50]|accIdList|[]|0x3c5e6205
00:40:14.35 (43149250)|STATEMENT_EXECUTE|[51]
00:40:14.35 (43182839)|HEAP_ALLOCATE|[51]|Bytes:4
00:40:14.35 (43221213)|SYSTEM_CONSTRUCTOR_ENTRY|[51]|<init>()
00:40:14.35 (43228843)|SYSTEM_CONSTRUCTOR_EXIT|[51]|<init>()
00:40:14.35 (43231092)|VARIABLE_SCOPE_BEGIN|[51]|upsAcctList|List<Account>|true|false
00:40:14.35 (43235879)|HEAP_ALLOCATE|[EXTERNAL]|Bytes:4
00:40:14.35 (43239670)|VARIABLE_ASSIGNMENT|[51]|upsAcctList|[]|0x26e0d409
00:40:14.35 (43254067)|SYSTEM_METHOD_ENTRY|[54]|List<Contact>.iterator()
00:40:14.35 (43356503)|SYSTEM_METHOD_EXIT|[54]|List<Contact>.iterator()
00:40:14.35 (43372486)|SYSTEM_METHOD_ENTRY|[54]|system.ListIterator.hasNext()
00:40:14.35 (43386786)|HEAP_ALLOCATE|[54]|Bytes:5
00:40:14.35 (43392316)|SYSTEM_METHOD_EXIT|[54]|system.ListIterator.hasNext()
00:40:14.35 (43404527)|HEAP_ALLOCATE|[54]|Bytes:380
00:40:14.35 (43409681)|VARIABLE_SCOPE_BEGIN|[54]|con|Contact|true|false
00:40:14.35 (43687550)|VARIABLE_ASSIGNMENT|[54]|con|{"Auto_Email_Receipts__c":false,"LastModifiedDate":"2026-02-22T06:40:13.000Z","AccountId":"0011R000023ZxbqQAC","Email":"jedler23@comcast.net","CloudingoAgent__MAS__c":0.0,"Phone_Verified__c":false,"DSAR__c":false,"RegistrationDate__c":"2018-12-17T01:34:10.000Z","HasOptedOutOfFax":false,"Is_Owner_Active__c":true,"Text_Opt_in__c":false,"Employee_HasSubordinates__c":false,"Factoring_Authorized_Signor__c":false,"HC_ID__c":"ca9e1608-9165-4567-b (16 more) ...","CreatedById":"0053600000D52rBAAR","Email_Unsubscribed_Time__c":"2024-01-11T03:12:07.000Z","MailingLatitude":38.663,"Customer_Type__c":"Commercial","Count__c":1.0,"Fishing__c":false,"Auth0Id__c":"auth0&#124;5c16fd120e8a42 (10 more) ...","Driver_Type__c":"Both","Incomplete_Contact__c":false,"Special__c":" ","LA_LastPaymentMethod_Fuel__c":"[{\"context\":\"fuel\",\" (67 more) ...","IndividualId":"0PKbV000000FTG4WAO","Phone_Unsubscribed_Time__c":"2018-12-17T01:34:13.000Z","IsDeleted":false,"AgeVerificationStatus__c":"VERIFIED","Email_Verified__c":true,"IsEmailBounced":false,"RegistrationSource__c":"Love's App","OtherCountryCode":"US","Loyalty_Terms_Accepted__c":"2019-02-18T11:25:00.000Z","Golf__c":false,"CloudingoAgent__OAS__c":0.0,"HasOptedOutOfEmail":false,"MailingCity":"Fountain","SF_ID__c":"0031R00001wnjL2QAI","Contractor_Review_Date__c":"2019-06-15T00:00:00.000Z","Authorized_Signor__c":false,"Email_Preference__c":false,"MailingStateCode":"CO","Phone_Opt_in__c":false,"CS_Birth_Date__c":"1963-07-23T00:00:00.000Z","CreatedDate":"2018-12-17T01:34:13.000Z","MailingCountryCode":"US","Hunting__c":false,"LastName":"Erickson","Id":"0031R00001wnjL2QAI","Data_Quality_Score__c":50.0,"TEMPTextPrefETL__c":1.0,"DNC_Indicator__c":"_IM1_/sfc/servlet.sh (168 more) ...","Active__c":true,"Admin_Lock__c":false,"DoNotCall":false,"Phone_Preference__c":false,"MailingCountry":"United States","Loyalty_Card__c":"77785073312922","Text_Preference__c":false,"Push_Preference__c":false,"AgeVerificationResponse__c":"{\"@context\":[\"https: (1465 more) ...","MailingState":"Colorado","ManagerName__c":" ","IDM_ID__c":"5b509c0a-bb42-445a-a (16 more) ...","MobilePlus1__c":"N/A","Data_Quality_Description__c":"Missing: Complete Ad (19 more) ...","et4ae5__HasOptedOutOfMobile__c":false,"Email_Opt_in__c":false,"OwnerId":"0053600000D52rBAAR","MailingLongitude":-104.6939,"AgeRestrictedContentPreference__c":true,"Phone":"(719) 244-5044","MailingPostalCode":"80817","RecordTypeId":"01236000001HthEAAS","OtherCountry":"United States","MailingGeocodeAccuracy":"Zip","Primary_Contact__c":false,"IsPriorityRecord":false,"PhonePlus1__c":"+17192445044","SFMC_Test_Record__c":false,"Terms_Accepted__c":"2018-12-17T01:34:10.000Z","Guarantor__c":false,"FirstName":"Jed","SFMC_No_Sync__c":false,"LA_LastPaymentMethod_Shower__c":"[{\"context\":\"shower\" (181 more) ...","Factoring_Guarantor__c":false,"SystemModstamp":"2026-02-22T06:40:13.000Z","NASCAR__c":false,"Text_Unsubscribed_Time__c":"2024-01-11T03:12:07.000Z","attributes":{"type":"Contact","url":"/services/data/v66.0 (36 more) ..."},"Primary_Loyalty_Account__c":"a411R000000Yn25QAC","LastModifiedById":"0053600000D52rBAAR","CloudingoAgent__CES__c":0.0}|0x274d826c
00:40:14.35 (43709208)|STATEMENT_EXECUTE|[54]
00:40:14.35 (43710228)|STATEMENT_EXECUTE|[55]
00:40:14.35 (43744504)|SYSTEM_METHOD_ENTRY|[55]|List<String>.add(Object)
00:40:14.35 (43777812)|HEAP_ALLOCATE|[EXTERNAL]|Bytes:4
00:40:14.35 (43782869)|SYSTEM_METHOD_EXIT|[55]|List<String>.add(Object)
00:40:14.35 (43794169)|STATEMENT_EXECUTE|[56]
00:40:14.35 (43799796)|SYSTEM_METHOD_ENTRY|[56]|List<String>.add(Object)
00:40:14.35 (43806964)|HEAP_ALLOCATE|[EXTERNAL]|Bytes:4
00:40:14.35 (43810414)|SYSTEM_METHOD_EXIT|[56]|List<String>.add(Object)
00:40:14.35 (43814616)|SYSTEM_METHOD_ENTRY|[54]|system.ListIterator.hasNext()
00:40:14.35 (43819350)|HEAP_ALLOCATE|[54]|Bytes:5
00:40:14.35 (43821847)|SYSTEM_METHOD_EXIT|[54]|system.ListIterator.hasNext()
00:40:14.35 (43827725)|VARIABLE_ASSIGNMENT|[54]|con|null|
00:40:14.35 (43831143)|STATEMENT_EXECUTE|[60]
00:40:14.35 (43837554)|METHOD_ENTRY|[60]|01p1R00000JmIn3|Contact_AccountSync.getAccountData(List<String>, List<String>)
00:40:14.35 (43848242)|VARIABLE_SCOPE_BEGIN|[105]|accIdList|List<String>|true|false
00:40:14.35 (43856804)|VARIABLE_ASSIGNMENT|[105]|accIdList|["0011R000023ZxbqQAC"]|0x3c5e6205
00:40:14.35 (43860339)|VARIABLE_SCOPE_BEGIN|[105]|conIdList|List<String>|true|false
00:40:14.35 (43866547)|VARIABLE_ASSIGNMENT|[105]|conIdList|["0031R00001wnjL2QAI"]|0x210e1a31
00:40:14.35 (43871399)|STATEMENT_EXECUTE|[105]
00:40:14.35 (43872159)|STATEMENT_EXECUTE|[106]
00:40:14.35 (43900653)|HEAP_ALLOCATE|[106]|Bytes:4
00:40:14.35 (43928374)|VARIABLE_SCOPE_BEGIN|[106]|acctMap|Map<String,Account>|true|false
00:40:14.35 (43941527)|VARIABLE_ASSIGNMENT|[106]|acctMap|{}|0x2e884fd1
00:40:14.35 (43946484)|HEAP_ALLOCATE|[107]|Bytes:237
00:40:14.35 (43952770)|HEAP_ALLOCATE|[107]|Bytes:4
00:40:14.35 (43956974)|HEAP_ALLOCATE|[107]|Bytes:7
00:40:14.35 (43966596)|HEAP_ALLOCATE|[107]|Bytes:7
00:40:14.35 (45872606)|SOQL_EXECUTE_BEGIN|[107]|Aggregations:0|SELECT Id, Name, BillingCity, BillingCountry, BillingPostalCode, BillingState, BillingStreet, Phone, Person_Email__c, Auth0Id__c, SMA_SMAId__c, RecordTypeId, RecordType.Name FROM Account WHERE (Id IN :tmpVar1 OR SMA_SMAId__c IN :tmpVar2)
00:40:14.35 (45910134)|LIMIT_USAGE|[107]|SOQL|1|200
00:40:14.35 (45924182)|LIMIT_USAGE|[107]|AGGS|0|600
00:40:14.35 (65550290)|SOQL_EXECUTE_EXPLAIN|[107]|Index on ApexExecutionOverlayAction : [ScopeId], cardinality: 0, sobjectCardinality: 1, relativeCost 0
00:40:14.35 (65575359)|SOQL_EXECUTE_END|[107]|Rows:1
00:40:14.35 (65603001)|LIMIT_USAGE|[107]|SOQL_ROWS|1|50000
00:40:14.35 (65620480)|HEAP_ALLOCATE|[EXTERNAL]|Bytes:8
00:40:14.35 (65716831)|SYSTEM_METHOD_ENTRY|[107]|Database.QueryLocator.iterator()
00:40:14.35 (65887223)|HEAP_ALLOCATE|[107]|Bytes:54
00:40:14.35 (65893201)|HEAP_ALLOCATE|[107]|Bytes:8
00:40:14.35 (65913413)|SYSTEM_METHOD_ENTRY|[7]|QueryLocatorIterator.QueryLocatorIterator()
00:40:14.35 (65916830)|STATEMENT_EXECUTE|[7]
00:40:14.35 (65930077)|SYSTEM_METHOD_EXIT|[7]|QueryLocatorIterator
00:40:14.35 (65935528)|HEAP_ALLOCATE|[107]|Bytes:28
00:40:14.35 (65958981)|HEAP_ALLOCATE|[107]|Bytes:8
00:40:14.35 (65966608)|HEAP_ALLOCATE|[107]|Bytes:8
00:40:14.35 (65968283)|HEAP_ALLOCATE|[107]|Bytes:8
00:40:14.35 (65972068)|VARIABLE_SCOPE_BEGIN|[15]|this|Database.QueryLocatorIterator|true|false
00:40:14.35 (66061648)|VARIABLE_ASSIGNMENT|[15]|this|{}|0x2dee8619
00:40:14.35 (66066071)|VARIABLE_SCOPE_BEGIN|[15]|values|List<SObject>|true|false
00:40:14.35 (68366272)|VARIABLE_ASSIGNMENT|[15]|values|[{"BillingCountry":"United States","BillingCity":"Fountain","SMA_SMAId__c":"0031R00001wnjL2QAI","RecordType":{"Id":"01236000000o9uVAAQ","Name":"Individual"},"Phone":"(719) 244-5044","RecordTypeId":"01236000000o9uVAAQ","Auth0Id__c":"auth0&#124;5c16fd120e8a42 (10 more) ...","BillingPostalCode":"80817","Id":"0011R000023ZxbqQAC","Person_Email__c":"jedler23@comcast.net","BillingState":"Colorado","Name":"Jed Erickson"}]|0x1009a8
00:40:14.35 (68385079)|VARIABLE_SCOPE_BEGIN|[15]|ql|Database.QueryLocator|true|false
00:40:14.35 (68415013)|VARIABLE_ASSIGNMENT|[15]|ql|{"query":"SELECT Id, Name, Bil (217 more) ..."}|0x421acac9
00:40:14.35 (68419886)|VARIABLE_SCOPE_BEGIN|[15]|totalNumRecords|Integer|false|false
00:40:14.35 (68429424)|VARIABLE_ASSIGNMENT|[15]|totalNumRecords|1
00:40:14.35 (68433051)|VARIABLE_SCOPE_BEGIN|[15]|queryMoreSize|Integer|false|false
00:40:14.35 (68438722)|VARIABLE_ASSIGNMENT|[15]|queryMoreSize|49999
00:40:14.35 (68558944)|HEAP_ALLOCATE|[107]|Bytes:28
00:40:14.35 (68573972)|SYSTEM_METHOD_EXIT|[107]|Database.QueryLocator.iterator()
00:40:14.35 (68617049)|METHOD_ENTRY|[107]||Database.QueryLocatorIterator.hasNext()
00:40:14.35 (68684354)|METHOD_EXIT|[107]||Database.QueryLocatorIterator.hasNext()
00:40:14.35 (68696169)|METHOD_ENTRY|[107]||Database.QueryLocatorIterator.next()
00:40:14.35 (68797842)|METHOD_EXIT|[107]||Database.QueryLocatorIterator.next()
00:40:14.35 (68806698)|VARIABLE_SCOPE_BEGIN|[107]|acc|Account|true|false
00:40:14.35 (68956742)|VARIABLE_ASSIGNMENT|[107]|acc|{"BillingCountry":"United States","BillingCity":"Fountain","SMA_SMAId__c":"0031R00001wnjL2QAI","RecordType":{"Id":"01236000000o9uVAAQ","Name":"Individual"},"Phone":"(719) 244-5044","RecordTypeId":"01236000000o9uVAAQ","Auth0Id__c":"auth0&#124;5c16fd120e8a42 (10 more) ...","BillingPostalCode":"80817","Id":"0011R000023ZxbqQAC","Person_Email__c":"jedler23@comcast.net","BillingState":"Colorado","Name":"Jed Erickson"}|0x25d376a2
00:40:14.35 (68969594)|STATEMENT_EXECUTE|[110]
00:40:14.35 (69046312)|SYSTEM_METHOD_ENTRY|[111]|String.isBlank(String)
00:40:14.35 (69090694)|SYSTEM_METHOD_EXIT|[111]|String.isBlank(String)
00:40:14.35 (69096604)|STATEMENT_EXECUTE|[111]
00:40:14.35 (69097838)|STATEMENT_EXECUTE|[112]
00:40:14.35 (69125145)|SYSTEM_METHOD_ENTRY|[112]|Map<String,Account>.put(Object, Object)
00:40:14.35 (69150460)|HEAP_ALLOCATE|[EXTERNAL]|Bytes:-4
00:40:14.35 (69160642)|SYSTEM_METHOD_EXIT|[112]|Map<String,Account>.put(Object, Object)
00:40:14.35 (69163927)|STATEMENT_EXECUTE|[114]
00:40:14.35 (69197777)|SYSTEM_METHOD_ENTRY|[114]|Map<String,Account>.put(Object, Object)
00:40:14.35 (69229037)|HEAP_ALLOCATE|[EXTERNAL]|Bytes:-4
00:40:14.35 (69238008)|SYSTEM_METHOD_EXIT|[114]|Map<String,Account>.put(Object, Object)
00:40:14.35 (69245604)|METHOD_ENTRY|[107]||Database.QueryLocatorIterator.hasNext()
00:40:14.35 (69269244)|METHOD_EXIT|[107]||Database.QueryLocatorIterator.hasNext()
00:40:14.35 (69280152)|VARIABLE_ASSIGNMENT|[107]|acc|null|
00:40:14.35 (69303167)|STATEMENT_EXECUTE|[116]
00:40:14.35 (69312704)|METHOD_EXIT|[60]|01p1R00000JmIn3|Contact_AccountSync.getAccountData(List<String>, List<String>)
00:40:14.35 (69319013)|VARIABLE_SCOPE_BEGIN|[60]|accountMap|Map<String,Account>|true|false
00:40:14.35 (69503340)|VARIABLE_ASSIGNMENT|[60]|accountMap|{"0031R00001wnjL2QAI":{"BillingCountry":"United States","BillingCity":"Fountain","SMA_SMAId__c":"0031R00001wnjL2QAI","RecordType":{"Id":"01236000000o9uVAAQ","Name":"Individual"},"Phone":"(719) 244-5044","RecordTypeId":"01236000000o9uVAAQ","Auth0Id__c":"auth0&#124;5c16fd120e8a42 (10 more) ...","BillingPostalCode":"80817","Id":"0011R000023ZxbqQAC","Person_Email__c":"jedler23@comcast.net","BillingState":"Colorado","Name":"Jed Erickson"},"0011R000023ZxbqQAC":{"BillingCountry":"United States","BillingCity":"Fountain","SMA_SMAId__c":"0031R00001wnjL2QAI","RecordType":{"Id":"01236000000o9uVAAQ","Name":"Individual"},"Phone":"(719) 244-5044","RecordTypeId":"01236000000o9uVAAQ","Auth0Id__c":"auth0&#124;5c16fd120e8a42 (10 more) ...","BillingPostalCode":"80817","Id":"0011R000023ZxbqQAC","Person_Email__c":"jedler23@comcast.net","BillingState":"Colorado","Name":"Jed Erickson"}}|0x2e884fd1
00:40:14.35 (69519778)|STATEMENT_EXECUTE|[61]
00:40:14.35 (69530614)|METHOD_ENTRY|[61]|01p1R00000JmIn3|Contact_AccountSync.getContactData(List<String>)
00:40:14.35 (69553724)|VARIABLE_SCOPE_BEGIN|[119]|conIdList|List<String>|true|false
00:40:14.35 (69570945)|VARIABLE_ASSIGNMENT|[119]|conIdList|["0031R00001wnjL2QAI"]|0x210e1a31
00:40:14.35 (69577870)|STATEMENT_EXECUTE|[119]
00:40:14.35 (69579099)|STATEMENT_EXECUTE|[120]
00:40:14.35 (69583273)|HEAP_ALLOCATE|[120]|Bytes:264
00:40:14.35 (69605374)|HEAP_ALLOCATE|[120]|Bytes:4
00:40:14.35 (70610614)|SOQL_EXECUTE_BEGIN|[120]|Aggregations:0|SELECT Id, FirstName, LastName, Name, MailingCity, MailingCountry, MailingPostalCode, MailingState, MailingStreet, Phone, Email, RecordTypeId, AccountId, CS_Birth_Date__c, MailingCountryCode, Auth0Id__c, IDM_ID__c, Loyalty_Card__c FROM Contact WHERE Id IN :tmpVar1
00:40:14.35 (70652694)|LIMIT_USAGE|[120]|SOQL|2|200
00:40:14.35 (70667229)|LIMIT_USAGE|[120]|AGGS|0|600
00:40:14.35 (80824743)|SOQL_EXECUTE_EXPLAIN|[120]|Index on Contact : [Id], cardinality: 1, sobjectCardinality: 10303891, relativeCost 0
00:40:14.35 (80847871)|SOQL_EXECUTE_END|[120]|Rows:1
00:40:14.35 (80874043)|LIMIT_USAGE|[120]|SOQL_ROWS|2|50000
00:40:14.35 (80889853)|HEAP_ALLOCATE|[120]|Bytes:8
00:40:14.35 (80913745)|HEAP_ALLOCATE|[120]|Bytes:480
00:40:14.35 (80950146)|HEAP_ALLOCATE|[120]|Bytes:8
00:40:14.35 (80969199)|METHOD_EXIT|[61]|01p1R00000JmIn3|Contact_AccountSync.getContactData(List<String>)
00:40:14.35 (80979029)|VARIABLE_SCOPE_BEGIN|[61]|conList|List<Contact>|true|false
00:40:14.35 (81143610)|VARIABLE_ASSIGNMENT|[61]|conList|[{"Email":"jedler23@comcast.net","AccountId":"0011R000023ZxbqQAC","FirstName":"Jed","MailingCountry":"United States","Loyalty_Card__c":"77785073312922","MailingCity":"Fountain","MailingState":"Colorado","Name":"Jed Erickson","IDM_ID__c":"5b509c0a-bb42-445a-a (16 more) ...","Phone":"(719) 244-5044","MailingPostalCode":"80817","RecordTypeId":"01236000001HthEAAS","CS_Birth_Date__c":"1963-07-23T00:00:00.000Z","MailingCountryCode":"US","Auth0Id__c":"auth0&#124;5c16fd120e8a42 (10 more) ...","Id":"0031R00001wnjL2QAI","LastName":"Erickson"}]|0x1baa5283
00:40:14.35 (81167544)|SYSTEM_METHOD_ENTRY|[64]|List<Contact>.iterator()
00:40:14.35 (81206048)|SYSTEM_METHOD_EXIT|[64]|List<Contact>.iterator()
00:40:14.35 (81215046)|SYSTEM_METHOD_ENTRY|[64]|system.ListIterator.hasNext()
00:40:14.35 (81226193)|HEAP_ALLOCATE|[64]|Bytes:5
00:40:14.35 (81230034)|SYSTEM_METHOD_EXIT|[64]|system.ListIterator.hasNext()
00:40:14.35 (81239500)|HEAP_ALLOCATE|[64]|Bytes:72
00:40:14.35 (81247160)|VARIABLE_SCOPE_BEGIN|[64]|con|Contact|true|false
00:40:14.35 (81311715)|VARIABLE_ASSIGNMENT|[64]|con|{"Email":"jedler23@comcast.net","AccountId":"0011R000023ZxbqQAC","FirstName":"Jed","MailingCountry":"United States","Loyalty_Card__c":"77785073312922","MailingCity":"Fountain","MailingState":"Colorado","Name":"Jed Erickson","IDM_ID__c":"5b509c0a-bb42-445a-a (16 more) ...","Phone":"(719) 244-5044","MailingPostalCode":"80817","RecordTypeId":"01236000001HthEAAS","CS_Birth_Date__c":"1963-07-23T00:00:00.000Z","MailingCountryCode":"US","Auth0Id__c":"auth0&#124;5c16fd120e8a42 (10 more) ...","Id":"0031R00001wnjL2QAI","LastName":"Erickson"}|0x1cafa7f1
00:40:14.35 (81319368)|STATEMENT_EXECUTE|[64]
00:40:14.35 (81320348)|STATEMENT_EXECUTE|[65]
00:40:14.35 (81323103)|VARIABLE_SCOPE_BEGIN|[65]|acct|Account|true|false
00:40:14.35 (81329173)|VARIABLE_ASSIGNMENT|[65]|acct|null|
00:40:14.35 (81342258)|STATEMENT_EXECUTE|[66]
00:40:14.35 (81365035)|SYSTEM_METHOD_ENTRY|[66]|Map<String,Account>.get(Object)
00:40:14.35 (81394185)|SYSTEM_METHOD_EXIT|[66]|Map<String,Account>.get(Object)
00:40:14.35 (81481303)|VARIABLE_ASSIGNMENT|[66]|acct|{"BillingCountry":"United States","BillingCity":"Fountain","SMA_SMAId__c":"0031R00001wnjL2QAI","RecordType":{"Id":"01236000000o9uVAAQ","Name":"Individual"},"Phone":"(719) 244-5044","RecordTypeId":"01236000000o9uVAAQ","Auth0Id__c":"auth0&#124;5c16fd120e8a42 (10 more) ...","BillingPostalCode":"80817","Id":"0011R000023ZxbqQAC","Person_Email__c":"jedler23@comcast.net","BillingState":"Colorado","Name":"Jed Erickson"}|0x25d376a2
00:40:14.35 (81492530)|STATEMENT_EXECUTE|[67]
00:40:14.35 (81504985)|METHOD_ENTRY|[72]|01p1R00000JmIn3|Contact_AccountSync.wasContactDataChanged(Contact, String)
00:40:14.35 (81522243)|VARIABLE_SCOPE_BEGIN|[142]|con|Contact|true|false
00:40:14.35 (81578011)|VARIABLE_ASSIGNMENT|[142]|con|{"Email":"jedler23@comcast.net","AccountId":"0011R000023ZxbqQAC","FirstName":"Jed","MailingCountry":"United States","Loyalty_Card__c":"77785073312922","MailingCity":"Fountain","MailingState":"Colorado","Name":"Jed Erickson","IDM_ID__c":"5b509c0a-bb42-445a-a (16 more) ...","Phone":"(719) 244-5044","MailingPostalCode":"80817","RecordTypeId":"01236000001HthEAAS","CS_Birth_Date__c":"1963-07-23T00:00:00.000Z","MailingCountryCode":"US","Auth0Id__c":"auth0&#124;5c16fd120e8a42 (10 more) ...","Id":"0031R00001wnjL2QAI","LastName":"Erickson"}|0x1cafa7f1
00:40:14.35 (81584793)|VARIABLE_SCOPE_BEGIN|[142]|oldMapJson|String|false|false
00:40:14.35 (81591059)|VARIABLE_ASSIGNMENT|[142]|oldMapJson|"{\"0031R00001wnjL2QAI (5104 more) ..."
00:40:14.35 (81596135)|STATEMENT_EXECUTE|[142]
00:40:14.35 (81597104)|STATEMENT_EXECUTE|[143]
00:40:14.35 (81599756)|VARIABLE_SCOPE_BEGIN|[143]|changed|Boolean|false|false
00:40:14.35 (81605564)|HEAP_ALLOCATE|[143]|Bytes:5
00:40:14.35 (81609408)|VARIABLE_ASSIGNMENT|[143]|changed|false
00:40:14.35 (81625607)|SYSTEM_METHOD_ENTRY|[145]|String.isBlank(String)
00:40:14.35 (81654285)|SYSTEM_METHOD_EXIT|[145]|String.isBlank(String)
00:40:14.35 (81659479)|HEAP_ALLOCATE|[145]|Bytes:4
00:40:14.35 (81704750)|STATEMENT_EXECUTE|[145]
00:40:14.35 (81705654)|STATEMENT_EXECUTE|[146]
00:40:14.35 (81707863)|HEAP_ALLOCATE|[146]|Bytes:89
00:40:14.35 (81795286)|HEAP_ALLOCATE|[146]|Bytes:8
00:40:14.35 (81804657)|HEAP_ALLOCATE|[146]|Bytes:8
00:40:14.35 (81809034)|VARIABLE_SCOPE_BEGIN|[4]|this|System.Type|true|false
00:40:14.35 (81883727)|VARIABLE_ASSIGNMENT|[4]|this|{}|0x669d45e2
00:40:14.35 (81889539)|VARIABLE_SCOPE_BEGIN|[4]|apextype|java:common.apex.runtime.ApexObjectType|true|false
00:40:14.35 (81954129)|VARIABLE_ASSIGNMENT|[4]|apextype|"Map<Id,SObject>"|0x7d4dd2e4
00:40:14.35 (82010529)|HEAP_ALLOCATE|[146]|Bytes:8
00:40:14.35 (82023226)|METHOD_ENTRY|[146]||System.JSON.deserialize(String, System.Type)
00:40:14.35 (82927212)|METHOD_EXIT|[146]||System.JSON.deserialize(String, System.Type)
00:40:14.35 (82938309)|VARIABLE_SCOPE_BEGIN|[146]|oldMap|Map<Id,SObject>|true|false
00:40:14.35 (83228430)|VARIABLE_ASSIGNMENT|[146]|oldMap|{"0031R00001wnjL2QAI":{"Auto_Email_Receipts__c":false,"LastModifiedDate":"2026-02-21T08:32:53.000Z","AccountId":"0011R000023ZxbqQAC","Email":"jedler23@comcast.net","CloudingoAgent__MAS__c":0.0,"Phone_Verified__c":false,"DSAR__c":false,"RegistrationDate__c":"2018-12-17T01:34:10.000Z","HasOptedOutOfFax":false,"Is_Owner_Active__c":true,"Text_Opt_in__c":false,"Employee_HasSubordinates__c":false,"Factoring_Authorized_Signor__c":false,"HC_ID__c":"ca9e1608-9165-4567-b (16 more) ...","CreatedById":"0053600000D52rBAAR","Email_Unsubscribed_Time__c":"2024-01-11T03:12:07.000Z","MailingLatitude":38.663,"Customer_Type__c":"Commercial","Count__c":1.0,"Fishing__c":false,"Auth0Id__c":"auth0&#124;5c16fd120e8a42 (10 more) ...","Driver_Type__c":"Both","Incomplete_Contact__c":false,"Special__c":" ","LA_LastPaymentMethod_Fuel__c":"[{\"context\":\"fuel\",\" (67 more) ...","IndividualId":"0PKbV000000FTG4WAO","Phone_Unsubscribed_Time__c":"2018-12-17T01:34:13.000Z","IsDeleted":false,"AgeVerificationStatus__c":"VERIFIED","Email_Verified__c":true,"IsEmailBounced":false,"RegistrationSource__c":"Love's App","OtherCountryCode":"US","Loyalty_Terms_Accepted__c":"2019-02-18T11:25:00.000Z","Golf__c":false,"CloudingoAgent__OAS__c":0.0,"HasOptedOutOfEmail":false,"MailingCity":"Fountain","SF_ID__c":"0031R00001wnjL2QAI","Contractor_Review_Date__c":"2019-06-15T00:00:00.000Z","Authorized_Signor__c":false,"Email_Preference__c":false,"MailingStateCode":"CO","Phone_Opt_in__c":false,"CS_Birth_Date__c":"1963-07-23T00:00:00.000Z","CreatedDate":"2018-12-17T01:34:13.000Z","MailingCountryCode":"US","Hunting__c":false,"LastName":"Erickson","Id":"0031R00001wnjL2QAI","Data_Quality_Score__c":50.0,"TEMPTextPrefETL__c":1.0,"DNC_Indicator__c":"_IM1_/sfc/servlet.sh (168 more) ...","Active__c":true,"Admin_Lock__c":false,"DoNotCall":false,"Phone_Preference__c":false,"MailingCountry":"United States","Loyalty_Card__c":"77785073312922","Text_Preference__c":false,"Push_Preference__c":false,"AgeVerificationResponse__c":"{\"@context\":[\"https: (1465 more) ...","MailingState":"Colorado","ManagerName__c":" ","IDM_ID__c":"5b509c0a-bb42-445a-a (16 more) ...","MobilePlus1__c":"N/A","Data_Quality_Description__c":"Missing: Complete Ad (19 more) ...","et4ae5__HasOptedOutOfMobile__c":false,"Email_Opt_in__c":false,"OwnerId":"0053600000D52rBAAR","MailingLongitude":-104.6939,"AgeRestrictedContentPreference__c":true,"Phone":"(719) 244-5044","MailingPostalCode":"80817","RecordTypeId":"01236000001HthEAAS","OtherCountry":"United States","MailingGeocodeAccuracy":"Zip","Primary_Contact__c":false,"IsPriorityRecord":false,"PhonePlus1__c":"+17192445044","SFMC_Test_Record__c":false,"Terms_Accepted__c":"2018-12-17T01:34:10.000Z","Guarantor__c":false,"FirstName":"Jed","SFMC_No_Sync__c":false,"LA_LastPaymentMethod_Shower__c":"[{\"context\":\"shower\" (181 more) ...","Factoring_Guarantor__c":false,"SystemModstamp":"2026-02-21T08:32:53.000Z","NASCAR__c":false,"Text_Unsubscribed_Time__c":"2024-01-11T03:12:07.000Z","attributes":{"type":"Contact","url":"/services/data/v66.0 (36 more) ..."},"Primary_Loyalty_Account__c":"a411R000000Yn25QAC","LastModifiedById":"0053600000D52rBAAR","CloudingoAgent__CES__c":0.0}}|0xaed2bac
00:40:14.35 (83253368)|STATEMENT_EXECUTE|[147]
00:40:14.35 (83254883)|STATEMENT_EXECUTE|[148]
00:40:14.35 (83277236)|SYSTEM_METHOD_ENTRY|[148]|Map<Id,SObject>.get(Object)
00:40:14.35 (83298053)|SYSTEM_METHOD_EXIT|[148]|Map<Id,SObject>.get(Object)
00:40:14.35 (83307911)|VARIABLE_SCOPE_BEGIN|[148]|oldCon|Contact|true|false
00:40:14.35 (83614526)|VARIABLE_ASSIGNMENT|[148]|oldCon|{"Auto_Email_Receipts__c":false,"LastModifiedDate":"2026-02-21T08:32:53.000Z","AccountId":"0011R000023ZxbqQAC","Email":"jedler23@comcast.net","CloudingoAgent__MAS__c":0.0,"Phone_Verified__c":false,"DSAR__c":false,"RegistrationDate__c":"2018-12-17T01:34:10.000Z","HasOptedOutOfFax":false,"Is_Owner_Active__c":true,"Text_Opt_in__c":false,"Employee_HasSubordinates__c":false,"Factoring_Authorized_Signor__c":false,"HC_ID__c":"ca9e1608-9165-4567-b (16 more) ...","CreatedById":"0053600000D52rBAAR","Email_Unsubscribed_Time__c":"2024-01-11T03:12:07.000Z","MailingLatitude":38.663,"Customer_Type__c":"Commercial","Count__c":1.0,"Fishing__c":false,"Auth0Id__c":"auth0&#124;5c16fd120e8a42 (10 more) ...","Driver_Type__c":"Both","Incomplete_Contact__c":false,"Special__c":" ","LA_LastPaymentMethod_Fuel__c":"[{\"context\":\"fuel\",\" (67 more) ...","IndividualId":"0PKbV000000FTG4WAO","Phone_Unsubscribed_Time__c":"2018-12-17T01:34:13.000Z","IsDeleted":false,"AgeVerificationStatus__c":"VERIFIED","Email_Verified__c":true,"IsEmailBounced":false,"RegistrationSource__c":"Love's App","OtherCountryCode":"US","Loyalty_Terms_Accepted__c":"2019-02-18T11:25:00.000Z","Golf__c":false,"CloudingoAgent__OAS__c":0.0,"HasOptedOutOfEmail":false,"MailingCity":"Fountain","SF_ID__c":"0031R00001wnjL2QAI","Contractor_Review_Date__c":"2019-06-15T00:00:00.000Z","Authorized_Signor__c":false,"Email_Preference__c":false,"MailingStateCode":"CO","Phone_Opt_in__c":false,"CS_Birth_Date__c":"1963-07-23T00:00:00.000Z","CreatedDate":"2018-12-17T01:34:13.000Z","MailingCountryCode":"US","Hunting__c":false,"LastName":"Erickson","Id":"0031R00001wnjL2QAI","Data_Quality_Score__c":50.0,"TEMPTextPrefETL__c":1.0,"DNC_Indicator__c":"_IM1_/sfc/servlet.sh (168 more) ...","Active__c":true,"Admin_Lock__c":false,"DoNotCall":false,"Phone_Preference__c":false,"MailingCountry":"United States","Loyalty_Card__c":"77785073312922","Text_Preference__c":false,"Push_Preference__c":false,"AgeVerificationResponse__c":"{\"@context\":[\"https: (1465 more) ...","MailingState":"Colorado","ManagerName__c":" ","IDM_ID__c":"5b509c0a-bb42-445a-a (16 more) ...","MobilePlus1__c":"N/A","Data_Quality_Description__c":"Missing: Complete Ad (19 more) ...","et4ae5__HasOptedOutOfMobile__c":false,"Email_Opt_in__c":false,"OwnerId":"0053600000D52rBAAR","MailingLongitude":-104.6939,"AgeRestrictedContentPreference__c":true,"Phone":"(719) 244-5044","MailingPostalCode":"80817","RecordTypeId":"01236000001HthEAAS","OtherCountry":"United States","MailingGeocodeAccuracy":"Zip","Primary_Contact__c":false,"IsPriorityRecord":false,"PhonePlus1__c":"+17192445044","SFMC_Test_Record__c":false,"Terms_Accepted__c":"2018-12-17T01:34:10.000Z","Guarantor__c":false,"FirstName":"Jed","SFMC_No_Sync__c":false,"LA_LastPaymentMethod_Shower__c":"[{\"context\":\"shower\" (181 more) ...","Factoring_Guarantor__c":false,"SystemModstamp":"2026-02-21T08:32:53.000Z","NASCAR__c":false,"Text_Unsubscribed_Time__c":"2024-01-11T03:12:07.000Z","attributes":{"type":"Contact","url":"/services/data/v66.0 (36 more) ..."},"Primary_Loyalty_Account__c":"a411R000000Yn25QAC","LastModifiedById":"0053600000D52rBAAR","CloudingoAgent__CES__c":0.0}|0x439a4e38
00:40:14.35 (83655999)|STATEMENT_EXECUTE|[149]
00:40:14.35 (83694104)|STATEMENT_EXECUTE|[151]
00:40:14.35 (83704741)|STATEMENT_EXECUTE|[152]
00:40:14.35 (83718436)|STATEMENT_EXECUTE|[153]
00:40:14.35 (83729852)|STATEMENT_EXECUTE|[154]
00:40:14.35 (83781316)|SYSTEM_METHOD_ENTRY|[155]|com.salesforce.api.interop.apex.bcl.DateMethods.compareTo(Date)
00:40:14.35 (83809187)|SYSTEM_METHOD_EXIT|[155]|com.salesforce.api.interop.apex.bcl.DateMethods.compareTo(Date)
00:40:14.35 (83813862)|STATEMENT_EXECUTE|[155]
00:40:14.35 (83819452)|STATEMENT_EXECUTE|[156]
00:40:14.35 (83842302)|STATEMENT_EXECUTE|[157]
00:40:14.35 (83854199)|STATEMENT_EXECUTE|[158]
00:40:14.35 (83865516)|STATEMENT_EXECUTE|[159]
00:40:14.35 (83877660)|STATEMENT_EXECUTE|[160]
00:40:14.35 (83888632)|STATEMENT_EXECUTE|[161]
00:40:14.35 (83900648)|STATEMENT_EXECUTE|[162]
00:40:14.35 (83901922)|STATEMENT_EXECUTE|[163]
00:40:14.35 (83907390)|METHOD_EXIT|[72]|01p1R00000JmIn3|Contact_AccountSync.wasContactDataChanged(Contact, String)
00:40:14.35 (83914172)|STATEMENT_EXECUTE|[69]
00:40:14.35 (83921682)|SYSTEM_METHOD_ENTRY|[64]|system.ListIterator.hasNext()
00:40:14.35 (83933206)|HEAP_ALLOCATE|[64]|Bytes:5
00:40:14.35 (83938976)|SYSTEM_METHOD_EXIT|[64]|system.ListIterator.hasNext()
00:40:14.35 (83950687)|VARIABLE_ASSIGNMENT|[64]|con|null|
00:40:14.35 (83955850)|STATEMENT_EXECUTE|[78]
00:40:14.35 (83957141)|STATEMENT_EXECUTE|[78]
00:40:14.35 (83958314)|STATEMENT_EXECUTE|[79]
00:40:14.35 (84058367)|HEAP_ALLOCATE|[EXTERNAL]|Bytes:4
00:40:14.35 (84066067)|STATEMENT_EXECUTE|[83]
00:40:14.35 (84083715)|HEAP_ALLOCATE|[83]|Bytes:4
00:40:14.35 (84129341)|VARIABLE_SCOPE_BEGIN|[83]|conIdAccIdMap|Map<String,String>|true|false
00:40:14.35 (84145116)|VARIABLE_ASSIGNMENT|[83]|conIdAccIdMap|{}|0x2126750f
00:40:14.35 (84156897)|SYSTEM_METHOD_ENTRY|[84]|List<Account>.iterator()
00:40:14.35 (84259762)|SYSTEM_METHOD_EXIT|[84]|List<Account>.iterator()
00:40:14.35 (84281352)|SYSTEM_METHOD_ENTRY|[84]|system.ListIterator.hasNext()
00:40:14.35 (84291092)|HEAP_ALLOCATE|[84]|Bytes:5
00:40:14.35 (84295737)|SYSTEM_METHOD_EXIT|[84]|system.ListIterator.hasNext()
00:40:14.35 (84304027)|VARIABLE_ASSIGNMENT|[84]|updAcct|null|
00:40:14.35 (84310942)|STATEMENT_EXECUTE|[84]
00:40:14.35 (84312402)|STATEMENT_EXECUTE|[87]
00:40:14.35 (84323243)|HEAP_ALLOCATE|[87]|Bytes:4
00:40:14.35 (84344554)|SYSTEM_CONSTRUCTOR_ENTRY|[87]|<init>()
00:40:14.35 (84361587)|SYSTEM_CONSTRUCTOR_EXIT|[87]|<init>()
00:40:14.35 (84365584)|VARIABLE_SCOPE_BEGIN|[87]|updateList|List<Contact>|true|false
00:40:14.35 (84375018)|HEAP_ALLOCATE|[EXTERNAL]|Bytes:4
00:40:14.35 (84383357)|VARIABLE_ASSIGNMENT|[87]|updateList|[]|0x5df85164
00:40:14.35 (84390567)|SYSTEM_METHOD_ENTRY|[88]|List<Contact>.iterator()
00:40:14.35 (84399432)|SYSTEM_METHOD_EXIT|[88]|List<Contact>.iterator()
00:40:14.35 (84404438)|SYSTEM_METHOD_ENTRY|[88]|system.ListIterator.hasNext()
00:40:14.35 (84409005)|HEAP_ALLOCATE|[88]|Bytes:5
00:40:14.35 (84412789)|SYSTEM_METHOD_EXIT|[88]|system.ListIterator.hasNext()
00:40:14.35 (84421884)|HEAP_ALLOCATE|[88]|Bytes:72
00:40:14.35 (84428492)|VARIABLE_SCOPE_BEGIN|[88]|con|Contact|true|false
00:40:14.35 (84559903)|VARIABLE_ASSIGNMENT|[88]|con|{"Email":"jedler23@comcast.net","AccountId":"0011R000023ZxbqQAC","FirstName":"Jed","MailingCountry":"United States","Loyalty_Card__c":"77785073312922","MailingCity":"Fountain","MailingState":"Colorado","Name":"Jed Erickson","IDM_ID__c":"5b509c0a-bb42-445a-a (16 more) ...","Phone":"(719) 244-5044","MailingPostalCode":"80817","RecordTypeId":"01236000001HthEAAS","CS_Birth_Date__c":"1963-07-23T00:00:00.000Z","MailingCountryCode":"US","Auth0Id__c":"auth0&#124;5c16fd120e8a42 (10 more) ...","Id":"0031R00001wnjL2QAI","LastName":"Erickson"}|0x1cafa7f1
00:40:14.35 (84568444)|STATEMENT_EXECUTE|[88]
00:40:14.35 (84575184)|STATEMENT_EXECUTE|[89]
00:40:14.35 (84580929)|SYSTEM_METHOD_ENTRY|[88]|system.ListIterator.hasNext()
00:40:14.35 (84586102)|HEAP_ALLOCATE|[88]|Bytes:5
00:40:14.35 (84607175)|SYSTEM_METHOD_EXIT|[88]|system.ListIterator.hasNext()
00:40:14.35 (84612133)|VARIABLE_ASSIGNMENT|[88]|con|null|
00:40:14.35 (84618028)|SYSTEM_METHOD_ENTRY|[96]|List<Contact>.size()
00:40:14.35 (84626711)|SYSTEM_METHOD_EXIT|[96]|List<Contact>.size()
00:40:14.35 (84630562)|STATEMENT_EXECUTE|[96]
00:40:14.35 (84634651)|METHOD_EXIT|[45]|01p1R00000JmIn3|Contact_AccountSync.handle(List<Contact>, String)
00:40:14.84 (84651735)|CUMULATIVE_LIMIT_USAGE
00:40:14.84 (84651735)|LIMIT_USAGE_FOR_NS|(default)|
  Number of SOQL queries: 2 out of 200
  Number of query rows: 2 out of 50000
  Number of SOSL queries: 0 out of 20
  Number of DML statements: 0 out of 150
  Number of Publish Immediate DML: 0 out of 150
  Number of DML rows: 0 out of 10000
  Maximum CPU time: 0 out of 60000
  Maximum heap size: 0 out of 12000000
  Number of callouts: 0 out of 100
  Number of Email Invocations: 0 out of 10
  Number of future calls: 0 out of 50
  Number of queueable jobs added to the queue: 0 out of 1
  Number of Mobile Apex push calls: 0 out of 10

00:40:14.84 (84651735)|TOTAL_EMAIL_RECIPIENTS_QUEUED|0
00:40:14.84 (84651735)|STATIC_VARIABLE_LIST|
  int:BYTES:0
  int:BYTES:0
  byte[]:DigitOnes:0
  byte[]:DigitTens:0
  Boolean:FALSE:0
  int:MAX_EXPONENT:0
  double:MAX_VALUE:0
  int:MAX_VALUE:0
  int:MIN_EXPONENT:0
  double:MIN_NORMAL:0
  double:MIN_VALUE:0
  int:MIN_VALUE:0
  double:NEGATIVE_INFINITY:0
  double:NaN:0
  double:POSITIVE_INFINITY:0
  int:PRECISION:0
  int:SIZE:0
  int:SIZE:0
  Boolean:TRUE:0
  String:__sfdcParameterizedTypes:0
  String:_sfdcAdditionalCodeLocations:0
  String:_sfdcAdditionalCodeLocations:0
  String:_sfdcAdditionalCodeLocations:0
  String:_sfdcAdditionalCodeLocations:0
  String:_sfdcAdditionalCodeLocations:0
  String:_static_RECTYPE_INDIV:0
  char[]:digits:0
  long:serialVersionUID:0
  long:serialVersionUID:0
  long:serialVersionUID:0

00:40:14.84 (84651735)|CUMULATIVE_LIMIT_USAGE_END

00:40:14.35 (84876062)|CODE_UNIT_FINISHED|Contact_AccountSync.handleAtFuture(String, String)
00:40:14.35 (84888930)|EXECUTION_FINISHED
00:40:14.206 (206207248)|CUMULATIVE_PROFILING_BEGIN
00:40:14.206 (206207248)|CUMULATIVE_PROFILING|SOQL operations|
Class.Contact_AccountSync.getAccountData: line 107, column 1: [SELECT Id, Name,BillingCity,BillingCountry,BillingPostalCode,BillingState,BillingStreet,Phone,
                                  Person_Email__c,Auth0Id__c,SMA_SMAId__c,RecordTypeId,RecordType.Name
                             FROM Account 
                            WHERE Id IN :accIdList or SMA_SMAId__c in :conIdList]: executed 5 times in 24 ms
Class.Contact_AccountSync.getContactData: line 120, column 1: [SELECT Id, FirstName, LastName, Name, MailingCity, MailingCountry, MailingPostalCode, MailingState, MailingStreet, Phone, Email, 
                       RecordTypeId, AccountId, CS_Birth_Date__c, 
                       MailingCountryCode, Auth0Id__c, IDM_ID__c, Loyalty_Card__c
                  FROM Contact 
                 WHERE Id IN: conIdList]: executed 1 time in 11 ms

00:40:14.206 (206207248)|CUMULATIVE_PROFILING|No profiling information for SOSL operations
00:40:14.206 (206207248)|CUMULATIVE_PROFILING|DML operations|
Class.Contact_AccountSync.handle: line 79, column 1: Upsert: List<Account>: executed 1 time in 0 ms

00:40:14.206 (206207248)|CUMULATIVE_PROFILING|method invocations|
External entry point: public static void handleAtFuture(String, String): executed 1 time in 49 ms
Class.Contact_AccountSync.handleAtFuture: line 45, column 1: public static void handle(List<Contact>, String): executed 1 time in 42 ms
Class.Contact_AccountSync.handle: line 60, column 1: private static Map<String,Account> getAccountData(List<String>, List<String>): executed 1 time in 25 ms
Class.Contact_AccountSync.handle: line 61, column 1: private static List<Contact> getContactData(List<String>): executed 1 time in 12 ms
Class.Contact_AccountSync.handle: line 72, column 1: private static Boolean wasContactDataChanged(Contact, String): executed 1 time in 3 ms
Class.Contact_AccountSync.handleAtFuture: line 44, column 1: global static Object deserialize(String, System.Type): executed 1 time in 2 ms
Class.Contact_AccountSync.wasContactDataChanged: line 146, column 1: global static Object deserialize(String, System.Type): executed 1 time in 1 ms
Class.Contact_AccountSync.handle: line 64, column 1: global public System.Iterator iterator(): executed 3 times in 0 ms
Class.Contact_AccountSync.handle: line 66, column 1: global public Object get(Object): executed 1 time in 0 ms
Class.Contact_AccountSync.wasContactDataChanged: line 145, column 1: public static Boolean isBlank(String): executed 1 time in 0 ms
Class.Contact_AccountSync.wasContactDataChanged: line 148, column 1: global public Object get(Object): executed 1 time in 0 ms

00:40:14.206 (206207248)|CUMULATIVE_PROFILING_END
