66.0 APEX_CODE,FINEST;APEX_PROFILING,FINEST;CALLOUT,FINEST;DATA_ACCESS,INFO;DB,FINEST;NBA,FINEST;SYSTEM,FINE;VALIDATION,INFO;VISUALFORCE,FINER;WAVE,FINEST;WORKFLOW,FINER
22:40:44.0 (550061)|USER_INFO|[EXTERNAL]|00536000001Ebgm|autoproc@00d36000000kq3ueac|(GMT-08:00) Pacific Standard Time (America/Los_Angeles)|GMT-08:00
22:40:44.0 (625755)|EXECUTION_STARTED
22:40:44.0 (674607)|CODE_UNIT_STARTED|[EXTERNAL]|01qbV000003N9GX|ServiceLogEventTrigger on Service_Log_Event trigger event AfterInsert|__sfdc_trigger/ServiceLogEventTrigger
22:40:44.0 (729918)|HEAP_ALLOCATE|[EXTERNAL]|Bytes:8
22:40:44.0 (1429099)|HEAP_ALLOCATE|[95]|Bytes:3
22:40:44.0 (1468952)|HEAP_ALLOCATE|[100]|Bytes:152
22:40:44.0 (1481059)|HEAP_ALLOCATE|[417]|Bytes:408
22:40:44.0 (1492598)|HEAP_ALLOCATE|[430]|Bytes:408
22:40:44.0 (1513598)|HEAP_ALLOCATE|[317]|Bytes:6
22:40:44.0 (1530390)|HEAP_ALLOCATE|[EXTERNAL]|Bytes:8
22:40:44.0 (1535089)|VARIABLE_SCOPE_BEGIN|[12]|this|ServiceLogEventTrigger|true|false
22:40:44.0 (1586670)|VARIABLE_ASSIGNMENT|[12]|this|{}|0x33c532a7
22:40:44.0 (1611762)|HEAP_ALLOCATE|[EXTERNAL]|Bytes:8
22:40:44.0 (1614853)|VARIABLE_SCOPE_BEGIN|[12]|this|ServiceLogEventTrigger|true|false
22:40:44.0 (1621822)|VARIABLE_ASSIGNMENT|[12]|this|{}|0x33c532a7
22:40:44.0 (1632393)|STATEMENT_EXECUTE|[12]
22:40:44.0 (1633593)|STATEMENT_EXECUTE|[13]
22:40:44.0 (1749085)|HEAP_ALLOCATE|[13]|Bytes:4
22:40:44.0 (1799400)|SYSTEM_CONSTRUCTOR_ENTRY|[13]|<init>()
22:40:44.0 (1827522)|SYSTEM_CONSTRUCTOR_EXIT|[13]|<init>()
22:40:44.0 (1846544)|HEAP_ALLOCATE|[68]|Bytes:5
22:40:44.0 (1868723)|HEAP_ALLOCATE|[74]|Bytes:5
22:40:44.0 (1876522)|HEAP_ALLOCATE|[82]|Bytes:7
22:40:44.0 (2047316)|HEAP_ALLOCATE|[EXTERNAL]|Bytes:4
22:40:44.0 (2062814)|VARIABLE_ASSIGNMENT|[13]|this.serviceLogs|[]|0x33c532a7
22:40:44.0 (2148850)|SYSTEM_METHOD_ENTRY|[16]|List<Service_Log_Event__e>.iterator()
22:40:44.0 (2245203)|SYSTEM_METHOD_EXIT|[16]|List<Service_Log_Event__e>.iterator()
22:40:44.0 (2260336)|SYSTEM_METHOD_ENTRY|[16]|system.ListIterator.hasNext()
22:40:44.0 (2271944)|HEAP_ALLOCATE|[16]|Bytes:5
22:40:44.0 (2275427)|SYSTEM_METHOD_EXIT|[16]|system.ListIterator.hasNext()
22:40:44.0 (2304979)|VARIABLE_SCOPE_BEGIN|[16]|evt|Service_Log_Event__e|true|false
22:40:44.0 (2436937)|VARIABLE_ASSIGNMENT|[16]|evt|{"CreatedById":"00536000006CafHAAS","Payload__c":"{\"attributes\":{\"type (17981 more) ...","ReplayId":"28144740","EventUuid":"56c3976c-5572-4f7c-8 (16 more) ...","CreatedDate":"2026-02-22T06:40:44.000Z","OwnerId__c":"00536000006CafHAAS","Id":"e0Fxx000001u5jQEAQ"}|0x7ac94a96
22:40:44.0 (2443841)|STATEMENT_EXECUTE|[16]
22:40:44.0 (2445107)|STATEMENT_EXECUTE|[17]
22:40:44.0 (2480194)|SYSTEM_METHOD_ENTRY|[17]|String.isNotBlank(String)
22:40:44.0 (2496850)|SYSTEM_METHOD_EXIT|[17]|String.isNotBlank(String)
22:40:44.0 (2515446)|VARIABLE_SCOPE_BEGIN|[17]|log|String|false|false
22:40:44.0 (2523525)|VARIABLE_ASSIGNMENT|[17]|log|"{\"attributes\":{\"type (17981 more) ..."
22:40:44.0 (2526083)|STATEMENT_EXECUTE|[18]
22:40:44.0 (2528423)|HEAP_ALLOCATE|[18]|Bytes:40
22:40:44.0 (2615020)|HEAP_ALLOCATE|[18]|Bytes:33
22:40:44.0 (2682177)|SYSTEM_METHOD_ENTRY|[1]|Type.Type()
22:40:44.0 (2685815)|STATEMENT_EXECUTE|[1]
22:40:44.0 (2700965)|SYSTEM_METHOD_EXIT|[1]|Type
22:40:44.0 (2705647)|HEAP_ALLOCATE|[18]|Bytes:8
22:40:44.0 (2718726)|HEAP_ALLOCATE|[18]|Bytes:8
22:40:44.0 (2721651)|VARIABLE_SCOPE_BEGIN|[4]|this|System.Type|true|false
22:40:44.0 (2801966)|VARIABLE_ASSIGNMENT|[4]|this|{}|0x31f45e85
22:40:44.0 (2805479)|VARIABLE_SCOPE_BEGIN|[4]|apextype|java:common.apex.runtime.ApexObjectType|true|false
22:40:44.0 (2935282)|VARIABLE_ASSIGNMENT|[4]|apextype|"Service_Log__c"|0x5d160637
22:40:44.0 (5599042)|HEAP_ALLOCATE|[18]|Bytes:8
22:40:44.0 (5649322)|HEAP_ALLOCATE|[18]|Bytes:24
22:40:44.0 (5657185)|SYSTEM_METHOD_ENTRY|[1]|JSON.JSON()
22:40:44.0 (5660487)|STATEMENT_EXECUTE|[1]
22:40:44.0 (5665998)|SYSTEM_METHOD_EXIT|[1]|JSON
22:40:44.0 (5680808)|METHOD_ENTRY|[18]||System.JSON.deserializeStrict(String, System.Type)
22:40:44.0 (6392326)|METHOD_EXIT|[18]||System.JSON.deserializeStrict(String, System.Type)
22:40:44.0 (6405215)|VARIABLE_SCOPE_BEGIN|[18]|newLog|Service_Log__c|true|false
22:40:44.0 (6478018)|VARIABLE_ASSIGNMENT|[18]|newLog|{"Service_Name__c":"Google Maps - Get Ad (5 more) ...","Method__c":"GET","Direction__c":"Outbound","Service_Start__c":"2026-02-22T06:40:44.445Z","Category__c":"Google Maps","RequestBody__c":"","ResponseBody__c":"{\n   \"plus_code\" : \n (15881 more) ...","attributes":{"type":"Service_Log__c"},"Service_End__c":"2026-02-22T06:40:44.507Z","RequestURI__c":"callout:GoogleMaps/g (95 more) ...","ResponseStatusCode__c":200.0,"ResponseHeaders__c":"(Alt-Svc, Server, Ac (143 more) ..."}|0x153b1023
22:40:44.0 (6484215)|STATEMENT_EXECUTE|[19]
22:40:44.0 (6519568)|HEAP_ALLOCATE|[19]|Bytes:4
22:40:44.0 (6639789)|HEAP_ALLOCATE|[19]|Bytes:-4
22:40:44.0 (6680863)|VARIABLE_ASSIGNMENT|[19]|this.OwnerId|"00536000006CafHAAS"|0x153b1023
22:40:44.0 (6685404)|STATEMENT_EXECUTE|[20]
22:40:44.0 (6724249)|SYSTEM_METHOD_ENTRY|[20]|List<Service_Log__c>.add(Object)
22:40:44.0 (6745614)|HEAP_ALLOCATE|[EXTERNAL]|Bytes:4
22:40:44.0 (6751525)|SYSTEM_METHOD_EXIT|[20]|List<Service_Log__c>.add(Object)
22:40:44.0 (6758713)|SYSTEM_METHOD_ENTRY|[16]|system.ListIterator.hasNext()
22:40:44.0 (6766871)|HEAP_ALLOCATE|[16]|Bytes:5
22:40:44.0 (6770901)|SYSTEM_METHOD_EXIT|[16]|system.ListIterator.hasNext()
22:40:44.0 (6778619)|VARIABLE_ASSIGNMENT|[16]|evt|null|
22:40:44.0 (6785448)|SYSTEM_METHOD_ENTRY|[23]|List<Service_Log__c>.isEmpty()
22:40:44.0 (6791708)|SYSTEM_METHOD_EXIT|[23]|List<Service_Log__c>.isEmpty()
22:40:44.0 (6795531)|STATEMENT_EXECUTE|[23]
22:40:44.0 (6796504)|STATEMENT_EXECUTE|[24]
22:40:44.0 (6886180)|VARIABLE_SCOPE_BEGIN|[17]|ServiceLog.Error_Message_MAX_SIZE|Integer|false|true
22:40:44.0 (6890541)|VARIABLE_SCOPE_BEGIN|[24]|ServiceLog.MAX_PAYLOAD_SIZE|Integer|false|true
22:40:44.0 (6894024)|VARIABLE_SCOPE_BEGIN|[21]|ServiceLog.RequestBody_MAX_SIZE|Integer|false|true
22:40:44.0 (6897300)|VARIABLE_SCOPE_BEGIN|[19]|ServiceLog.RequestHeaders_MAX_SIZE|Integer|false|true
22:40:44.0 (6900457)|VARIABLE_SCOPE_BEGIN|[20]|ServiceLog.RequestParameters_MAX_SIZE|Integer|false|true
22:40:44.0 (6903673)|VARIABLE_SCOPE_BEGIN|[18]|ServiceLog.RequestURI_MAX_SIZE|Integer|false|true
22:40:44.0 (6906897)|VARIABLE_SCOPE_BEGIN|[22]|ServiceLog.ResponseBody_MAX_SIZE|Integer|false|true
22:40:44.0 (6923397)|VARIABLE_SCOPE_BEGIN|[23]|ServiceLog.ResponseHeaders_MAX_SIZE|Integer|false|true
22:40:44.0 (6929392)|VARIABLE_SCOPE_BEGIN|[15]|ServiceLog.includeRequestBody|Boolean|false|true
22:40:44.0 (6932862)|VARIABLE_SCOPE_BEGIN|[13]|ServiceLog.log|ServiceLog|true|true
22:40:44.0 (6936572)|VARIABLE_SCOPE_BEGIN|[11]|ServiceLog.logList|List<Service_Log__c>|true|true
22:40:44.0 (6940326)|VARIABLE_SCOPE_BEGIN|[14]|ServiceLog.serviceLogName|String|false|true
22:40:44.0 (6943846)|VARIABLE_SCOPE_BEGIN|[9]|ServiceLog.settings|AppSettings|true|true
22:40:44.0 (6955359)|HEAP_ALLOCATE|[24]|Bytes:88
22:40:44.0 (6959012)|HEAP_ALLOCATE|[24]|Bytes:84
22:40:44.0 (6961318)|HEAP_ALLOCATE|[24]|Bytes:19
22:40:44.0 (7005517)|METHOD_ENTRY|[8]|01p3600000JZQWB|ServiceLog.ServiceLog()
22:40:44.0 (7009124)|STATEMENT_EXECUTE|[8]
22:40:44.0 (7011397)|STATEMENT_EXECUTE|[8]
22:40:44.0 (7020328)|HEAP_ALLOCATE|[9]|Bytes:5
22:40:44.0 (7023240)|STATEMENT_EXECUTE|[9]
22:40:44.0 (7025716)|HEAP_ALLOCATE|[9]|Bytes:29
22:40:44.0 (7028814)|HEAP_ALLOCATE|[9]|Bytes:44
22:40:44.0 (7032578)|METHOD_ENTRY|[11]|01pbV0000002xX3|AppSettings.AppSettings()
22:40:44.0 (7034617)|STATEMENT_EXECUTE|[11]
22:40:44.0 (7036250)|STATEMENT_EXECUTE|[11]
22:40:44.0 (8171749)|SYSTEM_MODE_ENTER|false
22:40:44.0 (8178868)|HEAP_ALLOCATE|[9]|Bytes:5
22:40:44.0 (8182103)|STATEMENT_EXECUTE|[131]
22:40:44.0 (8188095)|SYSTEM_MODE_EXIT|false
22:40:44.0 (8197058)|METHOD_EXIT|[11]|AppSettings
22:40:44.0 (8202047)|HEAP_ALLOCATE|[9]|Bytes:12
22:40:44.0 (8205399)|HEAP_ALLOCATE|[9]|Bytes:10
22:40:44.0 (8219419)|CONSTRUCTOR_ENTRY|[9]|01pbV0000002xX3|<init>(String)|AppSettings
22:40:44.0 (8304924)|VARIABLE_SCOPE_BEGIN|[16]|this|AppSettings|true|false
22:40:44.0 (8337612)|VARIABLE_ASSIGNMENT|[16]|this|{}|0xa5660f3
22:40:44.0 (8340731)|VARIABLE_SCOPE_BEGIN|[16]|applicationName|String|false|false
22:40:44.0 (8347145)|VARIABLE_ASSIGNMENT|[16]|applicationName|"ServiceLog"
22:40:44.0 (8354364)|SYSTEM_MODE_ENTER|false
22:40:44.0 (8357411)|HEAP_ALLOCATE|[17]|Bytes:5
22:40:44.0 (8359502)|STATEMENT_EXECUTE|[11]
22:40:44.0 (8361119)|HEAP_ALLOCATE|[17]|Bytes:5
22:40:44.0 (8362734)|STATEMENT_EXECUTE|[12]
22:40:44.0 (8363561)|STATEMENT_EXECUTE|[13]
22:40:44.0 (8378036)|STATEMENT_EXECUTE|[16]
22:40:44.0 (8379011)|STATEMENT_EXECUTE|[17]
22:40:44.0 (8386720)|VARIABLE_ASSIGNMENT|[17]|this.applicationName|"ServiceLog"|0xa5660f3
22:40:44.0 (8389471)|STATEMENT_EXECUTE|[18]
22:40:44.0 (8441906)|HEAP_ALLOCATE|[18]|Bytes:22
22:40:44.0 (8447706)|METHOD_ENTRY|[1]|01pbV0000000ZVh|ApplicationSettings_Util.ApplicationSettings_Util()
22:40:44.0 (8450216)|STATEMENT_EXECUTE|[1]
22:40:44.0 (8452496)|STATEMENT_EXECUTE|[1]
22:40:44.0 (8454705)|HEAP_ALLOCATE|[18]|Bytes:5
22:40:44.0 (8458616)|METHOD_EXIT|[1]|ApplicationSettings_Util
22:40:44.0 (8466132)|METHOD_ENTRY|[18]|01pbV0000000ZVh|ApplicationSettings_Util.getApplicationConfigurationsByAppName(String)
22:40:44.0 (8477734)|VARIABLE_SCOPE_BEGIN|[33]|applicationName|String|false|false
22:40:44.0 (8482389)|VARIABLE_ASSIGNMENT|[33]|applicationName|"ServiceLog"
22:40:44.0 (8486842)|HEAP_ALLOCATE|[34]|Bytes:5
22:40:44.0 (8489257)|STATEMENT_EXECUTE|[33]
22:40:44.0 (8490252)|STATEMENT_EXECUTE|[34]
22:40:44.0 (8504220)|HEAP_ALLOCATE|[34]|Bytes:4
22:40:44.0 (8514589)|VARIABLE_SCOPE_BEGIN|[34]|applicationConfigMap|Map<String,String>|true|false
22:40:44.0 (8529190)|VARIABLE_ASSIGNMENT|[34]|applicationConfigMap|{}|0x57e1fd92
22:40:44.0 (8543927)|METHOD_ENTRY|[35]|01pbV0000000ZVh|ApplicationSettings_Util.getApplicationDefaultConfigurations(String)
22:40:44.0 (8550400)|VARIABLE_SCOPE_BEGIN|[65]|applicationName|String|false|false
22:40:44.0 (8554499)|VARIABLE_ASSIGNMENT|[65]|applicationName|"ServiceLog"
22:40:44.0 (8558421)|HEAP_ALLOCATE|[66]|Bytes:5
22:40:44.0 (8560370)|STATEMENT_EXECUTE|[65]
22:40:44.0 (8561285)|STATEMENT_EXECUTE|[66]
22:40:44.0 (8562820)|HEAP_ALLOCATE|[66]|Bytes:380
22:40:44.0 (8568841)|HEAP_ALLOCATE|[66]|Bytes:4
22:40:44.0 (8572420)|HEAP_ALLOCATE|[66]|Bytes:7
22:40:44.0 (9434898)|SOQL_EXECUTE_BEGIN|[66]|Aggregations:0|SELECT Label, value__c, ApplicationSettings__c, ApplicationSettings__r.Label, ApplicationSettings__r.DeveloperName, ApplicationSettings__r.Active__c, ApplicationSettings__r.APIConsumer__r.Username__c FROM Application_Configuration__mdt WHERE (ApplicationSettings__r.Active__c = TRUE AND ApplicationSettings__r.MasterLabel = :tmpVar1 AND ApplicationSettings__r.APIConsumer__c = '')
22:40:44.0 (21581248)|SOQL_EXECUTE_EXPLAIN|[66]|No explain plan is available
22:40:44.0 (21600223)|SOQL_EXECUTE_END|[66]|Rows:1
22:40:44.0 (21615016)|LIMIT_USAGE|[66]|SOQL_ROWS|1|50000
22:40:44.0 (21625039)|HEAP_ALLOCATE|[66]|Bytes:8
22:40:44.0 (21661880)|HEAP_ALLOCATE|[66]|Bytes:237
22:40:44.0 (21734047)|HEAP_ALLOCATE|[66]|Bytes:8
22:40:44.0 (21753077)|METHOD_EXIT|[35]|01pbV0000000ZVh|ApplicationSettings_Util.getApplicationDefaultConfigurations(String)
22:40:44.0 (21804197)|SYSTEM_METHOD_ENTRY|[35]|List<Application_Configuration__mdt>.iterator()
22:40:44.0 (21871964)|SYSTEM_METHOD_EXIT|[35]|List<Application_Configuration__mdt>.iterator()
22:40:44.0 (21886056)|SYSTEM_METHOD_ENTRY|[35]|system.ListIterator.hasNext()
22:40:44.0 (21896689)|HEAP_ALLOCATE|[35]|Bytes:5
22:40:44.0 (21900641)|SYSTEM_METHOD_EXIT|[35]|system.ListIterator.hasNext()
22:40:44.0 (21919463)|HEAP_ALLOCATE|[35]|Bytes:24
22:40:44.0 (21927104)|VARIABLE_SCOPE_BEGIN|[35]|config|Application_Configuration__mdt|true|false
22:40:44.0 (22072438)|VARIABLE_ASSIGNMENT|[35]|config|{"Label":"platformEvents.enabl (2 more) ...","value__c":"true","ApplicationSettings__c":"m1NbV0000003cIUUAY","Id":"m0pbV000002vnO8QAI","ApplicationSettings__r":{"Label":"ServiceLog","Id":"m1NbV0000003cIUUAY","DeveloperName":"ServiceLog","Active__c":true}}|0x58657225
22:40:44.0 (22080366)|STATEMENT_EXECUTE|[35]
22:40:44.0 (22081657)|STATEMENT_EXECUTE|[36]
22:40:44.0 (22125267)|SYSTEM_METHOD_ENTRY|[36]|Map<String,String>.put(Object, Object)
22:40:44.0 (22148336)|HEAP_ALLOCATE|[EXTERNAL]|Bytes:-4
22:40:44.0 (22154530)|SYSTEM_METHOD_EXIT|[36]|Map<String,String>.put(Object, Object)
22:40:44.0 (22158758)|SYSTEM_METHOD_ENTRY|[35]|system.ListIterator.hasNext()
22:40:44.0 (22163243)|HEAP_ALLOCATE|[35]|Bytes:5
22:40:44.0 (22166015)|SYSTEM_METHOD_EXIT|[35]|system.ListIterator.hasNext()
22:40:44.0 (22171736)|VARIABLE_ASSIGNMENT|[35]|config|null|
22:40:44.0 (22174646)|STATEMENT_EXECUTE|[38]
22:40:44.0 (22180692)|METHOD_EXIT|[18]|01pbV0000000ZVh|ApplicationSettings_Util.getApplicationConfigurationsByAppName(String)
22:40:44.0 (22202096)|VARIABLE_ASSIGNMENT|[18]|this.settingsMap|{"platformEvents.enabled":"true"}|0xa5660f3
22:40:44.0 (22210371)|SYSTEM_MODE_EXIT|false
22:40:44.0 (22223839)|CONSTRUCTOR_EXIT|[9]|01pbV0000002xX3|<init>(String)|AppSettings
22:40:44.0 (22267731)|VARIABLE_ASSIGNMENT|[9]|ServiceLog.settings|{"applicationName":"ServiceLog","settingsMap":"0x57e1fd92"}|0xa5660f3
22:40:44.0 (22271032)|STATEMENT_EXECUTE|[15]
22:40:44.0 (22274779)|HEAP_ALLOCATE|[15]|Bytes:5
22:40:44.0 (22280391)|VARIABLE_ASSIGNMENT|[15]|ServiceLog.includeRequestBody|true
22:40:44.0 (22282611)|STATEMENT_EXECUTE|[17]
22:40:44.0 (22284313)|HEAP_ALLOCATE|[15]|Bytes:14
22:40:44.0 (22286863)|HEAP_ALLOCATE|[15]|Bytes:16
22:40:44.0 (22354202)|SYSTEM_METHOD_ENTRY|[17]|Schema.SObjectField.getDescribe()
22:40:44.0 (22643853)|HEAP_ALLOCATE|[EXTERNAL]|Bytes:4
22:40:44.0 (22710019)|HEAP_ALLOCATE|[17]|Bytes:8
22:40:44.0 (22715778)|SYSTEM_METHOD_EXIT|[17]|Schema.SObjectField.getDescribe()
22:40:44.0 (22732762)|HEAP_ALLOCATE|[17]|Bytes:4
22:40:44.0 (22741606)|VARIABLE_ASSIGNMENT|[17]|ServiceLog.Error_Message_MAX_SIZE|50000
22:40:44.0 (22744920)|STATEMENT_EXECUTE|[18]
22:40:44.0 (22746843)|HEAP_ALLOCATE|[17]|Bytes:13
22:40:44.0 (22771222)|SYSTEM_METHOD_ENTRY|[18]|Schema.SObjectField.getDescribe()
22:40:44.0 (22882923)|HEAP_ALLOCATE|[EXTERNAL]|Bytes:4
22:40:44.0 (22899156)|HEAP_ALLOCATE|[18]|Bytes:8
22:40:44.0 (22902473)|SYSTEM_METHOD_EXIT|[18]|Schema.SObjectField.getDescribe()
22:40:44.0 (22907723)|HEAP_ALLOCATE|[18]|Bytes:4
22:40:44.0 (22928496)|VARIABLE_ASSIGNMENT|[18]|ServiceLog.RequestURI_MAX_SIZE|200
22:40:44.0 (22931690)|STATEMENT_EXECUTE|[19]
22:40:44.0 (22933032)|HEAP_ALLOCATE|[18]|Bytes:17
22:40:44.0 (22952350)|SYSTEM_METHOD_ENTRY|[19]|Schema.SObjectField.getDescribe()
22:40:44.0 (23035636)|HEAP_ALLOCATE|[EXTERNAL]|Bytes:4
22:40:44.0 (23049907)|HEAP_ALLOCATE|[19]|Bytes:8
22:40:44.0 (23052830)|SYSTEM_METHOD_EXIT|[19]|Schema.SObjectField.getDescribe()
22:40:44.0 (23057736)|HEAP_ALLOCATE|[19]|Bytes:4
22:40:44.0 (23062947)|VARIABLE_ASSIGNMENT|[19]|ServiceLog.RequestHeaders_MAX_SIZE|10000
22:40:44.0 (23065208)|STATEMENT_EXECUTE|[20]
22:40:44.0 (23066681)|HEAP_ALLOCATE|[19]|Bytes:20
22:40:44.0 (23085933)|SYSTEM_METHOD_ENTRY|[20]|Schema.SObjectField.getDescribe()
22:40:44.0 (23155046)|HEAP_ALLOCATE|[EXTERNAL]|Bytes:4
22:40:44.0 (23166920)|HEAP_ALLOCATE|[20]|Bytes:8
22:40:44.0 (23169844)|SYSTEM_METHOD_EXIT|[20]|Schema.SObjectField.getDescribe()
22:40:44.0 (23174189)|HEAP_ALLOCATE|[20]|Bytes:4
22:40:44.0 (23179506)|VARIABLE_ASSIGNMENT|[20]|ServiceLog.RequestParameters_MAX_SIZE|1000
22:40:44.0 (23181906)|STATEMENT_EXECUTE|[21]
22:40:44.0 (23183708)|HEAP_ALLOCATE|[20]|Bytes:14
22:40:44.0 (23197871)|SYSTEM_METHOD_ENTRY|[21]|Schema.SObjectField.getDescribe()
22:40:44.0 (23265087)|HEAP_ALLOCATE|[EXTERNAL]|Bytes:4
22:40:44.0 (23276703)|HEAP_ALLOCATE|[21]|Bytes:8
22:40:44.0 (23279498)|SYSTEM_METHOD_EXIT|[21]|Schema.SObjectField.getDescribe()
22:40:44.0 (23283404)|HEAP_ALLOCATE|[21]|Bytes:4
22:40:44.0 (23287853)|VARIABLE_ASSIGNMENT|[21]|ServiceLog.RequestBody_MAX_SIZE|50000
22:40:44.0 (23290273)|STATEMENT_EXECUTE|[22]
22:40:44.0 (23291868)|HEAP_ALLOCATE|[21]|Bytes:15
22:40:44.0 (23304748)|SYSTEM_METHOD_ENTRY|[22]|Schema.SObjectField.getDescribe()
22:40:44.0 (23367833)|HEAP_ALLOCATE|[EXTERNAL]|Bytes:4
22:40:44.0 (23378842)|HEAP_ALLOCATE|[22]|Bytes:8
22:40:44.0 (23381560)|SYSTEM_METHOD_EXIT|[22]|Schema.SObjectField.getDescribe()
22:40:44.0 (23385849)|HEAP_ALLOCATE|[22]|Bytes:4
22:40:44.0 (23390685)|VARIABLE_ASSIGNMENT|[22]|ServiceLog.ResponseBody_MAX_SIZE|131072
22:40:44.0 (23392887)|STATEMENT_EXECUTE|[23]
22:40:44.0 (23394235)|HEAP_ALLOCATE|[22]|Bytes:18
22:40:44.0 (23407065)|SYSTEM_METHOD_ENTRY|[23]|Schema.SObjectField.getDescribe()
22:40:44.0 (23469953)|HEAP_ALLOCATE|[EXTERNAL]|Bytes:4
22:40:44.0 (23481473)|HEAP_ALLOCATE|[23]|Bytes:8
22:40:44.0 (23484194)|SYSTEM_METHOD_EXIT|[23]|Schema.SObjectField.getDescribe()
22:40:44.0 (23487776)|HEAP_ALLOCATE|[23]|Bytes:4
22:40:44.0 (23492361)|VARIABLE_ASSIGNMENT|[23]|ServiceLog.ResponseHeaders_MAX_SIZE|1000
22:40:44.0 (23494488)|STATEMENT_EXECUTE|[24]
22:40:44.0 (23498139)|HEAP_ALLOCATE|[24]|Bytes:4
22:40:44.0 (23501358)|VARIABLE_ASSIGNMENT|[24]|ServiceLog.MAX_PAYLOAD_SIZE|131072
22:40:44.0 (23513433)|METHOD_EXIT|[8]|ServiceLog
22:40:44.0 (23524030)|METHOD_ENTRY|[24]|01p3600000JZQWB|ServiceLog.commitLogsViaEvents(List<Service_Log__c>)
22:40:44.0 (23536565)|VARIABLE_SCOPE_BEGIN|[227]|serviceLogs|List<Service_Log__c>|true|false
22:40:44.0 (23636135)|VARIABLE_ASSIGNMENT|[227]|serviceLogs|[{"Method__c":"GET","Service_Start__c":"2026-02-22T06:40:44.445Z","ResponseBody__c":"{\n   \"plus_code\" : \n (15881 more) ...","Service_End__c":"2026-02-22T06:40:44.507Z","ResponseStatusCode__c":200.0,"Service_Name__c":"Google Maps - Get Ad (5 more) ...","Direction__c":"Outbound","OwnerId":"00536000006CafHAAS","Category__c":"Google Maps","RequestBody__c":"","attributes":{"type":"Service_Log__c"},"RequestURI__c":"callout:GoogleMaps/g (95 more) ...","ResponseHeaders__c":"(Alt-Svc, Server, Ac (143 more) ..."}]|0x73d90caa
22:40:44.0 (23648830)|HEAP_ALLOCATE|[228]|Bytes:5
22:40:44.0 (23651588)|STATEMENT_EXECUTE|[227]
22:40:44.0 (23652740)|STATEMENT_EXECUTE|[228]
22:40:44.0 (23653477)|STATEMENT_EXECUTE|[228]
22:40:44.0 (23654638)|STATEMENT_EXECUTE|[229]
22:40:44.0 (23711930)|DML_BEGIN|[229]|Op:Insert|Type:Service_Log__c|Rows:1
22:40:44.0 (23731114)|LIMIT_USAGE|[229]|DML|1|150
22:40:44.0 (23739084)|LIMIT_USAGE|[229]|DML_ROWS|1|10000
22:40:44.0 (23752198)|HEAP_ALLOCATE|[EXTERNAL]|Bytes:8
22:40:44.0 (68540235)|CODE_UNIT_STARTED|[EXTERNAL]|Workflow:01I36000002oP20
22:40:44.0 (78392893)|WF_RULE_EVAL_BEGIN|Workflow
22:40:44.0 (78480682)|WF_CRITERIA_BEGIN|[Service Log: SL-0077135301 a4BbV00000LFVsH]|QuikQ Purchase Policy Submission Failure Emails|01Q1R000000VC5h|ON_CREATE_ONLY|0
22:40:44.0 (78545020)|WF_RULE_FILTER|[Service Log : Service Name contains QuikQ_CreatePurchasePolicies] 
AND [Service Log : Error Exists equals true]
22:40:44.0 (78571011)|WF_RULE_EVAL_VALUE|12493
22:40:44.0 (78576262)|WF_CRITERIA_END|false
22:40:44.0 (78587025)|WF_CRITERIA_BEGIN|[Service Log: SL-0077135301 a4BbV00000LFVsH]|QuikQ Credit Setup Failure Emails|01Q1R000000VBpf|ON_CREATE_ONLY|0
22:40:44.0 (78608502)|WF_RULE_FILTER|[Service Log : Service Name contains QuikQ_CreditCutoff, QuikQ_CreditLimit] 
AND [Service Log : Error Exists equals true]
22:40:44.0 (78619938)|WF_RULE_EVAL_VALUE|12493
22:40:44.0 (78623167)|WF_CRITERIA_END|false
22:40:44.0 (78631665)|WF_CRITERIA_BEGIN|[Service Log: SL-0077135301 a4BbV00000LFVsH]|QuikQ Create Carrier Failure Emails|01Q1R000000VBpe|ON_CREATE_ONLY|0
22:40:44.0 (78650230)|WF_RULE_FILTER|[Service Log : Service Name contains QuikQ_CreateCarrier] 
AND [Service Log : Error Exists equals true]
22:40:44.0 (78658045)|WF_RULE_EVAL_VALUE|12493
22:40:44.0 (78660937)|WF_CRITERIA_END|false
22:40:44.0 (78667260)|WF_CRITERIA_BEGIN|[Service Log: SL-0077135301 a4BbV00000LFVsH]|QuikQ Trailer Submission Failure Emails|01Q1R000000VBph|ON_CREATE_ONLY|0
22:40:44.0 (78683416)|WF_RULE_FILTER|[Service Log : Service Name contains QuikQ_CreateTrailer] 
AND [Service Log : Error Exists equals true]
22:40:44.0 (78688718)|WF_RULE_EVAL_VALUE|12493
22:40:44.0 (78690601)|WF_CRITERIA_END|false
22:40:44.0 (78695382)|WF_CRITERIA_BEGIN|[Service Log: SL-0077135301 a4BbV00000LFVsH]|QuikQ Driver Submission Failure Emails|01Q1R000000VBpg|ON_CREATE_ONLY|0
22:40:44.0 (78706827)|WF_RULE_FILTER|[Service Log : Service Name contains QuikQ_CreateDriver] 
AND [Service Log : Error Exists equals true]
22:40:44.0 (78711538)|WF_RULE_EVAL_VALUE|12493
22:40:44.0 (78713343)|WF_CRITERIA_END|false
22:40:44.0 (78717399)|WF_CRITERIA_BEGIN|[Service Log: SL-0077135301 a4BbV00000LFVsH]|QuikQ Truck Submission Failure Emails|01Q1R000000VBpi|ON_CREATE_ONLY|0
22:40:44.0 (78728928)|WF_RULE_FILTER|[Service Log : Service Name contains QuikQ_CreateTruck] 
AND [Service Log : Error Exists equals true]
22:40:44.0 (78733353)|WF_RULE_EVAL_VALUE|12493
22:40:44.0 (78735481)|WF_CRITERIA_END|false
22:40:44.0 (78739515)|WF_CRITERIA_BEGIN|[Service Log: SL-0077135301 a4BbV00000LFVsH]|QuikQ Credit Alert Failure Emails|01Q1R000000Rtya|ON_CREATE_ONLY|0
22:40:44.0 (78750041)|WF_RULE_FILTER|[Service Log : Service Name contains QuikQ_CreditAlert] 
AND [Service Log : Error Exists equals true]
22:40:44.0 (78754530)|WF_RULE_EVAL_VALUE|12493
22:40:44.0 (78756310)|WF_CRITERIA_END|false
22:40:44.0 (78763146)|WF_SPOOL_ACTION_BEGIN|Workflow
22:40:44.0 (78774326)|WF_ACTION| None
22:40:44.0 (78777691)|WF_RULE_EVAL_END
22:40:44.0 (78839367)|WF_ACTIONS_END| None
22:40:44.0 (78847262)|CODE_UNIT_FINISHED|Workflow:01I36000002oP20
22:40:44.0 (84257186)|DML_END|[229]
22:40:44.0 (84272889)|HEAP_ALLOCATE|[229]|Bytes:-4
22:40:44.0 (85075219)|HEAP_ALLOCATE|[EXTERNAL]|Bytes:8
22:40:44.0 (85105920)|METHOD_EXIT|[24]|01p3600000JZQWB|ServiceLog.commitLogsViaEvents(List<Service_Log__c>)
22:40:44.85 (85123008)|CUMULATIVE_LIMIT_USAGE
22:40:44.85 (85123008)|LIMIT_USAGE_FOR_NS|(default)|
  Number of SOQL queries: 0 out of 100
  Number of query rows: 1 out of 50000
  Number of SOSL queries: 0 out of 20
  Number of DML statements: 1 out of 150
  Number of Publish Immediate DML: 0 out of 150
  Number of DML rows: 1 out of 10000
  Maximum CPU time: 0 out of 10000
  Maximum heap size: 0 out of 6000000
  Number of callouts: 0 out of 100
  Number of Email Invocations: 0 out of 10
  Number of future calls: 0 out of 50
  Number of queueable jobs added to the queue: 0 out of 50
  Number of Mobile Apex push calls: 0 out of 10

22:40:44.85 (85123008)|TOTAL_EMAIL_RECIPIENTS_QUEUED|0
22:40:44.85 (85123008)|STATIC_VARIABLE_LIST|
  int:BYTES:0
  int:BYTES:0
  byte[]:DigitOnes:0
  byte[]:DigitTens:0
  Boolean:FALSE:0
  int:MAX_EXPONENT:0
  double:MAX_VALUE:0
  int:MAX_VALUE:0
  int:MIN_EXPONENT:0
  double:MIN_NORMAL:0
  double:MIN_VALUE:0
  int:MIN_VALUE:0
  double:NEGATIVE_INFINITY:0
  double:NaN:0
  double:POSITIVE_INFINITY:0
  int:PRECISION:0
  int:SIZE:0
  int:SIZE:0
  Boolean:TRUE:0
  String:__sfdcInnerTypes:0
  String:__sfdcProperties:0
  String:_sfdcAdditionalCodeLocations:0
  String:_sfdcAdditionalCodeLocations:0
  String:_sfdcAdditionalCodeLocations:0
  String:_sfdcAdditionalCodeLocations:0
  String:_sfdcAdditionalCodeLocations:0
  String:_sfdcAdditionalCodeLocations:0
  String:_sfdcSuppressedCodeLocations:0
  Integer:_static_Error_Message_MAX_SIZE:0
  Integer:_static_MAX_PAYLOAD_SIZE:0
  Integer:_static_RequestBody_MAX_SIZE:0
  Integer:_static_RequestHeaders_MAX_SIZE:0
  Integer:_static_RequestParameters_MAX_SIZE:0
  Integer:_static_RequestURI_MAX_SIZE:0
  Integer:_static_ResponseBody_MAX_SIZE:0
  Integer:_static_ResponseHeaders_MAX_SIZE:0
  Boolean:_static_includeRequestBody:0
  AppSettings:_static_settings:0
  char[]:digits:0
  long:serialVersionUID:0
  long:serialVersionUID:0
  long:serialVersionUID:0

22:40:44.85 (85123008)|CUMULATIVE_LIMIT_USAGE_END

22:40:44.0 (85388953)|CODE_UNIT_FINISHED|ServiceLogEventTrigger on Service_Log_Event trigger event AfterInsert|__sfdc_trigger/ServiceLogEventTrigger
22:40:44.0 (85403635)|EXECUTION_FINISHED
22:40:44.87 (87328528)|CUMULATIVE_PROFILING_BEGIN
22:40:44.87 (87328528)|CUMULATIVE_PROFILING|SOQL operations|
Class.ApplicationSettings_Util.getApplicationDefaultConfigurations: line 66, column 1: [Select Label, value__c, ApplicationSettings__c, ApplicationSettings__r.Label,ApplicationSettings__r.DeveloperName,ApplicationSettings__r.Active__c, ApplicationSettings__r.APIConsumer__r.Username__c
            from Application_Configuration__mdt where 
            ApplicationSettings__r.Active__c = true and 
            ApplicationSettings__r.MasterLabel = :applicationName and 
            ApplicationSettings__r.APIConsumer__c = '']: executed 1 time in 13 ms

22:40:44.87 (87328528)|CUMULATIVE_PROFILING|No profiling information for SOSL operations
22:40:44.87 (87328528)|CUMULATIVE_PROFILING|DML operations|
Class.ServiceLog.commitLogsViaEvents: line 229, column 1: Insert: List<Service_Log__c>: executed 1 time in 61 ms

22:40:44.87 (87328528)|CUMULATIVE_PROFILING|method invocations|
External entry point: public void invoke(): executed 1 time in 83 ms
Trigger.ServiceLogEventTrigger: line 24, column 1: public static void commitLogsViaEvents(List<Service_Log__c>): executed 1 time in 62 ms
Class.AppSettings.<init>: line 18, column 1: public static Map<String,String> getApplicationConfigurationsByAppName(String): executed 1 time in 14 ms
Class.ApplicationSettings_Util.getApplicationConfigurationsByAppName: line 35, column 1: public static List<Application_Configuration__mdt> getApplicationDefaultConfigurations(String): executed 4 times in 14 ms
Class.ServiceLog: line 9, column 1: public AppSettings(String): executed 1 time in 14 ms
Class.ServiceLog: line 17, column 1: global Schema.DescribeFieldResult getDescribe(): executed 1 time in 1 ms
Trigger.ServiceLogEventTrigger: line 16, column 1: global public System.Iterator iterator(): executed 3 times in 0 ms
Trigger.ServiceLogEventTrigger: line 17, column 1: public static Boolean isNotBlank(String): executed 1 time in 0 ms
Trigger.ServiceLogEventTrigger: line 18, column 1: global static Object deserializeStrict(String, System.Type): executed 1 time in 0 ms
Trigger.ServiceLogEventTrigger: line 20, column 1: global public Object add(Object): executed 1 time in 0 ms
Trigger.ServiceLogEventTrigger: line 23, column 1: global public Boolean isEmpty(): executed 1 time in 0 ms

22:40:44.87 (87328528)|CUMULATIVE_PROFILING_END
