54.0 APEX_CODE,FINEST;APEX_PROFILING,FINEST;CALLOUT,FINEST;DATA_ACCESS,INFO;DB,FINEST;NBA,FINEST;SYSTEM,FINE;VALIDATION,INFO;VISUALFORCE,FINER;WAVE,FINEST;WORKFLOW,FINER
10:49:09.0 (320185)|USER_INFO|[EXTERNAL]|0051R00000JeE4n|truck.care.process@loves.com|(GMT-06:00) Central Standard Time (America/Chicago)|GMT-06:00
10:49:09.0 (445513)|EXECUTION_STARTED
10:49:09.0 (471452)|CODE_UNIT_STARTED|[EXTERNAL]|FutureHandler - state load
10:49:09.0 (2144305)|CODE_UNIT_FINISHED|FutureHandler - state load
10:49:09.0 (2167952)|EXECUTION_FINISHED
10:49:09.19 (19730503)|USER_INFO|[EXTERNAL]|0051R00000JeE4n|truck.care.process@loves.com|(GMT-06:00) Central Standard Time (America/Chicago)|GMT-06:00
10:49:09.19 (19750698)|EXECUTION_STARTED
10:49:09.19 (19783145)|CODE_UNIT_STARTED|[EXTERNAL]|01p1R00000JU2Nx|EmailOnStatus.sendEmailMessageForCoreShopsAtFuture(Set<Id>, String)
10:49:09.19 (20029511)|VARIABLE_SCOPE_BEGIN|[14]|EmailOnStatus.DISPATCH_EMAIL_TYPE|String|false|true
10:49:09.19 (20112519)|VARIABLE_SCOPE_BEGIN|[15]|EmailOnStatus.DISPATCH_ORG_WIDE_EMAIL|String|false|true
10:49:09.19 (20120894)|VARIABLE_SCOPE_BEGIN|[16]|EmailOnStatus.SOURCE_SYSTEM_CHECK|String|false|true
10:49:09.19 (20156831)|VARIABLE_SCOPE_BEGIN|[13]|EmailOnStatus.STORE_DATA_NOT_FOUND|String|false|true
10:49:09.19 (20167321)|VARIABLE_SCOPE_BEGIN|[12]|EmailOnStatus.TEMPLATE_NOT_FOUND|String|false|true
10:49:09.19 (20555626)|HEAP_ALLOCATE|[95]|Bytes:3
10:49:09.19 (20607711)|HEAP_ALLOCATE|[100]|Bytes:152
10:49:09.19 (20625966)|HEAP_ALLOCATE|[417]|Bytes:408
10:49:09.19 (20641678)|HEAP_ALLOCATE|[430]|Bytes:408
10:49:09.19 (20663391)|HEAP_ALLOCATE|[317]|Bytes:6
10:49:09.19 (20674699)|HEAP_ALLOCATE|[EXTERNAL]|Bytes:13
10:49:09.19 (20678747)|HEAP_ALLOCATE|[EXTERNAL]|Bytes:8
10:49:09.19 (20823410)|VARIABLE_ASSIGNMENT|[EXTERNAL]|EmailOnStatus.DISPATCH_EMAIL_TYPE|"Dispatch"
10:49:09.19 (20830951)|HEAP_ALLOCATE|[EXTERNAL]|Bytes:18
10:49:09.19 (20845882)|VARIABLE_ASSIGNMENT|[EXTERNAL]|EmailOnStatus.DISPATCH_ORG_WIDE_EMAIL|"comments@loves.com"
10:49:09.19 (20848507)|HEAP_ALLOCATE|[EXTERNAL]|Bytes:19
10:49:09.19 (20853847)|VARIABLE_ASSIGNMENT|[EXTERNAL]|EmailOnStatus.SOURCE_SYSTEM_CHECK|"Shop Connect - CORE"
10:49:09.19 (20856187)|HEAP_ALLOCATE|[EXTERNAL]|Bytes:31
10:49:09.19 (20861738)|VARIABLE_ASSIGNMENT|[EXTERNAL]|EmailOnStatus.STORE_DATA_NOT_FOUND|"No store or store em (11 more) ..."
10:49:09.19 (20864202)|HEAP_ALLOCATE|[EXTERNAL]|Bytes:24
10:49:09.19 (20868843)|VARIABLE_ASSIGNMENT|[EXTERNAL]|EmailOnStatus.TEMPLATE_NOT_FOUND|"Email template not f (4 more) ..."
10:49:09.19 (20898140)|METHOD_ENTRY|[11]|01p1R00000JU2Nx|EmailOnStatus.EmailOnStatus()
10:49:09.19 (20903182)|STATEMENT_EXECUTE|[11]
10:49:09.19 (20906900)|STATEMENT_EXECUTE|[11]
10:49:09.19 (20952813)|HEAP_ALLOCATE|[68]|Bytes:5
10:49:09.19 (20989177)|HEAP_ALLOCATE|[74]|Bytes:5
10:49:09.19 (20995291)|HEAP_ALLOCATE|[82]|Bytes:7
10:49:09.19 (21747871)|SYSTEM_MODE_ENTER|false
10:49:09.19 (21974537)|HEAP_ALLOCATE|[EXTERNAL]|Bytes:5
10:49:09.19 (22001809)|SYSTEM_MODE_EXIT|false
10:49:09.19 (22077186)|METHOD_EXIT|[11]|EmailOnStatus
10:49:09.19 (22103398)|HEAP_ALLOCATE|[EXTERNAL]|Bytes:8
10:49:09.19 (22107413)|HEAP_ALLOCATE|[EXTERNAL]|Bytes:423
10:49:09.19 (22128935)|VARIABLE_SCOPE_BEGIN|[119]|caseIds|Set<Id>|true|false
10:49:09.19 (22186462)|VARIABLE_ASSIGNMENT|[119]|caseIds|["500bV00000Y2G59QAF"]|0x775a1842
10:49:09.19 (22194522)|VARIABLE_SCOPE_BEGIN|[119]|cases|String|false|false
10:49:09.19 (22210840)|VARIABLE_ASSIGNMENT|[119]|cases|"[{\"attributes\":{\"typ (403 more) ..."
10:49:09.19 (22238483)|SYSTEM_MODE_ENTER|false
10:49:09.19 (22245446)|HEAP_ALLOCATE|[120]|Bytes:5
10:49:09.19 (22249790)|STATEMENT_EXECUTE|[119]
10:49:09.19 (22250973)|STATEMENT_EXECUTE|[120]
10:49:09.19 (22280533)|METHOD_ENTRY|[120]|01p1R00000JU2Nx|EmailOnStatus.sendEmailMessageForCoreShops(Set<Id>, String)
10:49:09.19 (22331973)|VARIABLE_SCOPE_BEGIN|[122]|caseIds|Set<Id>|true|false
10:49:09.19 (22350910)|VARIABLE_ASSIGNMENT|[122]|caseIds|["500bV00000Y2G59QAF"]|0x775a1842
10:49:09.19 (22354653)|VARIABLE_SCOPE_BEGIN|[122]|cases|String|false|false
10:49:09.19 (22365584)|VARIABLE_ASSIGNMENT|[122]|cases|"[{\"attributes\":{\"typ (403 more) ..."
10:49:09.19 (22371759)|HEAP_ALLOCATE|[123]|Bytes:5
10:49:09.19 (22374663)|STATEMENT_EXECUTE|[122]
10:49:09.19 (22375796)|STATEMENT_EXECUTE|[123]
10:49:09.19 (22378171)|HEAP_ALLOCATE|[123]|Bytes:64
10:49:09.19 (22575411)|HEAP_ALLOCATE|[123]|Bytes:33
10:49:09.19 (22621276)|SYSTEM_METHOD_ENTRY|[1]|Type.Type()
10:49:09.19 (22624619)|STATEMENT_EXECUTE|[1]
10:49:09.19 (22633184)|SYSTEM_METHOD_EXIT|[1]|Type
10:49:09.19 (22640703)|HEAP_ALLOCATE|[123]|Bytes:8
10:49:09.19 (22654837)|HEAP_ALLOCATE|[123]|Bytes:8
10:49:09.19 (22658456)|VARIABLE_SCOPE_BEGIN|[4]|this|System.Type|true|false
10:49:09.19 (22725570)|VARIABLE_ASSIGNMENT|[4]|this|{}|0x35450baf
10:49:09.19 (22729525)|VARIABLE_SCOPE_BEGIN|[4]|apextype|java:common.apex.runtime.ApexObjectType|true|false
10:49:09.19 (22897143)|VARIABLE_ASSIGNMENT|[4]|apextype|"List<Case>"|0x4d87d13
10:49:09.19 (25035992)|HEAP_ALLOCATE|[123]|Bytes:8
10:49:09.19 (25091506)|HEAP_ALLOCATE|[123]|Bytes:24
10:49:09.19 (25111414)|SYSTEM_METHOD_ENTRY|[1]|JSON.JSON()
10:49:09.19 (25116054)|STATEMENT_EXECUTE|[1]
10:49:09.19 (25122317)|SYSTEM_METHOD_EXIT|[1]|JSON
10:49:09.19 (25145883)|METHOD_ENTRY|[123]||System.JSON.deserialize(String, System.Type)
10:49:09.19 (27687689)|METHOD_EXIT|[123]||System.JSON.deserialize(String, System.Type)
10:49:09.19 (27704700)|VARIABLE_SCOPE_BEGIN|[123]|caseRecords|List<Case>|true|false
10:49:09.19 (27737859)|HEAP_ALLOCATE|[EXTERNAL]|Bytes:8
10:49:09.19 (28081379)|VARIABLE_ASSIGNMENT|[123]|caseRecords|[{"Status":"Assigned","attributes":{"type":"Case","url":"/services/data/v65.0 (33 more) ..."},"Id":"500bV00000Y2G59QAF","CreatedById":"0051R00000JeE4nQAF","CS_TCD_Store__c":"00136000019WhTFAA0","CS_TCD_Store__r":{"IsonNOMAD__c":true,"SMA_ContactEmail__c":"tireshop304@loves.co (1 more) ...","attributes":{"type":"Account","url":"/services/data/v65.0 (36 more) ..."},"Id":"00136000019WhTFAA0"}}]|0x6e6578ce
10:49:09.19 (28090710)|STATEMENT_EXECUTE|[124]
10:49:09.19 (31603510)|HEAP_ALLOCATE|[124]|Bytes:4
10:49:09.19 (31676991)|SYSTEM_CONSTRUCTOR_ENTRY|[124]|<init>()
10:49:09.19 (31734072)|SYSTEM_CONSTRUCTOR_EXIT|[124]|<init>()
10:49:09.19 (31740293)|VARIABLE_SCOPE_BEGIN|[124]|emailList|List<EmailMessage_Handler.EmailConfiguration>|true|false
10:49:09.19 (31792244)|HEAP_ALLOCATE|[EXTERNAL]|Bytes:4
10:49:09.19 (31826480)|VARIABLE_ASSIGNMENT|[124]|emailList|[]|0x2ab82a2c
10:49:09.19 (31830545)|STATEMENT_EXECUTE|[125]
10:49:09.19 (31834331)|VARIABLE_SCOPE_BEGIN|[125]|templateDeveloperName|String|false|false
10:49:09.19 (31848721)|VARIABLE_ASSIGNMENT|[125]|templateDeveloperName|null
10:49:09.19 (31851006)|STATEMENT_EXECUTE|[126]
10:49:09.19 (31854792)|HEAP_ALLOCATE|[126]|Bytes:33
10:49:09.19 (31989869)|SYSTEM_METHOD_ENTRY|[126]|Env_Variable__c.getInstance(String)
10:49:09.19 (32884829)|HEAP_ALLOCATE|[126]|Bytes:52
10:49:09.19 (32906568)|SYSTEM_METHOD_EXIT|[126]|Env_Variable__c.getInstance(String)
10:49:09.19 (32913887)|VARIABLE_SCOPE_BEGIN|[126]|messageTemplateName|Env_Variable__c|true|false
10:49:09.19 (33107889)|VARIABLE_ASSIGNMENT|[126]|messageTemplateName|{"LastModifiedDate":"2020-10-21T19:23:50.000Z","IsDeleted":false,"User_Switch_Active__c":false,"CreatedById":"0051R00000D6u2rQAB","CreatedDate":"2020-09-10T16:50:09.000Z","Id":"a4l1R000000F5ncQAC","LastModifiedById":"005360000036OeQAAU","SetupOwnerId":"00D36000000Kq3uEAC","Name":"EmailMessage_TireDis (13 more) ...","SystemModstamp":"2020-10-21T19:23:50.000Z","Value__c":"CS_TireCare_Case_Tem (8 more) ...","Active__c":true}|0x3c34bf2b
10:49:09.19 (33165285)|HEAP_ALLOCATE|[127]|Bytes:114
10:49:09.19 (33189035)|SYSTEM_METHOD_ENTRY|[1]|Test.Test()
10:49:09.19 (33197773)|STATEMENT_EXECUTE|[1]
10:49:09.19 (33206723)|SYSTEM_METHOD_EXIT|[1]|Test
10:49:09.19 (33226064)|METHOD_ENTRY|[127]||System.Test.isRunningTest()
10:49:09.19 (33272668)|METHOD_EXIT|[127]||System.Test.isRunningTest()
10:49:09.19 (33279905)|STATEMENT_EXECUTE|[128]
10:49:09.19 (33327770)|VARIABLE_ASSIGNMENT|[128]|templateDeveloperName|"CS_TireCare_Case_Tem (8 more) ..."
10:49:09.19 (33332141)|STATEMENT_EXECUTE|[129]
10:49:09.19 (33394329)|HEAP_ALLOCATE|[129]|Bytes:4
10:49:09.19 (33398519)|HEAP_ALLOCATE|[129]|Bytes:73
10:49:09.19 (33405319)|HEAP_ALLOCATE|[129]|Bytes:4
10:49:09.19 (33414098)|HEAP_ALLOCATE|[129]|Bytes:7
10:49:09.19 (33982291)|SOQL_EXECUTE_BEGIN|[129]|Aggregations:0|SELECT Case__c FROM Service_Request_Line_Item__c WHERE Case__c = :tmpVar1
10:49:09.19 (34007030)|LIMIT_USAGE|[129]|SOQL|1|200
10:49:09.19 (34016087)|LIMIT_USAGE|[129]|AGGS|0|600
10:49:09.19 (38667338)|SOQL_EXECUTE_EXPLAIN|[129]|Index on Service_Request_Line_Item__c : [Case__c], cardinality: 1, sobjectCardinality: 10281040, relativeCost 0
10:49:09.19 (38690160)|SOQL_EXECUTE_END|[129]|Rows:1
10:49:09.19 (38713693)|LIMIT_USAGE|[129]|SOQL_ROWS|1|50000
10:49:09.19 (38726597)|HEAP_ALLOCATE|[129]|Bytes:8
10:49:09.19 (38742231)|HEAP_ALLOCATE|[129]|Bytes:58
10:49:09.19 (38801913)|HEAP_ALLOCATE|[129]|Bytes:8
10:49:09.19 (38855386)|HEAP_ALLOCATE|[129]|Bytes:12
10:49:09.19 (38875446)|HEAP_ALLOCATE|[129]|Bytes:4
10:49:09.19 (38885674)|VARIABLE_SCOPE_BEGIN|[129]|srliMap|Map<Id,Service_Request_Line_Item__c>|true|false
10:49:09.19 (38988879)|VARIABLE_ASSIGNMENT|[129]|srliMap|{"aAmbV00000HbeHdSAJ":{"Case__c":"500bV00000Y2G59QAF","Id":"aAmbV00000HbeHdSAJ"}}|0x55c5bcff
10:49:09.19 (38994211)|STATEMENT_EXECUTE|[130]
10:49:09.19 (39004988)|HEAP_ALLOCATE|[130]|Bytes:4
10:49:09.19 (39013618)|VARIABLE_SCOPE_BEGIN|[130]|caseIdToSRLI|Map<Id,Service_Request_Line_Item__c>|true|false
10:49:09.19 (39022864)|VARIABLE_ASSIGNMENT|[130]|caseIdToSRLI|{}|0x2f436aff
10:49:09.19 (39026167)|STATEMENT_EXECUTE|[131]
10:49:09.19 (39064887)|HEAP_ALLOCATE|[131]|Bytes:4
10:49:09.19 (39068489)|HEAP_ALLOCATE|[131]|Bytes:99
10:49:09.19 (39074609)|HEAP_ALLOCATE|[131]|Bytes:4
10:49:09.19 (39086328)|HEAP_ALLOCATE|[131]|Bytes:7
10:49:09.19 (45613311)|SOQL_EXECUTE_BEGIN|[131]|Aggregations:0|SELECT RelatedToId, Type__c FROM EmailMessage WHERE (RelatedToId = :tmpVar1 AND Type__c = :tmpVar2)
10:49:09.19 (45644591)|LIMIT_USAGE|[131]|SOQL|2|200
10:49:09.19 (45654668)|LIMIT_USAGE|[131]|AGGS|0|600
10:49:09.19 (59178497)|SOQL_EXECUTE_EXPLAIN|[131]|Index on EmailMessage : [RelatedToId], cardinality: 0, sobjectCardinality: 8663700, relativeCost 0
10:49:09.19 (59204933)|SOQL_EXECUTE_END|[131]|Rows:1
10:49:09.19 (59227986)|LIMIT_USAGE|[131]|SOQL_ROWS|2|50000
10:49:09.19 (59241891)|HEAP_ALLOCATE|[131]|Bytes:8
10:49:09.19 (59258115)|HEAP_ALLOCATE|[131]|Bytes:81
10:49:09.19 (59328522)|HEAP_ALLOCATE|[131]|Bytes:8
10:49:09.19 (59406121)|HEAP_ALLOCATE|[131]|Bytes:16
10:49:09.19 (59420413)|HEAP_ALLOCATE|[131]|Bytes:4
10:49:09.19 (59432609)|VARIABLE_SCOPE_BEGIN|[131]|emailMessageMap|Map<Id,EmailMessage>|true|false
10:49:09.19 (59544681)|VARIABLE_ASSIGNMENT|[131]|emailMessageMap|{"02sbV00000W5sN9QAJ":{"RelatedToId":"500bV00000Y2G59QAF","Type__c":"Dispatch","Id":"02sbV00000W5sN9QAJ"}}|0x52398d60
10:49:09.19 (59550831)|STATEMENT_EXECUTE|[132]
10:49:09.19 (59561892)|HEAP_ALLOCATE|[132]|Bytes:4
10:49:09.19 (59569333)|VARIABLE_SCOPE_BEGIN|[132]|caseIdToEmail|Map<Id,EmailMessage>|true|false
10:49:09.19 (59578106)|VARIABLE_ASSIGNMENT|[132]|caseIdToEmail|{}|0x660eef97
10:49:09.19 (59589501)|HEAP_ALLOCATE|[134]|Bytes:4
10:49:09.19 (59612815)|SYSTEM_CONSTRUCTOR_ENTRY|[134]|<init>()
10:49:09.19 (59657551)|SYSTEM_CONSTRUCTOR_EXIT|[134]|<init>()
10:49:09.19 (59674533)|SYSTEM_METHOD_ENTRY|[134]|Map<Id,Service_Request_Line_Item__c>.keySet()
10:49:09.19 (59697102)|HEAP_ALLOCATE|[134]|Bytes:26
10:49:09.19 (59701509)|SYSTEM_METHOD_EXIT|[134]|Map<Id,Service_Request_Line_Item__c>.keySet()
10:49:09.19 (59724774)|SYSTEM_METHOD_ENTRY|[134]|List<Id>.addAll(Object)
10:49:09.19 (59730931)|HEAP_ALLOCATE|[134]|Bytes:4
10:49:09.19 (59735061)|SYSTEM_METHOD_EXIT|[134]|List<Id>.addAll(Object)
10:49:09.19 (59739538)|SYSTEM_METHOD_ENTRY|[134]|List<Id>.iterator()
10:49:09.19 (59775965)|SYSTEM_METHOD_EXIT|[134]|List<Id>.iterator()
10:49:09.19 (59786157)|SYSTEM_METHOD_ENTRY|[134]|system.ListIterator.hasNext()
10:49:09.19 (59799396)|HEAP_ALLOCATE|[134]|Bytes:5
10:49:09.19 (59803530)|SYSTEM_METHOD_EXIT|[134]|system.ListIterator.hasNext()
10:49:09.19 (59836682)|HEAP_ALLOCATE|[134]|Bytes:4
10:49:09.19 (59839738)|VARIABLE_SCOPE_BEGIN|[134]|key|Id|false|false
10:49:09.19 (59879560)|VARIABLE_ASSIGNMENT|[134]|key|"aAmbV00000HbeHdSAJ"
10:49:09.19 (59883250)|STATEMENT_EXECUTE|[134]
10:49:09.19 (59884127)|STATEMENT_EXECUTE|[135]
10:49:09.19 (59891631)|SYSTEM_METHOD_ENTRY|[135]|Map<Id,Service_Request_Line_Item__c>.get(Object)
10:49:09.19 (59919302)|SYSTEM_METHOD_EXIT|[135]|Map<Id,Service_Request_Line_Item__c>.get(Object)
10:49:09.19 (59924007)|VARIABLE_SCOPE_BEGIN|[135]|srli|Service_Request_Line_Item__c|true|false
10:49:09.19 (59983801)|VARIABLE_ASSIGNMENT|[135]|srli|{"Case__c":"500bV00000Y2G59QAF","Id":"aAmbV00000HbeHdSAJ"}|0x162c5707
10:49:09.19 (60008397)|SYSTEM_METHOD_ENTRY|[136]|Map<Id,Service_Request_Line_Item__c>.get(Object)
10:49:09.19 (60021587)|SYSTEM_METHOD_EXIT|[136]|Map<Id,Service_Request_Line_Item__c>.get(Object)
10:49:09.19 (60024323)|STATEMENT_EXECUTE|[136]
10:49:09.19 (60031882)|SYSTEM_METHOD_ENTRY|[136]|Map<Id,Service_Request_Line_Item__c>.put(Object, Object)
10:49:09.19 (60038418)|HEAP_ALLOCATE|[EXTERNAL]|Bytes:-4
10:49:09.19 (60044176)|SYSTEM_METHOD_EXIT|[136]|Map<Id,Service_Request_Line_Item__c>.put(Object, Object)
10:49:09.19 (60048869)|SYSTEM_METHOD_ENTRY|[134]|system.ListIterator.hasNext()
10:49:09.19 (60052647)|HEAP_ALLOCATE|[134]|Bytes:5
10:49:09.19 (60055367)|SYSTEM_METHOD_EXIT|[134]|system.ListIterator.hasNext()
10:49:09.19 (60062437)|VARIABLE_ASSIGNMENT|[134]|key|null
10:49:09.19 (60070297)|HEAP_ALLOCATE|[139]|Bytes:4
10:49:09.19 (60078071)|SYSTEM_CONSTRUCTOR_ENTRY|[139]|<init>()
10:49:09.19 (60090248)|SYSTEM_CONSTRUCTOR_EXIT|[139]|<init>()
10:49:09.19 (60095492)|SYSTEM_METHOD_ENTRY|[139]|Map<Id,EmailMessage>.keySet()
10:49:09.19 (60106264)|HEAP_ALLOCATE|[139]|Bytes:26
10:49:09.19 (60108997)|SYSTEM_METHOD_EXIT|[139]|Map<Id,EmailMessage>.keySet()
10:49:09.19 (60114638)|SYSTEM_METHOD_ENTRY|[139]|List<Id>.addAll(Object)
10:49:09.19 (60117863)|HEAP_ALLOCATE|[139]|Bytes:4
10:49:09.19 (60121369)|SYSTEM_METHOD_EXIT|[139]|List<Id>.addAll(Object)
10:49:09.19 (60124223)|SYSTEM_METHOD_ENTRY|[139]|List<Id>.iterator()
10:49:09.19 (60126922)|SYSTEM_METHOD_EXIT|[139]|List<Id>.iterator()
10:49:09.19 (60155764)|SYSTEM_METHOD_ENTRY|[139]|system.ListIterator.hasNext()
10:49:09.19 (60160166)|HEAP_ALLOCATE|[139]|Bytes:5
10:49:09.19 (60165138)|SYSTEM_METHOD_EXIT|[139]|system.ListIterator.hasNext()
10:49:09.19 (60179794)|HEAP_ALLOCATE|[139]|Bytes:4
10:49:09.19 (60182286)|VARIABLE_SCOPE_BEGIN|[139]|emailKey|Id|false|false
10:49:09.19 (60204352)|VARIABLE_ASSIGNMENT|[139]|emailKey|"02sbV00000W5sN9QAJ"
10:49:09.19 (60207601)|STATEMENT_EXECUTE|[139]
10:49:09.19 (60208387)|STATEMENT_EXECUTE|[140]
10:49:09.19 (60213313)|SYSTEM_METHOD_ENTRY|[140]|Map<Id,EmailMessage>.get(Object)
10:49:09.19 (60227776)|SYSTEM_METHOD_EXIT|[140]|Map<Id,EmailMessage>.get(Object)
10:49:09.19 (60231439)|VARIABLE_SCOPE_BEGIN|[140]|em|EmailMessage|true|false
10:49:09.19 (60277122)|VARIABLE_ASSIGNMENT|[140]|em|{"RelatedToId":"500bV00000Y2G59QAF","Type__c":"Dispatch","Id":"02sbV00000W5sN9QAJ"}|0x1903bef3
10:49:09.19 (60293287)|SYSTEM_METHOD_ENTRY|[141]|Map<Id,EmailMessage>.get(Object)
10:49:09.19 (60303287)|SYSTEM_METHOD_EXIT|[141]|Map<Id,EmailMessage>.get(Object)
10:49:09.19 (60305938)|STATEMENT_EXECUTE|[141]
10:49:09.19 (60311748)|SYSTEM_METHOD_ENTRY|[141]|Map<Id,EmailMessage>.put(Object, Object)
10:49:09.19 (60315228)|HEAP_ALLOCATE|[EXTERNAL]|Bytes:-4
10:49:09.19 (60319626)|SYSTEM_METHOD_EXIT|[141]|Map<Id,EmailMessage>.put(Object, Object)
10:49:09.19 (60323166)|SYSTEM_METHOD_ENTRY|[139]|system.ListIterator.hasNext()
10:49:09.19 (60326392)|HEAP_ALLOCATE|[139]|Bytes:5
10:49:09.19 (60329125)|SYSTEM_METHOD_EXIT|[139]|system.ListIterator.hasNext()
10:49:09.19 (60334182)|VARIABLE_ASSIGNMENT|[139]|emailKey|null
10:49:09.19 (60337028)|STATEMENT_EXECUTE|[144]
10:49:09.19 (60339312)|HEAP_ALLOCATE|[144]|Bytes:59
10:49:09.19 (60347314)|HEAP_ALLOCATE|[144]|Bytes:4
10:49:09.19 (60869452)|SOQL_EXECUTE_BEGIN|[144]|Aggregations:0|SELECT Id FROM EmailTemplate WHERE DeveloperName = :tmpVar1
10:49:09.19 (60891231)|LIMIT_USAGE|[144]|SOQL|3|200
10:49:09.19 (60898585)|LIMIT_USAGE|[144]|AGGS|0|600
10:49:09.19 (64639220)|SOQL_EXECUTE_EXPLAIN|[144]|Index on EmailTemplate : [DeveloperName], cardinality: 1, sobjectCardinality: 4800, relativeCost 0.001
10:49:09.19 (64662681)|SOQL_EXECUTE_END|[144]|Rows:1
10:49:09.19 (64680911)|LIMIT_USAGE|[144]|SOQL_ROWS|3|50000
10:49:09.19 (64692503)|HEAP_ALLOCATE|[144]|Bytes:8
10:49:09.19 (64706607)|HEAP_ALLOCATE|[144]|Bytes:29
10:49:09.19 (64777385)|HEAP_ALLOCATE|[144]|Bytes:8
10:49:09.19 (64793876)|VARIABLE_SCOPE_BEGIN|[144]|template|List<EmailTemplate>|true|false
10:49:09.19 (64879768)|VARIABLE_ASSIGNMENT|[144]|template|[{"Id":"00X36000001Je0ZEAS"}]|0xff079f3
10:49:09.19 (64902402)|SYSTEM_METHOD_ENTRY|[146]|List<Case>.iterator()
10:49:09.19 (65023592)|SYSTEM_METHOD_EXIT|[146]|List<Case>.iterator()
10:49:09.19 (65046978)|SYSTEM_METHOD_ENTRY|[146]|system.ListIterator.hasNext()
10:49:09.19 (65060227)|HEAP_ALLOCATE|[146]|Bytes:5
10:49:09.19 (65066883)|SYSTEM_METHOD_EXIT|[146]|system.ListIterator.hasNext()
10:49:09.19 (65080297)|HEAP_ALLOCATE|[146]|Bytes:28
10:49:09.19 (65089091)|VARIABLE_SCOPE_BEGIN|[146]|c|Case|true|false
10:49:09.19 (65239172)|VARIABLE_ASSIGNMENT|[146]|c|{"Status":"Assigned","attributes":{"type":"Case","url":"/services/data/v65.0 (33 more) ..."},"Id":"500bV00000Y2G59QAF","CreatedById":"0051R00000JeE4nQAF","CS_TCD_Store__c":"00136000019WhTFAA0","CS_TCD_Store__r":{"IsonNOMAD__c":true,"SMA_ContactEmail__c":"tireshop304@loves.co (1 more) ...","attributes":{"type":"Account","url":"/services/data/v65.0 (36 more) ..."},"Id":"00136000019WhTFAA0"}}|0x71a89cea
10:49:09.19 (65250924)|STATEMENT_EXECUTE|[146]
10:49:09.19 (65304282)|SYSTEM_METHOD_ENTRY|[147]|Map<Id,Service_Request_Line_Item__c>.get(Object)
10:49:09.19 (65338620)|SYSTEM_METHOD_EXIT|[147]|Map<Id,Service_Request_Line_Item__c>.get(Object)
10:49:09.19 (65342324)|STATEMENT_EXECUTE|[147]
10:49:09.19 (65351012)|SYSTEM_METHOD_ENTRY|[148]|Map<Id,EmailMessage>.get(Object)
10:49:09.19 (65362426)|SYSTEM_METHOD_EXIT|[148]|Map<Id,EmailMessage>.get(Object)
10:49:09.19 (65365368)|STATEMENT_EXECUTE|[148]
10:49:09.19 (65369435)|SYSTEM_METHOD_ENTRY|[146]|system.ListIterator.hasNext()
10:49:09.19 (65374036)|HEAP_ALLOCATE|[146]|Bytes:5
10:49:09.19 (65377021)|SYSTEM_METHOD_EXIT|[146]|system.ListIterator.hasNext()
10:49:09.19 (65387487)|VARIABLE_ASSIGNMENT|[146]|c|null|
10:49:09.19 (65391646)|STATEMENT_EXECUTE|[160]
10:49:09.19 (65394987)|VARIABLE_SCOPE_BEGIN|[160]|methodResponse|Boolean|false|false
10:49:09.19 (65404017)|VARIABLE_ASSIGNMENT|[160]|methodResponse|null
10:49:09.19 (65414513)|SYSTEM_METHOD_ENTRY|[161]|List<EmailMessage_Handler.EmailConfiguration>.size()
10:49:09.19 (65428000)|SYSTEM_METHOD_EXIT|[161]|List<EmailMessage_Handler.EmailConfiguration>.size()
10:49:09.19 (65434886)|STATEMENT_EXECUTE|[161]
10:49:09.19 (65445243)|METHOD_EXIT|[120]|01p1R00000JU2Nx|EmailOnStatus.sendEmailMessageForCoreShops(Set<Id>, String)
10:49:09.19 (65456611)|SYSTEM_MODE_EXIT|false
10:49:09.65 (65510802)|CUMULATIVE_LIMIT_USAGE
10:49:09.65 (65510802)|LIMIT_USAGE_FOR_NS|(default)|
  Number of SOQL queries: 3 out of 200
  Number of query rows: 3 out of 50000
  Number of SOSL queries: 0 out of 20
  Number of DML statements: 0 out of 150
  Number of Publish Immediate DML: 0 out of 150
  Number of DML rows: 0 out of 10000
  Maximum CPU time: 0 out of 60000
  Maximum heap size: 0 out of 12000000
  Number of callouts: 0 out of 100
  Number of Email Invocations: 0 out of 10
  Number of future calls: 0 out of 50
  Number of queueable jobs added to the queue: 0 out of 1
  Number of Mobile Apex push calls: 0 out of 10

10:49:09.65 (65510802)|TOTAL_EMAIL_RECIPIENTS_QUEUED|0
10:49:09.65 (65510802)|STATIC_VARIABLE_LIST|
  int:BYTES:0
  int:BYTES:0
  byte[]:DigitOnes:0
  byte[]:DigitTens:0
  Boolean:FALSE:0
  int:MAX_EXPONENT:0
  double:MAX_VALUE:0
  int:MAX_VALUE:0
  int:MIN_EXPONENT:0
  double:MIN_NORMAL:0
  double:MIN_VALUE:0
  int:MIN_VALUE:0
  double:NEGATIVE_INFINITY:0
  double:NaN:0
  double:POSITIVE_INFINITY:0
  int:PRECISION:0
  int:SIZE:0
  int:SIZE:0
  Boolean:TRUE:0
  String:_sfdcAdditionalCodeLocations:0
  String:_sfdcAdditionalCodeLocations:0
  String:_sfdcAdditionalCodeLocations:0
  String:_sfdcAdditionalCodeLocations:0
  String:_sfdcAdditionalCodeLocations:0
  String:_static_DISPATCH_EMAIL_TYPE:0
  String:_static_DISPATCH_ORG_WIDE_EMAIL:0
  String:_static_SOURCE_SYSTEM_CHECK:0
  String:_static_STORE_DATA_NOT_FOUND:0
  String:_static_TEMPLATE_NOT_FOUND:0
  char[]:digits:0
  long:serialVersionUID:0
  long:serialVersionUID:0
  long:serialVersionUID:0

10:49:09.65 (65510802)|CUMULATIVE_LIMIT_USAGE_END

10:49:09.19 (65769823)|CODE_UNIT_FINISHED|EmailOnStatus.sendEmailMessageForCoreShopsAtFuture(Set<Id>, String)
10:49:09.19 (65784493)|EXECUTION_FINISHED
10:49:09.113 (113369059)|CUMULATIVE_PROFILING_BEGIN
10:49:09.113 (113369059)|CUMULATIVE_PROFILING|SOQL operations|
Class.EmailOnStatus.sendEmailMessageForCoreShops: line 131, column 1: [SELECT RelatedToId, Type__c FROM EmailMessage WHERE RelatedToId IN :caseIds AND Type__c =: DISPATCH_EMAIL_TYPE]: executed 1 time in 20 ms
Class.EmailOnStatus.sendEmailMessageForCoreShops: line 129, column 1: [SELECT Case__c FROM Service_Request_Line_Item__c WHERE Case__c IN :caseIds]: executed 1 time in 5 ms
Class.EmailOnStatus.sendEmailMessageForCoreShops: line 144, column 1: [SELECT Id FROM EmailTemplate WHERE DeveloperName =: templateDeveloperName]: executed 1 time in 4 ms

10:49:09.113 (113369059)|CUMULATIVE_PROFILING|No profiling information for SOSL operations
10:49:09.113 (113369059)|CUMULATIVE_PROFILING|No profiling information for DML operations
10:49:09.113 (113369059)|CUMULATIVE_PROFILING|method invocations|
External entry point: public static void sendEmailMessageForCoreShopsAtFuture(Set<Id>, String): executed 1 time in 45 ms
Class.EmailOnStatus.sendEmailMessageForCoreShopsAtFuture: line 120, column 1: public static void sendEmailMessageForCoreShops(Set<Id>, String): executed 1 time in 43 ms
Class.EmailOnStatus.sendEmailMessageForCoreShops: line 123, column 1: global static Object deserialize(String, System.Type): executed 1 time in 2 ms
Class.EmailOnStatus.sendEmailMessageForCoreShops: line 126, column 1: global public static Env_Variable__c getInstance(String): executed 1 time in 1 ms
Class.EmailOnStatus.sendEmailMessageForCoreShops: line 161, column 1: global public Integer size(): executed 1 time in 0 ms
Class.EmailOnStatus.sendEmailMessageForCoreShops: line 134, column 1: global public List<Id>(): executed 6 times in 0 ms
Class.EmailOnStatus.sendEmailMessageForCoreShops: line 135, column 1: global public Object get(Object): executed 1 time in 0 ms
Class.EmailOnStatus.sendEmailMessageForCoreShops: line 136, column 1: global public Object get(Object): executed 2 times in 0 ms
Class.EmailOnStatus.sendEmailMessageForCoreShops: line 139, column 1: global public List<Id>(): executed 6 times in 0 ms
Class.EmailOnStatus.sendEmailMessageForCoreShops: line 140, column 1: global public Object get(Object): executed 1 time in 0 ms
Class.EmailOnStatus.sendEmailMessageForCoreShops: line 141, column 1: global public Object get(Object): executed 2 times in 0 ms

10:49:09.113 (113369059)|CUMULATIVE_PROFILING_END

