52.0 APEX_CODE,FINEST;APEX_PROFILING,FINEST;CALLOUT,FINEST;DATA_ACCESS,INFO;DB,FINEST;NBA,FINEST;SYSTEM,FINE;VALIDATION,INFO;VISUALFORCE,FINER;WAVE,FINEST;WORKFLOW,FINER
10:48:51.0 (236540)|USER_INFO|[EXTERNAL]|0051R00000JeE4n|truck.care.process@loves.com|(GMT-06:00) Central Standard Time (America/Chicago)|GMT-06:00
10:48:51.0 (311859)|EXECUTION_STARTED
10:48:51.0 (335455)|CODE_UNIT_STARTED|[EXTERNAL]|FutureHandler - state load
10:48:51.0 (1388098)|CODE_UNIT_FINISHED|FutureHandler - state load
10:48:51.0 (1403620)|EXECUTION_FINISHED
10:48:51.18 (18493340)|USER_INFO|[EXTERNAL]|0051R00000JeE4n|truck.care.process@loves.com|(GMT-06:00) Central Standard Time (America/Chicago)|GMT-06:00
10:48:51.18 (18544395)|EXECUTION_STARTED
10:48:51.18 (18575507)|CODE_UNIT_STARTED|[EXTERNAL]|01p1R00000K3xNF|apiServiceLog.insertServiceLog(String, String)
10:48:51.18 (18853622)|HEAP_ALLOCATE|[95]|Bytes:3
10:48:51.18 (18993527)|HEAP_ALLOCATE|[100]|Bytes:152
10:48:51.18 (19015693)|HEAP_ALLOCATE|[417]|Bytes:408
10:48:51.18 (19038031)|HEAP_ALLOCATE|[430]|Bytes:408
10:48:51.18 (19086478)|HEAP_ALLOCATE|[317]|Bytes:6
10:48:51.18 (19117639)|HEAP_ALLOCATE|[EXTERNAL]|Bytes:5
10:48:51.18 (19161567)|METHOD_ENTRY|[9]|01p1R00000K3xNF|apiServiceLog.apiServiceLog()
10:48:51.18 (19170504)|STATEMENT_EXECUTE|[9]
10:48:51.18 (19177463)|STATEMENT_EXECUTE|[9]
10:48:51.18 (19202916)|HEAP_ALLOCATE|[68]|Bytes:5
10:48:51.18 (19240935)|HEAP_ALLOCATE|[74]|Bytes:5
10:48:51.18 (19249963)|HEAP_ALLOCATE|[82]|Bytes:7
10:48:51.18 (20099661)|SYSTEM_MODE_ENTER|false
10:48:51.18 (20292958)|HEAP_ALLOCATE|[EXTERNAL]|Bytes:5
10:48:51.18 (20309308)|SYSTEM_MODE_EXIT|false
10:48:51.18 (20347007)|METHOD_EXIT|[9]|apiServiceLog
10:48:51.18 (20356294)|HEAP_ALLOCATE|[EXTERNAL]|Bytes:18
10:48:51.18 (20359859)|HEAP_ALLOCATE|[EXTERNAL]|Bytes:1393
10:48:51.18 (20386847)|VARIABLE_SCOPE_BEGIN|[24]|caseId|String|false|false
10:48:51.18 (20429697)|VARIABLE_ASSIGNMENT|[24]|caseId|"500bV00000Y2G59QAF"
10:48:51.18 (20435594)|VARIABLE_SCOPE_BEGIN|[24]|body|String|false|false
10:48:51.18 (20445988)|VARIABLE_ASSIGNMENT|[24]|body|"{\n  \"status\": \"ETA A (1373 more) ..."
10:48:51.18 (20465169)|SYSTEM_MODE_ENTER|false
10:48:51.18 (20470856)|HEAP_ALLOCATE|[26]|Bytes:5
10:48:51.18 (20475336)|STATEMENT_EXECUTE|[24]
10:48:51.18 (20476900)|STATEMENT_EXECUTE|[26]
10:48:51.18 (20570388)|HEAP_ALLOCATE|[26]|Bytes:4
10:48:51.18 (20752498)|VARIABLE_SCOPE_BEGIN|[26]|sl|Service_Log__c|true|false
10:48:51.18 (20774647)|VARIABLE_ASSIGNMENT|[26]|sl|{}|0x1703156b
10:48:51.18 (20780200)|STATEMENT_EXECUTE|[27]
10:48:51.18 (20784257)|HEAP_ALLOCATE|[27]|Bytes:19
10:48:51.18 (20893123)|SYSTEM_METHOD_ENTRY|[27]|Env_Variable__c.getInstance(String)
10:48:51.18 (22146026)|HEAP_ALLOCATE|[27]|Bytes:52
10:48:51.18 (22180311)|SYSTEM_METHOD_EXIT|[27]|Env_Variable__c.getInstance(String)
10:48:51.18 (22192740)|VARIABLE_SCOPE_BEGIN|[27]|env|Env_Variable__c|true|false
10:48:51.18 (22484599)|VARIABLE_ASSIGNMENT|[27]|env|{"LastModifiedDate":"2020-05-05T15:43:08.000Z","IsDeleted":false,"User_Switch_Active__c":false,"CreatedById":"005360000012WANAA2","CreatedDate":"2020-05-05T15:43:08.000Z","Id":"a4l1R000000HGPgQAO","LastModifiedById":"005360000012WANAA2","SetupOwnerId":"00D36000000Kq3uEAC","Name":"MulesoftEnvironment","SystemModstamp":"2020-05-05T15:43:08.000Z","Value__c":"-prod","Active__c":true}|0x4ec5e2bd
10:48:51.18 (22501648)|STATEMENT_EXECUTE|[28]
10:48:51.18 (22598069)|HEAP_ALLOCATE|[28]|Bytes:5
10:48:51.18 (22640526)|HEAP_ALLOCATE|[28]|Bytes:14
10:48:51.18 (22646518)|VARIABLE_SCOPE_BEGIN|[28]|baseUrl|String|false|false
10:48:51.18 (22658857)|VARIABLE_ASSIGNMENT|[28]|baseUrl|"apis.loves.com"
10:48:51.18 (22681182)|STATEMENT_EXECUTE|[29]
10:48:51.18 (22683459)|HEAP_ALLOCATE|[29]|Bytes:59
10:48:51.18 (22687611)|VARIABLE_SCOPE_BEGIN|[29]|urlTemplate|String|false|false
10:48:51.18 (22697632)|VARIABLE_ASSIGNMENT|[29]|urlTemplate|"https://{0}/loves-tr (39 more) ..."
10:48:51.18 (22701698)|STATEMENT_EXECUTE|[30]
10:48:51.18 (22766240)|HEAP_ALLOCATE|[30]|Bytes:4
10:48:51.18 (22801766)|SYSTEM_CONSTRUCTOR_ENTRY|[30]|<init>()
10:48:51.18 (22847481)|SYSTEM_CONSTRUCTOR_EXIT|[30]|<init>()
10:48:51.18 (22873982)|VARIABLE_SCOPE_BEGIN|[30]|parameters|List<ANY>|true|false
10:48:51.18 (22913103)|HEAP_ALLOCATE|[EXTERNAL]|Bytes:12
10:48:51.18 (22928187)|VARIABLE_ASSIGNMENT|[30]|parameters|["apis.loves.com","-prod"]|0x28423ff1
10:48:51.18 (22933206)|STATEMENT_EXECUTE|[31]
10:48:51.18 (22935390)|HEAP_ALLOCATE|[31]|Bytes:67
10:48:51.18 (22954397)|HEAP_ALLOCATE|[31]|Bytes:4
10:48:51.18 (22965497)|HEAP_ALLOCATE|[31]|Bytes:7
10:48:51.18 (24857799)|SOQL_EXECUTE_BEGIN|[31]|Aggregations:0|SELECT Id, CS_Third_Party_Dispatch__c FROM Case WHERE Id = :tmpVar1
10:48:51.18 (24898745)|LIMIT_USAGE|[31]|SOQL|1|200
10:48:51.18 (24908618)|LIMIT_USAGE|[31]|AGGS|0|600
10:48:51.18 (38115338)|SOQL_EXECUTE_EXPLAIN|[31]|Index on Case : [Id], cardinality: 1, sobjectCardinality: 21884271, relativeCost 0
10:48:51.18 (38139609)|SOQL_EXECUTE_END|[31]|Rows:1
10:48:51.18 (38166776)|LIMIT_USAGE|[31]|SOQL_ROWS|1|50000
10:48:51.18 (38177142)|HEAP_ALLOCATE|[31]|Bytes:8
10:48:51.18 (38191934)|HEAP_ALLOCATE|[31]|Bytes:77
10:48:51.18 (38267245)|HEAP_ALLOCATE|[31]|Bytes:8
10:48:51.18 (38283005)|HEAP_ALLOCATE|[31]|Bytes:30
10:48:51.18 (38333603)|HEAP_ALLOCATE|[31]|Bytes:12
10:48:51.18 (38339619)|VARIABLE_SCOPE_BEGIN|[31]|c|Case|true|false
10:48:51.18 (38418518)|VARIABLE_ASSIGNMENT|[31]|c|{"CS_Third_Party_Dispatch__c":"0013600000wIFn1AAG","Id":"500bV00000Y2G59QAF"}|0x1c7f8333
10:48:51.18 (38423974)|STATEMENT_EXECUTE|[34]
10:48:51.18 (38438153)|HEAP_ALLOCATE|[34]|Bytes:4
10:48:51.18 (38681472)|VARIABLE_ASSIGNMENT|[34]|this.Case__c|"500bV00000Y2G59QAF"|0x1703156b
10:48:51.18 (38687681)|STATEMENT_EXECUTE|[35]
10:48:51.18 (38713189)|VARIABLE_ASSIGNMENT|[35]|this.RequestBody__c|"{\n  \"status\": \"ETA A (1373 more) ..."|0x1703156b
10:48:51.18 (38716755)|STATEMENT_EXECUTE|[36]
10:48:51.18 (38739565)|SYSTEM_METHOD_ENTRY|[36]|com.salesforce.api.interop.apex.bcl.DatetimeMethods.now()
10:48:51.18 (38783940)|HEAP_ALLOCATE|[36]|Bytes:56
10:48:51.18 (38790104)|SYSTEM_METHOD_EXIT|[36]|com.salesforce.api.interop.apex.bcl.DatetimeMethods.now()
10:48:51.18 (38828482)|VARIABLE_ASSIGNMENT|[36]|this.Service_Start__c|"2026-02-12T16:48:51.712Z"|0x1703156b
10:48:51.18 (38831958)|STATEMENT_EXECUTE|[37]
10:48:51.18 (38835899)|SYSTEM_METHOD_ENTRY|[37]|com.salesforce.api.interop.apex.bcl.DatetimeMethods.now()
10:48:51.18 (38846601)|HEAP_ALLOCATE|[37]|Bytes:56
10:48:51.18 (38849789)|SYSTEM_METHOD_EXIT|[37]|com.salesforce.api.interop.apex.bcl.DatetimeMethods.now()
10:48:51.18 (38866975)|VARIABLE_ASSIGNMENT|[37]|this.Service_End__c|"2026-02-12T16:48:51.712Z"|0x1703156b
10:48:51.18 (38870312)|STATEMENT_EXECUTE|[38]
10:48:51.18 (38871949)|HEAP_ALLOCATE|[38]|Bytes:28
10:48:51.18 (38886191)|VARIABLE_ASSIGNMENT|[38]|this.Service_Name__c|"Mulesoft Truck Care  (8 more) ..."|0x1703156b
10:48:51.18 (38889421)|STATEMENT_EXECUTE|[39]
10:48:51.18 (38890752)|HEAP_ALLOCATE|[39]|Bytes:7
10:48:51.18 (38902280)|VARIABLE_ASSIGNMENT|[39]|this.Direction__c|"Inbound"|0x1703156b
10:48:51.18 (38905330)|STATEMENT_EXECUTE|[40]
10:48:51.18 (38920222)|VARIABLE_ASSIGNMENT|[40]|this.ErrorExists__c|false|0x1703156b
10:48:51.18 (38923311)|STATEMENT_EXECUTE|[41]
10:48:51.18 (38942035)|SYSTEM_METHOD_ENTRY|[41]|String.format(String, List<ANY>)
10:48:51.18 (38952746)|HEAP_ALLOCATE|[41]|Bytes:14
10:48:51.18 (38955463)|HEAP_ALLOCATE|[41]|Bytes:5
10:48:51.18 (38966469)|HEAP_ALLOCATE|[41]|Bytes:72
10:48:51.18 (38971573)|SYSTEM_METHOD_EXIT|[41]|String.format(String, List<ANY>)
10:48:51.18 (38988426)|VARIABLE_ASSIGNMENT|[41]|this.RequestURI__c|"https://apis.loves.c (52 more) ..."|0x1703156b
10:48:51.18 (38991537)|STATEMENT_EXECUTE|[42]
10:48:51.18 (38992847)|HEAP_ALLOCATE|[42]|Bytes:22
10:48:51.18 (39005547)|VARIABLE_ASSIGNMENT|[42]|this.Category__c|"Tire Care Integratio (2 more) ..."|0x1703156b
10:48:51.18 (39009218)|STATEMENT_EXECUTE|[43]
10:48:51.18 (39059334)|VARIABLE_ASSIGNMENT|[43]|this.Related_Account__c|"0013600000wIFn1AAG"|0x1703156b
10:48:51.18 (39064726)|STATEMENT_EXECUTE|[44]
10:48:51.18 (39066352)|HEAP_ALLOCATE|[44]|Bytes:4
10:48:51.18 (39085497)|VARIABLE_ASSIGNMENT|[44]|this.Method__c|"POST"|0x1703156b
10:48:51.18 (39089776)|STATEMENT_EXECUTE|[47]
10:48:51.18 (39135765)|HEAP_ALLOCATE|[47]|Bytes:8
10:48:51.18 (39158622)|DML_BEGIN|[47]|Op:Insert|Type:Service_Log__c|Rows:1
10:48:51.18 (39177302)|LIMIT_USAGE|[47]|DML|1|150
10:48:51.18 (39181892)|LIMIT_USAGE|[47]|DML_ROWS|1|10000
10:48:51.18 (39199231)|HEAP_ALLOCATE|[EXTERNAL]|Bytes:8
10:48:51.18 (107098421)|CODE_UNIT_STARTED|[EXTERNAL]|Workflow:01I36000002oP20
10:48:51.18 (117900855)|WF_RULE_EVAL_BEGIN|Workflow
10:48:51.18 (117993583)|WF_CRITERIA_BEGIN|[Service Log: SL-0076490966 a4BbV00000L17wD]|QuikQ Purchase Policy Submission Failure Emails|01Q1R000000VC5h|ON_CREATE_ONLY|0
10:48:51.18 (120405434)|WF_RULE_FILTER|[Service Log : Service Name contains QuikQ_CreatePurchasePolicies] 
AND [Service Log : Error Exists equals true]
10:48:51.18 (120447136)|WF_RULE_EVAL_VALUE|77
10:48:51.18 (120452420)|WF_CRITERIA_END|false
10:48:51.18 (120472625)|WF_CRITERIA_BEGIN|[Service Log: SL-0076490966 a4BbV00000L17wD]|QuikQ Credit Setup Failure Emails|01Q1R000000VBpf|ON_CREATE_ONLY|0
10:48:51.18 (120507668)|WF_RULE_FILTER|[Service Log : Service Name contains QuikQ_CreditCutoff, QuikQ_CreditLimit] 
AND [Service Log : Error Exists equals true]
10:48:51.18 (120518335)|WF_RULE_EVAL_VALUE|77
10:48:51.18 (120520950)|WF_CRITERIA_END|false
10:48:51.18 (120527949)|WF_CRITERIA_BEGIN|[Service Log: SL-0076490966 a4BbV00000L17wD]|QuikQ Create Carrier Failure Emails|01Q1R000000VBpe|ON_CREATE_ONLY|0
10:48:51.18 (120555726)|WF_RULE_FILTER|[Service Log : Service Name contains QuikQ_CreateCarrier] 
AND [Service Log : Error Exists equals true]
10:48:51.18 (120562854)|WF_RULE_EVAL_VALUE|77
10:48:51.18 (120565325)|WF_CRITERIA_END|false
10:48:51.18 (120571574)|WF_CRITERIA_BEGIN|[Service Log: SL-0076490966 a4BbV00000L17wD]|QuikQ Trailer Submission Failure Emails|01Q1R000000VBph|ON_CREATE_ONLY|0
10:48:51.18 (120597735)|WF_RULE_FILTER|[Service Log : Service Name contains QuikQ_CreateTrailer] 
AND [Service Log : Error Exists equals true]
10:48:51.18 (120604481)|WF_RULE_EVAL_VALUE|77
10:48:51.18 (120606941)|WF_CRITERIA_END|false
10:48:51.18 (120612748)|WF_CRITERIA_BEGIN|[Service Log: SL-0076490966 a4BbV00000L17wD]|QuikQ Driver Submission Failure Emails|01Q1R000000VBpg|ON_CREATE_ONLY|0
10:48:51.18 (120638432)|WF_RULE_FILTER|[Service Log : Service Name contains QuikQ_CreateDriver] 
AND [Service Log : Error Exists equals true]
10:48:51.18 (120645244)|WF_RULE_EVAL_VALUE|77
10:48:51.18 (120647657)|WF_CRITERIA_END|false
10:48:51.18 (120653815)|WF_CRITERIA_BEGIN|[Service Log: SL-0076490966 a4BbV00000L17wD]|QuikQ Truck Submission Failure Emails|01Q1R000000VBpi|ON_CREATE_ONLY|0
10:48:51.18 (120679211)|WF_RULE_FILTER|[Service Log : Service Name contains QuikQ_CreateTruck] 
AND [Service Log : Error Exists equals true]
10:48:51.18 (120685780)|WF_RULE_EVAL_VALUE|77
10:48:51.18 (120688185)|WF_CRITERIA_END|false
10:48:51.18 (120693958)|WF_CRITERIA_BEGIN|[Service Log: SL-0076490966 a4BbV00000L17wD]|QuikQ Credit Alert Failure Emails|01Q1R000000Rtya|ON_CREATE_ONLY|0
10:48:51.18 (120719197)|WF_RULE_FILTER|[Service Log : Service Name contains QuikQ_CreditAlert] 
AND [Service Log : Error Exists equals true]
10:48:51.18 (120725596)|WF_RULE_EVAL_VALUE|77
10:48:51.18 (120727990)|WF_CRITERIA_END|false
10:48:51.18 (120737792)|WF_SPOOL_ACTION_BEGIN|Workflow
10:48:51.18 (120754903)|WF_ACTION| None
10:48:51.18 (120758510)|WF_RULE_EVAL_END
10:48:51.18 (120867136)|WF_ACTIONS_END| None
10:48:51.18 (120875842)|CODE_UNIT_FINISHED|Workflow:01I36000002oP20
10:48:51.18 (128569263)|DML_END|[47]
10:48:51.18 (128767234)|SYSTEM_MODE_EXIT|false
10:48:51.128 (128804167)|CUMULATIVE_LIMIT_USAGE
10:48:51.128 (128804167)|LIMIT_USAGE_FOR_NS|(default)|
  Number of SOQL queries: 1 out of 200
  Number of query rows: 1 out of 50000
  Number of SOSL queries: 0 out of 20
  Number of DML statements: 1 out of 150
  Number of Publish Immediate DML: 0 out of 150
  Number of DML rows: 1 out of 10000
  Maximum CPU time: 0 out of 60000
  Maximum heap size: 0 out of 12000000
  Number of callouts: 0 out of 100
  Number of Email Invocations: 0 out of 10
  Number of future calls: 0 out of 50
  Number of queueable jobs added to the queue: 0 out of 1
  Number of Mobile Apex push calls: 0 out of 10

10:48:51.128 (128804167)|TOTAL_EMAIL_RECIPIENTS_QUEUED|0
10:48:51.128 (128804167)|STATIC_VARIABLE_LIST|
  int:BYTES:0
  int:BYTES:0
  byte[]:DigitOnes:0
  byte[]:DigitTens:0
  Boolean:FALSE:0
  int:MAX_EXPONENT:0
  double:MAX_VALUE:0
  int:MAX_VALUE:0
  int:MIN_EXPONENT:0
  double:MIN_NORMAL:0
  double:MIN_VALUE:0
  int:MIN_VALUE:0
  double:NEGATIVE_INFINITY:0
  double:NaN:0
  double:POSITIVE_INFINITY:0
  int:PRECISION:0
  int:SIZE:0
  int:SIZE:0
  Boolean:TRUE:0
  String:_sfdcAdditionalCodeLocations:0
  char[]:digits:0
  long:serialVersionUID:0
  long:serialVersionUID:0
  long:serialVersionUID:0

10:48:51.128 (128804167)|CUMULATIVE_LIMIT_USAGE_END

10:48:51.18 (132956093)|CODE_UNIT_FINISHED|apiServiceLog.insertServiceLog(String, String)
10:48:51.18 (132978673)|EXECUTION_FINISHED
10:48:51.177 (177085571)|CUMULATIVE_PROFILING_BEGIN
10:48:51.177 (177085571)|CUMULATIVE_PROFILING|SOQL operations|
Class.apiServiceLog.insertServiceLog: line 31, column 1: [SELECT Id, CS_Third_Party_Dispatch__c FROM Case WHERE Id = :caseId]: executed 1 time in 16 ms

10:48:51.177 (177085571)|CUMULATIVE_PROFILING|No profiling information for SOSL operations
10:48:51.177 (177085571)|CUMULATIVE_PROFILING|DML operations|
Class.apiServiceLog.insertServiceLog: line 47, column 1: Insert: Service_Log__c: executed 1 time in 90 ms

10:48:51.177 (177085571)|CUMULATIVE_PROFILING|method invocations|
External entry point: public static void insertServiceLog(String, String): executed 1 time in 110 ms
Class.apiServiceLog.insertServiceLog: line 27, column 1: global public static Env_Variable__c getInstance(String): executed 1 time in 1 ms
Class.apiServiceLog.insertServiceLog: line 36, column 1: public static Datetime now(): executed 1 time in 0 ms
Class.apiServiceLog.insertServiceLog: line 37, column 1: public static Datetime now(): executed 1 time in 0 ms
Class.apiServiceLog.insertServiceLog: line 41, column 1: public static String format(String, List<ANY>): executed 1 time in 0 ms
Class.apiServiceLog.insertServiceLog: line 30, column 1: global public List<ANY>(): executed 1 time in 0 ms

10:48:51.177 (177085571)|CUMULATIVE_PROFILING_END

