54.0 APEX_CODE,FINEST;APEX_PROFILING,FINEST;CALLOUT,FINEST;DATA_ACCESS,INFO;DB,FINEST;NBA,FINEST;SYSTEM,FINE;VALIDATION,INFO;VISUALFORCE,FINER;WAVE,FINEST;WORKFLOW,FINER
10:48:39.0 (306462)|USER_INFO|[EXTERNAL]|0051R00000JeE4n|truck.care.process@loves.com|(GMT-06:00) Central Standard Time (America/Chicago)|GMT-06:00
10:48:39.0 (413255)|EXECUTION_STARTED
10:48:39.0 (433994)|CODE_UNIT_STARTED|[EXTERNAL]|FutureHandler - state load
10:48:39.0 (2755663)|CODE_UNIT_FINISHED|FutureHandler - state load
10:48:39.0 (2787216)|EXECUTION_FINISHED
10:48:39.36 (36111403)|USER_INFO|[EXTERNAL]|0051R00000JeE4n|truck.care.process@loves.com|(GMT-06:00) Central Standard Time (America/Chicago)|GMT-06:00
10:48:39.36 (36138489)|EXECUTION_STARTED
10:48:39.36 (36178540)|CODE_UNIT_STARTED|[EXTERNAL]|01p1R00000JU2Nx|EmailOnStatus.sendEmailMessageForCoreShopsAtFuture(Set<Id>, String)
10:48:39.36 (36456866)|VARIABLE_SCOPE_BEGIN|[14]|EmailOnStatus.DISPATCH_EMAIL_TYPE|String|false|true
10:48:39.36 (36552422)|VARIABLE_SCOPE_BEGIN|[15]|EmailOnStatus.DISPATCH_ORG_WIDE_EMAIL|String|false|true
10:48:39.36 (36560262)|VARIABLE_SCOPE_BEGIN|[16]|EmailOnStatus.SOURCE_SYSTEM_CHECK|String|false|true
10:48:39.36 (36567646)|VARIABLE_SCOPE_BEGIN|[13]|EmailOnStatus.STORE_DATA_NOT_FOUND|String|false|true
10:48:39.36 (36575277)|VARIABLE_SCOPE_BEGIN|[12]|EmailOnStatus.TEMPLATE_NOT_FOUND|String|false|true
10:48:39.36 (36933811)|HEAP_ALLOCATE|[95]|Bytes:3
10:48:39.36 (36993967)|HEAP_ALLOCATE|[100]|Bytes:152
10:48:39.36 (37025495)|HEAP_ALLOCATE|[417]|Bytes:408
10:48:39.36 (37044498)|HEAP_ALLOCATE|[430]|Bytes:408
10:48:39.36 (37076920)|HEAP_ALLOCATE|[317]|Bytes:6
10:48:39.36 (37092059)|HEAP_ALLOCATE|[EXTERNAL]|Bytes:13
10:48:39.36 (37098352)|HEAP_ALLOCATE|[EXTERNAL]|Bytes:8
10:48:39.36 (37253762)|VARIABLE_ASSIGNMENT|[EXTERNAL]|EmailOnStatus.DISPATCH_EMAIL_TYPE|"Dispatch"
10:48:39.36 (37260548)|HEAP_ALLOCATE|[EXTERNAL]|Bytes:18
10:48:39.36 (37274788)|VARIABLE_ASSIGNMENT|[EXTERNAL]|EmailOnStatus.DISPATCH_ORG_WIDE_EMAIL|"comments@loves.com"
10:48:39.36 (37279739)|HEAP_ALLOCATE|[EXTERNAL]|Bytes:19
10:48:39.36 (37286648)|VARIABLE_ASSIGNMENT|[EXTERNAL]|EmailOnStatus.SOURCE_SYSTEM_CHECK|"Shop Connect - CORE"
10:48:39.36 (37296418)|HEAP_ALLOCATE|[EXTERNAL]|Bytes:31
10:48:39.36 (37304876)|VARIABLE_ASSIGNMENT|[EXTERNAL]|EmailOnStatus.STORE_DATA_NOT_FOUND|"No store or store em (11 more) ..."
10:48:39.36 (37308941)|HEAP_ALLOCATE|[EXTERNAL]|Bytes:24
10:48:39.36 (37316295)|VARIABLE_ASSIGNMENT|[EXTERNAL]|EmailOnStatus.TEMPLATE_NOT_FOUND|"Email template not f (4 more) ..."
10:48:39.36 (37341628)|METHOD_ENTRY|[11]|01p1R00000JU2Nx|EmailOnStatus.EmailOnStatus()
10:48:39.36 (37348333)|STATEMENT_EXECUTE|[11]
10:48:39.36 (37354230)|STATEMENT_EXECUTE|[11]
10:48:39.36 (37403672)|HEAP_ALLOCATE|[68]|Bytes:5
10:48:39.36 (37442375)|HEAP_ALLOCATE|[74]|Bytes:5
10:48:39.36 (37451609)|HEAP_ALLOCATE|[82]|Bytes:7
10:48:39.36 (39204656)|SYSTEM_MODE_ENTER|false
10:48:39.36 (39429782)|HEAP_ALLOCATE|[EXTERNAL]|Bytes:5
10:48:39.36 (39451647)|SYSTEM_MODE_EXIT|false
10:48:39.36 (39492609)|METHOD_EXIT|[11]|EmailOnStatus
10:48:39.36 (39526156)|HEAP_ALLOCATE|[EXTERNAL]|Bytes:8
10:48:39.36 (39532054)|HEAP_ALLOCATE|[EXTERNAL]|Bytes:423
10:48:39.36 (39559133)|VARIABLE_SCOPE_BEGIN|[119]|caseIds|Set<Id>|true|false
10:48:39.36 (39593793)|VARIABLE_ASSIGNMENT|[119]|caseIds|["500bV00000XwbAhQAJ"]|0x9ded733
10:48:39.36 (39601527)|VARIABLE_SCOPE_BEGIN|[119]|cases|String|false|false
10:48:39.36 (39612620)|VARIABLE_ASSIGNMENT|[119]|cases|"[{\"attributes\":{\"typ (403 more) ..."
10:48:39.36 (39633607)|SYSTEM_MODE_ENTER|false
10:48:39.36 (39639843)|HEAP_ALLOCATE|[120]|Bytes:5
10:48:39.36 (39645087)|STATEMENT_EXECUTE|[119]
10:48:39.36 (39646384)|STATEMENT_EXECUTE|[120]
10:48:39.36 (39676335)|METHOD_ENTRY|[120]|01p1R00000JU2Nx|EmailOnStatus.sendEmailMessageForCoreShops(Set<Id>, String)
10:48:39.36 (39725371)|VARIABLE_SCOPE_BEGIN|[122]|caseIds|Set<Id>|true|false
10:48:39.36 (39735347)|VARIABLE_ASSIGNMENT|[122]|caseIds|["500bV00000XwbAhQAJ"]|0x9ded733
10:48:39.36 (39740878)|VARIABLE_SCOPE_BEGIN|[122]|cases|String|false|false
10:48:39.36 (39749180)|VARIABLE_ASSIGNMENT|[122]|cases|"[{\"attributes\":{\"typ (403 more) ..."
10:48:39.36 (39756702)|HEAP_ALLOCATE|[123]|Bytes:5
10:48:39.36 (39760892)|STATEMENT_EXECUTE|[122]
10:48:39.36 (39762171)|STATEMENT_EXECUTE|[123]
10:48:39.36 (39766047)|HEAP_ALLOCATE|[123]|Bytes:64
10:48:39.36 (40008018)|HEAP_ALLOCATE|[123]|Bytes:33
10:48:39.36 (40035880)|SYSTEM_METHOD_ENTRY|[1]|Type.Type()
10:48:39.36 (40040178)|STATEMENT_EXECUTE|[1]
10:48:39.36 (40050724)|SYSTEM_METHOD_EXIT|[1]|Type
10:48:39.36 (40058614)|HEAP_ALLOCATE|[123]|Bytes:8
10:48:39.36 (40075377)|HEAP_ALLOCATE|[123]|Bytes:8
10:48:39.36 (40079846)|VARIABLE_SCOPE_BEGIN|[4]|this|System.Type|true|false
10:48:39.36 (40159076)|VARIABLE_ASSIGNMENT|[4]|this|{}|0x66134a0
10:48:39.36 (40164640)|VARIABLE_SCOPE_BEGIN|[4]|apextype|java:common.apex.runtime.ApexObjectType|true|false
10:48:39.36 (40450509)|VARIABLE_ASSIGNMENT|[4]|apextype|"List<Case>"|0x66077b1a
10:48:39.36 (43577067)|HEAP_ALLOCATE|[123]|Bytes:8
10:48:39.36 (43657755)|HEAP_ALLOCATE|[123]|Bytes:24
10:48:39.36 (43682251)|SYSTEM_METHOD_ENTRY|[1]|JSON.JSON()
10:48:39.36 (43687284)|STATEMENT_EXECUTE|[1]
10:48:39.36 (43694694)|SYSTEM_METHOD_EXIT|[1]|JSON
10:48:39.36 (43734288)|METHOD_ENTRY|[123]||System.JSON.deserialize(String, System.Type)
10:48:39.36 (47456291)|METHOD_EXIT|[123]||System.JSON.deserialize(String, System.Type)
10:48:39.36 (47479395)|VARIABLE_SCOPE_BEGIN|[123]|caseRecords|List<Case>|true|false
10:48:39.36 (47544495)|HEAP_ALLOCATE|[EXTERNAL]|Bytes:8
10:48:39.36 (48058422)|VARIABLE_ASSIGNMENT|[123]|caseRecords|[{"Status":"Assigned","attributes":{"type":"Case","url":"/services/data/v65.0 (33 more) ..."},"Id":"500bV00000XwbAhQAJ","CreatedById":"0051R00000JeE4nQAF","CS_TCD_Store__c":"00136000019WhTOAA0","CS_TCD_Store__r":{"IsonNOMAD__c":true,"SMA_ContactEmail__c":"tireshop291@loves.co (1 more) ...","attributes":{"type":"Account","url":"/services/data/v65.0 (36 more) ..."},"Id":"00136000019WhTOAA0"}}]|0x5cb45251
10:48:39.36 (48075331)|STATEMENT_EXECUTE|[124]
10:48:39.36 (50686513)|HEAP_ALLOCATE|[124]|Bytes:4
10:48:39.36 (50778450)|SYSTEM_CONSTRUCTOR_ENTRY|[124]|<init>()
10:48:39.36 (50845722)|SYSTEM_CONSTRUCTOR_EXIT|[124]|<init>()
10:48:39.36 (50852390)|VARIABLE_SCOPE_BEGIN|[124]|emailList|List<EmailMessage_Handler.EmailConfiguration>|true|false
10:48:39.36 (50907960)|HEAP_ALLOCATE|[EXTERNAL]|Bytes:4
10:48:39.36 (50926442)|VARIABLE_ASSIGNMENT|[124]|emailList|[]|0x7bce04de
10:48:39.36 (50932570)|STATEMENT_EXECUTE|[125]
10:48:39.36 (50937055)|VARIABLE_SCOPE_BEGIN|[125]|templateDeveloperName|String|false|false
10:48:39.36 (50961280)|VARIABLE_ASSIGNMENT|[125]|templateDeveloperName|null
10:48:39.36 (50965075)|STATEMENT_EXECUTE|[126]
10:48:39.36 (50969941)|HEAP_ALLOCATE|[126]|Bytes:33
10:48:39.36 (51153455)|SYSTEM_METHOD_ENTRY|[126]|Env_Variable__c.getInstance(String)
10:48:39.36 (53160530)|HEAP_ALLOCATE|[126]|Bytes:52
10:48:39.36 (53198216)|SYSTEM_METHOD_EXIT|[126]|Env_Variable__c.getInstance(String)
10:48:39.36 (53210826)|VARIABLE_SCOPE_BEGIN|[126]|messageTemplateName|Env_Variable__c|true|false
10:48:39.36 (53450942)|VARIABLE_ASSIGNMENT|[126]|messageTemplateName|{"LastModifiedDate":"2020-10-21T19:23:50.000Z","IsDeleted":false,"User_Switch_Active__c":false,"CreatedById":"0051R00000D6u2rQAB","CreatedDate":"2020-09-10T16:50:09.000Z","Id":"a4l1R000000F5ncQAC","LastModifiedById":"005360000036OeQAAU","SetupOwnerId":"00D36000000Kq3uEAC","Name":"EmailMessage_TireDis (13 more) ...","SystemModstamp":"2020-10-21T19:23:50.000Z","Value__c":"CS_TireCare_Case_Tem (8 more) ...","Active__c":true}|0x2763aa77
10:48:39.36 (53538267)|HEAP_ALLOCATE|[127]|Bytes:114
10:48:39.36 (53572206)|SYSTEM_METHOD_ENTRY|[1]|Test.Test()
10:48:39.36 (53576534)|STATEMENT_EXECUTE|[1]
10:48:39.36 (53588520)|SYSTEM_METHOD_EXIT|[1]|Test
10:48:39.36 (53615080)|METHOD_ENTRY|[127]||System.Test.isRunningTest()
10:48:39.36 (53661316)|METHOD_EXIT|[127]||System.Test.isRunningTest()
10:48:39.36 (53681085)|STATEMENT_EXECUTE|[128]
10:48:39.36 (53710289)|VARIABLE_ASSIGNMENT|[128]|templateDeveloperName|"CS_TireCare_Case_Tem (8 more) ..."
10:48:39.36 (53714873)|STATEMENT_EXECUTE|[129]
10:48:39.36 (53807421)|HEAP_ALLOCATE|[129]|Bytes:4
10:48:39.36 (53813757)|HEAP_ALLOCATE|[129]|Bytes:73
10:48:39.36 (53823124)|HEAP_ALLOCATE|[129]|Bytes:4
10:48:39.36 (53835181)|HEAP_ALLOCATE|[129]|Bytes:7
10:48:39.36 (54657385)|SOQL_EXECUTE_BEGIN|[129]|Aggregations:0|SELECT Case__c FROM Service_Request_Line_Item__c WHERE Case__c = :tmpVar1
10:48:39.36 (54694005)|LIMIT_USAGE|[129]|SOQL|1|200
10:48:39.36 (54705842)|LIMIT_USAGE|[129]|AGGS|0|600
10:48:39.36 (64629593)|SOQL_EXECUTE_EXPLAIN|[129]|Index on Service_Request_Line_Item__c : [Case__c], cardinality: 2, sobjectCardinality: 10281040, relativeCost 0
10:48:39.36 (64658711)|SOQL_EXECUTE_END|[129]|Rows:2
10:48:39.36 (64687417)|LIMIT_USAGE|[129]|SOQL_ROWS|2|50000
10:48:39.36 (64704661)|HEAP_ALLOCATE|[129]|Bytes:12
10:48:39.36 (64723040)|HEAP_ALLOCATE|[129]|Bytes:116
10:48:39.36 (64799282)|HEAP_ALLOCATE|[129]|Bytes:12
10:48:39.36 (64864699)|HEAP_ALLOCATE|[129]|Bytes:12
10:48:39.36 (64890081)|HEAP_ALLOCATE|[129]|Bytes:4
10:48:39.36 (64897467)|HEAP_ALLOCATE|[129]|Bytes:12
10:48:39.36 (64902563)|HEAP_ALLOCATE|[129]|Bytes:4
10:48:39.36 (64916182)|VARIABLE_SCOPE_BEGIN|[129]|srliMap|Map<Id,Service_Request_Line_Item__c>|true|false
10:48:39.36 (65065985)|VARIABLE_ASSIGNMENT|[129]|srliMap|{"aAmbV00000HZagLSAT":{"Case__c":"500bV00000XwbAhQAJ","Id":"aAmbV00000HZagLSAT"},"aAmbV00000HZagMSAT":{"Case__c":"500bV00000XwbAhQAJ","Id":"aAmbV00000HZagMSAT"}}|0x54a8a43f
10:48:39.36 (65076212)|STATEMENT_EXECUTE|[130]
10:48:39.36 (65092902)|HEAP_ALLOCATE|[130]|Bytes:4
10:48:39.36 (65103758)|VARIABLE_SCOPE_BEGIN|[130]|caseIdToSRLI|Map<Id,Service_Request_Line_Item__c>|true|false
10:48:39.36 (65115683)|VARIABLE_ASSIGNMENT|[130]|caseIdToSRLI|{}|0xe09eb2e
10:48:39.36 (65121129)|STATEMENT_EXECUTE|[131]
10:48:39.36 (65180209)|HEAP_ALLOCATE|[131]|Bytes:4
10:48:39.36 (65186283)|HEAP_ALLOCATE|[131]|Bytes:99
10:48:39.36 (65194568)|HEAP_ALLOCATE|[131]|Bytes:4
10:48:39.36 (65209566)|HEAP_ALLOCATE|[131]|Bytes:7
10:48:39.36 (77289311)|SOQL_EXECUTE_BEGIN|[131]|Aggregations:0|SELECT RelatedToId, Type__c FROM EmailMessage WHERE (RelatedToId = :tmpVar1 AND Type__c = :tmpVar2)
10:48:39.36 (77341722)|LIMIT_USAGE|[131]|SOQL|2|200
10:48:39.36 (77355294)|LIMIT_USAGE|[131]|AGGS|0|600
10:48:39.36 (96618856)|SOQL_EXECUTE_EXPLAIN|[131]|Index on EmailMessage : [RelatedToId], cardinality: 0, sobjectCardinality: 8663700, relativeCost 0
10:48:39.36 (96646522)|SOQL_EXECUTE_END|[131]|Rows:1
10:48:39.36 (96674606)|LIMIT_USAGE|[131]|SOQL_ROWS|3|50000
10:48:39.36 (96690100)|HEAP_ALLOCATE|[131]|Bytes:8
10:48:39.36 (96706797)|HEAP_ALLOCATE|[131]|Bytes:81
10:48:39.36 (96775814)|HEAP_ALLOCATE|[131]|Bytes:8
10:48:39.36 (96841387)|HEAP_ALLOCATE|[131]|Bytes:16
10:48:39.36 (96858711)|HEAP_ALLOCATE|[131]|Bytes:4
10:48:39.36 (96871802)|VARIABLE_SCOPE_BEGIN|[131]|emailMessageMap|Map<Id,EmailMessage>|true|false
10:48:39.36 (96981532)|VARIABLE_ASSIGNMENT|[131]|emailMessageMap|{"02sbV00000W57D1QAJ":{"RelatedToId":"500bV00000XwbAhQAJ","Type__c":"Dispatch","Id":"02sbV00000W57D1QAJ"}}|0x195a659b
10:48:39.36 (96988231)|STATEMENT_EXECUTE|[132]
10:48:39.36 (97001495)|HEAP_ALLOCATE|[132]|Bytes:4
10:48:39.36 (97011456)|VARIABLE_SCOPE_BEGIN|[132]|caseIdToEmail|Map<Id,EmailMessage>|true|false
10:48:39.36 (97019196)|VARIABLE_ASSIGNMENT|[132]|caseIdToEmail|{}|0x11880d1c
10:48:39.36 (97031343)|HEAP_ALLOCATE|[134]|Bytes:4
10:48:39.36 (97053506)|SYSTEM_CONSTRUCTOR_ENTRY|[134]|<init>()
10:48:39.36 (97102597)|SYSTEM_CONSTRUCTOR_EXIT|[134]|<init>()
10:48:39.36 (97143387)|SYSTEM_METHOD_ENTRY|[134]|Map<Id,Service_Request_Line_Item__c>.keySet()
10:48:39.36 (97175015)|HEAP_ALLOCATE|[134]|Bytes:48
10:48:39.36 (97182256)|SYSTEM_METHOD_EXIT|[134]|Map<Id,Service_Request_Line_Item__c>.keySet()
10:48:39.36 (97208168)|SYSTEM_METHOD_ENTRY|[134]|List<Id>.addAll(Object)
10:48:39.36 (97217755)|HEAP_ALLOCATE|[134]|Bytes:8
10:48:39.36 (97224344)|SYSTEM_METHOD_EXIT|[134]|List<Id>.addAll(Object)
10:48:39.36 (97230672)|SYSTEM_METHOD_ENTRY|[134]|List<Id>.iterator()
10:48:39.36 (97281227)|SYSTEM_METHOD_EXIT|[134]|List<Id>.iterator()
10:48:39.36 (97292877)|SYSTEM_METHOD_ENTRY|[134]|system.ListIterator.hasNext()
10:48:39.36 (97304390)|HEAP_ALLOCATE|[134]|Bytes:5
10:48:39.36 (97310176)|SYSTEM_METHOD_EXIT|[134]|system.ListIterator.hasNext()
10:48:39.36 (97342726)|HEAP_ALLOCATE|[134]|Bytes:4
10:48:39.36 (97346499)|VARIABLE_SCOPE_BEGIN|[134]|key|Id|false|false
10:48:39.36 (97399557)|VARIABLE_ASSIGNMENT|[134]|key|"aAmbV00000HZagLSAT"
10:48:39.36 (97403982)|STATEMENT_EXECUTE|[134]
10:48:39.36 (97404866)|STATEMENT_EXECUTE|[135]
10:48:39.36 (97412878)|SYSTEM_METHOD_ENTRY|[135]|Map<Id,Service_Request_Line_Item__c>.get(Object)
10:48:39.36 (97438135)|SYSTEM_METHOD_EXIT|[135]|Map<Id,Service_Request_Line_Item__c>.get(Object)
10:48:39.36 (97443146)|VARIABLE_SCOPE_BEGIN|[135]|srli|Service_Request_Line_Item__c|true|false
10:48:39.36 (97539872)|VARIABLE_ASSIGNMENT|[135]|srli|{"Case__c":"500bV00000XwbAhQAJ","Id":"aAmbV00000HZagLSAT"}|0x3027567c
10:48:39.36 (97568825)|SYSTEM_METHOD_ENTRY|[136]|Map<Id,Service_Request_Line_Item__c>.get(Object)
10:48:39.36 (97584878)|SYSTEM_METHOD_EXIT|[136]|Map<Id,Service_Request_Line_Item__c>.get(Object)
10:48:39.36 (97587960)|STATEMENT_EXECUTE|[136]
10:48:39.36 (97595190)|SYSTEM_METHOD_ENTRY|[136]|Map<Id,Service_Request_Line_Item__c>.put(Object, Object)
10:48:39.36 (97601666)|HEAP_ALLOCATE|[EXTERNAL]|Bytes:-4
10:48:39.36 (97607446)|SYSTEM_METHOD_EXIT|[136]|Map<Id,Service_Request_Line_Item__c>.put(Object, Object)
10:48:39.36 (97612441)|SYSTEM_METHOD_ENTRY|[134]|system.ListIterator.hasNext()
10:48:39.36 (97619308)|HEAP_ALLOCATE|[134]|Bytes:5
10:48:39.36 (97622655)|SYSTEM_METHOD_EXIT|[134]|system.ListIterator.hasNext()
10:48:39.36 (97638195)|HEAP_ALLOCATE|[134]|Bytes:4
10:48:39.36 (97641088)|VARIABLE_SCOPE_BEGIN|[134]|key|Id|false|false
10:48:39.36 (97675741)|VARIABLE_ASSIGNMENT|[134]|key|"aAmbV00000HZagMSAT"
10:48:39.36 (97680470)|STATEMENT_EXECUTE|[134]
10:48:39.36 (97681296)|STATEMENT_EXECUTE|[135]
10:48:39.36 (97686585)|SYSTEM_METHOD_ENTRY|[135]|Map<Id,Service_Request_Line_Item__c>.get(Object)
10:48:39.36 (97691970)|SYSTEM_METHOD_EXIT|[135]|Map<Id,Service_Request_Line_Item__c>.get(Object)
10:48:39.36 (97695297)|VARIABLE_SCOPE_BEGIN|[135]|srli|Service_Request_Line_Item__c|true|false
10:48:39.36 (97742154)|VARIABLE_ASSIGNMENT|[135]|srli|{"Case__c":"500bV00000XwbAhQAJ","Id":"aAmbV00000HZagMSAT"}|0x7a9b8b5e
10:48:39.36 (97752228)|SYSTEM_METHOD_ENTRY|[136]|Map<Id,Service_Request_Line_Item__c>.get(Object)
10:48:39.36 (97757040)|SYSTEM_METHOD_EXIT|[136]|Map<Id,Service_Request_Line_Item__c>.get(Object)
10:48:39.36 (97759441)|STATEMENT_EXECUTE|[136]
10:48:39.36 (97761768)|SYSTEM_METHOD_ENTRY|[134]|system.ListIterator.hasNext()
10:48:39.36 (97766079)|HEAP_ALLOCATE|[134]|Bytes:5
10:48:39.36 (97769113)|SYSTEM_METHOD_EXIT|[134]|system.ListIterator.hasNext()
10:48:39.36 (97776343)|VARIABLE_ASSIGNMENT|[134]|key|null
10:48:39.36 (97789481)|HEAP_ALLOCATE|[139]|Bytes:4
10:48:39.36 (97800877)|SYSTEM_CONSTRUCTOR_ENTRY|[139]|<init>()
10:48:39.36 (97824830)|SYSTEM_CONSTRUCTOR_EXIT|[139]|<init>()
10:48:39.36 (97833559)|SYSTEM_METHOD_ENTRY|[139]|Map<Id,EmailMessage>.keySet()
10:48:39.36 (97854967)|HEAP_ALLOCATE|[139]|Bytes:26
10:48:39.36 (97859161)|SYSTEM_METHOD_EXIT|[139]|Map<Id,EmailMessage>.keySet()
10:48:39.36 (97869732)|SYSTEM_METHOD_ENTRY|[139]|List<Id>.addAll(Object)
10:48:39.36 (97875497)|HEAP_ALLOCATE|[139]|Bytes:4
10:48:39.36 (97880885)|SYSTEM_METHOD_EXIT|[139]|List<Id>.addAll(Object)
10:48:39.36 (97885554)|SYSTEM_METHOD_ENTRY|[139]|List<Id>.iterator()
10:48:39.36 (97890106)|SYSTEM_METHOD_EXIT|[139]|List<Id>.iterator()
10:48:39.36 (97896072)|SYSTEM_METHOD_ENTRY|[139]|system.ListIterator.hasNext()
10:48:39.36 (97900970)|HEAP_ALLOCATE|[139]|Bytes:5
10:48:39.36 (97904788)|SYSTEM_METHOD_EXIT|[139]|system.ListIterator.hasNext()
10:48:39.36 (97922674)|HEAP_ALLOCATE|[139]|Bytes:4
10:48:39.36 (97926361)|VARIABLE_SCOPE_BEGIN|[139]|emailKey|Id|false|false
10:48:39.36 (97955916)|VARIABLE_ASSIGNMENT|[139]|emailKey|"02sbV00000W57D1QAJ"
10:48:39.36 (97960651)|STATEMENT_EXECUTE|[139]
10:48:39.36 (97961825)|STATEMENT_EXECUTE|[140]
10:48:39.36 (97968985)|SYSTEM_METHOD_ENTRY|[140]|Map<Id,EmailMessage>.get(Object)
10:48:39.36 (97988739)|SYSTEM_METHOD_EXIT|[140]|Map<Id,EmailMessage>.get(Object)
10:48:39.36 (97994043)|VARIABLE_SCOPE_BEGIN|[140]|em|EmailMessage|true|false
10:48:39.36 (98074978)|VARIABLE_ASSIGNMENT|[140]|em|{"RelatedToId":"500bV00000XwbAhQAJ","Type__c":"Dispatch","Id":"02sbV00000W57D1QAJ"}|0x6073cb24
10:48:39.36 (98105890)|SYSTEM_METHOD_ENTRY|[141]|Map<Id,EmailMessage>.get(Object)
10:48:39.36 (98121442)|SYSTEM_METHOD_EXIT|[141]|Map<Id,EmailMessage>.get(Object)
10:48:39.36 (98125327)|STATEMENT_EXECUTE|[141]
10:48:39.36 (98134637)|SYSTEM_METHOD_ENTRY|[141]|Map<Id,EmailMessage>.put(Object, Object)
10:48:39.36 (98140160)|HEAP_ALLOCATE|[EXTERNAL]|Bytes:-4
10:48:39.36 (98147916)|SYSTEM_METHOD_EXIT|[141]|Map<Id,EmailMessage>.put(Object, Object)
10:48:39.36 (98154361)|SYSTEM_METHOD_ENTRY|[139]|system.ListIterator.hasNext()
10:48:39.36 (98160841)|HEAP_ALLOCATE|[139]|Bytes:5
10:48:39.36 (98165510)|SYSTEM_METHOD_EXIT|[139]|system.ListIterator.hasNext()
10:48:39.36 (98173796)|VARIABLE_ASSIGNMENT|[139]|emailKey|null
10:48:39.36 (98178585)|STATEMENT_EXECUTE|[144]
10:48:39.36 (98181583)|HEAP_ALLOCATE|[144]|Bytes:59
10:48:39.36 (98195146)|HEAP_ALLOCATE|[144]|Bytes:4
10:48:39.36 (98814397)|SOQL_EXECUTE_BEGIN|[144]|Aggregations:0|SELECT Id FROM EmailTemplate WHERE DeveloperName = :tmpVar1
10:48:39.36 (98846905)|LIMIT_USAGE|[144]|SOQL|3|200
10:48:39.36 (98857201)|LIMIT_USAGE|[144]|AGGS|0|600
10:48:39.36 (104600189)|SOQL_EXECUTE_EXPLAIN|[144]|Index on EmailTemplate : [DeveloperName], cardinality: 1, sobjectCardinality: 4800, relativeCost 0.001
10:48:39.36 (104625265)|SOQL_EXECUTE_END|[144]|Rows:1
10:48:39.36 (104649235)|LIMIT_USAGE|[144]|SOQL_ROWS|4|50000
10:48:39.36 (104665609)|HEAP_ALLOCATE|[144]|Bytes:8
10:48:39.36 (104681942)|HEAP_ALLOCATE|[144]|Bytes:29
10:48:39.36 (104761085)|HEAP_ALLOCATE|[144]|Bytes:8
10:48:39.36 (104777091)|VARIABLE_SCOPE_BEGIN|[144]|template|List<EmailTemplate>|true|false
10:48:39.36 (104858215)|VARIABLE_ASSIGNMENT|[144]|template|[{"Id":"00X36000001Je0ZEAS"}]|0x617c2246
10:48:39.36 (104881741)|SYSTEM_METHOD_ENTRY|[146]|List<Case>.iterator()
10:48:39.36 (104989035)|SYSTEM_METHOD_EXIT|[146]|List<Case>.iterator()
10:48:39.36 (105010681)|SYSTEM_METHOD_ENTRY|[146]|system.ListIterator.hasNext()
10:48:39.36 (105024228)|HEAP_ALLOCATE|[146]|Bytes:5
10:48:39.36 (105028563)|SYSTEM_METHOD_EXIT|[146]|system.ListIterator.hasNext()
10:48:39.36 (105038725)|HEAP_ALLOCATE|[146]|Bytes:28
10:48:39.36 (105045454)|VARIABLE_SCOPE_BEGIN|[146]|c|Case|true|false
10:48:39.36 (105202595)|VARIABLE_ASSIGNMENT|[146]|c|{"Status":"Assigned","attributes":{"type":"Case","url":"/services/data/v65.0 (33 more) ..."},"Id":"500bV00000XwbAhQAJ","CreatedById":"0051R00000JeE4nQAF","CS_TCD_Store__c":"00136000019WhTOAA0","CS_TCD_Store__r":{"IsonNOMAD__c":true,"SMA_ContactEmail__c":"tireshop291@loves.co (1 more) ...","attributes":{"type":"Account","url":"/services/data/v65.0 (36 more) ..."},"Id":"00136000019WhTOAA0"}}|0x54621bf7
10:48:39.36 (105211785)|STATEMENT_EXECUTE|[146]
10:48:39.36 (105247152)|SYSTEM_METHOD_ENTRY|[147]|Map<Id,Service_Request_Line_Item__c>.get(Object)
10:48:39.36 (105268404)|SYSTEM_METHOD_EXIT|[147]|Map<Id,Service_Request_Line_Item__c>.get(Object)
10:48:39.36 (105272248)|STATEMENT_EXECUTE|[147]
10:48:39.36 (105280268)|SYSTEM_METHOD_ENTRY|[148]|Map<Id,EmailMessage>.get(Object)
10:48:39.36 (105289482)|SYSTEM_METHOD_EXIT|[148]|Map<Id,EmailMessage>.get(Object)
10:48:39.36 (105292348)|STATEMENT_EXECUTE|[148]
10:48:39.36 (105295457)|SYSTEM_METHOD_ENTRY|[146]|system.ListIterator.hasNext()
10:48:39.36 (105301231)|HEAP_ALLOCATE|[146]|Bytes:5
10:48:39.36 (105304636)|SYSTEM_METHOD_EXIT|[146]|system.ListIterator.hasNext()
10:48:39.36 (105312213)|VARIABLE_ASSIGNMENT|[146]|c|null|
10:48:39.36 (105316036)|STATEMENT_EXECUTE|[160]
10:48:39.36 (105318758)|VARIABLE_SCOPE_BEGIN|[160]|methodResponse|Boolean|false|false
10:48:39.36 (105326330)|VARIABLE_ASSIGNMENT|[160]|methodResponse|null
10:48:39.36 (105337536)|SYSTEM_METHOD_ENTRY|[161]|List<EmailMessage_Handler.EmailConfiguration>.size()
10:48:39.36 (105348394)|SYSTEM_METHOD_EXIT|[161]|List<EmailMessage_Handler.EmailConfiguration>.size()
10:48:39.36 (105356301)|STATEMENT_EXECUTE|[161]
10:48:39.36 (105367206)|METHOD_EXIT|[120]|01p1R00000JU2Nx|EmailOnStatus.sendEmailMessageForCoreShops(Set<Id>, String)
10:48:39.36 (105380525)|SYSTEM_MODE_EXIT|false
10:48:39.105 (105436964)|CUMULATIVE_LIMIT_USAGE
10:48:39.105 (105436964)|LIMIT_USAGE_FOR_NS|(default)|
  Number of SOQL queries: 3 out of 200
  Number of query rows: 4 out of 50000
  Number of SOSL queries: 0 out of 20
  Number of DML statements: 0 out of 150
  Number of Publish Immediate DML: 0 out of 150
  Number of DML rows: 0 out of 10000
  Maximum CPU time: 0 out of 60000
  Maximum heap size: 0 out of 12000000
  Number of callouts: 0 out of 100
  Number of Email Invocations: 0 out of 10
  Number of future calls: 0 out of 50
  Number of queueable jobs added to the queue: 0 out of 1
  Number of Mobile Apex push calls: 0 out of 10

10:48:39.105 (105436964)|TOTAL_EMAIL_RECIPIENTS_QUEUED|0
10:48:39.105 (105436964)|STATIC_VARIABLE_LIST|
  int:BYTES:0
  int:BYTES:0
  byte[]:DigitOnes:0
  byte[]:DigitTens:0
  Boolean:FALSE:0
  int:MAX_EXPONENT:0
  double:MAX_VALUE:0
  int:MAX_VALUE:0
  int:MIN_EXPONENT:0
  double:MIN_NORMAL:0
  double:MIN_VALUE:0
  int:MIN_VALUE:0
  double:NEGATIVE_INFINITY:0
  double:NaN:0
  double:POSITIVE_INFINITY:0
  int:PRECISION:0
  int:SIZE:0
  int:SIZE:0
  Boolean:TRUE:0
  String:_sfdcAdditionalCodeLocations:0
  String:_sfdcAdditionalCodeLocations:0
  String:_sfdcAdditionalCodeLocations:0
  String:_sfdcAdditionalCodeLocations:0
  String:_sfdcAdditionalCodeLocations:0
  String:_static_DISPATCH_EMAIL_TYPE:0
  String:_static_DISPATCH_ORG_WIDE_EMAIL:0
  String:_static_SOURCE_SYSTEM_CHECK:0
  String:_static_STORE_DATA_NOT_FOUND:0
  String:_static_TEMPLATE_NOT_FOUND:0
  char[]:digits:0
  long:serialVersionUID:0
  long:serialVersionUID:0
  long:serialVersionUID:0

10:48:39.105 (105436964)|CUMULATIVE_LIMIT_USAGE_END

10:48:39.36 (105733495)|CODE_UNIT_FINISHED|EmailOnStatus.sendEmailMessageForCoreShopsAtFuture(Set<Id>, String)
10:48:39.36 (105751394)|EXECUTION_FINISHED
10:48:39.199 (199152445)|CUMULATIVE_PROFILING_BEGIN
10:48:39.199 (199152445)|CUMULATIVE_PROFILING|SOQL operations|
Class.EmailOnStatus.sendEmailMessageForCoreShops: line 131, column 1: [SELECT RelatedToId, Type__c FROM EmailMessage WHERE RelatedToId IN :caseIds AND Type__c =: DISPATCH_EMAIL_TYPE]: executed 1 time in 31 ms
Class.EmailOnStatus.sendEmailMessageForCoreShops: line 129, column 1: [SELECT Case__c FROM Service_Request_Line_Item__c WHERE Case__c IN :caseIds]: executed 1 time in 11 ms
Class.EmailOnStatus.sendEmailMessageForCoreShops: line 144, column 1: [SELECT Id FROM EmailTemplate WHERE DeveloperName =: templateDeveloperName]: executed 1 time in 6 ms

10:48:39.199 (199152445)|CUMULATIVE_PROFILING|No profiling information for SOSL operations
10:48:39.199 (199152445)|CUMULATIVE_PROFILING|No profiling information for DML operations
10:48:39.199 (199152445)|CUMULATIVE_PROFILING|method invocations|
External entry point: public static void sendEmailMessageForCoreShopsAtFuture(Set<Id>, String): executed 1 time in 69 ms
Class.EmailOnStatus.sendEmailMessageForCoreShopsAtFuture: line 120, column 1: public static void sendEmailMessageForCoreShops(Set<Id>, String): executed 1 time in 66 ms
Class.EmailOnStatus.sendEmailMessageForCoreShops: line 123, column 1: global static Object deserialize(String, System.Type): executed 1 time in 4 ms
Class.EmailOnStatus.sendEmailMessageForCoreShops: line 126, column 1: global public static Env_Variable__c getInstance(String): executed 1 time in 2 ms
Class.EmailOnStatus.sendEmailMessageForCoreShops: line 161, column 1: global public Integer size(): executed 1 time in 0 ms
Class.EmailOnStatus.sendEmailMessageForCoreShops: line 134, column 1: global public List<Id>(): executed 7 times in 0 ms
Class.EmailOnStatus.sendEmailMessageForCoreShops: line 135, column 1: global public Object get(Object): executed 2 times in 0 ms
Class.EmailOnStatus.sendEmailMessageForCoreShops: line 136, column 1: global public Object get(Object): executed 3 times in 0 ms
Class.EmailOnStatus.sendEmailMessageForCoreShops: line 139, column 1: global public List<Id>(): executed 6 times in 0 ms
Class.EmailOnStatus.sendEmailMessageForCoreShops: line 140, column 1: global public Object get(Object): executed 1 time in 0 ms
Class.EmailOnStatus.sendEmailMessageForCoreShops: line 141, column 1: global public Object get(Object): executed 2 times in 0 ms

10:48:39.199 (199152445)|CUMULATIVE_PROFILING_END

