51.0 APEX_CODE,FINEST;APEX_PROFILING,FINEST;CALLOUT,FINEST;DATA_ACCESS,INFO;DB,FINEST;NBA,FINEST;SYSTEM,FINE;VALIDATION,INFO;VISUALFORCE,FINER;WAVE,FINEST;WORKFLOW,FINER
10:47:40.0 (289635)|USER_INFO|[EXTERNAL]|0051R00000JeE4n|truck.care.process@loves.com|(GMT-06:00) Central Standard Time (America/Chicago)|GMT-06:00
10:47:40.0 (376075)|EXECUTION_STARTED
10:47:40.0 (408119)|CODE_UNIT_STARTED|[EXTERNAL]|FutureHandler - state load
10:47:40.0 (2215327)|CODE_UNIT_FINISHED|FutureHandler - state load
10:47:40.0 (2239999)|EXECUTION_FINISHED
10:47:40.31 (31621946)|USER_INFO|[EXTERNAL]|0051R00000JeE4n|truck.care.process@loves.com|(GMT-06:00) Central Standard Time (America/Chicago)|GMT-06:00
10:47:40.31 (31642225)|EXECUTION_STARTED
10:47:40.31 (31671424)|CODE_UNIT_STARTED|[EXTERNAL]|01p1R00000JmIcY|Log.insertLogAsync(String)
10:47:40.31 (31819458)|VARIABLE_SCOPE_BEGIN|[25]|Log.Error_Message_MAX_SIZE|Integer|false|true
10:47:40.31 (31914075)|VARIABLE_SCOPE_BEGIN|[26]|Log.Message_MAX_SIZE|Integer|false|true
10:47:40.31 (31984628)|VARIABLE_SCOPE_BEGIN|[24]|Log.STACKTRACE_PATTERN|System.Pattern|true|true
10:47:40.31 (32107091)|HEAP_ALLOCATE|[95]|Bytes:3
10:47:40.31 (32160377)|HEAP_ALLOCATE|[100]|Bytes:152
10:47:40.31 (32174332)|HEAP_ALLOCATE|[417]|Bytes:408
10:47:40.31 (32184739)|HEAP_ALLOCATE|[430]|Bytes:408
10:47:40.31 (32208907)|HEAP_ALLOCATE|[317]|Bytes:6
10:47:40.31 (32219035)|HEAP_ALLOCATE|[EXTERNAL]|Bytes:32
10:47:40.31 (32222508)|HEAP_ALLOCATE|[EXTERNAL]|Bytes:118
10:47:40.31 (32224505)|HEAP_ALLOCATE|[EXTERNAL]|Bytes:31
10:47:40.31 (32249776)|METHOD_ENTRY|[23]|01p1R00000JmIcY|Log.Log()
10:47:40.31 (32260955)|STATEMENT_EXECUTE|[23]
10:47:40.31 (32268160)|STATEMENT_EXECUTE|[23]
10:47:40.31 (32269060)|STATEMENT_EXECUTE|[24]
10:47:40.31 (32270741)|HEAP_ALLOCATE|[24]|Bytes:82
10:47:40.31 (32276578)|HEAP_ALLOCATE|[24]|Bytes:24
10:47:40.31 (32287102)|SYSTEM_METHOD_ENTRY|[1]|Pattern.Pattern()
10:47:40.31 (32289256)|STATEMENT_EXECUTE|[1]
10:47:40.31 (32296800)|SYSTEM_METHOD_EXIT|[1]|Pattern
10:47:40.31 (32432216)|METHOD_ENTRY|[24]||System.Pattern.compile(String)
10:47:40.31 (36211377)|METHOD_EXIT|[24]||System.Pattern.compile(String)
10:47:40.31 (36414593)|VARIABLE_ASSIGNMENT|[24]|Log.STACKTRACE_PATTERN|{"delegate":"0x3ec1766a"}|0x318189cc
10:47:40.31 (36422673)|STATEMENT_EXECUTE|[25]
10:47:40.31 (36425203)|HEAP_ALLOCATE|[24]|Bytes:6
10:47:40.31 (36429681)|HEAP_ALLOCATE|[24]|Bytes:20
10:47:40.31 (36659749)|SYSTEM_METHOD_ENTRY|[25]|Schema.SObjectField.getDescribe()
10:47:40.31 (39859965)|HEAP_ALLOCATE|[EXTERNAL]|Bytes:4
10:47:40.31 (39960026)|HEAP_ALLOCATE|[25]|Bytes:8
10:47:40.31 (39989154)|SYSTEM_METHOD_EXIT|[25]|Schema.SObjectField.getDescribe()
10:47:40.31 (40021862)|HEAP_ALLOCATE|[25]|Bytes:4
10:47:40.31 (40059715)|VARIABLE_ASSIGNMENT|[25]|Log.Error_Message_MAX_SIZE|131072
10:47:40.31 (40064363)|STATEMENT_EXECUTE|[26]
10:47:40.31 (40068179)|HEAP_ALLOCATE|[25]|Bytes:10
10:47:40.31 (40117607)|SYSTEM_METHOD_ENTRY|[26]|Schema.SObjectField.getDescribe()
10:47:40.31 (40317319)|HEAP_ALLOCATE|[EXTERNAL]|Bytes:4
10:47:40.31 (40343943)|HEAP_ALLOCATE|[26]|Bytes:8
10:47:40.31 (40350354)|SYSTEM_METHOD_EXIT|[26]|Schema.SObjectField.getDescribe()
10:47:40.31 (40358422)|HEAP_ALLOCATE|[26]|Bytes:4
10:47:40.31 (40371494)|VARIABLE_ASSIGNMENT|[26]|Log.Message_MAX_SIZE|131072
10:47:40.31 (40374594)|STATEMENT_EXECUTE|[300]
10:47:40.31 (40375913)|STATEMENT_EXECUTE|[312]
10:47:40.31 (40388334)|METHOD_EXIT|[23]|Log
10:47:40.31 (40394814)|HEAP_ALLOCATE|[EXTERNAL]|Bytes:2386
10:47:40.31 (40407957)|VARIABLE_SCOPE_BEGIN|[253]|stringyLog|String|false|false
10:47:40.31 (40418939)|VARIABLE_ASSIGNMENT|[253]|stringyLog|"{\"attributes\":{\"type (2366 more) ..."
10:47:40.31 (40425128)|STATEMENT_EXECUTE|[253]
10:47:40.31 (40425976)|STATEMENT_EXECUTE|[254]
10:47:40.31 (40428223)|HEAP_ALLOCATE|[254]|Bytes:32
10:47:40.31 (40574647)|HEAP_ALLOCATE|[254]|Bytes:33
10:47:40.31 (40587160)|SYSTEM_METHOD_ENTRY|[1]|Type.Type()
10:47:40.31 (40589671)|STATEMENT_EXECUTE|[1]
10:47:40.31 (40595273)|SYSTEM_METHOD_EXIT|[1]|Type
10:47:40.31 (40600044)|HEAP_ALLOCATE|[254]|Bytes:8
10:47:40.31 (40610818)|HEAP_ALLOCATE|[254]|Bytes:8
10:47:40.31 (40614001)|VARIABLE_SCOPE_BEGIN|[4]|this|System.Type|true|false
10:47:40.31 (40671116)|VARIABLE_ASSIGNMENT|[4]|this|{}|0x12c6d412
10:47:40.31 (40674803)|VARIABLE_SCOPE_BEGIN|[4]|apextype|java:common.apex.runtime.ApexObjectType|true|false
10:47:40.31 (40806781)|VARIABLE_ASSIGNMENT|[4]|apextype|"Log__c"|0x58c911e5
10:47:40.31 (40857473)|HEAP_ALLOCATE|[254]|Bytes:8
10:47:40.31 (40892769)|HEAP_ALLOCATE|[254]|Bytes:24
10:47:40.31 (40903709)|SYSTEM_METHOD_ENTRY|[1]|JSON.JSON()
10:47:40.31 (40907123)|STATEMENT_EXECUTE|[1]
10:47:40.31 (40912118)|SYSTEM_METHOD_EXIT|[1]|JSON
10:47:40.31 (40938040)|METHOD_ENTRY|[254]||System.JSON.deserializeStrict(String, System.Type)
10:47:40.31 (41841882)|METHOD_EXIT|[254]||System.JSON.deserializeStrict(String, System.Type)
10:47:40.31 (41857132)|VARIABLE_SCOPE_BEGIN|[254]|log|Log__c|true|false
10:47:40.31 (42119860)|VARIABLE_ASSIGNMENT|[254]|log|{"RecordTypeId":"0121R000001YdL2QAK","Component_Name__c":"EmailMessage_CaseRou (4 more) ...","attributes":{"type":"Log__c"},"Source__c":"ApexClass","Message__c":"::Route Case Logic S (2146 more) ..."}|0x7c98777
10:47:40.31 (42130495)|STATEMENT_EXECUTE|[255]
10:47:40.31 (42178409)|HEAP_ALLOCATE|[255]|Bytes:8
10:47:40.31 (42210783)|DML_BEGIN|[255]|Op:Insert|Type:Log__c|Rows:1
10:47:40.31 (42248225)|LIMIT_USAGE|[255]|DML|1|150
10:47:40.31 (42308806)|LIMIT_USAGE|[255]|DML_ROWS|1|10000
10:47:40.31 (42325677)|HEAP_ALLOCATE|[EXTERNAL]|Bytes:8
10:47:40.31 (104312117)|DML_END|[255]
10:47:40.31 (104329445)|HEAP_ALLOCATE|[255]|Bytes:-4
10:47:40.105 (105175374)|CUMULATIVE_LIMIT_USAGE
10:47:40.105 (105175374)|LIMIT_USAGE_FOR_NS|(default)|
  Number of SOQL queries: 0 out of 200
  Number of query rows: 0 out of 50000
  Number of SOSL queries: 0 out of 20
  Number of DML statements: 1 out of 150
  Number of Publish Immediate DML: 0 out of 150
  Number of DML rows: 1 out of 10000
  Maximum CPU time: 0 out of 60000
  Maximum heap size: 0 out of 12000000
  Number of callouts: 0 out of 100
  Number of Email Invocations: 0 out of 10
  Number of future calls: 0 out of 50
  Number of queueable jobs added to the queue: 0 out of 1
  Number of Mobile Apex push calls: 0 out of 10

10:47:40.105 (105175374)|TOTAL_EMAIL_RECIPIENTS_QUEUED|0
10:47:40.105 (105175374)|STATIC_VARIABLE_LIST|
  int:BYTES:0
  int:BYTES:0
  byte[]:DigitOnes:0
  byte[]:DigitTens:0
  Boolean:FALSE:0
  int:MAX_EXPONENT:0
  double:MAX_VALUE:0
  int:MAX_VALUE:0
  int:MIN_EXPONENT:0
  double:MIN_NORMAL:0
  double:MIN_VALUE:0
  int:MIN_VALUE:0
  double:NEGATIVE_INFINITY:0
  double:NaN:0
  double:POSITIVE_INFINITY:0
  int:PRECISION:0
  int:SIZE:0
  int:SIZE:0
  Boolean:TRUE:0
  String:__sfdcInnerTypes:0
  String:_sfdcAdditionalCodeLocations:0
  String:_sfdcAdditionalCodeLocations:0
  String:_sfdcAdditionalCodeLocations:0
  String:_sfdcAdditionalCodeLocations:0
  String:_sfdcAdditionalCodeLocations:0
  String:_sfdcSuppressedCodeLocations:0
  Integer:_static_Error_Message_MAX_SIZE:0
  Integer:_static_Message_MAX_SIZE:0
  char[]:digits:0
  long:serialVersionUID:0
  long:serialVersionUID:0
  long:serialVersionUID:0

10:47:40.105 (105175374)|CUMULATIVE_LIMIT_USAGE_END

10:47:40.31 (105958439)|CODE_UNIT_FINISHED|Log.insertLogAsync(String)
10:47:40.31 (105978497)|EXECUTION_FINISHED
10:47:40.188 (188764936)|CUMULATIVE_PROFILING_BEGIN
10:47:40.188 (188764936)|CUMULATIVE_PROFILING|No profiling information for SOQL operations
10:47:40.188 (188764936)|CUMULATIVE_PROFILING|No profiling information for SOSL operations
10:47:40.188 (188764936)|CUMULATIVE_PROFILING|DML operations|
Class.Log.insertLogAsync: line 255, column 1: Insert: Log__c: executed 1 time in 63 ms

10:47:40.188 (188764936)|CUMULATIVE_PROFILING|method invocations|
External entry point: private static void insertLogAsync(String): executed 1 time in 73 ms
Class.Log: line 24, column 1: global static System.Pattern compile(String): executed 1 time in 4 ms
Class.Log: line 25, column 1: global Schema.DescribeFieldResult getDescribe(): executed 1 time in 3 ms
Class.Log: line 26, column 1: global Schema.DescribeFieldResult getDescribe(): executed 1 time in 1 ms
Class.Log.insertLogAsync: line 254, column 1: global static Object deserializeStrict(String, System.Type): executed 1 time in 1 ms

10:47:40.188 (188764936)|CUMULATIVE_PROFILING_END

