66.0 APEX_CODE,FINEST;APEX_PROFILING,FINEST;CALLOUT,FINEST;DATA_ACCESS,INFO;DB,FINEST;NBA,FINE;SYSTEM,FINE;VALIDATION,INFO;VISUALFORCE,FINER;WAVE,FINEST;WORKFLOW,FINER
14:08:04.0 (189961)|USER_INFO|[EXTERNAL]|00536000004AWAx|loves.admin@loves.com.qa|(GMT-06:00) Central Standard Time (America/Chicago)|GMT-06:00
14:08:04.0 (95982411)|FLOW_CREATE_INTERVIEW_BEGIN|00DWH000004XmjV|3001R000000LXU2|301WH00000ZTEDO
14:08:04.0 (96078380)|FLOW_CREATE_INTERVIEW_END|161059737e1e1b19d725792d03e719c3468e97c-2e06|HR -  Round Robin
14:08:04.104 (104898442)|USER_INFO|[EXTERNAL]|00536000004AWAx|loves.admin@loves.com.qa|(GMT-06:00) Central Standard Time (America/Chicago)|GMT-06:00
14:08:04.104 (104947839)|FLOW_START_INTERVIEWS_BEGIN|1
14:08:04.104 (104997418)|FLOW_START_INTERVIEW_BEGIN|161059737e1e1b19d725792d03e719c3468e97c-2e06|HR -  Round Robin
14:08:04.104 (105053283)|FLOW_START_INTERVIEW_LIMIT_USAGE|SOQL queries: 0 out of 200
14:08:04.104 (105100601)|FLOW_START_INTERVIEW_LIMIT_USAGE|SOQL query rows: 0 out of 50000
14:08:04.104 (105105896)|FLOW_START_INTERVIEW_LIMIT_USAGE|SOSL queries: 0 out of 20
14:08:04.104 (105110420)|FLOW_START_INTERVIEW_LIMIT_USAGE|DML statements: 0 out of 150
14:08:04.104 (105114550)|FLOW_START_INTERVIEW_LIMIT_USAGE|DML rows: 0 out of 10000
14:08:04.104 (105118646)|FLOW_START_INTERVIEW_LIMIT_USAGE|CPU time in ms: 10 out of 65000
14:08:04.104 (105127418)|FLOW_START_INTERVIEW_LIMIT_USAGE|Heap size in bytes: 0 out of 12000000
14:08:04.104 (105132058)|FLOW_START_INTERVIEW_LIMIT_USAGE|Callouts: 0 out of 100
14:08:04.104 (105136579)|FLOW_START_INTERVIEW_LIMIT_USAGE|Email invocations: 0 out of 10
14:08:04.104 (105140429)|FLOW_START_INTERVIEW_LIMIT_USAGE|Future calls: 0 out of 50
14:08:04.104 (105144139)|FLOW_START_INTERVIEW_LIMIT_USAGE|Jobs in queue: 0 out of 50
14:08:04.104 (105148084)|FLOW_START_INTERVIEW_LIMIT_USAGE|Push notifications: 0 out of 10
14:08:04.104 (105362808)|FLOW_VALUE_ASSIGNMENT|161059737e1e1b19d725792d03e719c3468e97c-2e06|start__scheduledPath|X1_minute_delay
14:08:04.104 (227689030)|FLOW_VALUE_ASSIGNMENT|161059737e1e1b19d725792d03e719c3468e97c-2e06|$Record|{Id=500WH00000QruLHYAZ, IsDeleted=false, MasterRecordId=null, CaseNumber=21474400, ContactId=003WH00000aeAIEYA2, AccountId=001WH00000Yv2OyYAJ, AssetId=null, ProductId=null, EntitlementId=null, SourceId=02sWH00000DtBZdYAN, BusinessHoursId=01m36000000IHHpAAO, ParentId=null, SuppliedName=Travis Canales, SuppliedEmail=travis.canales@loves.com, SuppliedPhone=null, SuppliedCompany=null, Type=null, RecordTypeId=0121R000001YdbUQAS, Status=New, Reason=null, Origin=Email, Language=null, Subject=ts, Priority=Medium, Description=Test

Get Outlook for Mac<https://aka.ms/GetOutlookForMac>

----------------------------------------------------------------------
Love's Travel Stops & Country Stores, Inc.From the LoveΓÇÖs Family of Companies:  This email neither constitutes an agreement to conduct transactions by electronic means nor creates or amends any legally binding contract or enforceable obligation in the absence of a fully signed written contract authorizing the same. This email, and any attachments and/or documents linked to this email may contain confidential and/or proprietary information and are nonetheless intended to be viewed and used legally by the individual(s) to whom addressed. Please immediately delete from your system any email you receive from us in error. Any views or opinions in this email or any attachment are solely those of the author and do not necessarily represent those of our companies., IsClosed=false, ClosedDate=null, IsEscalated=false, OwnerId=00G1R000002yG3EUAU, IsClosedOnCreate=false, SlaStartDate=null, SlaExitDate=null, IsStopped=false, StopStartDate=null, CreatedDate=2026-02-06 16:05:32, CreatedById=00536000004AWAxAAO, LastModifiedDate=2026-02-06 16:05:38, LastModifiedById=00536000004AWAxAAO, SystemModstamp=2026-02-06 16:05:40, ContactPhone=405847-2636, ContactMobile=null, ContactEmail=travis.canales@loves.com, ContactFax=null, Comments=null, LastViewedDate=null, LastReferencedDate=null, ConnectionReceivedId=null, ConnectionSentId=null, AssetWarrantyId=null, ServiceContractId=null, MilestoneStatus=null, Fleet_Account_Manager_Email__c=null, Fleet_Account_Specialist_Email__c=null, Case_Business_Unit__c=null, Case_Environment__c=null, Case_SF_Case_Number__c=null, Case_SF_Case_Opened__c=null, Case_SF_Object__c=null, Fleet_Coordinator_Email__c=null, Conversation_ID__c=null, ByPassValidation__c=false, CS_Store__c=null, Case_Type__c=null, Category__c=null, Cause__c=null, Contact_Email__c=travis.canales@loves.com, Contact_FirstName__c=Travis, Contact_LastName__c=Canales, Contact_Phone_or_Mobile__c=PH:405847-2636
M:, From_Queue__c=00G1R000002yG3E, From_RecordType__c=0121R000001YdbU, HD_Beta_Description__c=null, HD_Beta_Test_Team__c=null, HD_Call_Tag_Number__c=null, HD_Case_Owner_ReadOnly__c=_HL_ENCODED_/p/own/Queue/d?id=00G1R000002yG3E_HL_HR - Talent Stop_HL__blank_HL_, HD_Courier_Details__c=null, HD_Customer_Requested_Date__c=null, HD_Depot_Selection__c=null, HD_Document_Needs_Update__c=false, HD_Document_Not_Found__c=false, HD_External_Ticket_Number__c=null, HD_Follow_Up_Date__c=null, HD_Footprints_Queue_Owner_Name__c=None, HD_Global__c=false, HD_Installed_Date__c=null, HD_Item_Serial_Number__c=null, HD_Item__c=null, HD_NCR_Check_In__c=false, HD_NCR_Check_Out__c=false, HD_Number_of_Parts_Requested__c=null, HD_Received_Date__c=null, HD_Received__c=null, HD_Returnable__c=null, HD_Shipped_Date__c=null, HD_Shipping_Method__c=null, HD_Store_Training_Issue__c=false, HD_System_Name__c=null, HD_Tracking_Number__c=null, HD_Training_Op_Description__c=null, HD_Training_Op_Recipient__c=null, HD_Training_Op_Requestor__c=null, HD_Training_Opportunity__c=false, HD_Type_of_Request__c=null, HD_Vendor_ETA_Date__c=null, HD_Vendor_Ref_Number__c=null, HD_Vendor__c=null, Interaction__c=null, Last_Owner__c=HR - Talent Stop, LockCase__c=false, MyStoresCases__c=false, My_Case__c=true, OwnerType__c=Queue, PricebookType__c=null, Quick_Case_Subject__c=null, Quick_Case_Topic__c=null, Quick_Case__c=false, ReOpen__c=_HL_ENCODED_mailto:helpdesk@loves.com?body=This%20ticket%20was%20not%20resolved%0D%0A%0D%0A**Do%20not%20change%20the%20Subject%20line**%0D%0A%0D%0AThank%20you%0D%0FHelpDesk%20Support&Subject=(Ref:IN:ref:_00DWHXmjV._500WHQruLH:ref) [**REOPEN**]_HL_REOPEN_HL__blank_HL_, Record_Type_Name__c=HR Support, Requester__c=null, Resolution_Comments__c=null, Resolution__c=null, Resolved_By__c=null, SubCategory__c=null, SubType__c=null, Support_Team__c=null, Symptom__c=null, Submitted_on_Behalf_Of__c=Store, Manager_Case_Owner__c= , Data_Quality_Description__c=Missing: Type, Reason, Meaningful Subject Line, Data_Quality_Score__c=55.0, Unique_Count__c=1.0, FS_Account_Number__c=null, FS_Billing_Card__c=null, FS_Current_Discount__c=null, FS_Date_Approved__c=null, FS_Discount_Change__c=null, FS_Effective_Date__c=null, FS_Fee_Paid__c=null, FS_Global_Discount__c=false, FS_Location__c=null, FS_New_Account__c=false, FS_Request_Applied_On__c=null, Fleet_Sales_Approving_Supervisor__c=null, Anonymous__c=false, CS_1_800_Number_for_a_Bank__c=null, CS_Account_Dispatch_Contact_Name__c=null, CS_Account_Dispatch_Phone__c=null, CS_Answered_Correctly__c=null, CS_Arrived_On_Site_Datetime__c=null, CS_Bank__c=null, CS_Billing_Error__c=false, CS_Call_in_Datetime__c=2026-02-06 16:05:32, CS_Case_Type__c=null, CS_Cash_Credit_Issue__c=false, CS_Category__c=null, CS_Check_Number__c=0000000000, CS_Check_Type__c=null, CS_Collected__c=false, CS_Conferenced_Correctly__c=null, CS_Credit_Card_Type__c=null, CS_Customer_On_site__c=false, CS_DB_Disputes__c=false, CS_DOT_Serial_Number__c=null, CS_DR_Number__c=null, CS_Dayton_Split_Rims__c=null, CS_Departed_Store_Datetime__c=null, CS_Disputed_Amount__c=null, CS_Driver_Contact__c=null, CS_Driver_Location__Latitude__s=null, CS_Driver_Location__Longitude__s=null, CS_ETA_Datetime__c=null, CS_ETA_Hours__c=null, CS_ETA_Minutes__c=null, CS_ETA_Under_90__c=Yes, CS_ETA_Variance__c=null, CS_Email_Notifications_CC__c=null, CS_Email_Notifications_TO__c=null, CS_Escalate_to_DM__c=false, CS_Escalate_to_OPS__c=false, CS_First_Store_Reason__c=null, CS_First_Store__c=null, CS_Flag__c=false, CS_Fleet_Card_Type__c=null, CS_Fleet_Name__c=null, CS_Incorrect_Info__c=false, CS_MOD_Involved__c=null, CS_MaddenCo_Invoice_Number__c=null, CS_Mudflap_Damage__c=null, CS_Name_On_Check__c=null, CS_Off_Tire_DOT__c=null, CS_Off_Tire_Instructions__c=null, CS_PO_Number__c=null, CS_Passenger_Vehicle__c=false, CS_Payment_Account_Number__c=null, CS_Payment_Type__c=null, CS_Portal_to_Portal__c=null, CS_Prepaid_Card__c=null, CS_Product_Service_Instructions__c=Click on the 'Add Product/Service' button above to add additional products and services to this case, CS_Quick_Call_Options__c=null, CS_Reference_Number__c=null, CS_Return_Check_Letter_Received__c=false, CS_Returned_to_Store_Datetime__c=null, CS_Rev_Requested__c=false, CS_Reversed_in_house__c=false, CS_Rim_Damage__c=null, CS_Roll_Datetime__c=null, CS_Roundtrip_Mileage__c=null, CS_Service_Completed_Datetime__c=null, CS_Set_TO_List__c=_HL_ENCODED_/flow/CS_Case_Email_Notifications?varCaseId=500WH00000QruLH&retURL=500WH00000QruLH_HL_Link_HL__self_HL_, CS_Spanish_Speaking__c=false, CS_Status_Reason__c=null, CS_Still_on_Register__c=false, CS_Store_Acceptance_Datetime__c=null, CS_Store_Email__c=null, CS_SubType__c=null, CS_TCD_Store__c=null, CS_Technician__c=null, CS_Third_Party_CaseNumber__c=null, CS_Third_Party_Contact_Ext__c=null, CS_Third_Party_Contact_Name__c=null, CS_Third_Party_Contact_Phone__c=null, CS_Third_Party_Dispatch__c=null, CS_Tire_Cause_of_Failure__c=null, CS_Tire_Disposal__c=null, CS_Tire_Position__c=null, CS_Tire_Pressure__c=null, CS_Tire_Tractor_Tread_Depth__c=null, CS_Tire_Tread_Depth__c=null, CS_Total_Dispatch_Time__c=null, CS_Total_Service_Time__c=null, CS_Transaction_Completed_Datetime__c=null, CS_Truck_Loaded_Datetime__c=null, CS_Truck_No__c=null, CS_US_DOT_Number__c=null, CS_Vehicle_Color__c=null, CS_Vehicle_DOT_Number__c=null, CS_Vehicle_License_Plate_Number__c=null, CS_Vehicle_License_Plate_State__c=null, CS_Vehicle_Location__c=null, CS_Vehicle_Make__c=null, CS_Vehicle_Model__c=null, CS_Vehicle_Number__c=null, CS_Vehicle_Trailer_Number__c=null, CS_Vehicle_Truck_Number__c=null, CS_Vehicle_Type__c=null, CS_Vehicle_VIN__c=null, CS_Vehicle_Year__c=1900, CS_Void_or_Refund_Did_Not_Work__c=false, CS_Wheel_Position__c=null, CS_WorkOrder_Completed_Datetime__c=null, CaseNotes__c=null, CompletedBy__c=null, Driver_Location_Text__c=0 0, MapAnything_City__c=null, MapAnything_Country__c=null, MapAnything_My_Case__c=false, MapAnything_Open_Case__c=_HL_ENCODED_/apex/SFPS_SCA_VFOpenConsoleTab?BackToRecordId=500WH00000QruLH&TargetURL=%2F500WH00000QruLH&IsPrimaryTab=TRUE_HL_21474400_HL__blank_HL_, MapAnything_State__c=null, MapAnything_Street__c=null, MapAnything_ZIP__c=null, Reset_Map_Anything_Pin__c=false, Spam_Flag__c=false, TCD_Case_Type__c=null, TCD_SubType__c=null, Reset_by_Dispatch__c=false, Trillium_Station__c=null, Vehicle_Mileage__c=null, Vehicle__c=null, WorkOrder_Id__c=null, Work_Type__c=null, Legacy_CreatedDate__c=null, AlarmCode__c=null, AlarmCount__c=null, AlarmResponse__c=null, CS_ETA__c=null, CS_Incomplete_Reason__c=null, CS_Technician_Acceptance_Datetime__c=null, AlarmState__c=null, ExtentofOutage__c=No Outage, Flags_Priority__c=_IM1_/img/samples/flag_yellow.gif_IM2_ _IM3__15_IM4_15_IM5_, OutageType__c=None, Time__c=null, Legacy_CloseDate__c=null, Legacy_ID__c=null, Legacy_Posting_Date__c=null, Legacy_UserName__c=null, Pricebook_Category__c=null, Supply_Chain_Category__c=null, CS_Comment_Date__c=null, CS_Comment_Location__c=null, CS_Comment_Topic__c=null, Contact_Preference_Type__c=null, Contact_Preference__c=false, SuppliedCity__c=null, SuppliedCountry__c=null, SuppliedFirstName__c=null, SuppliedLastName__c=null, SuppliedPostalCode__c=null, SuppliedState__c=null, SuppliedStreet__c=null, Internal_Case_Comment_Count__c=0.0, Comments__c=null, SF_Additional_Access__c=null, SF_Contact_Email__c=null, SF_Duplicate_Account_S__c=null, SF_Duplicate_Account_s_SF_ID__c=null, SF_Master_Account_Name__c=null, SF_Master_Account_SF_ID__c=null, SF_Master_SAP_ID__c=null, SF_New_User_Email__c=null, SF_New_User_Fax__c=null, SF_New_User_Name__c=null, SF_New_User_Phone__c=null, Supervisor__c=null, Work_Order_Status__c=null, Owner_Username__c=null, Card_Number__c=null, Contact_Number__c=null, Full_Name__c=null, New_Card_Label__c=null, Quantity__c=null, Field_Contact_Email__c=null, Case_Notes__c=null, Category1__c=null, Category2__c=null, Category3__c=null, Category4__c=null, Category5__c=null, D_D__c=false, HD_DateTime_Last_Outage_Alert_Sent__c=null, PhoneSessionId__c=null, Spoke_to_Rep__c=null, Escalation_Indicator__c=  , Cost__c=null, INC_Retail_Price__c=null, INC_Vendor_Name__c=null, INC_Vendor_Number__c=null, PB_Item_Description__c=null, PB_UPC__c=null, Application_Owners__c=null, Inc_Application_Name__c=null, Inc_Application_Version__c=null, INC_Role_of_Sender__c=null, HD_Training_Op_Description1__c=null, HD_Training_Op_Recipient1__c=null, HD_Training_Op_Requestor_1__c=null, HD_Training_Opportunity1__c=false, Prevent_Workflow_Activation1__c=false, Prevent_Workflow_Activation__c=false, Spoke_to_Rep1__c=null, Check_Parent_Case__c=true, Alerts__c=null, App_Module__c=null, Case_Context__c=null, Error_Details__c=null, Product_Vendor__c=null, Version_Part__c=null, Call_Back_Needed__c=false, Account_Fleet__c=null, Training_Op_Reason_1__c=null, Training_Op_Reason__c=null, Contact_User_Affected__c=false, SF_Support_User__c=null, System_Affected__c=null, User_Effected_Email__c=null, User_Effected_Name__c=null, User_Effected_Phone__c=null, VSTS_Assigned_To__c=null, VSTS_Due_Date__c=null, VSTS_Id__c=null, VSTS_Priority__c=null, VSTS_Project_Team__c=null, VSTS_Repro_Steps__c=null, VSTS_Resolution__c=null, VSTS_Resolved_Date__c=null, VSTS_Severity__c=null, VSTS_System_Info__c=null, VSTS_Tags__c=null, VSTS_Type__c=null, Department_of_last_Modified_By__c=IT, Alarm_DurationMinutes__c=null, Store_Op_Description__c=null, Store_Op_Reason__c=null, Store_Op_Requestor__c=null, Store_Opportunity__c=false, Tag__c=false, Training_1_Opportunity_Received_Date__c=null, Training_Opportunity_Received_Date__c=null, Manager_Training_1_Opportunity_Recipient__c= , Manager_Training_Opportunity_Recipient__c=null, Number_of_Child_Cases__c=0.0, Complexity__c=Low, Hours_Estimate_Total__c=null, Rank__c=null, HaveCallRecording__c=false, CreditAmount__c=null, InvoiceAmount__c=null, InvoiceNumber__c=null, RebillAmount__c=null, Responsible_Party__c=null, Date_of_Birth__c=null, Driver_s_License_Number__c=null, SSN__c=null, Type_of_Request__c=null, Approver_1__c=null, Approver_2__c=null, Approver_3__c=null, Approver_4__c=null, Approver_5__c=null, Secured_Payment__c=0.0, Knowledge_Required__c=false, Credit_Memo_for_Closure__c=null, Replacement_DR_Number__c=null, Quiq_Conversation_ID__c=null, HR_Subject__c=null, Case_Age_Days__c=0.0, Average_Agent_Message_Duration__c=null, Average_Customer_Message_Duration__c=null, Initial_Agent_Response_Duration__c=null, Number_of_Agent_Messages__c=null, Number_of_Customer_Messages__c=null, Number_of_Requeues__c=null, Work_Time__c=null, Store_Area__c=null, Type_of_Request_Pricebook__c=null, Vendor__c=null, SM_Planogram_Status_change__c=null, Article_Feedback_Action__c=null, Case_Owner_Name__c=HR - Talent Stop, Suggestion__c=null, Bot_Resolved__c=false, Contact_Reason__c=null, Portal_Candidate__c=false, Work_Time_Minutes__c=0.0, Average_Agent_Message_Duration_Min__c=0.0, Average_Customer_Message_Duration_Min__c=0.0, Initial_Agent_Response_Duration_Min__c=0.0, Contact_Point_ID__c=null, Conversation_End_Time__c=null, Conversation_Start_Time__c=null, Overdue__c=false, Service_Address__c=null, Multiple_Stores__c=false, Number_of_Stores__c=null, Day_Created__c=Friday, Corporate_Portal__c=false, Corporate_recurring_case_age__c=null, Maintainance_planed_date__c=null, Maintenance_Plan__c=null, Recurring_notification__c=null, Today_Maintanance_date__c=false, Today_Reccuring_date__c=false, Today_Recurring_Close_date__c=false, PB_Vendor_Number__c=null, Service_Type__c=Roadside, TCD_Depart_Time__c=null, QueueName__c=HR - Talent Stop, Partner_Reference_Number__c=null, RFC_Deployed_Date__c=null, Status_Change_Date__c=null, Atlas_Case__c=null, Type_of_Request_Corporate_Support__c=null, Error_Reject__c=0.0, Category_Selection__c=null, How_would_you_like_us_to_contact_you__c=null, Web_Store__c=null, What_Do_You_Need_Help_With_Today__c=null, DevOps_Area__c=null, DevOps_Environment__c=null, DevOps_Work_Type__c=null, Item_Issue__c=null, SourceSystem__c=null, Live_Date__c=null, Floorplans_Affected__c=null, Planograms_Affected__c=null, Feedback__c=null, Tire_Sales_Rep__c=null, Fleet_Account__c=Corporate C0152, Sales_Region__c=null, Fuel_Type__c=null, Gallons_Dispensed__c=null, Last_4_Digits_of_Card__c=null, Transaction_Amount__c=null, Survey_ID__c=null, Compared_to_Regular_Fleet_Transactions__c=false, EP_Assessment__c=null, End_Date__c=null, Fleet_Name_Lookup__c=null, High_Fraud_Area__c=false, Mobile_ID__c=null, Number_of_Transactions__c=null, Reasonable_Limits__c=false, Reimbursement_Amount__c=null, Reviewed_Transactional_Film__c=false, Start_Date__c=null, Strong_Prompting_Used__c=false, Date_and_Time_of_Incident__c=null, Owner__c= , Fraud_Dispute_Case__c=false, Personal_Email__c=null, DateofBirth__c=null, Drivers_License_Number__c=null, SSN_Number__c=null, Related_WorkOrder__c=null, CS_Vehicle_Make2__c=null, Rebill_Percent__c=null, GPS_Difference__c=null, Original_Transaction_Date__c=2026-02-06 00:00:00, Disposition__c=null, InboundPhoneNumber__c=null, Tags__c=null, isERSNewFlow__c=false, ASN_Request__c=null, Invoice_Date__c=null, Return_Tracking_Number__c=null, Technician_Type__c=null, DOA__c=false, Mass_Update__c=false}
14:08:04.104 (228018434)|FLOW_ELEMENT_BEGIN|161059737e1e1b19d725792d03e719c3468e97c-2e06|FlowDecision|Which_Group
14:08:04.104 (228072625)|FLOW_ELEMENT_DEFERRED|FlowDecision|Which_Group
14:08:04.104 (228148834)|FLOW_ELEMENT_LIMIT_USAGE|43 ms CPU time, total 53 out of 65000
14:08:04.104 (228177338)|FLOW_ELEMENT_END|161059737e1e1b19d725792d03e719c3468e97c-2e06|FlowDecision|Which_Group
14:08:04.104 (228206307)|FLOW_START_INTERVIEW_END|161059737e1e1b19d725792d03e719c3468e97c-2e06|HR -  Round Robin
14:08:04.104 (228430355)|FLOW_BULK_ELEMENT_BEGIN|FlowDecision|Which_Group
14:08:04.104 (228574134)|FLOW_RULE_DETAIL|161059737e1e1b19d725792d03e719c3468e97c-2e06|Is_HR_Benefits|false|false
14:08:04.104 (228598570)|FLOW_RULE_DETAIL|161059737e1e1b19d725792d03e719c3468e97c-2e06|Is_HR_Talent_Stop|true|false
14:08:04.104 (228616223)|FLOW_VALUE_ASSIGNMENT|161059737e1e1b19d725792d03e719c3468e97c-2e06|Is_HR_Benefits|false
14:08:04.104 (228619321)|FLOW_VALUE_ASSIGNMENT|161059737e1e1b19d725792d03e719c3468e97c-2e06|Is_HR_Talent_Stop|true
14:08:04.104 (228742750)|FLOW_BULK_ELEMENT_LIMIT_USAGE|1 ms CPU time, total 54 out of 65000
14:08:04.104 (228806255)|FLOW_BULK_ELEMENT_END|FlowDecision|Which_Group|0|0
14:08:04.104 (228832244)|FLOW_ELEMENT_BEGIN|161059737e1e1b19d725792d03e719c3468e97c-2e06|FlowRecordLookup|Get_Assignment_Group
14:08:04.104 (228845920)|FLOW_ELEMENT_DEFERRED|FlowRecordLookup|Get_Assignment_Group
14:08:04.104 (228868505)|FLOW_ELEMENT_END|161059737e1e1b19d725792d03e719c3468e97c-2e06|FlowRecordLookup|Get_Assignment_Group
14:08:04.104 (228944940)|FLOW_BULK_ELEMENT_BEGIN|FlowRecordLookup|Get_Assignment_Group
14:08:04.104 (229085957)|LIMIT_USAGE|[EXTERNAL]|FIELDSETS_DESCRIBES|1|100
14:08:04.104 (238100334)|LIMIT_USAGE|[EXTERNAL]|SOQL_ROWS|1|50000
14:08:04.104 (238119701)|LIMIT_USAGE|[EXTERNAL]|SOQL|1|200
14:08:04.104 (238123149)|LIMIT_USAGE|[EXTERNAL]|AGGS|1|600
14:08:04.104 (238280867)|FLOW_VALUE_ASSIGNMENT|161059737e1e1b19d725792d03e719c3468e97c-2e06|Get_Assignment_Group|{Round_Robin_Limit__c=10.0, Id=a9KWH0000001BHZ2A2, Turn_Off_Round_Robin__c=false}
14:08:04.104 (238319183)|FLOW_BULK_ELEMENT_DETAIL|FlowRecordLookup|Get_Assignment_Group|1
14:08:04.104 (238594512)|FLOW_BULK_ELEMENT_LIMIT_USAGE|1 SOQL queries, total 1 out of 200
14:08:04.104 (238603733)|FLOW_BULK_ELEMENT_LIMIT_USAGE|1 SOQL query rows, total 1 out of 50000
14:08:04.104 (238611590)|FLOW_BULK_ELEMENT_LIMIT_USAGE|5 ms CPU time, total 59 out of 65000
14:08:04.104 (238628115)|FLOW_BULK_ELEMENT_END|FlowRecordLookup|Get_Assignment_Group|1|9
14:08:04.104 (238662482)|FLOW_ELEMENT_BEGIN|161059737e1e1b19d725792d03e719c3468e97c-2e06|FlowRecordLookup|Get_Group_Members
14:08:04.104 (238680903)|FLOW_ELEMENT_DEFERRED|FlowRecordLookup|Get_Group_Members
14:08:04.104 (238758010)|FLOW_ELEMENT_END|161059737e1e1b19d725792d03e719c3468e97c-2e06|FlowRecordLookup|Get_Group_Members
14:08:04.104 (238795997)|FLOW_BULK_ELEMENT_BEGIN|FlowRecordLookup|Get_Group_Members
14:08:04.104 (238960549)|LIMIT_USAGE|[EXTERNAL]|FIELDSETS_DESCRIBES|2|100
14:08:04.104 (251784923)|LIMIT_USAGE|[EXTERNAL]|SOQL_ROWS|1|50000
14:08:04.104 (251804005)|LIMIT_USAGE|[EXTERNAL]|SOQL|2|200
14:08:04.104 (251807527)|LIMIT_USAGE|[EXTERNAL]|AGGS|2|600
14:08:04.104 (251874529)|FLOW_VALUE_ASSIGNMENT|161059737e1e1b19d725792d03e719c3468e97c-2e06|Get_Group_Members|false
14:08:04.104 (251893676)|FLOW_BULK_ELEMENT_DETAIL|FlowRecordLookup|Get_Group_Members|0
14:08:04.104 (252059900)|FLOW_BULK_ELEMENT_LIMIT_USAGE|1 SOQL queries, total 2 out of 200
14:08:04.104 (252092866)|FLOW_BULK_ELEMENT_LIMIT_USAGE|7 ms CPU time, total 66 out of 65000
14:08:04.104 (252109851)|FLOW_BULK_ELEMENT_END|FlowRecordLookup|Get_Group_Members|0|13
14:08:04.104 (252150513)|FLOW_ELEMENT_BEGIN|161059737e1e1b19d725792d03e719c3468e97c-2e06|FlowDecision|Copy_1_of_Round_Robin_On_Off
14:08:04.104 (252169616)|FLOW_ELEMENT_DEFERRED|FlowDecision|Copy_1_of_Round_Robin_On_Off
14:08:04.104 (252222868)|FLOW_ELEMENT_LIMIT_USAGE|1 ms CPU time, total 67 out of 65000
14:08:04.104 (252265733)|FLOW_ELEMENT_END|161059737e1e1b19d725792d03e719c3468e97c-2e06|FlowDecision|Copy_1_of_Round_Robin_On_Off
14:08:04.104 (252294956)|FLOW_BULK_ELEMENT_BEGIN|FlowDecision|Copy_1_of_Round_Robin_On_Off
14:08:04.104 (252411362)|FLOW_RULE_DETAIL|161059737e1e1b19d725792d03e719c3468e97c-2e06|Is_it_on|true|false
14:08:04.104 (252430137)|FLOW_VALUE_ASSIGNMENT|161059737e1e1b19d725792d03e719c3468e97c-2e06|Is_it_on|true
14:08:04.104 (252488624)|FLOW_BULK_ELEMENT_END|FlowDecision|Copy_1_of_Round_Robin_On_Off|0|0
14:08:04.104 (252502858)|FLOW_ELEMENT_BEGIN|161059737e1e1b19d725792d03e719c3468e97c-2e06|FlowRecordUpdate|Update_Case_Owner
14:08:04.104 (252512927)|FLOW_ELEMENT_DEFERRED|FlowRecordUpdate|Update_Case_Owner
14:08:04.104 (252528082)|FLOW_ELEMENT_END|161059737e1e1b19d725792d03e719c3468e97c-2e06|FlowRecordUpdate|Update_Case_Owner
14:08:04.104 (252542821)|FLOW_BULK_ELEMENT_BEGIN|FlowRecordUpdate|Update_Case_Owner
14:08:04.104 (253097984)|FLOW_BULK_ELEMENT_DETAIL|FlowRecordUpdate|Update_Case_Owner|1
14:08:04.104 (253114231)|LIMIT_USAGE|[EXTERNAL]|DML|1|150
14:08:04.104 (253119034)|LIMIT_USAGE|[EXTERNAL]|DML_ROWS|1|10000
14:08:04.104 (328341439)|FLOW_VALUE_ASSIGNMENT|161059737e1e1b19d725792d03e719c3468e97c-2e06|Update_Case_Owner|false
14:08:04.104 (328611323)|FLOW_BULK_ELEMENT_LIMIT_USAGE|1 DML statements, total 1 out of 150
14:08:04.104 (328622729)|FLOW_BULK_ELEMENT_LIMIT_USAGE|1 DML rows, total 1 out of 10000
14:08:04.104 (328627868)|FLOW_BULK_ELEMENT_LIMIT_USAGE|9 ms CPU time, total 76 out of 65000
14:08:04.104 (328654420)|FLOW_BULK_ELEMENT_END|FlowRecordUpdate|Update_Case_Owner|0|75
14:08:04.104 (333057038)|FLOW_VALUE_ASSIGNMENT|161059737e1e1b19d725792d03e719c3468e97c-2e06|error.errorId|1393517376-150307 (-1357963323)
14:08:04.104 (333072033)|FLOW_VALUE_ASSIGNMENT|161059737e1e1b19d725792d03e719c3468e97c-2e06|error.type|FLOW_INTERVIEW_SAVE_RESULT
14:08:04.104 (333075522)|FLOW_VALUE_ASSIGNMENT|161059737e1e1b19d725792d03e719c3468e97c-2e06|error.apiErrorCode|INVALID_CROSS_REFERENCE_KEY
14:08:04.104 (333078238)|FLOW_VALUE_ASSIGNMENT|161059737e1e1b19d725792d03e719c3468e97c-2e06|error.message|This error occurred when the flow tried to update records: INVALID_CROSS_REFERENCE_KEY: Owner ID: owner cannot be blank. You can look up ExceptionCode values in the SOAP API Developer Guide.
14:08:04.104 (333082129)|FLOW_VALUE_ASSIGNMENT|161059737e1e1b19d725792d03e719c3468e97c-2e06|error.endUserMessage|This error occurred when the flow tried to update records: INVALID_CROSS_REFERENCE_KEY: Owner ID: owner cannot be blank. You can look up ExceptionCode values in the SOAP API Developer Guide.
14:08:04.104 (530914253)|FLOW_ELEMENT_ERROR|The flow tried to update these records: 500WH00000QruLHYAZ. This error occurred: INVALID_CROSS_REFERENCE_KEY: Owner ID: owner cannot be blank. You can look up ExceptionCode values in the <a href='https://developer.salesforce.com/docs/atlas.en-us.api.meta/api/sforce_api_calls_concepts_core_data_objects.htm#'>SOAP API Developer Guide</a>.|FlowRecordUpdate|Update_Case_Owner
14:08:04.104 (531077916)|FLOW_START_INTERVIEWS_END|1
14:08:04.560 (560962535)|USER_INFO|[EXTERNAL]|00536000004AWAx|loves.admin@loves.com.qa|(GMT-06:00) Central Standard Time (America/Chicago)|GMT-06:00
14:08:04.591 (591935244)|CUMULATIVE_PROFILING_BEGIN
14:08:04.591 (591935244)|CUMULATIVE_PROFILING|No profiling information for SOQL operations
14:08:04.591 (591935244)|CUMULATIVE_PROFILING|No profiling information for SOSL operations
14:08:04.591 (591935244)|CUMULATIVE_PROFILING|No profiling information for DML operations
14:08:04.591 (591935244)|CUMULATIVE_PROFILING|No profiling information for method invocations
14:08:04.591 (591935244)|CUMULATIVE_PROFILING_END

