66.0 APEX_CODE,FINEST;APEX_PROFILING,FINEST;CALLOUT,FINEST;DATA_ACCESS,INFO;DB,FINEST;NBA,FINEST;SYSTEM,FINE;VALIDATION,INFO;VISUALFORCE,FINER;WAVE,FINEST;WORKFLOW,FINER
21:56:03.0 (264009)|USER_INFO|[EXTERNAL]|005360000036OeQ|victor.felisbino@loves.com.dev2|(GMT-06:00) Central Standard Time (America/Chicago)|GMT-06:00
21:56:03.0 (364322)|EXECUTION_STARTED
21:56:03.0 (386330)|CODE_UNIT_STARTED|[EXTERNAL]|apex://com_Alert/ACTION$getFieldSetMap
21:56:03.0 (1640932)|CODE_UNIT_STARTED|[EXTERNAL]|01p3600000JX5eT|com_Alert.getFieldSetMap(String, String)
21:56:03.0 (1941876)|HEAP_ALLOCATE|[95]|Bytes:3
21:56:03.0 (2044702)|HEAP_ALLOCATE|[100]|Bytes:152
21:56:03.0 (2066101)|HEAP_ALLOCATE|[417]|Bytes:408
21:56:03.0 (2082894)|HEAP_ALLOCATE|[430]|Bytes:408
21:56:03.0 (2115792)|HEAP_ALLOCATE|[317]|Bytes:6
21:56:03.0 (2137582)|HEAP_ALLOCATE|[EXTERNAL]|Bytes:24
21:56:03.0 (2142538)|HEAP_ALLOCATE|[EXTERNAL]|Bytes:24
21:56:03.0 (2145658)|HEAP_ALLOCATE|[EXTERNAL]|Bytes:7
21:56:03.0 (2173369)|METHOD_ENTRY|[12]|01p3600000JX5eT|com_Alert.com_Alert()
21:56:03.0 (2183096)|STATEMENT_EXECUTE|[12]
21:56:03.0 (2188063)|STATEMENT_EXECUTE|[12]
21:56:03.0 (2189207)|STATEMENT_EXECUTE|[156]
21:56:03.0 (2190458)|STATEMENT_EXECUTE|[167]
21:56:03.0 (2196317)|METHOD_EXIT|[12]|com_Alert
21:56:03.0 (2199364)|HEAP_ALLOCATE|[EXTERNAL]|Bytes:19
21:56:03.0 (2201087)|HEAP_ALLOCATE|[EXTERNAL]|Bytes:19
21:56:03.0 (2217181)|VARIABLE_SCOPE_BEGIN|[132]|obj|String|false|false
21:56:03.0 (2258817)|VARIABLE_ASSIGNMENT|[132]|obj|"com_Object_Alert__c"
21:56:03.0 (2262804)|VARIABLE_SCOPE_BEGIN|[132]|recordtype_fieldset|String|false|false
21:56:03.0 (2267997)|VARIABLE_ASSIGNMENT|[132]|recordtype_fieldset|"flag;CS_FlagMessage"
21:56:03.0 (2275205)|STATEMENT_EXECUTE|[132]
21:56:03.0 (2276426)|STATEMENT_EXECUTE|[133]
21:56:03.0 (2278599)|HEAP_ALLOCATE|[133]|Bytes:23
21:56:03.0 (2299427)|HEAP_ALLOCATE|[68]|Bytes:5
21:56:03.0 (2326379)|HEAP_ALLOCATE|[74]|Bytes:5
21:56:03.0 (2332310)|HEAP_ALLOCATE|[82]|Bytes:7
21:56:03.0 (2364198)|SYSTEM_METHOD_ENTRY|[133]|System.debug(ANY)
21:56:03.0 (2416425)|USER_DEBUG|[133]|DEBUG|gettin them darn things
21:56:03.0 (2423241)|SYSTEM_METHOD_EXIT|[133]|System.debug(ANY)
21:56:03.0 (2426923)|STATEMENT_EXECUTE|[134]
21:56:03.0 (5472987)|HEAP_ALLOCATE|[134]|Bytes:22
21:56:03.0 (5492964)|HEAP_ALLOCATE|[134]|Bytes:21
21:56:03.0 (5535566)|METHOD_ENTRY|[12]|01p3600000JX1Jf|com_sObjectFieldSet.com_sObjectFieldSet()
21:56:03.0 (5544104)|STATEMENT_EXECUTE|[12]
21:56:03.0 (5549833)|STATEMENT_EXECUTE|[12]
21:56:03.0 (5551198)|STATEMENT_EXECUTE|[125]
21:56:03.0 (5552213)|STATEMENT_EXECUTE|[130]
21:56:03.0 (5559546)|METHOD_EXIT|[12]|com_sObjectFieldSet
21:56:03.0 (5603940)|METHOD_ENTRY|[134]|01p3600000JX1Jf|com_sObjectFieldSet.getConfigValues(String)
21:56:03.0 (5643245)|VARIABLE_SCOPE_BEGIN|[109]|config|String|false|false
21:56:03.0 (5665311)|VARIABLE_ASSIGNMENT|[109]|config|"flag;CS_FlagMessage"
21:56:03.0 (5671176)|STATEMENT_EXECUTE|[109]
21:56:03.0 (5672103)|STATEMENT_EXECUTE|[110]
21:56:03.0 (5688320)|HEAP_ALLOCATE|[110]|Bytes:4
21:56:03.0 (5701757)|VARIABLE_SCOPE_BEGIN|[110]|configMap|Map<String,String>|true|false
21:56:03.0 (5723764)|VARIABLE_ASSIGNMENT|[110]|configMap|{}|0x15940e38
21:56:03.0 (5751467)|STATEMENT_EXECUTE|[111]
21:56:03.0 (5752389)|STATEMENT_EXECUTE|[112]
21:56:03.0 (5790896)|HEAP_ALLOCATE|[112]|Bytes:4
21:56:03.0 (5808471)|SYSTEM_CONSTRUCTOR_ENTRY|[112]|<init>()
21:56:03.0 (5878309)|SYSTEM_CONSTRUCTOR_EXIT|[112]|<init>()
21:56:03.0 (5885556)|VARIABLE_SCOPE_BEGIN|[112]|configList|List<String>|true|false
21:56:03.0 (5924678)|HEAP_ALLOCATE|[EXTERNAL]|Bytes:4
21:56:03.0 (5940373)|VARIABLE_ASSIGNMENT|[112]|configList|[]|0x3d6eb551
21:56:03.0 (5945802)|STATEMENT_EXECUTE|[113]
21:56:03.0 (5947074)|STATEMENT_EXECUTE|[113]
21:56:03.0 (5948303)|STATEMENT_EXECUTE|[114]
21:56:03.0 (5950918)|HEAP_ALLOCATE|[114]|Bytes:1
21:56:03.0 (5991776)|SYSTEM_METHOD_ENTRY|[114]|String.split(String)
21:56:03.0 (6018228)|HEAP_ALLOCATE|[114]|Bytes:19
21:56:03.0 (6024526)|HEAP_ALLOCATE|[114]|Bytes:8
21:56:03.0 (6038161)|SYSTEM_METHOD_EXIT|[114]|String.split(String)
21:56:03.0 (6057083)|HEAP_ALLOCATE|[EXTERNAL]|Bytes:8
21:56:03.0 (6069077)|VARIABLE_ASSIGNMENT|[114]|configList|["flag;CS_FlagMessage"]|0x4fb5dd2f
21:56:03.0 (6083636)|SYSTEM_METHOD_ENTRY|[118]|List<String>.iterator()
21:56:03.0 (6121195)|SYSTEM_METHOD_EXIT|[118]|List<String>.iterator()
21:56:03.0 (6130455)|SYSTEM_METHOD_ENTRY|[118]|system.ListIterator.hasNext()
21:56:03.0 (6144463)|HEAP_ALLOCATE|[118]|Bytes:5
21:56:03.0 (6149044)|SYSTEM_METHOD_EXIT|[118]|system.ListIterator.hasNext()
21:56:03.0 (6155848)|HEAP_ALLOCATE|[118]|Bytes:19
21:56:03.0 (6163111)|VARIABLE_SCOPE_BEGIN|[118]|rec|String|false|false
21:56:03.0 (6169855)|VARIABLE_ASSIGNMENT|[118]|rec|"flag;CS_FlagMessage"
21:56:03.0 (6172850)|STATEMENT_EXECUTE|[118]
21:56:03.0 (6173763)|STATEMENT_EXECUTE|[119]
21:56:03.0 (6175436)|HEAP_ALLOCATE|[119]|Bytes:1
21:56:03.0 (6184176)|SYSTEM_METHOD_ENTRY|[119]|String.split(String)
21:56:03.0 (6194629)|HEAP_ALLOCATE|[119]|Bytes:4
21:56:03.0 (6196829)|HEAP_ALLOCATE|[119]|Bytes:14
21:56:03.0 (6198934)|HEAP_ALLOCATE|[119]|Bytes:12
21:56:03.0 (6203856)|SYSTEM_METHOD_EXIT|[119]|String.split(String)
21:56:03.0 (6215295)|SYSTEM_METHOD_ENTRY|[119]|String.split(String)
21:56:03.0 (6218924)|HEAP_ALLOCATE|[119]|Bytes:4
21:56:03.0 (6220867)|HEAP_ALLOCATE|[119]|Bytes:14
21:56:03.0 (6222584)|HEAP_ALLOCATE|[119]|Bytes:12
21:56:03.0 (6226379)|SYSTEM_METHOD_EXIT|[119]|String.split(String)
21:56:03.0 (6243404)|SYSTEM_METHOD_ENTRY|[119]|Map<String,String>.put(Object, Object)
21:56:03.0 (6250940)|HEAP_ALLOCATE|[EXTERNAL]|Bytes:-4
21:56:03.0 (6255800)|SYSTEM_METHOD_EXIT|[119]|Map<String,String>.put(Object, Object)
21:56:03.0 (6259915)|SYSTEM_METHOD_ENTRY|[118]|system.ListIterator.hasNext()
21:56:03.0 (6263369)|HEAP_ALLOCATE|[118]|Bytes:5
21:56:03.0 (6266145)|SYSTEM_METHOD_EXIT|[118]|system.ListIterator.hasNext()
21:56:03.0 (6272768)|VARIABLE_ASSIGNMENT|[118]|rec|null
21:56:03.0 (6275930)|STATEMENT_EXECUTE|[122]
21:56:03.0 (6281121)|METHOD_EXIT|[134]|01p3600000JX1Jf|com_sObjectFieldSet.getConfigValues(String)
21:56:03.0 (6285719)|VARIABLE_SCOPE_BEGIN|[134]|recordFSMap|Map<String,String>|true|false
21:56:03.0 (6301581)|VARIABLE_ASSIGNMENT|[134]|recordFSMap|{"flag":"CS_FlagMessage"}|0x15940e38
21:56:03.0 (6305079)|STATEMENT_EXECUTE|[135]
21:56:03.0 (6307080)|VARIABLE_SCOPE_BEGIN|[135]|fieldSetName|String|false|false
21:56:03.0 (6312211)|VARIABLE_ASSIGNMENT|[135]|fieldSetName|""
21:56:03.0 (6314501)|STATEMENT_EXECUTE|[136]
21:56:03.0 (6615445)|HEAP_ALLOCATE|[136]|Bytes:4
21:56:03.0 (6653278)|VARIABLE_SCOPE_BEGIN|[136]|tempMap|Map<String,com_sObjectFieldSet.fieldDetails>|true|false
21:56:03.0 (6668790)|VARIABLE_ASSIGNMENT|[136]|tempMap|{}|0x3269090f
21:56:03.0 (6677008)|HEAP_ALLOCATE|[137]|Bytes:4
21:56:03.0 (6692158)|SYSTEM_CONSTRUCTOR_ENTRY|[137]|<init>()
21:56:03.0 (6711358)|SYSTEM_CONSTRUCTOR_EXIT|[137]|<init>()
21:56:03.0 (6720303)|SYSTEM_METHOD_ENTRY|[137]|Map<String,String>.keySet()
21:56:03.0 (6769646)|HEAP_ALLOCATE|[137]|Bytes:12
21:56:03.0 (6774247)|SYSTEM_METHOD_EXIT|[137]|Map<String,String>.keySet()
21:56:03.0 (6789736)|SYSTEM_METHOD_ENTRY|[137]|List<String>.addAll(Object)
21:56:03.0 (6796298)|HEAP_ALLOCATE|[137]|Bytes:4
21:56:03.0 (6800526)|SYSTEM_METHOD_EXIT|[137]|List<String>.addAll(Object)
21:56:03.0 (6804231)|SYSTEM_METHOD_ENTRY|[137]|List<String>.iterator()
21:56:03.0 (6807976)|SYSTEM_METHOD_EXIT|[137]|List<String>.iterator()
21:56:03.0 (6813614)|SYSTEM_METHOD_ENTRY|[137]|system.ListIterator.hasNext()
21:56:03.0 (6820541)|HEAP_ALLOCATE|[137]|Bytes:5
21:56:03.0 (6824118)|SYSTEM_METHOD_EXIT|[137]|system.ListIterator.hasNext()
21:56:03.0 (6832932)|VARIABLE_SCOPE_BEGIN|[137]|recordType|String|false|false
21:56:03.0 (6841102)|VARIABLE_ASSIGNMENT|[137]|recordType|"flag"
21:56:03.0 (6844915)|STATEMENT_EXECUTE|[137]
21:56:03.0 (6845942)|STATEMENT_EXECUTE|[138]
21:56:03.0 (6851033)|SYSTEM_METHOD_ENTRY|[138]|Map<String,String>.get(Object)
21:56:03.0 (6863962)|SYSTEM_METHOD_EXIT|[138]|Map<String,String>.get(Object)
21:56:03.0 (6876626)|METHOD_ENTRY|[138]|01p3600000JX1Jf|com_sObjectFieldSet.getFieldSetMemberMap(String, String)
21:56:03.0 (6887831)|VARIABLE_SCOPE_BEGIN|[63]|fieldSetName|String|false|false
21:56:03.0 (6897219)|VARIABLE_ASSIGNMENT|[63]|fieldSetName|"CS_FlagMessage"
21:56:03.0 (6900971)|VARIABLE_SCOPE_BEGIN|[63]|objectName|String|false|false
21:56:03.0 (6906150)|VARIABLE_ASSIGNMENT|[63]|objectName|"com_Object_Alert__c"
21:56:03.0 (6910558)|STATEMENT_EXECUTE|[63]
21:56:03.0 (6911504)|STATEMENT_EXECUTE|[64]
21:56:03.0 (6917169)|HEAP_ALLOCATE|[64]|Bytes:4
21:56:03.0 (6921535)|VARIABLE_SCOPE_BEGIN|[64]|fieldMap|Map<String,com_sObjectFieldSet.fieldDetails>|true|false
21:56:03.0 (6929955)|VARIABLE_ASSIGNMENT|[64]|fieldMap|{}|0x6618b04d
21:56:03.0 (6933081)|STATEMENT_EXECUTE|[65]
21:56:03.0 (6938201)|METHOD_ENTRY|[65]|01p3600000JX1Jf|com_sObjectFieldSet.getFieldSetSchemaList(String, String)
21:56:03.0 (6960191)|VARIABLE_SCOPE_BEGIN|[14]|fieldSetName|String|false|false
21:56:03.0 (6965459)|VARIABLE_ASSIGNMENT|[14]|fieldSetName|"CS_FlagMessage"
21:56:03.0 (6968404)|VARIABLE_SCOPE_BEGIN|[14]|objectName|String|false|false
21:56:03.0 (6972842)|VARIABLE_ASSIGNMENT|[14]|objectName|"com_Object_Alert__c"
21:56:03.0 (6976740)|STATEMENT_EXECUTE|[14]
21:56:03.0 (6977755)|STATEMENT_EXECUTE|[15]
21:56:03.0 (6994131)|SYSTEM_METHOD_ENTRY|[15]|Schema.getGlobalDescribe()
21:56:03.0 (81769310)|HEAP_ALLOCATE|[15]|Bytes:14308
21:56:03.0 (81821481)|SYSTEM_METHOD_EXIT|[15]|Schema.getGlobalDescribe()
21:56:03.0 (81847612)|VARIABLE_SCOPE_BEGIN|[15]|GlobalDescribeMap|Map<String,Schema.SObjectType>|true|false
21:56:03.0 (83451134)|VARIABLE_ASSIGNMENT|[15]|GlobalDescribeMap|"{abnexperiment=AbnExperiment, abnexperimentcohort=AbnExperimentCohort, abnexperimentcohortattrval=AbnExperimentCohortAttrVal, acceptedeventrelation=AcceptedEventRelation, account=Account, account_management__c=Account_Management__c, account_management__changeevent=Account_Management__ChangeEvent, account_management__history=Account_Management__History, account_management__share=Account_Management__Share, account_search_sap_switch__mdt=Account_Search_SAP_Switch__mdt, ...}"|0x64cbd561
21:56:03.0 (83477686)|STATEMENT_EXECUTE|[16]
21:56:03.0 (83539459)|SYSTEM_METHOD_ENTRY|[16]|Map<String,Schema.SObjectType>.get(Object)
21:56:03.0 (83616192)|SYSTEM_METHOD_EXIT|[16]|Map<String,Schema.SObjectType>.get(Object)
21:56:03.0 (83636622)|VARIABLE_SCOPE_BEGIN|[16]|SObjectTypeObj|Schema.SObjectType|true|false
21:56:03.0 (83743913)|VARIABLE_ASSIGNMENT|[16]|SObjectTypeObj|"common.apex.runtime.impl.ApexSObjectTypeToken@47728b6d"|0x47728b6d
21:56:03.0 (83750516)|STATEMENT_EXECUTE|[17]
21:56:03.0 (83784420)|SYSTEM_METHOD_ENTRY|[17]|Schema.SObjectType.getDescribe()
21:56:03.0 (84164890)|HEAP_ALLOCATE|[17]|Bytes:4
21:56:03.0 (84186832)|SYSTEM_METHOD_EXIT|[17]|Schema.SObjectType.getDescribe()
21:56:03.0 (84200626)|VARIABLE_SCOPE_BEGIN|[17]|DescribeSObjectResultObj|Schema.DescribeSObjectResult|true|false
21:56:03.0 (84317648)|VARIABLE_ASSIGNMENT|[17]|DescribeSObjectResultObj|"common.api.soap.wsdl.DescribeSObjectResult@26b5356e"|0x7d20ec22
21:56:03.0 (84326782)|STATEMENT_EXECUTE|[18]
21:56:03.0 (84374728)|LIMIT_USAGE|[18]|FIELDSETS_DESCRIBES|1|100
21:56:03.0 (84451972)|SYSTEM_METHOD_ENTRY|[18]|Schema.SObjectTypeFieldSets.getMap()
21:56:03.0 (87330882)|HEAP_ALLOCATE|[18]|Bytes:16
21:56:03.0 (87363810)|SYSTEM_METHOD_EXIT|[18]|Schema.SObjectTypeFieldSets.getMap()
21:56:03.0 (87452704)|SYSTEM_METHOD_ENTRY|[18]|Map<String,Schema.FieldSet>.get(Object)
21:56:03.0 (87480835)|SYSTEM_METHOD_EXIT|[18]|Map<String,Schema.FieldSet>.get(Object)
21:56:03.0 (87491688)|VARIABLE_SCOPE_BEGIN|[18]|fieldSetObj|Schema.FieldSet|true|false
21:56:03.0 (87579406)|VARIABLE_ASSIGNMENT|[18]|fieldSetObj|"common.api.soap.wsdl.FieldSet@5b3e4959"|0x1b9de1f0
21:56:03.0 (87585345)|STATEMENT_EXECUTE|[19]
21:56:03.0 (87600972)|HEAP_ALLOCATE|[19]|Bytes:4
21:56:03.0 (87662451)|SYSTEM_CONSTRUCTOR_ENTRY|[19]|<init>()
21:56:03.0 (87691443)|SYSTEM_CONSTRUCTOR_EXIT|[19]|<init>()
21:56:03.0 (87695561)|VARIABLE_SCOPE_BEGIN|[19]|detailsList|List<com_sObjectFieldSet.fieldDetails>|true|false
21:56:03.0 (87722250)|HEAP_ALLOCATE|[EXTERNAL]|Bytes:4
21:56:03.0 (87736704)|VARIABLE_ASSIGNMENT|[19]|detailsList|[]|0x5e48e33e
21:56:03.0 (88472386)|HEAP_ALLOCATE|[EXTERNAL]|Bytes:8
21:56:03.0 (88534449)|HEAP_ALLOCATE|[20]|Bytes:8
21:56:03.0 (88578474)|SYSTEM_METHOD_ENTRY|[20]|List<Schema.FieldSetMember>.iterator()
21:56:03.0 (88854343)|SYSTEM_METHOD_EXIT|[20]|List<Schema.FieldSetMember>.iterator()
21:56:03.0 (88874736)|SYSTEM_METHOD_ENTRY|[20]|system.ListIterator.hasNext()
21:56:03.0 (88887874)|HEAP_ALLOCATE|[20]|Bytes:5
21:56:03.0 (88893750)|SYSTEM_METHOD_EXIT|[20]|system.ListIterator.hasNext()
21:56:03.0 (88910512)|HEAP_ALLOCATE|[20]|Bytes:4
21:56:03.0 (88919775)|VARIABLE_SCOPE_BEGIN|[20]|f|Schema.FieldSetMember|true|false
21:56:03.0 (89000149)|VARIABLE_ASSIGNMENT|[20]|f|"Type__c"|0xcdcbfc2
21:56:03.0 (89006820)|STATEMENT_EXECUTE|[20]
21:56:03.0 (89007971)|STATEMENT_EXECUTE|[21]
21:56:03.0 (89107923)|HEAP_ALLOCATE|[21]|Bytes:316
21:56:03.0 (89113010)|HEAP_ALLOCATE|[21]|Bytes:47
21:56:03.0 (89134671)|HEAP_ALLOCATE|[21]|Bytes:52
21:56:03.0 (89166338)|CONSTRUCTOR_ENTRY|[21]|01p3600000JX1Jf|<init>()|com_sObjectFieldSet.fieldDetails
21:56:03.0 (89207568)|VARIABLE_SCOPE_BEGIN|[130]|this|com_sObjectFieldSet.fieldDetails|true|false
21:56:03.0 (89295138)|VARIABLE_ASSIGNMENT|[130]|this|{}|0x2ebbab45
21:56:03.0 (89302864)|HEAP_ALLOCATE|[EXTERNAL]|Bytes:6
21:56:03.0 (90907348)|STATEMENT_EXECUTE|[130]
21:56:03.0 (90911281)|STATEMENT_EXECUTE|[131]
21:56:03.0 (90913148)|STATEMENT_EXECUTE|[132]
21:56:03.0 (90914743)|STATEMENT_EXECUTE|[133]
21:56:03.0 (90916182)|STATEMENT_EXECUTE|[134]
21:56:03.0 (90917501)|STATEMENT_EXECUTE|[135]
21:56:03.0 (90918873)|STATEMENT_EXECUTE|[136]
21:56:03.0 (90920133)|STATEMENT_EXECUTE|[137]
21:56:03.0 (90921573)|STATEMENT_EXECUTE|[138]
21:56:03.0 (90922831)|STATEMENT_EXECUTE|[139]
21:56:03.0 (90924350)|STATEMENT_EXECUTE|[140]
21:56:03.0 (90925850)|STATEMENT_EXECUTE|[141]
21:56:03.0 (90927342)|STATEMENT_EXECUTE|[142]
21:56:03.0 (90944962)|CONSTRUCTOR_EXIT|[21]|01p3600000JX1Jf|<init>()|com_sObjectFieldSet.fieldDetails
21:56:03.0 (90957878)|VARIABLE_SCOPE_BEGIN|[21]|fd|com_sObjectFieldSet.fieldDetails|true|false
21:56:03.0 (91081932)|VARIABLE_ASSIGNMENT|[21]|fd|{}|0x2ebbab45
21:56:03.0 (91087567)|STATEMENT_EXECUTE|[22]
21:56:03.0 (91114917)|HEAP_ALLOCATE|[22]|Bytes:7
21:56:03.0 (91152525)|SYSTEM_METHOD_ENTRY|[22]|com_sObjectFieldSet.fieldDetails.__sfdc_apiName(String)
21:56:03.0 (91235964)|VARIABLE_ASSIGNMENT|[EXTERNAL]|this|{}|0x2ebbab45
21:56:03.0 (91250479)|VARIABLE_ASSIGNMENT|[EXTERNAL]|value|"Type__c"
21:56:03.0 (91284543)|VARIABLE_ASSIGNMENT|[131]|this.apiName|"Type__c"|0x2ebbab45
21:56:03.0 (91321951)|SYSTEM_METHOD_EXIT|[22]|com_sObjectFieldSet.fieldDetails.__sfdc_apiName(String)
21:56:03.0 (91327416)|STATEMENT_EXECUTE|[23]
21:56:03.0 (91340603)|HEAP_ALLOCATE|[23]|Bytes:4
21:56:03.0 (91353090)|SYSTEM_METHOD_ENTRY|[23]|com_sObjectFieldSet.fieldDetails.__sfdc_label(String)
21:56:03.0 (91408992)|VARIABLE_ASSIGNMENT|[EXTERNAL]|this|{"apiName":"Type__c"}|0x2ebbab45
21:56:03.0 (91418342)|VARIABLE_ASSIGNMENT|[EXTERNAL]|value|"Type"
21:56:03.0 (91441758)|VARIABLE_ASSIGNMENT|[132]|this.label|"Type"|0x2ebbab45
21:56:03.0 (91449642)|SYSTEM_METHOD_EXIT|[23]|com_sObjectFieldSet.fieldDetails.__sfdc_label(String)
21:56:03.0 (91453704)|STATEMENT_EXECUTE|[24]
21:56:03.0 (91658466)|SYSTEM_METHOD_ENTRY|[24]|com_sObjectFieldSet.fieldDetails.__sfdc_required(Boolean)
21:56:03.0 (91731825)|VARIABLE_ASSIGNMENT|[EXTERNAL]|this|{"apiName":"Type__c","label":"Type"}|0x2ebbab45
21:56:03.0 (91752361)|VARIABLE_ASSIGNMENT|[EXTERNAL]|value|true
21:56:03.0 (91765051)|HEAP_ALLOCATE|[133]|Bytes:5
21:56:03.0 (91785897)|VARIABLE_ASSIGNMENT|[133]|this.required|true|0x2ebbab45
21:56:03.0 (91794788)|SYSTEM_METHOD_EXIT|[24]|com_sObjectFieldSet.fieldDetails.__sfdc_required(Boolean)
21:56:03.0 (91800102)|STATEMENT_EXECUTE|[25]
21:56:03.0 (91843271)|SYSTEM_METHOD_ENTRY|[25]|com_sObjectFieldSet.fieldDetails.__sfdc_dbRequired(Boolean)
21:56:03.0 (91899859)|VARIABLE_ASSIGNMENT|[EXTERNAL]|this|{"apiName":"Type__c","label":"Type","required":true}|0x2ebbab45
21:56:03.0 (91910819)|VARIABLE_ASSIGNMENT|[EXTERNAL]|value|false
21:56:03.0 (91917133)|HEAP_ALLOCATE|[134]|Bytes:5
21:56:03.0 (91928480)|VARIABLE_ASSIGNMENT|[134]|this.dbRequired|false|0x2ebbab45
21:56:03.0 (91935979)|SYSTEM_METHOD_EXIT|[25]|com_sObjectFieldSet.fieldDetails.__sfdc_dbRequired(Boolean)
21:56:03.0 (91939929)|STATEMENT_EXECUTE|[26]
21:56:03.0 (93042957)|HEAP_ALLOCATE|[26]|Bytes:16
21:56:03.0 (93101671)|SYSTEM_METHOD_ENTRY|[26]|String.valueOf(Object)
21:56:03.0 (93132444)|HEAP_ALLOCATE|[26]|Bytes:8
21:56:03.0 (93144511)|SYSTEM_METHOD_EXIT|[26]|String.valueOf(Object)
21:56:03.0 (93164761)|SYSTEM_METHOD_ENTRY|[26]|com_sObjectFieldSet.fieldDetails.__sfdc_type(String)
21:56:03.0 (93246752)|VARIABLE_ASSIGNMENT|[EXTERNAL]|this|{"apiName":"Type__c","dbRequired":false,"label":"Type","required":true}|0x2ebbab45
21:56:03.0 (93259763)|VARIABLE_ASSIGNMENT|[EXTERNAL]|value|"PICKLIST"
21:56:03.0 (93286283)|VARIABLE_ASSIGNMENT|[135]|this.type|"PICKLIST"|0x2ebbab45
21:56:03.0 (93294645)|SYSTEM_METHOD_EXIT|[26]|com_sObjectFieldSet.fieldDetails.__sfdc_type(String)
21:56:03.0 (93299930)|STATEMENT_EXECUTE|[27]
21:56:03.0 (93308854)|SYSTEM_METHOD_ENTRY|[27]|com_sObjectFieldSet.fieldDetails.__sfdc_sObjectType(String)
21:56:03.0 (93360330)|VARIABLE_ASSIGNMENT|[EXTERNAL]|this|{"apiName":"Type__c","dbRequired":false,"label":"Type","required":true,"type":"PICKLIST"}|0x2ebbab45
21:56:03.0 (93370963)|VARIABLE_ASSIGNMENT|[EXTERNAL]|value|"com_Object_Alert__c"
21:56:03.0 (93385073)|VARIABLE_ASSIGNMENT|[139]|this.sObjectType|"com_Object_Alert__c"|0x2ebbab45
21:56:03.0 (93392737)|SYSTEM_METHOD_EXIT|[27]|com_sObjectFieldSet.fieldDetails.__sfdc_sObjectType(String)
21:56:03.0 (93416239)|HEAP_ALLOCATE|[28]|Bytes:16
21:56:03.0 (93430654)|SYSTEM_METHOD_ENTRY|[28]|String.valueOf(Object)
21:56:03.0 (93441219)|HEAP_ALLOCATE|[28]|Bytes:8
21:56:03.0 (93450334)|SYSTEM_METHOD_EXIT|[28]|String.valueOf(Object)
21:56:03.0 (93455878)|HEAP_ALLOCATE|[28]|Bytes:8
21:56:03.0 (93470303)|SYSTEM_METHOD_ENTRY|[28]|String.equalsIgnoreCase(String)
21:56:03.0 (93479340)|SYSTEM_METHOD_EXIT|[28]|String.equalsIgnoreCase(String)
21:56:03.0 (93488076)|STATEMENT_EXECUTE|[28]
21:56:03.0 (93489822)|STATEMENT_EXECUTE|[29]
21:56:03.0 (93496061)|HEAP_ALLOCATE|[29]|Bytes:7
21:56:03.0 (95553990)|HEAP_ALLOCATE|[29]|Bytes:6
21:56:03.0 (95603482)|METHOD_ENTRY|[1]|01p3600000JX1Jj|com_sObjectPicklist.com_sObjectPicklist()
21:56:03.0 (95611880)|STATEMENT_EXECUTE|[1]
21:56:03.0 (95616277)|STATEMENT_EXECUTE|[1]
21:56:03.0 (95623432)|METHOD_EXIT|[1]|com_sObjectPicklist
21:56:03.0 (95657299)|METHOD_ENTRY|[29]|01p3600000JX1Jj|com_sObjectPicklist.getPicklistValues(String, String)
21:56:03.0 (95689141)|VARIABLE_SCOPE_BEGIN|[14]|obj|String|false|false
21:56:03.0 (95705221)|VARIABLE_ASSIGNMENT|[14]|obj|"com_Object_Alert__c"
21:56:03.0 (95710804)|VARIABLE_SCOPE_BEGIN|[14]|field|String|false|false
21:56:03.0 (95718748)|VARIABLE_ASSIGNMENT|[14]|field|"Type__c"
21:56:03.0 (95725249)|STATEMENT_EXECUTE|[14]
21:56:03.0 (95726581)|STATEMENT_EXECUTE|[15]
21:56:03.0 (95743471)|HEAP_ALLOCATE|[15]|Bytes:4
21:56:03.0 (95757114)|VARIABLE_SCOPE_BEGIN|[15]|pickListValuesMap|Map<String,String>|true|false
21:56:03.0 (95781517)|VARIABLE_ASSIGNMENT|[15]|pickListValuesMap|{}|0x1a8a4a7c
21:56:03.0 (95786994)|STATEMENT_EXECUTE|[17]
21:56:03.0 (95803489)|SYSTEM_METHOD_ENTRY|[17]|Schema.getGlobalDescribe()
21:56:03.0 (164493532)|HEAP_ALLOCATE|[17]|Bytes:14076
21:56:03.0 (164542503)|SYSTEM_METHOD_EXIT|[17]|Schema.getGlobalDescribe()
21:56:03.0 (164589939)|SYSTEM_METHOD_ENTRY|[17]|Map<String,Schema.SObjectType>.get(Object)
21:56:03.0 (164613218)|SYSTEM_METHOD_EXIT|[17]|Map<String,Schema.SObjectType>.get(Object)
21:56:03.0 (164641860)|SYSTEM_METHOD_ENTRY|[17]|Schema.SObjectType.getDescribe()
21:56:03.0 (164929565)|HEAP_ALLOCATE|[17]|Bytes:4
21:56:03.0 (164949066)|SYSTEM_METHOD_EXIT|[17]|Schema.SObjectType.getDescribe()
21:56:03.0 (164967094)|VARIABLE_SCOPE_BEGIN|[17]|objResult|Schema.DescribeSObjectResult|true|false
21:56:03.0 (165163437)|VARIABLE_ASSIGNMENT|[17]|objResult|"common.api.soap.wsdl.DescribeSObjectResult@a48ec144"|0x2e589a88
21:56:03.0 (165176489)|STATEMENT_EXECUTE|[19]
21:56:03.0 (165219320)|LIMIT_USAGE|[19]|FIELDS_DESCRIBES|1|100
21:56:03.0 (165281480)|SYSTEM_METHOD_ENTRY|[19]|Schema.SObjectTypeFields.getMap()
21:56:03.0 (165774004)|HEAP_ALLOCATE|[19]|Bytes:136
21:56:03.0 (165795098)|SYSTEM_METHOD_EXIT|[19]|Schema.SObjectTypeFields.getMap()
21:56:03.0 (165834379)|SYSTEM_METHOD_ENTRY|[19]|Map<String,Schema.SObjectField>.get(Object)
21:56:03.0 (165852437)|SYSTEM_METHOD_EXIT|[19]|Map<String,Schema.SObjectField>.get(Object)
21:56:03.0 (165867964)|SYSTEM_METHOD_ENTRY|[19]|Schema.SObjectField.getDescribe()
21:56:03.0 (165893125)|SYSTEM_MODE_ENTER|true
21:56:03.0 (169876886)|HEAP_ALLOCATE|[EXTERNAL]|Bytes:4
21:56:03.0 (169989349)|HEAP_ALLOCATE|[19]|Bytes:8
21:56:03.0 (170011954)|SYSTEM_METHOD_EXIT|[19]|Schema.SObjectField.getDescribe()
21:56:03.0 (170027362)|VARIABLE_SCOPE_BEGIN|[19]|fieldResult|Schema.DescribeFieldResult|true|false
21:56:03.0 (171596837)|VARIABLE_ASSIGNMENT|[19]|fieldResult|"common.api.soap.wsdl.Field@4169306e"|0x5e5c3667
21:56:03.0 (171615011)|STATEMENT_EXECUTE|[20]
21:56:03.0 (171652985)|LIMIT_USAGE|[20]|PICKLIST_DESCRIBES|1|100
21:56:03.0 (171667694)|HEAP_ALLOCATE|[EXTERNAL]|Bytes:96
21:56:03.0 (171727718)|HEAP_ALLOCATE|[20]|Bytes:96
21:56:03.0 (171741811)|VARIABLE_SCOPE_BEGIN|[20]|ple|List<Schema.PicklistEntry>|true|false
21:56:03.0 (171772285)|VARIABLE_ASSIGNMENT|[20]|ple|"List of size 23 too large to display"|0x13d3126f
21:56:03.0 (171823801)|SYSTEM_METHOD_ENTRY|[21]|List<Schema.PicklistEntry>.iterator()
21:56:03.0 (171915842)|SYSTEM_METHOD_EXIT|[21]|List<Schema.PicklistEntry>.iterator()
21:56:03.0 (172047956)|SYSTEM_METHOD_ENTRY|[21]|system.ListIterator.hasNext()
21:56:03.0 (172061488)|HEAP_ALLOCATE|[21]|Bytes:5
21:56:03.0 (172068499)|SYSTEM_METHOD_EXIT|[21]|system.ListIterator.hasNext()
21:56:03.0 (172082888)|HEAP_ALLOCATE|[21]|Bytes:4
21:56:03.0 (172090755)|VARIABLE_SCOPE_BEGIN|[21]|f|Schema.PicklistEntry|true|false
21:56:03.0 (172129149)|VARIABLE_ASSIGNMENT|[21]|f|MLR Program Abuser—NO MANUAL ADDS|0x522b8101
21:56:03.0 (172177727)|STATEMENT_EXECUTE|[21]
21:56:03.0 (172199940)|STATEMENT_EXECUTE|[22]
21:56:03.0 (172215196)|HEAP_ALLOCATE|[22]|Bytes:33
21:56:03.0 (172221931)|HEAP_ALLOCATE|[22]|Bytes:33
21:56:03.0 (172243652)|SYSTEM_METHOD_ENTRY|[22]|Map<String,String>.put(Object, Object)
21:56:03.0 (172262050)|HEAP_ALLOCATE|[EXTERNAL]|Bytes:-4
21:56:03.0 (172268065)|SYSTEM_METHOD_EXIT|[22]|Map<String,String>.put(Object, Object)
21:56:03.0 (172274178)|SYSTEM_METHOD_ENTRY|[21]|system.ListIterator.hasNext()
21:56:03.0 (172277675)|HEAP_ALLOCATE|[21]|Bytes:5
21:56:03.0 (172280922)|SYSTEM_METHOD_EXIT|[21]|system.ListIterator.hasNext()
21:56:03.0 (172285479)|HEAP_ALLOCATE|[21]|Bytes:4
21:56:03.0 (172290111)|VARIABLE_SCOPE_BEGIN|[21]|f|Schema.PicklistEntry|true|false
21:56:03.0 (172298861)|VARIABLE_ASSIGNMENT|[21]|f|MLR--Do Not Reactivate MLR Cards|0x61909239
21:56:03.0 (172302367)|STATEMENT_EXECUTE|[21]
21:56:03.0 (172303436)|STATEMENT_EXECUTE|[22]
21:56:03.0 (172306102)|HEAP_ALLOCATE|[22]|Bytes:32
21:56:03.0 (172508749)|HEAP_ALLOCATE|[22]|Bytes:32
21:56:03.0 (172526402)|SYSTEM_METHOD_ENTRY|[22]|Map<String,String>.put(Object, Object)
21:56:03.0 (172532293)|HEAP_ALLOCATE|[EXTERNAL]|Bytes:-4
21:56:03.0 (172540922)|SYSTEM_METHOD_EXIT|[22]|Map<String,String>.put(Object, Object)
21:56:03.0 (172547397)|SYSTEM_METHOD_ENTRY|[21]|system.ListIterator.hasNext()
21:56:03.0 (172553388)|HEAP_ALLOCATE|[21]|Bytes:5
21:56:03.0 (172558442)|SYSTEM_METHOD_EXIT|[21]|system.ListIterator.hasNext()
21:56:03.0 (172565866)|HEAP_ALLOCATE|[21]|Bytes:4
21:56:03.0 (172572792)|VARIABLE_SCOPE_BEGIN|[21]|f|Schema.PicklistEntry|true|false
21:56:03.0 (172586129)|VARIABLE_ASSIGNMENT|[21]|f|NO COMPENSATION ALLOWED|0x29ab77b2
21:56:03.0 (172591409)|STATEMENT_EXECUTE|[21]
21:56:03.0 (172593016)|STATEMENT_EXECUTE|[22]
21:56:03.0 (172597441)|HEAP_ALLOCATE|[22]|Bytes:23
21:56:03.0 (172602968)|HEAP_ALLOCATE|[22]|Bytes:23
21:56:03.0 (172612239)|SYSTEM_METHOD_ENTRY|[22]|Map<String,String>.put(Object, Object)
21:56:03.0 (172615808)|HEAP_ALLOCATE|[EXTERNAL]|Bytes:-4
21:56:03.0 (172622687)|SYSTEM_METHOD_EXIT|[22]|Map<String,String>.put(Object, Object)
21:56:03.0 (172627616)|SYSTEM_METHOD_ENTRY|[21]|system.ListIterator.hasNext()
21:56:03.0 (172631795)|HEAP_ALLOCATE|[21]|Bytes:5
21:56:03.0 (172635985)|SYSTEM_METHOD_EXIT|[21]|system.ListIterator.hasNext()
21:56:03.0 (172641642)|HEAP_ALLOCATE|[21]|Bytes:4
21:56:03.0 (172646944)|VARIABLE_SCOPE_BEGIN|[21]|f|Schema.PicklistEntry|true|false
21:56:03.0 (172657121)|VARIABLE_ASSIGNMENT|[21]|f|Abusive Language–If Abusive Engage Leader Immediately|0x7596735f
21:56:03.0 (172663705)|STATEMENT_EXECUTE|[21]
21:56:03.0 (172665127)|STATEMENT_EXECUTE|[22]
21:56:03.0 (172668967)|HEAP_ALLOCATE|[22]|Bytes:53
21:56:03.0 (172674186)|HEAP_ALLOCATE|[22]|Bytes:53
21:56:03.0 (172683888)|SYSTEM_METHOD_ENTRY|[22]|Map<String,String>.put(Object, Object)
21:56:03.0 (172688079)|HEAP_ALLOCATE|[EXTERNAL]|Bytes:-4
21:56:03.0 (172695573)|SYSTEM_METHOD_EXIT|[22]|Map<String,String>.put(Object, Object)
21:56:03.0 (172700836)|SYSTEM_METHOD_ENTRY|[21]|system.ListIterator.hasNext()
21:56:03.0 (172705451)|HEAP_ALLOCATE|[21]|Bytes:5
21:56:03.0 (172709643)|SYSTEM_METHOD_EXIT|[21]|system.ListIterator.hasNext()
21:56:03.0 (172715062)|HEAP_ALLOCATE|[21]|Bytes:4
21:56:03.0 (172720057)|VARIABLE_SCOPE_BEGIN|[21]|f|Schema.PicklistEntry|true|false
21:56:03.0 (172730309)|VARIABLE_ASSIGNMENT|[21]|f|Frequent Caller: Fuel Pricing, Misc|0x7b3bd765
21:56:03.0 (172735037)|STATEMENT_EXECUTE|[21]
21:56:03.0 (172736368)|STATEMENT_EXECUTE|[22]
21:56:03.0 (172739432)|HEAP_ALLOCATE|[22]|Bytes:35
21:56:03.0 (172744117)|HEAP_ALLOCATE|[22]|Bytes:35
21:56:03.0 (172753085)|SYSTEM_METHOD_ENTRY|[22]|Map<String,String>.put(Object, Object)
21:56:03.0 (172759084)|HEAP_ALLOCATE|[EXTERNAL]|Bytes:-4
21:56:03.0 (172766537)|SYSTEM_METHOD_EXIT|[22]|Map<String,String>.put(Object, Object)
21:56:03.0 (172771597)|SYSTEM_METHOD_ENTRY|[21]|system.ListIterator.hasNext()
21:56:03.0 (172775915)|HEAP_ALLOCATE|[21]|Bytes:5
21:56:03.0 (172780141)|SYSTEM_METHOD_EXIT|[21]|system.ListIterator.hasNext()
21:56:03.0 (172785471)|HEAP_ALLOCATE|[21]|Bytes:4
21:56:03.0 (172790883)|VARIABLE_SCOPE_BEGIN|[21]|f|Schema.PicklistEntry|true|false
21:56:03.0 (172800907)|VARIABLE_ASSIGNMENT|[21]|f|Do not send complaints to the field|0x1edf9361
21:56:03.0 (172806014)|STATEMENT_EXECUTE|[21]
21:56:03.0 (172807800)|STATEMENT_EXECUTE|[22]
21:56:03.0 (172810952)|HEAP_ALLOCATE|[22]|Bytes:35
21:56:03.0 (172815561)|HEAP_ALLOCATE|[22]|Bytes:35
21:56:03.0 (172824376)|SYSTEM_METHOD_ENTRY|[22]|Map<String,String>.put(Object, Object)
21:56:03.0 (172827879)|HEAP_ALLOCATE|[EXTERNAL]|Bytes:-4
21:56:03.0 (172834301)|SYSTEM_METHOD_EXIT|[22]|Map<String,String>.put(Object, Object)
21:56:03.0 (172838917)|SYSTEM_METHOD_ENTRY|[21]|system.ListIterator.hasNext()
21:56:03.0 (172844009)|HEAP_ALLOCATE|[21]|Bytes:5
21:56:03.0 (172848235)|SYSTEM_METHOD_EXIT|[21]|system.ListIterator.hasNext()
21:56:03.0 (172854156)|HEAP_ALLOCATE|[21]|Bytes:4
21:56:03.0 (172859412)|VARIABLE_SCOPE_BEGIN|[21]|f|Schema.PicklistEntry|true|false
21:56:03.0 (172869480)|VARIABLE_ASSIGNMENT|[21]|f|Complete Card Merge - See Case Notes for more info. - Per CS MGR|0x6c3b61ef
21:56:03.0 (172874968)|STATEMENT_EXECUTE|[21]
21:56:03.0 (172876436)|STATEMENT_EXECUTE|[22]
21:56:03.0 (172879672)|HEAP_ALLOCATE|[22]|Bytes:64
21:56:03.0 (172884965)|HEAP_ALLOCATE|[22]|Bytes:64
21:56:03.0 (172894348)|SYSTEM_METHOD_ENTRY|[22]|Map<String,String>.put(Object, Object)
21:56:03.0 (172898412)|HEAP_ALLOCATE|[EXTERNAL]|Bytes:-4
21:56:03.0 (172905373)|SYSTEM_METHOD_EXIT|[22]|Map<String,String>.put(Object, Object)
21:56:03.0 (172910482)|SYSTEM_METHOD_ENTRY|[21]|system.ListIterator.hasNext()
21:56:03.0 (172914681)|HEAP_ALLOCATE|[21]|Bytes:5
21:56:03.0 (172919066)|SYSTEM_METHOD_EXIT|[21]|system.ListIterator.hasNext()
21:56:03.0 (172924435)|HEAP_ALLOCATE|[21]|Bytes:4
21:56:03.0 (172929745)|VARIABLE_SCOPE_BEGIN|[21]|f|Schema.PicklistEntry|true|false
21:56:03.0 (172939828)|VARIABLE_ASSIGNMENT|[21]|f|Points Investigation Awarded/Completed|0x2af1fbbc
21:56:03.0 (172945210)|STATEMENT_EXECUTE|[21]
21:56:03.0 (172946725)|STATEMENT_EXECUTE|[22]
21:56:03.0 (172949801)|HEAP_ALLOCATE|[22]|Bytes:38
21:56:03.0 (172954748)|HEAP_ALLOCATE|[22]|Bytes:38
21:56:03.0 (172966661)|SYSTEM_METHOD_ENTRY|[22]|Map<String,String>.put(Object, Object)
21:56:03.0 (172970786)|HEAP_ALLOCATE|[EXTERNAL]|Bytes:-4
21:56:03.0 (172978014)|SYSTEM_METHOD_EXIT|[22]|Map<String,String>.put(Object, Object)
21:56:03.0 (172983053)|SYSTEM_METHOD_ENTRY|[21]|system.ListIterator.hasNext()
21:56:03.0 (172987551)|HEAP_ALLOCATE|[21]|Bytes:5
21:56:03.0 (172991999)|SYSTEM_METHOD_EXIT|[21]|system.ListIterator.hasNext()
21:56:03.0 (172997410)|HEAP_ALLOCATE|[21]|Bytes:4
21:56:03.0 (173002034)|VARIABLE_SCOPE_BEGIN|[21]|f|Schema.PicklistEntry|true|false
21:56:03.0 (173012522)|VARIABLE_ASSIGNMENT|[21]|f|Processing Issue - No limit to manual adds|0xf548178
21:56:03.0 (173017388)|STATEMENT_EXECUTE|[21]
21:56:03.0 (173018883)|STATEMENT_EXECUTE|[22]
21:56:03.0 (173022023)|HEAP_ALLOCATE|[22]|Bytes:42
21:56:03.0 (173026833)|HEAP_ALLOCATE|[22]|Bytes:42
21:56:03.0 (173036442)|SYSTEM_METHOD_ENTRY|[22]|Map<String,String>.put(Object, Object)
21:56:03.0 (173040539)|HEAP_ALLOCATE|[EXTERNAL]|Bytes:-4
21:56:03.0 (173048539)|SYSTEM_METHOD_EXIT|[22]|Map<String,String>.put(Object, Object)
21:56:03.0 (173053834)|SYSTEM_METHOD_ENTRY|[21]|system.ListIterator.hasNext()
21:56:03.0 (173058686)|HEAP_ALLOCATE|[21]|Bytes:5
21:56:03.0 (173062681)|SYSTEM_METHOD_EXIT|[21]|system.ListIterator.hasNext()
21:56:03.0 (173068089)|HEAP_ALLOCATE|[21]|Bytes:4
21:56:03.0 (173073246)|VARIABLE_SCOPE_BEGIN|[21]|f|Schema.PicklistEntry|true|false
21:56:03.0 (173083428)|VARIABLE_ASSIGNMENT|[21]|f|Archived Points Returned - 1st|0x6df25f68
21:56:03.0 (173088692)|STATEMENT_EXECUTE|[21]
21:56:03.0 (173090087)|STATEMENT_EXECUTE|[22]
21:56:03.0 (173093340)|HEAP_ALLOCATE|[22]|Bytes:30
21:56:03.0 (173098204)|HEAP_ALLOCATE|[22]|Bytes:30
21:56:03.0 (173107512)|SYSTEM_METHOD_ENTRY|[22]|Map<String,String>.put(Object, Object)
21:56:03.0 (173111421)|HEAP_ALLOCATE|[EXTERNAL]|Bytes:-4
21:56:03.0 (173119517)|SYSTEM_METHOD_EXIT|[22]|Map<String,String>.put(Object, Object)
21:56:03.0 (173125281)|SYSTEM_METHOD_ENTRY|[21]|system.ListIterator.hasNext()
21:56:03.0 (173129513)|HEAP_ALLOCATE|[21]|Bytes:5
21:56:03.0 (173133953)|SYSTEM_METHOD_EXIT|[21]|system.ListIterator.hasNext()
21:56:03.0 (173139249)|HEAP_ALLOCATE|[21]|Bytes:4
21:56:03.0 (173144204)|VARIABLE_SCOPE_BEGIN|[21]|f|Schema.PicklistEntry|true|false
21:56:03.0 (173154073)|VARIABLE_ASSIGNMENT|[21]|f|Archived points returned - 2nd/Final|0x5af16f20
21:56:03.0 (173158998)|STATEMENT_EXECUTE|[21]
21:56:03.0 (173160531)|STATEMENT_EXECUTE|[22]
21:56:03.0 (173164138)|HEAP_ALLOCATE|[22]|Bytes:36
21:56:03.0 (173169192)|HEAP_ALLOCATE|[22]|Bytes:36
21:56:03.0 (173178531)|SYSTEM_METHOD_ENTRY|[22]|Map<String,String>.put(Object, Object)
21:56:03.0 (173182414)|HEAP_ALLOCATE|[EXTERNAL]|Bytes:-4
21:56:03.0 (173189832)|SYSTEM_METHOD_EXIT|[22]|Map<String,String>.put(Object, Object)
21:56:03.0 (173195071)|SYSTEM_METHOD_ENTRY|[21]|system.ListIterator.hasNext()
21:56:03.0 (173199374)|HEAP_ALLOCATE|[21]|Bytes:5
21:56:03.0 (173203594)|SYSTEM_METHOD_EXIT|[21]|system.ListIterator.hasNext()
21:56:03.0 (173209194)|HEAP_ALLOCATE|[21]|Bytes:4
21:56:03.0 (173214403)|VARIABLE_SCOPE_BEGIN|[21]|f|Schema.PicklistEntry|true|false
21:56:03.0 (173224644)|VARIABLE_ASSIGNMENT|[21]|f|Campaign Abuser - DO NOT add campaign without leadership approval|0x7f7843d9
21:56:03.0 (173229489)|STATEMENT_EXECUTE|[21]
21:56:03.0 (173230815)|STATEMENT_EXECUTE|[22]
21:56:03.0 (173234053)|HEAP_ALLOCATE|[22]|Bytes:65
21:56:03.0 (173238603)|HEAP_ALLOCATE|[22]|Bytes:65
21:56:03.0 (173247795)|SYSTEM_METHOD_ENTRY|[22]|Map<String,String>.put(Object, Object)
21:56:03.0 (173251955)|HEAP_ALLOCATE|[EXTERNAL]|Bytes:-4
21:56:03.0 (173259451)|SYSTEM_METHOD_EXIT|[22]|Map<String,String>.put(Object, Object)
21:56:03.0 (173264509)|SYSTEM_METHOD_ENTRY|[21]|system.ListIterator.hasNext()
21:56:03.0 (173269077)|HEAP_ALLOCATE|[21]|Bytes:5
21:56:03.0 (173273237)|SYSTEM_METHOD_EXIT|[21]|system.ListIterator.hasNext()
21:56:03.0 (173278801)|HEAP_ALLOCATE|[21]|Bytes:4
21:56:03.0 (173283603)|VARIABLE_SCOPE_BEGIN|[21]|f|Schema.PicklistEntry|true|false
21:56:03.0 (173293595)|VARIABLE_ASSIGNMENT|[21]|f|Spanish Speaking Only|0x548c520f
21:56:03.0 (173297948)|STATEMENT_EXECUTE|[21]
21:56:03.0 (173299111)|STATEMENT_EXECUTE|[22]
21:56:03.0 (173302000)|HEAP_ALLOCATE|[22]|Bytes:21
21:56:03.0 (173306208)|HEAP_ALLOCATE|[22]|Bytes:21
21:56:03.0 (173315947)|SYSTEM_METHOD_ENTRY|[22]|Map<String,String>.put(Object, Object)
21:56:03.0 (173320667)|HEAP_ALLOCATE|[EXTERNAL]|Bytes:-4
21:56:03.0 (173327608)|SYSTEM_METHOD_EXIT|[22]|Map<String,String>.put(Object, Object)
21:56:03.0 (173332432)|SYSTEM_METHOD_ENTRY|[21]|system.ListIterator.hasNext()
21:56:03.0 (173336566)|HEAP_ALLOCATE|[21]|Bytes:5
21:56:03.0 (173340612)|SYSTEM_METHOD_EXIT|[21]|system.ListIterator.hasNext()
21:56:03.0 (173345916)|HEAP_ALLOCATE|[21]|Bytes:4
21:56:03.0 (173350783)|VARIABLE_SCOPE_BEGIN|[21]|f|Schema.PicklistEntry|true|false
21:56:03.0 (173359978)|VARIABLE_ASSIGNMENT|[21]|f|Urgent/Time Sensitive – Payroll|0x2bfa5ee9
21:56:03.0 (173366745)|STATEMENT_EXECUTE|[21]
21:56:03.0 (173368186)|STATEMENT_EXECUTE|[22]
21:56:03.0 (173371570)|HEAP_ALLOCATE|[22]|Bytes:31
21:56:03.0 (173376359)|HEAP_ALLOCATE|[22]|Bytes:31
21:56:03.0 (173385943)|SYSTEM_METHOD_ENTRY|[22]|Map<String,String>.put(Object, Object)
21:56:03.0 (173389556)|HEAP_ALLOCATE|[EXTERNAL]|Bytes:-4
21:56:03.0 (173396240)|SYSTEM_METHOD_EXIT|[22]|Map<String,String>.put(Object, Object)
21:56:03.0 (173401737)|SYSTEM_METHOD_ENTRY|[21]|system.ListIterator.hasNext()
21:56:03.0 (173405747)|HEAP_ALLOCATE|[21]|Bytes:5
21:56:03.0 (173409801)|SYSTEM_METHOD_EXIT|[21]|system.ListIterator.hasNext()
21:56:03.0 (173415593)|HEAP_ALLOCATE|[21]|Bytes:4
21:56:03.0 (173420893)|VARIABLE_SCOPE_BEGIN|[21]|f|Schema.PicklistEntry|true|false
21:56:03.0 (173430132)|VARIABLE_ASSIGNMENT|[21]|f|Urgent/Time Sensitive – Benefits|0x7a23acd9
21:56:03.0 (173435506)|STATEMENT_EXECUTE|[21]
21:56:03.0 (173436820)|STATEMENT_EXECUTE|[22]
21:56:03.0 (173439955)|HEAP_ALLOCATE|[22]|Bytes:32
21:56:03.0 (173444649)|HEAP_ALLOCATE|[22]|Bytes:32
21:56:03.0 (173453603)|SYSTEM_METHOD_ENTRY|[22]|Map<String,String>.put(Object, Object)
21:56:03.0 (173457145)|HEAP_ALLOCATE|[EXTERNAL]|Bytes:-4
21:56:03.0 (173464153)|SYSTEM_METHOD_EXIT|[22]|Map<String,String>.put(Object, Object)
21:56:03.0 (173468852)|SYSTEM_METHOD_ENTRY|[21]|system.ListIterator.hasNext()
21:56:03.0 (173473340)|HEAP_ALLOCATE|[21]|Bytes:5
21:56:03.0 (173477615)|SYSTEM_METHOD_EXIT|[21]|system.ListIterator.hasNext()
21:56:03.0 (173482756)|HEAP_ALLOCATE|[21]|Bytes:4
21:56:03.0 (173487941)|VARIABLE_SCOPE_BEGIN|[21]|f|Schema.PicklistEntry|true|false
21:56:03.0 (173498088)|VARIABLE_ASSIGNMENT|[21]|f|Urgent/Time Sensitive – LOA|0x47f85ecf
21:56:03.0 (173503605)|STATEMENT_EXECUTE|[21]
21:56:03.0 (173505005)|STATEMENT_EXECUTE|[22]
21:56:03.0 (173508553)|HEAP_ALLOCATE|[22]|Bytes:27
21:56:03.0 (173513666)|HEAP_ALLOCATE|[22]|Bytes:27
21:56:03.0 (173523485)|SYSTEM_METHOD_ENTRY|[22]|Map<String,String>.put(Object, Object)
21:56:03.0 (173527360)|HEAP_ALLOCATE|[EXTERNAL]|Bytes:-4
21:56:03.0 (173535256)|SYSTEM_METHOD_EXIT|[22]|Map<String,String>.put(Object, Object)
21:56:03.0 (173540307)|SYSTEM_METHOD_ENTRY|[21]|system.ListIterator.hasNext()
21:56:03.0 (173544929)|HEAP_ALLOCATE|[21]|Bytes:5
21:56:03.0 (173549540)|SYSTEM_METHOD_EXIT|[21]|system.ListIterator.hasNext()
21:56:03.0 (173555072)|HEAP_ALLOCATE|[21]|Bytes:4
21:56:03.0 (173564019)|VARIABLE_SCOPE_BEGIN|[21]|f|Schema.PicklistEntry|true|false
21:56:03.0 (173575318)|VARIABLE_ASSIGNMENT|[21]|f|Urgent/Time Sensitive – Talent Stop|0x71526015
21:56:03.0 (173581087)|STATEMENT_EXECUTE|[21]
21:56:03.0 (173582275)|STATEMENT_EXECUTE|[22]
21:56:03.0 (173585386)|HEAP_ALLOCATE|[22]|Bytes:35
21:56:03.0 (173590131)|HEAP_ALLOCATE|[22]|Bytes:35
21:56:03.0 (173599828)|SYSTEM_METHOD_ENTRY|[22]|Map<String,String>.put(Object, Object)
21:56:03.0 (173603841)|HEAP_ALLOCATE|[EXTERNAL]|Bytes:-4
21:56:03.0 (173610804)|SYSTEM_METHOD_EXIT|[22]|Map<String,String>.put(Object, Object)
21:56:03.0 (173615563)|SYSTEM_METHOD_ENTRY|[21]|system.ListIterator.hasNext()
21:56:03.0 (173620116)|HEAP_ALLOCATE|[21]|Bytes:5
21:56:03.0 (173624570)|SYSTEM_METHOD_EXIT|[21]|system.ListIterator.hasNext()
21:56:03.0 (173630015)|HEAP_ALLOCATE|[21]|Bytes:4
21:56:03.0 (173634893)|VARIABLE_SCOPE_BEGIN|[21]|f|Schema.PicklistEntry|true|false
21:56:03.0 (173644991)|VARIABLE_ASSIGNMENT|[21]|f|Frequent Caller – Manager|0x82665c0
21:56:03.0 (173650473)|STATEMENT_EXECUTE|[21]
21:56:03.0 (173651793)|STATEMENT_EXECUTE|[22]
21:56:03.0 (173655426)|HEAP_ALLOCATE|[22]|Bytes:25
21:56:03.0 (173660120)|HEAP_ALLOCATE|[22]|Bytes:25
21:56:03.0 (173669212)|SYSTEM_METHOD_ENTRY|[22]|Map<String,String>.put(Object, Object)
21:56:03.0 (173673108)|HEAP_ALLOCATE|[EXTERNAL]|Bytes:-4
21:56:03.0 (173680431)|SYSTEM_METHOD_EXIT|[22]|Map<String,String>.put(Object, Object)
21:56:03.0 (173685605)|SYSTEM_METHOD_ENTRY|[21]|system.ListIterator.hasNext()
21:56:03.0 (173689978)|HEAP_ALLOCATE|[21]|Bytes:5
21:56:03.0 (173694020)|SYSTEM_METHOD_EXIT|[21]|system.ListIterator.hasNext()
21:56:03.0 (173699344)|HEAP_ALLOCATE|[21]|Bytes:4
21:56:03.0 (173704388)|VARIABLE_SCOPE_BEGIN|[21]|f|Schema.PicklistEntry|true|false
21:56:03.0 (173713257)|VARIABLE_ASSIGNMENT|[21]|f|Frequent Caller – Team Member|0x6f845579
21:56:03.0 (173718134)|STATEMENT_EXECUTE|[21]
21:56:03.0 (173719354)|STATEMENT_EXECUTE|[22]
21:56:03.0 (173722342)|HEAP_ALLOCATE|[22]|Bytes:29
21:56:03.0 (173727179)|HEAP_ALLOCATE|[22]|Bytes:29
21:56:03.0 (173736977)|SYSTEM_METHOD_ENTRY|[22]|Map<String,String>.put(Object, Object)
21:56:03.0 (173740543)|HEAP_ALLOCATE|[EXTERNAL]|Bytes:-4
21:56:03.0 (173747403)|SYSTEM_METHOD_EXIT|[22]|Map<String,String>.put(Object, Object)
21:56:03.0 (173753063)|SYSTEM_METHOD_ENTRY|[21]|system.ListIterator.hasNext()
21:56:03.0 (173756861)|HEAP_ALLOCATE|[21]|Bytes:5
21:56:03.0 (173760859)|SYSTEM_METHOD_EXIT|[21]|system.ListIterator.hasNext()
21:56:03.0 (173765833)|HEAP_ALLOCATE|[21]|Bytes:4
21:56:03.0 (173770787)|VARIABLE_SCOPE_BEGIN|[21]|f|Schema.PicklistEntry|true|false
21:56:03.0 (173780530)|VARIABLE_ASSIGNMENT|[21]|f|Frequent Caller - Driver|0x6a0f7060
21:56:03.0 (173785180)|STATEMENT_EXECUTE|[21]
21:56:03.0 (173786496)|STATEMENT_EXECUTE|[22]
21:56:03.0 (173790156)|HEAP_ALLOCATE|[22]|Bytes:24
21:56:03.0 (173794962)|HEAP_ALLOCATE|[22]|Bytes:24
21:56:03.0 (173804934)|SYSTEM_METHOD_ENTRY|[22]|Map<String,String>.put(Object, Object)
21:56:03.0 (173809317)|HEAP_ALLOCATE|[EXTERNAL]|Bytes:-4
21:56:03.0 (173816772)|SYSTEM_METHOD_EXIT|[22]|Map<String,String>.put(Object, Object)
21:56:03.0 (173821897)|SYSTEM_METHOD_ENTRY|[21]|system.ListIterator.hasNext()
21:56:03.0 (173826480)|HEAP_ALLOCATE|[21]|Bytes:5
21:56:03.0 (173830821)|SYSTEM_METHOD_EXIT|[21]|system.ListIterator.hasNext()
21:56:03.0 (173837072)|HEAP_ALLOCATE|[21]|Bytes:4
21:56:03.0 (173842508)|VARIABLE_SCOPE_BEGIN|[21]|f|Schema.PicklistEntry|true|false
21:56:03.0 (173852638)|VARIABLE_ASSIGNMENT|[21]|f|Requires Sensitivity|0x83ff7fc
21:56:03.0 (173858367)|STATEMENT_EXECUTE|[21]
21:56:03.0 (173859876)|STATEMENT_EXECUTE|[22]
21:56:03.0 (173863522)|HEAP_ALLOCATE|[22]|Bytes:20
21:56:03.0 (173868728)|HEAP_ALLOCATE|[22]|Bytes:20
21:56:03.0 (173878588)|SYSTEM_METHOD_ENTRY|[22]|Map<String,String>.put(Object, Object)
21:56:03.0 (173882743)|HEAP_ALLOCATE|[EXTERNAL]|Bytes:-4
21:56:03.0 (173890407)|SYSTEM_METHOD_EXIT|[22]|Map<String,String>.put(Object, Object)
21:56:03.0 (173895567)|SYSTEM_METHOD_ENTRY|[21]|system.ListIterator.hasNext()
21:56:03.0 (173900057)|HEAP_ALLOCATE|[21]|Bytes:5
21:56:03.0 (173905064)|SYSTEM_METHOD_EXIT|[21]|system.ListIterator.hasNext()
21:56:03.0 (173910626)|HEAP_ALLOCATE|[21]|Bytes:4
21:56:03.0 (173916152)|VARIABLE_SCOPE_BEGIN|[21]|f|Schema.PicklistEntry|true|false
21:56:03.0 (173927786)|VARIABLE_ASSIGNMENT|[21]|f|Abusive Language – Escalate to Leader if Needed|0x338c8b5e
21:56:03.0 (173933943)|STATEMENT_EXECUTE|[21]
21:56:03.0 (173935375)|STATEMENT_EXECUTE|[22]
21:56:03.0 (173938941)|HEAP_ALLOCATE|[22]|Bytes:47
21:56:03.0 (173944292)|HEAP_ALLOCATE|[22]|Bytes:47
21:56:03.0 (173954017)|SYSTEM_METHOD_ENTRY|[22]|Map<String,String>.put(Object, Object)
21:56:03.0 (173958138)|HEAP_ALLOCATE|[EXTERNAL]|Bytes:-4
21:56:03.0 (173965405)|SYSTEM_METHOD_EXIT|[22]|Map<String,String>.put(Object, Object)
21:56:03.0 (173971059)|SYSTEM_METHOD_ENTRY|[21]|system.ListIterator.hasNext()
21:56:03.0 (173975652)|HEAP_ALLOCATE|[21]|Bytes:5
21:56:03.0 (173980278)|SYSTEM_METHOD_EXIT|[21]|system.ListIterator.hasNext()
21:56:03.0 (173986031)|HEAP_ALLOCATE|[21]|Bytes:4
21:56:03.0 (173991336)|VARIABLE_SCOPE_BEGIN|[21]|f|Schema.PicklistEntry|true|false
21:56:03.0 (174001874)|VARIABLE_ASSIGNMENT|[21]|f|Pulse Store|0x7eee3fcb
21:56:03.0 (174007326)|STATEMENT_EXECUTE|[21]
21:56:03.0 (174008744)|STATEMENT_EXECUTE|[22]
21:56:03.0 (174011986)|HEAP_ALLOCATE|[22]|Bytes:11
21:56:03.0 (174016691)|HEAP_ALLOCATE|[22]|Bytes:11
21:56:03.0 (174025855)|SYSTEM_METHOD_ENTRY|[22]|Map<String,String>.put(Object, Object)
21:56:03.0 (174029652)|HEAP_ALLOCATE|[EXTERNAL]|Bytes:-4
21:56:03.0 (174037175)|SYSTEM_METHOD_EXIT|[22]|Map<String,String>.put(Object, Object)
21:56:03.0 (174041976)|SYSTEM_METHOD_ENTRY|[21]|system.ListIterator.hasNext()
21:56:03.0 (174046392)|HEAP_ALLOCATE|[21]|Bytes:5
21:56:03.0 (174050307)|SYSTEM_METHOD_EXIT|[21]|system.ListIterator.hasNext()
21:56:03.0 (174059134)|VARIABLE_ASSIGNMENT|[21]|f|null|
21:56:03.0 (174064185)|STATEMENT_EXECUTE|[24]
21:56:03.0 (174075190)|METHOD_EXIT|[29]|01p3600000JX1Jj|com_sObjectPicklist.getPicklistValues(String, String)
21:56:03.0 (174108247)|SYSTEM_METHOD_ENTRY|[29]|com_sObjectFieldSet.fieldDetails.__sfdc_options(Map<String,String>)
21:56:03.0 (174228075)|VARIABLE_ASSIGNMENT|[EXTERNAL]|this|{"apiName":"Type__c","dbRequired":false,"label":"Type","required":true,"sObjectType":"com_Object_Alert__c","type":"PICKLIST"}|0x2ebbab45
21:56:03.0 (174473844)|VARIABLE_ASSIGNMENT|[EXTERNAL]|value|"Map of size 23 too large to display"|0x1a8a4a7c
21:56:03.0 (174561882)|VARIABLE_ASSIGNMENT|[142]|this.options|"Map of size 23 too large to display"|0x2ebbab45
21:56:03.0 (174576620)|SYSTEM_METHOD_EXIT|[29]|com_sObjectFieldSet.fieldDetails.__sfdc_options(Map<String,String>)
21:56:03.0 (174593786)|SYSTEM_METHOD_ENTRY|[33]|com_sObjectFieldSet.fieldDetails.__sfdc_label()
21:56:03.0 (174694920)|VARIABLE_ASSIGNMENT|[EXTERNAL]|this|{"apiName":"Type__c","dbRequired":false,"label":"Type","options":"0x1a8a4a7c","required":true,"sObjectType":"com_Object_Alert__c","type":"PICKLIST"}|0x2ebbab45
21:56:03.0 (174707788)|SYSTEM_METHOD_EXIT|[33]|com_sObjectFieldSet.fieldDetails.__sfdc_label()
21:56:03.0 (174715431)|HEAP_ALLOCATE|[33]|Bytes:14
21:56:03.0 (174739916)|STATEMENT_EXECUTE|[33]
21:56:03.0 (174741990)|STATEMENT_EXECUTE|[35]
21:56:03.0 (174765337)|SYSTEM_METHOD_ENTRY|[35]|List<com_sObjectFieldSet.fieldDetails>.add(Object)
21:56:03.0 (174788537)|HEAP_ALLOCATE|[EXTERNAL]|Bytes:4
21:56:03.0 (174796626)|SYSTEM_METHOD_EXIT|[35]|List<com_sObjectFieldSet.fieldDetails>.add(Object)
21:56:03.0 (174806743)|SYSTEM_METHOD_ENTRY|[20]|system.ListIterator.hasNext()
21:56:03.0 (174816016)|HEAP_ALLOCATE|[20]|Bytes:5
21:56:03.0 (174822186)|SYSTEM_METHOD_EXIT|[20]|system.ListIterator.hasNext()
21:56:03.0 (174834811)|VARIABLE_ASSIGNMENT|[20]|f|null|
21:56:03.0 (174840040)|STATEMENT_EXECUTE|[37]
21:56:03.0 (174845918)|METHOD_EXIT|[65]|01p3600000JX1Jf|com_sObjectFieldSet.getFieldSetSchemaList(String, String)
21:56:03.0 (174853686)|VARIABLE_SCOPE_BEGIN|[65]|fieldSetMemberList|List<com_sObjectFieldSet.fieldDetails>|true|false
21:56:03.0 (174908609)|VARIABLE_ASSIGNMENT|[65]|fieldSetMemberList|[{"apiName":"Type__c","dbRequired":false,"label":"Type","options":"0x1a8a4a7c","required":true,"sObjectType":"com_Object_Alert__c","type":"PICKLIST"}]|0x5e48e33e
21:56:03.0 (174915285)|STATEMENT_EXECUTE|[66]
21:56:03.0 (174927586)|HEAP_ALLOCATE|[66]|Bytes:4
21:56:03.0 (174947174)|SYSTEM_CONSTRUCTOR_ENTRY|[66]|<init>()
21:56:03.0 (174976873)|SYSTEM_CONSTRUCTOR_EXIT|[66]|<init>()
21:56:03.0 (174982303)|VARIABLE_SCOPE_BEGIN|[66]|fieldSetMemberListReversed|List<com_sObjectFieldSet.fieldDetails>|true|false
21:56:03.0 (175009810)|HEAP_ALLOCATE|[EXTERNAL]|Bytes:4
21:56:03.0 (175019254)|VARIABLE_ASSIGNMENT|[66]|fieldSetMemberListReversed|[]|0x3178e183
21:56:03.0 (175025979)|STATEMENT_EXECUTE|[67]
21:56:03.0 (175034271)|SYSTEM_METHOD_ENTRY|[67]|List<com_sObjectFieldSet.fieldDetails>.size()
21:56:03.0 (175048541)|SYSTEM_METHOD_EXIT|[67]|List<com_sObjectFieldSet.fieldDetails>.size()
21:56:03.0 (175057090)|VARIABLE_SCOPE_BEGIN|[67]|i|Integer|false|false
21:56:03.0 (175088283)|HEAP_ALLOCATE|[67]|Bytes:4
21:56:03.0 (175097630)|VARIABLE_ASSIGNMENT|[67]|i|0
21:56:03.0 (175104977)|STATEMENT_EXECUTE|[67]
21:56:03.0 (175106628)|STATEMENT_EXECUTE|[68]
21:56:03.0 (175116183)|HEAP_ALLOCATE|[68]|Bytes:52
21:56:03.0 (175129752)|SYSTEM_METHOD_ENTRY|[68]|List<com_sObjectFieldSet.fieldDetails>.add(Object)
21:56:03.0 (175146709)|HEAP_ALLOCATE|[EXTERNAL]|Bytes:4
21:56:03.0 (175153041)|SYSTEM_METHOD_EXIT|[68]|List<com_sObjectFieldSet.fieldDetails>.add(Object)
21:56:03.0 (175157605)|HEAP_ALLOCATE|[67]|Bytes:4
21:56:03.0 (175164063)|VARIABLE_ASSIGNMENT|[67]|i|-1
21:56:03.0 (175174058)|SYSTEM_METHOD_ENTRY|[70]|List<com_sObjectFieldSet.fieldDetails>.iterator()
21:56:03.0 (175254461)|SYSTEM_METHOD_EXIT|[70]|List<com_sObjectFieldSet.fieldDetails>.iterator()
21:56:03.0 (175276277)|SYSTEM_METHOD_ENTRY|[70]|system.ListIterator.hasNext()
21:56:03.0 (175285251)|HEAP_ALLOCATE|[70]|Bytes:5
21:56:03.0 (175291240)|SYSTEM_METHOD_EXIT|[70]|system.ListIterator.hasNext()
21:56:03.0 (175328470)|HEAP_ALLOCATE|[70]|Bytes:52
21:56:03.0 (175337659)|VARIABLE_SCOPE_BEGIN|[70]|fieldSetMemberObj|com_sObjectFieldSet.fieldDetails|true|false
21:56:03.0 (175410299)|VARIABLE_ASSIGNMENT|[70]|fieldSetMemberObj|{"apiName":"Type__c","dbRequired":false,"label":"Type","options":"0x1a8a4a7c","required":true,"sObjectType":"com_Object_Alert__c","type":"PICKLIST"}|0x2ebbab45
21:56:03.0 (175419175)|STATEMENT_EXECUTE|[70]
21:56:03.0 (175420750)|STATEMENT_EXECUTE|[71]
21:56:03.0 (175442171)|SYSTEM_METHOD_ENTRY|[71]|com_sObjectFieldSet.fieldDetails.__sfdc_apiName()
21:56:03.0 (175503476)|VARIABLE_ASSIGNMENT|[EXTERNAL]|this|{"apiName":"Type__c","dbRequired":false,"label":"Type","options":"0x1a8a4a7c","required":true,"sObjectType":"com_Object_Alert__c","type":"PICKLIST"}|0x2ebbab45
21:56:03.0 (175518484)|SYSTEM_METHOD_EXIT|[71]|com_sObjectFieldSet.fieldDetails.__sfdc_apiName()
21:56:03.0 (175542004)|SYSTEM_METHOD_ENTRY|[71]|Map<String,com_sObjectFieldSet.fieldDetails>.put(Object, Object)
21:56:03.0 (175550243)|HEAP_ALLOCATE|[EXTERNAL]|Bytes:-4
21:56:03.0 (175558438)|SYSTEM_METHOD_EXIT|[71]|Map<String,com_sObjectFieldSet.fieldDetails>.put(Object, Object)
21:56:03.0 (175565969)|SYSTEM_METHOD_ENTRY|[70]|system.ListIterator.hasNext()
21:56:03.0 (175572420)|HEAP_ALLOCATE|[70]|Bytes:5
21:56:03.0 (175577698)|SYSTEM_METHOD_EXIT|[70]|system.ListIterator.hasNext()
21:56:03.0 (175586984)|VARIABLE_ASSIGNMENT|[70]|fieldSetMemberObj|null|
21:56:03.0 (175592170)|STATEMENT_EXECUTE|[73]
21:56:03.0 (175599650)|METHOD_EXIT|[138]|01p3600000JX1Jf|com_sObjectFieldSet.getFieldSetMemberMap(String, String)
21:56:03.0 (175612017)|SYSTEM_METHOD_ENTRY|[138]|Map<String,com_sObjectFieldSet.fieldDetails>.putAll(Object)
21:56:03.0 (175632746)|HEAP_ALLOCATE|[EXTERNAL]|Bytes:-4
21:56:03.0 (175636898)|HEAP_ALLOCATE|[138]|Bytes:4
21:56:03.0 (175644137)|SYSTEM_METHOD_EXIT|[138]|Map<String,com_sObjectFieldSet.fieldDetails>.putAll(Object)
21:56:03.0 (175648214)|STATEMENT_EXECUTE|[139]
21:56:03.0 (175655448)|VARIABLE_ASSIGNMENT|[137]|recordType|null
21:56:03.0 (175659643)|STATEMENT_EXECUTE|[141]
21:56:03.0 (175676444)|SYSTEM_METHOD_ENTRY|[141]|System.debug(ANY)
21:56:03.0 (175869460)|USER_DEBUG|[141]|DEBUG|{Type__c=fieldDetails:[apiName=Type__c, dbRequired=false, display=null, displayClass=null, label=Type, options={Abusive Language – Escalate to Leader if Needed=Abusive Language – Escalate to Leader if Needed, Abusive Language–If Abusive Engage Leader Immediately=Abusive Language–If Abusive Engage Leader Immediately, Archived Points Returned - 1st=Archived Points Returned - 1st, Archived points returned - 2nd/Final=Archived points returned - 2nd/Final, Campaign Abuser - DO NOT add campaign without leadership approval=Campaign Abuser - DO NOT add campaign without leadership approval, Complete Card Merge - See Case Notes for more info. - Per CS MGR=Complete Card Merge - See Case Notes for more info. - Per CS MGR, Do not send complaints to the field=Do not send complaints to the field, Frequent Caller - Driver=Frequent Caller - Driver, Frequent Caller – Manager=Frequent Caller – Manager, Frequent Caller – Team Member=Frequent Caller – Team Member, ...}, required=true, sObjectType=com_Object_Alert__c, staticResourceName=null, staticResourcePath=null, type=PICKLIST, value=null]}
21:56:03.0 (175893059)|SYSTEM_METHOD_EXIT|[141]|System.debug(ANY)
21:56:03.0 (175896990)|STATEMENT_EXECUTE|[142]
21:56:03.0 (175940362)|HEAP_ALLOCATE|[142]|Bytes:24
21:56:03.0 (175961490)|SYSTEM_METHOD_ENTRY|[1]|JSON.JSON()
21:56:03.0 (175965432)|STATEMENT_EXECUTE|[1]
21:56:03.0 (175973402)|SYSTEM_METHOD_EXIT|[1]|JSON
21:56:03.0 (175981830)|METHOD_ENTRY|[142]||System.JSON.serialize(Object)
21:56:03.0 (176802062)|METHOD_EXIT|[142]||System.JSON.serialize(Object)
21:56:03.176 (176871813)|CUMULATIVE_LIMIT_USAGE
21:56:03.176 (176871813)|LIMIT_USAGE_FOR_NS|(default)|
  Number of SOQL queries: 0 out of 100
  Number of query rows: 0 out of 50000
  Number of SOSL queries: 0 out of 20
  Number of DML statements: 0 out of 150
  Number of Publish Immediate DML: 0 out of 150
  Number of DML rows: 0 out of 10000
  Maximum CPU time: 0 out of 10000
  Maximum heap size: 0 out of 6000000
  Number of callouts: 0 out of 100
  Number of Email Invocations: 0 out of 10
  Number of future calls: 0 out of 50
  Number of queueable jobs added to the queue: 0 out of 50
  Number of Mobile Apex push calls: 0 out of 10

21:56:03.176 (176871813)|TOTAL_EMAIL_RECIPIENTS_QUEUED|0
21:56:03.176 (176871813)|STATIC_VARIABLE_LIST|
  int:BYTES:0
  int:BYTES:0
  byte[]:DigitOnes:0
  byte[]:DigitTens:0
  Boolean:FALSE:0
  int:MAX_EXPONENT:0
  double:MAX_VALUE:0
  int:MAX_VALUE:0
  int:MIN_EXPONENT:0
  double:MIN_NORMAL:0
  double:MIN_VALUE:0
  int:MIN_VALUE:0
  double:NEGATIVE_INFINITY:0
  double:NaN:0
  double:POSITIVE_INFINITY:0
  int:PRECISION:0
  int:SIZE:0
  int:SIZE:0
  Boolean:TRUE:0
  String:__sfdcInnerTypes:0
  String:__sfdcInnerTypes:0
  String:__sfdcProperties:0
  String:_sfdcAdditionalCodeLocations:0
  String:_sfdcAdditionalCodeLocations:0
  String:_sfdcAdditionalCodeLocations:0
  String:_sfdcAdditionalCodeLocations:0
  String:_sfdcAdditionalCodeLocations:0
  String:_sfdcAdditionalCodeLocations:0
  String:_sfdcSuppressedCodeLocations:0
  char[]:digits:0
  long:serialVersionUID:0
  long:serialVersionUID:0
  long:serialVersionUID:0

21:56:03.176 (176871813)|CUMULATIVE_LIMIT_USAGE_END

21:56:03.0 (177081492)|CODE_UNIT_FINISHED|com_Alert.getFieldSetMap(String, String)
21:56:03.177 (177113048)|CUMULATIVE_PROFILING_BEGIN
21:56:03.177 (177113048)|CUMULATIVE_PROFILING|No profiling information for SOQL operations
21:56:03.177 (177113048)|CUMULATIVE_PROFILING|No profiling information for SOSL operations
21:56:03.177 (177113048)|CUMULATIVE_PROFILING|No profiling information for DML operations
21:56:03.177 (177113048)|CUMULATIVE_PROFILING|method invocations|
External entry point: public static String getFieldSetMap(String, String): executed 1 time in 175 ms
Class.com_Alert.getFieldSetMap: line 138, column 1: global public Object get(Object): executed 3 times in 169 ms
Class.com_sObjectFieldSet.getFieldSetMemberMap: line 65, column 1: public static List<com_sObjectFieldSet.fieldDetails> getFieldSetSchemaList(String, String): executed 1 time in 168 ms
Class.com_sObjectFieldSet.getFieldSetSchemaList: line 29, column 1: public static Map<String,String> getPicklistValues(String, String): executed 2 times in 79 ms
Class.com_sObjectFieldSet.getFieldSetSchemaList: line 15, column 1: global public static Map<String,Schema.SObjectType> getGlobalDescribe(): executed 1 time in 74 ms
Class.com_sObjectPicklist.getPicklistValues: line 17, column 1: global public static Map<String,Schema.SObjectType> getGlobalDescribe(): executed 3 times in 69 ms
Class.com_sObjectPicklist.getPicklistValues: line 19, column 1: global Map<String,Schema.SObjectField> getMap(): executed 3 times in 5 ms
Class.com_sObjectFieldSet.getFieldSetSchemaList: line 18, column 1: global Map<String,Schema.FieldSet> getMap(): executed 2 times in 3 ms
Class.com_sObjectFieldSet.getFieldSetSchemaList: line 17, column 1: global Schema.DescribeSObjectResult getDescribe(): executed 1 time in 1 ms
Class.com_sObjectFieldSet.getFieldSetSchemaList: line 21, column 1: global com_sObjectFieldSet.fieldDetails(): executed 1 time in 1 ms
Class.com_Alert.getFieldSetMap: line 134, column 1: public static Map<String,String> getConfigValues(String): executed 1 time in 1 ms

21:56:03.177 (177113048)|CUMULATIVE_PROFILING_END
21:56:03.0 (177819096)|CODE_UNIT_FINISHED|apex://com_Alert/ACTION$getFieldSetMap
21:56:03.0 (177836361)|EXECUTION_FINISHED
