66.0 APEX_CODE,FINEST;APEX_PROFILING,FINEST;CALLOUT,FINEST;DATA_ACCESS,INFO;DB,FINEST;NBA,FINEST;SYSTEM,FINE;VALIDATION,INFO;VISUALFORCE,FINER;WAVE,FINEST;WORKFLOW,FINER
21:56:01.1 (1437863)|USER_INFO|[EXTERNAL]|005360000036OeQ|victor.felisbino@loves.com.dev2|(GMT-06:00) Central Standard Time (America/Chicago)|GMT-06:00
21:56:01.1 (1530888)|EXECUTION_STARTED
21:56:01.1 (1555651)|CODE_UNIT_STARTED|[EXTERNAL]|apex://com_Alert/ACTION$getFieldSetMap
21:56:01.1 (6157634)|CODE_UNIT_STARTED|[EXTERNAL]|01p3600000JX5eT|com_Alert.getFieldSetMap(String, String)
21:56:01.1 (6512073)|HEAP_ALLOCATE|[95]|Bytes:3
21:56:01.1 (6605179)|HEAP_ALLOCATE|[100]|Bytes:152
21:56:01.1 (6618931)|HEAP_ALLOCATE|[417]|Bytes:408
21:56:01.1 (6631269)|HEAP_ALLOCATE|[430]|Bytes:408
21:56:01.1 (6652414)|HEAP_ALLOCATE|[317]|Bytes:6
21:56:01.1 (6664006)|HEAP_ALLOCATE|[EXTERNAL]|Bytes:24
21:56:01.1 (6668038)|HEAP_ALLOCATE|[EXTERNAL]|Bytes:24
21:56:01.1 (6670804)|HEAP_ALLOCATE|[EXTERNAL]|Bytes:7
21:56:01.1 (6695485)|METHOD_ENTRY|[12]|01p3600000JX5eT|com_Alert.com_Alert()
21:56:01.1 (6708322)|STATEMENT_EXECUTE|[12]
21:56:01.1 (6763830)|STATEMENT_EXECUTE|[12]
21:56:01.1 (6765348)|STATEMENT_EXECUTE|[156]
21:56:01.1 (6766312)|STATEMENT_EXECUTE|[167]
21:56:01.1 (6772322)|METHOD_EXIT|[12]|com_Alert
21:56:01.1 (6777003)|HEAP_ALLOCATE|[EXTERNAL]|Bytes:19
21:56:01.1 (6779567)|HEAP_ALLOCATE|[EXTERNAL]|Bytes:19
21:56:01.1 (6818591)|VARIABLE_SCOPE_BEGIN|[132]|obj|String|false|false
21:56:01.1 (6928601)|VARIABLE_ASSIGNMENT|[132]|obj|"com_Object_Alert__c"
21:56:01.1 (6938151)|VARIABLE_SCOPE_BEGIN|[132]|recordtype_fieldset|String|false|false
21:56:01.1 (6949298)|VARIABLE_ASSIGNMENT|[132]|recordtype_fieldset|"flag;CS_FlagMessage"
21:56:01.1 (6957073)|STATEMENT_EXECUTE|[132]
21:56:01.1 (6958835)|STATEMENT_EXECUTE|[133]
21:56:01.1 (6961034)|HEAP_ALLOCATE|[133]|Bytes:23
21:56:01.1 (6982666)|HEAP_ALLOCATE|[68]|Bytes:5
21:56:01.1 (7012153)|HEAP_ALLOCATE|[74]|Bytes:5
21:56:01.1 (7021000)|HEAP_ALLOCATE|[82]|Bytes:7
21:56:01.1 (7059943)|SYSTEM_METHOD_ENTRY|[133]|System.debug(ANY)
21:56:01.1 (7101252)|USER_DEBUG|[133]|DEBUG|gettin them darn things
21:56:01.1 (7114106)|SYSTEM_METHOD_EXIT|[133]|System.debug(ANY)
21:56:01.1 (7121063)|STATEMENT_EXECUTE|[134]
21:56:01.1 (11464096)|HEAP_ALLOCATE|[134]|Bytes:22
21:56:01.1 (11497410)|HEAP_ALLOCATE|[134]|Bytes:21
21:56:01.1 (11541837)|METHOD_ENTRY|[12]|01p3600000JX1Jf|com_sObjectFieldSet.com_sObjectFieldSet()
21:56:01.1 (11552300)|STATEMENT_EXECUTE|[12]
21:56:01.1 (11560502)|STATEMENT_EXECUTE|[12]
21:56:01.1 (11562887)|STATEMENT_EXECUTE|[125]
21:56:01.1 (11564611)|STATEMENT_EXECUTE|[130]
21:56:01.1 (11574803)|METHOD_EXIT|[12]|com_sObjectFieldSet
21:56:01.1 (11630813)|METHOD_ENTRY|[134]|01p3600000JX1Jf|com_sObjectFieldSet.getConfigValues(String)
21:56:01.1 (11694226)|VARIABLE_SCOPE_BEGIN|[109]|config|String|false|false
21:56:01.1 (11739663)|VARIABLE_ASSIGNMENT|[109]|config|"flag;CS_FlagMessage"
21:56:01.1 (11748833)|STATEMENT_EXECUTE|[109]
21:56:01.1 (11750731)|STATEMENT_EXECUTE|[110]
21:56:01.1 (11765181)|HEAP_ALLOCATE|[110]|Bytes:4
21:56:01.1 (11793658)|VARIABLE_SCOPE_BEGIN|[110]|configMap|Map<String,String>|true|false
21:56:01.1 (11857647)|VARIABLE_ASSIGNMENT|[110]|configMap|{}|0x4052bb1a
21:56:01.1 (11889655)|STATEMENT_EXECUTE|[111]
21:56:01.1 (11891747)|STATEMENT_EXECUTE|[112]
21:56:01.1 (11937085)|HEAP_ALLOCATE|[112]|Bytes:4
21:56:01.1 (11961606)|SYSTEM_CONSTRUCTOR_ENTRY|[112]|<init>()
21:56:01.1 (12044386)|SYSTEM_CONSTRUCTOR_EXIT|[112]|<init>()
21:56:01.1 (12068640)|VARIABLE_SCOPE_BEGIN|[112]|configList|List<String>|true|false
21:56:01.1 (12108780)|HEAP_ALLOCATE|[EXTERNAL]|Bytes:4
21:56:01.1 (12135375)|VARIABLE_ASSIGNMENT|[112]|configList|[]|0x43ced7d2
21:56:01.1 (12141838)|STATEMENT_EXECUTE|[113]
21:56:01.1 (12143421)|STATEMENT_EXECUTE|[113]
21:56:01.1 (12145017)|STATEMENT_EXECUTE|[114]
21:56:01.1 (12149276)|HEAP_ALLOCATE|[114]|Bytes:1
21:56:01.1 (12328618)|SYSTEM_METHOD_ENTRY|[114]|String.split(String)
21:56:01.1 (12366879)|HEAP_ALLOCATE|[114]|Bytes:19
21:56:01.1 (12376927)|HEAP_ALLOCATE|[114]|Bytes:8
21:56:01.1 (12397137)|SYSTEM_METHOD_EXIT|[114]|String.split(String)
21:56:01.1 (12429721)|HEAP_ALLOCATE|[EXTERNAL]|Bytes:8
21:56:01.1 (12456500)|VARIABLE_ASSIGNMENT|[114]|configList|["flag;CS_FlagMessage"]|0x6f11f6d4
21:56:01.1 (12478338)|SYSTEM_METHOD_ENTRY|[118]|List<String>.iterator()
21:56:01.1 (12531388)|SYSTEM_METHOD_EXIT|[118]|List<String>.iterator()
21:56:01.1 (12547787)|SYSTEM_METHOD_ENTRY|[118]|system.ListIterator.hasNext()
21:56:01.1 (13136915)|HEAP_ALLOCATE|[118]|Bytes:5
21:56:01.1 (13201736)|SYSTEM_METHOD_EXIT|[118]|system.ListIterator.hasNext()
21:56:01.1 (13225310)|HEAP_ALLOCATE|[118]|Bytes:19
21:56:01.1 (13250435)|VARIABLE_SCOPE_BEGIN|[118]|rec|String|false|false
21:56:01.1 (13279158)|VARIABLE_ASSIGNMENT|[118]|rec|"flag;CS_FlagMessage"
21:56:01.1 (13283916)|STATEMENT_EXECUTE|[118]
21:56:01.1 (13285619)|STATEMENT_EXECUTE|[119]
21:56:01.1 (13288232)|HEAP_ALLOCATE|[119]|Bytes:1
21:56:01.1 (13314472)|SYSTEM_METHOD_ENTRY|[119]|String.split(String)
21:56:01.1 (13343177)|HEAP_ALLOCATE|[119]|Bytes:4
21:56:01.1 (13346717)|HEAP_ALLOCATE|[119]|Bytes:14
21:56:01.1 (13350118)|HEAP_ALLOCATE|[119]|Bytes:12
21:56:01.1 (13360000)|SYSTEM_METHOD_EXIT|[119]|String.split(String)
21:56:01.1 (13375872)|SYSTEM_METHOD_ENTRY|[119]|String.split(String)
21:56:01.1 (13380441)|HEAP_ALLOCATE|[119]|Bytes:4
21:56:01.1 (13383115)|HEAP_ALLOCATE|[119]|Bytes:14
21:56:01.1 (13385620)|HEAP_ALLOCATE|[119]|Bytes:12
21:56:01.1 (13391102)|SYSTEM_METHOD_EXIT|[119]|String.split(String)
21:56:01.1 (13411637)|SYSTEM_METHOD_ENTRY|[119]|Map<String,String>.put(Object, Object)
21:56:01.1 (13420567)|HEAP_ALLOCATE|[EXTERNAL]|Bytes:-4
21:56:01.1 (13426444)|SYSTEM_METHOD_EXIT|[119]|Map<String,String>.put(Object, Object)
21:56:01.1 (13433044)|SYSTEM_METHOD_ENTRY|[118]|system.ListIterator.hasNext()
21:56:01.1 (13440577)|HEAP_ALLOCATE|[118]|Bytes:5
21:56:01.1 (13445128)|SYSTEM_METHOD_EXIT|[118]|system.ListIterator.hasNext()
21:56:01.1 (13457603)|VARIABLE_ASSIGNMENT|[118]|rec|null
21:56:01.1 (13461610)|STATEMENT_EXECUTE|[122]
21:56:01.1 (13467772)|METHOD_EXIT|[134]|01p3600000JX1Jf|com_sObjectFieldSet.getConfigValues(String)
21:56:01.1 (13476484)|VARIABLE_SCOPE_BEGIN|[134]|recordFSMap|Map<String,String>|true|false
21:56:01.1 (13504586)|VARIABLE_ASSIGNMENT|[134]|recordFSMap|{"flag":"CS_FlagMessage"}|0x4052bb1a
21:56:01.1 (13508325)|STATEMENT_EXECUTE|[135]
21:56:01.1 (13512840)|VARIABLE_SCOPE_BEGIN|[135]|fieldSetName|String|false|false
21:56:01.1 (13522383)|VARIABLE_ASSIGNMENT|[135]|fieldSetName|""
21:56:01.1 (13524947)|STATEMENT_EXECUTE|[136]
21:56:01.1 (13756184)|HEAP_ALLOCATE|[136]|Bytes:4
21:56:01.1 (13790754)|VARIABLE_SCOPE_BEGIN|[136]|tempMap|Map<String,com_sObjectFieldSet.fieldDetails>|true|false
21:56:01.1 (13807247)|VARIABLE_ASSIGNMENT|[136]|tempMap|{}|0xf0b3a9b
21:56:01.1 (13814534)|HEAP_ALLOCATE|[137]|Bytes:4
21:56:01.1 (13830787)|SYSTEM_CONSTRUCTOR_ENTRY|[137]|<init>()
21:56:01.1 (13846514)|SYSTEM_CONSTRUCTOR_EXIT|[137]|<init>()
21:56:01.1 (13855155)|SYSTEM_METHOD_ENTRY|[137]|Map<String,String>.keySet()
21:56:01.1 (13927739)|HEAP_ALLOCATE|[137]|Bytes:12
21:56:01.1 (13985940)|SYSTEM_METHOD_EXIT|[137]|Map<String,String>.keySet()
21:56:01.1 (14001243)|SYSTEM_METHOD_ENTRY|[137]|List<String>.addAll(Object)
21:56:01.1 (14033440)|HEAP_ALLOCATE|[137]|Bytes:4
21:56:01.1 (14039735)|SYSTEM_METHOD_EXIT|[137]|List<String>.addAll(Object)
21:56:01.1 (14045451)|SYSTEM_METHOD_ENTRY|[137]|List<String>.iterator()
21:56:01.1 (14050415)|SYSTEM_METHOD_EXIT|[137]|List<String>.iterator()
21:56:01.1 (14057670)|SYSTEM_METHOD_ENTRY|[137]|system.ListIterator.hasNext()
21:56:01.1 (14063603)|HEAP_ALLOCATE|[137]|Bytes:5
21:56:01.1 (14079006)|SYSTEM_METHOD_EXIT|[137]|system.ListIterator.hasNext()
21:56:01.1 (14090779)|VARIABLE_SCOPE_BEGIN|[137]|recordType|String|false|false
21:56:01.1 (14107211)|VARIABLE_ASSIGNMENT|[137]|recordType|"flag"
21:56:01.1 (14110971)|STATEMENT_EXECUTE|[137]
21:56:01.1 (14112144)|STATEMENT_EXECUTE|[138]
21:56:01.1 (14119296)|SYSTEM_METHOD_ENTRY|[138]|Map<String,String>.get(Object)
21:56:01.1 (14135256)|SYSTEM_METHOD_EXIT|[138]|Map<String,String>.get(Object)
21:56:01.1 (14148741)|METHOD_ENTRY|[138]|01p3600000JX1Jf|com_sObjectFieldSet.getFieldSetMemberMap(String, String)
21:56:01.1 (14163351)|VARIABLE_SCOPE_BEGIN|[63]|fieldSetName|String|false|false
21:56:01.1 (14174907)|VARIABLE_ASSIGNMENT|[63]|fieldSetName|"CS_FlagMessage"
21:56:01.1 (14181301)|VARIABLE_SCOPE_BEGIN|[63]|objectName|String|false|false
21:56:01.1 (14191175)|VARIABLE_ASSIGNMENT|[63]|objectName|"com_Object_Alert__c"
21:56:01.1 (14196209)|STATEMENT_EXECUTE|[63]
21:56:01.1 (14197545)|STATEMENT_EXECUTE|[64]
21:56:01.1 (14203737)|HEAP_ALLOCATE|[64]|Bytes:4
21:56:01.1 (14211199)|VARIABLE_SCOPE_BEGIN|[64]|fieldMap|Map<String,com_sObjectFieldSet.fieldDetails>|true|false
21:56:01.1 (14226716)|VARIABLE_ASSIGNMENT|[64]|fieldMap|{}|0x347e9daf
21:56:01.1 (14230269)|STATEMENT_EXECUTE|[65]
21:56:01.1 (14237577)|METHOD_ENTRY|[65]|01p3600000JX1Jf|com_sObjectFieldSet.getFieldSetSchemaList(String, String)
21:56:01.1 (14268449)|VARIABLE_SCOPE_BEGIN|[14]|fieldSetName|String|false|false
21:56:01.1 (14278115)|VARIABLE_ASSIGNMENT|[14]|fieldSetName|"CS_FlagMessage"
21:56:01.1 (14283558)|VARIABLE_SCOPE_BEGIN|[14]|objectName|String|false|false
21:56:01.1 (14292084)|VARIABLE_ASSIGNMENT|[14]|objectName|"com_Object_Alert__c"
21:56:01.1 (14296767)|STATEMENT_EXECUTE|[14]
21:56:01.1 (14297812)|STATEMENT_EXECUTE|[15]
21:56:01.1 (14318226)|SYSTEM_METHOD_ENTRY|[15]|Schema.getGlobalDescribe()
21:56:01.1 (772587618)|HEAP_ALLOCATE|[15]|Bytes:14308
21:56:01.1 (772654169)|SYSTEM_METHOD_EXIT|[15]|Schema.getGlobalDescribe()
21:56:01.1 (772706988)|VARIABLE_SCOPE_BEGIN|[15]|GlobalDescribeMap|Map<String,Schema.SObjectType>|true|false
21:56:01.1 (774649089)|VARIABLE_ASSIGNMENT|[15]|GlobalDescribeMap|"{abnexperiment=AbnExperiment, abnexperimentcohort=AbnExperimentCohort, abnexperimentcohortattrval=AbnExperimentCohortAttrVal, acceptedeventrelation=AcceptedEventRelation, account=Account, account_management__c=Account_Management__c, account_management__changeevent=Account_Management__ChangeEvent, account_management__history=Account_Management__History, account_management__share=Account_Management__Share, account_search_sap_switch__mdt=Account_Search_SAP_Switch__mdt, ...}"|0x2b0510fe
21:56:01.1 (774684329)|STATEMENT_EXECUTE|[16]
21:56:01.1 (774750735)|SYSTEM_METHOD_ENTRY|[16]|Map<String,Schema.SObjectType>.get(Object)
21:56:01.1 (774806088)|SYSTEM_METHOD_EXIT|[16]|Map<String,Schema.SObjectType>.get(Object)
21:56:01.1 (774839388)|VARIABLE_SCOPE_BEGIN|[16]|SObjectTypeObj|Schema.SObjectType|true|false
21:56:01.1 (774955497)|VARIABLE_ASSIGNMENT|[16]|SObjectTypeObj|"common.apex.runtime.impl.ApexSObjectTypeToken@51ef3ac1"|0x51ef3ac1
21:56:01.1 (774960936)|STATEMENT_EXECUTE|[17]
21:56:01.1 (774992146)|SYSTEM_METHOD_ENTRY|[17]|Schema.SObjectType.getDescribe()
21:56:01.1 (775882620)|HEAP_ALLOCATE|[17]|Bytes:4
21:56:01.1 (775922420)|SYSTEM_METHOD_EXIT|[17]|Schema.SObjectType.getDescribe()
21:56:01.1 (775952258)|VARIABLE_SCOPE_BEGIN|[17]|DescribeSObjectResultObj|Schema.DescribeSObjectResult|true|false
21:56:01.1 (776091632)|VARIABLE_ASSIGNMENT|[17]|DescribeSObjectResultObj|"common.api.soap.wsdl.DescribeSObjectResult@565c2b68"|0x632ea839
21:56:01.1 (776101994)|STATEMENT_EXECUTE|[18]
21:56:01.1 (776137979)|LIMIT_USAGE|[18]|FIELDSETS_DESCRIBES|1|100
21:56:01.1 (776194416)|SYSTEM_METHOD_ENTRY|[18]|Schema.SObjectTypeFieldSets.getMap()
21:56:01.1 (780654791)|HEAP_ALLOCATE|[18]|Bytes:16
21:56:01.1 (780692885)|SYSTEM_METHOD_EXIT|[18]|Schema.SObjectTypeFieldSets.getMap()
21:56:01.1 (780776489)|SYSTEM_METHOD_ENTRY|[18]|Map<String,Schema.FieldSet>.get(Object)
21:56:01.1 (780799447)|SYSTEM_METHOD_EXIT|[18]|Map<String,Schema.FieldSet>.get(Object)
21:56:01.1 (780821159)|VARIABLE_SCOPE_BEGIN|[18]|fieldSetObj|Schema.FieldSet|true|false
21:56:01.1 (780920411)|VARIABLE_ASSIGNMENT|[18]|fieldSetObj|"common.api.soap.wsdl.FieldSet@3b0e88a5"|0x260c59b2
21:56:01.1 (780929243)|STATEMENT_EXECUTE|[19]
21:56:01.1 (780945922)|HEAP_ALLOCATE|[19]|Bytes:4
21:56:01.1 (780991095)|SYSTEM_CONSTRUCTOR_ENTRY|[19]|<init>()
21:56:01.1 (781018921)|SYSTEM_CONSTRUCTOR_EXIT|[19]|<init>()
21:56:01.1 (781027764)|VARIABLE_SCOPE_BEGIN|[19]|detailsList|List<com_sObjectFieldSet.fieldDetails>|true|false
21:56:01.1 (781050637)|HEAP_ALLOCATE|[EXTERNAL]|Bytes:4
21:56:01.1 (781068853)|VARIABLE_ASSIGNMENT|[19]|detailsList|[]|0x193cf2ea
21:56:01.1 (785545188)|HEAP_ALLOCATE|[EXTERNAL]|Bytes:8
21:56:01.1 (785626865)|HEAP_ALLOCATE|[20]|Bytes:8
21:56:01.1 (785700404)|SYSTEM_METHOD_ENTRY|[20]|List<Schema.FieldSetMember>.iterator()
21:56:01.1 (785792759)|SYSTEM_METHOD_EXIT|[20]|List<Schema.FieldSetMember>.iterator()
21:56:01.1 (785813146)|SYSTEM_METHOD_ENTRY|[20]|system.ListIterator.hasNext()
21:56:01.1 (785823705)|HEAP_ALLOCATE|[20]|Bytes:5
21:56:01.1 (785831639)|SYSTEM_METHOD_EXIT|[20]|system.ListIterator.hasNext()
21:56:01.1 (785848153)|HEAP_ALLOCATE|[20]|Bytes:4
21:56:01.1 (785869043)|VARIABLE_SCOPE_BEGIN|[20]|f|Schema.FieldSetMember|true|false
21:56:01.1 (785970996)|VARIABLE_ASSIGNMENT|[20]|f|"Type__c"|0x2b75fad9
21:56:01.1 (785977154)|STATEMENT_EXECUTE|[20]
21:56:01.1 (785978504)|STATEMENT_EXECUTE|[21]
21:56:01.1 (786086336)|HEAP_ALLOCATE|[21]|Bytes:316
21:56:01.1 (786092324)|HEAP_ALLOCATE|[21]|Bytes:47
21:56:01.1 (786115554)|HEAP_ALLOCATE|[21]|Bytes:52
21:56:01.1 (786140194)|CONSTRUCTOR_ENTRY|[21]|01p3600000JX1Jf|<init>()|com_sObjectFieldSet.fieldDetails
21:56:01.1 (786189979)|VARIABLE_SCOPE_BEGIN|[130]|this|com_sObjectFieldSet.fieldDetails|true|false
21:56:01.1 (786304447)|VARIABLE_ASSIGNMENT|[130]|this|{}|0x482944b
21:56:01.1 (786312636)|HEAP_ALLOCATE|[EXTERNAL]|Bytes:6
21:56:01.1 (788487437)|STATEMENT_EXECUTE|[130]
21:56:01.1 (788495798)|STATEMENT_EXECUTE|[131]
21:56:01.1 (788498134)|STATEMENT_EXECUTE|[132]
21:56:01.1 (788499664)|STATEMENT_EXECUTE|[133]
21:56:01.1 (788501060)|STATEMENT_EXECUTE|[134]
21:56:01.1 (788502477)|STATEMENT_EXECUTE|[135]
21:56:01.1 (788503709)|STATEMENT_EXECUTE|[136]
21:56:01.1 (788505355)|STATEMENT_EXECUTE|[137]
21:56:01.1 (788506960)|STATEMENT_EXECUTE|[138]
21:56:01.1 (788508697)|STATEMENT_EXECUTE|[139]
21:56:01.1 (788510200)|STATEMENT_EXECUTE|[140]
21:56:01.1 (788511763)|STATEMENT_EXECUTE|[141]
21:56:01.1 (788513312)|STATEMENT_EXECUTE|[142]
21:56:01.1 (788535115)|CONSTRUCTOR_EXIT|[21]|01p3600000JX1Jf|<init>()|com_sObjectFieldSet.fieldDetails
21:56:01.1 (788571057)|VARIABLE_SCOPE_BEGIN|[21]|fd|com_sObjectFieldSet.fieldDetails|true|false
21:56:01.1 (788692566)|VARIABLE_ASSIGNMENT|[21]|fd|{}|0x482944b
21:56:01.1 (788700189)|STATEMENT_EXECUTE|[22]
21:56:01.1 (788726514)|HEAP_ALLOCATE|[22]|Bytes:7
21:56:01.1 (788782356)|SYSTEM_METHOD_ENTRY|[22]|com_sObjectFieldSet.fieldDetails.__sfdc_apiName(String)
21:56:01.1 (788901546)|VARIABLE_ASSIGNMENT|[EXTERNAL]|this|{}|0x482944b
21:56:01.1 (788930278)|VARIABLE_ASSIGNMENT|[EXTERNAL]|value|"Type__c"
21:56:01.1 (788961184)|VARIABLE_ASSIGNMENT|[131]|this.apiName|"Type__c"|0x482944b
21:56:01.1 (788974774)|SYSTEM_METHOD_EXIT|[22]|com_sObjectFieldSet.fieldDetails.__sfdc_apiName(String)
21:56:01.1 (788982941)|STATEMENT_EXECUTE|[23]
21:56:01.1 (788999683)|HEAP_ALLOCATE|[23]|Bytes:4
21:56:01.1 (789022148)|SYSTEM_METHOD_ENTRY|[23]|com_sObjectFieldSet.fieldDetails.__sfdc_label(String)
21:56:01.1 (789118622)|VARIABLE_ASSIGNMENT|[EXTERNAL]|this|{"apiName":"Type__c"}|0x482944b
21:56:01.1 (789134765)|VARIABLE_ASSIGNMENT|[EXTERNAL]|value|"Type"
21:56:01.1 (789148624)|VARIABLE_ASSIGNMENT|[132]|this.label|"Type"|0x482944b
21:56:01.1 (789155217)|SYSTEM_METHOD_EXIT|[23]|com_sObjectFieldSet.fieldDetails.__sfdc_label(String)
21:56:01.1 (789159761)|STATEMENT_EXECUTE|[24]
21:56:01.1 (789226383)|SYSTEM_METHOD_ENTRY|[24]|com_sObjectFieldSet.fieldDetails.__sfdc_required(Boolean)
21:56:01.1 (789282021)|VARIABLE_ASSIGNMENT|[EXTERNAL]|this|{"apiName":"Type__c","label":"Type"}|0x482944b
21:56:01.1 (789302186)|VARIABLE_ASSIGNMENT|[EXTERNAL]|value|true
21:56:01.1 (789308184)|HEAP_ALLOCATE|[133]|Bytes:5
21:56:01.1 (789318988)|VARIABLE_ASSIGNMENT|[133]|this.required|true|0x482944b
21:56:01.1 (789325285)|SYSTEM_METHOD_EXIT|[24]|com_sObjectFieldSet.fieldDetails.__sfdc_required(Boolean)
21:56:01.1 (789329429)|STATEMENT_EXECUTE|[25]
21:56:01.1 (789463157)|SYSTEM_METHOD_ENTRY|[25]|com_sObjectFieldSet.fieldDetails.__sfdc_dbRequired(Boolean)
21:56:01.1 (789531634)|VARIABLE_ASSIGNMENT|[EXTERNAL]|this|{"apiName":"Type__c","label":"Type","required":true}|0x482944b
21:56:01.1 (789547960)|VARIABLE_ASSIGNMENT|[EXTERNAL]|value|false
21:56:01.1 (789553176)|HEAP_ALLOCATE|[134]|Bytes:5
21:56:01.1 (789562697)|VARIABLE_ASSIGNMENT|[134]|this.dbRequired|false|0x482944b
21:56:01.1 (789569242)|SYSTEM_METHOD_EXIT|[25]|com_sObjectFieldSet.fieldDetails.__sfdc_dbRequired(Boolean)
21:56:01.1 (789573287)|STATEMENT_EXECUTE|[26]
21:56:01.1 (790669481)|HEAP_ALLOCATE|[26]|Bytes:16
21:56:01.1 (790729341)|SYSTEM_METHOD_ENTRY|[26]|String.valueOf(Object)
21:56:01.1 (790757677)|HEAP_ALLOCATE|[26]|Bytes:8
21:56:01.1 (790768449)|SYSTEM_METHOD_EXIT|[26]|String.valueOf(Object)
21:56:01.1 (790811261)|SYSTEM_METHOD_ENTRY|[26]|com_sObjectFieldSet.fieldDetails.__sfdc_type(String)
21:56:01.1 (790906435)|VARIABLE_ASSIGNMENT|[EXTERNAL]|this|{"apiName":"Type__c","dbRequired":false,"label":"Type","required":true}|0x482944b
21:56:01.1 (790924376)|VARIABLE_ASSIGNMENT|[EXTERNAL]|value|"PICKLIST"
21:56:01.1 (790947893)|VARIABLE_ASSIGNMENT|[135]|this.type|"PICKLIST"|0x482944b
21:56:01.1 (790958022)|SYSTEM_METHOD_EXIT|[26]|com_sObjectFieldSet.fieldDetails.__sfdc_type(String)
21:56:01.1 (790964228)|STATEMENT_EXECUTE|[27]
21:56:01.1 (790974251)|SYSTEM_METHOD_ENTRY|[27]|com_sObjectFieldSet.fieldDetails.__sfdc_sObjectType(String)
21:56:01.1 (791021254)|VARIABLE_ASSIGNMENT|[EXTERNAL]|this|{"apiName":"Type__c","dbRequired":false,"label":"Type","required":true,"type":"PICKLIST"}|0x482944b
21:56:01.1 (791035106)|VARIABLE_ASSIGNMENT|[EXTERNAL]|value|"com_Object_Alert__c"
21:56:01.1 (791046980)|VARIABLE_ASSIGNMENT|[139]|this.sObjectType|"com_Object_Alert__c"|0x482944b
21:56:01.1 (791052711)|SYSTEM_METHOD_EXIT|[27]|com_sObjectFieldSet.fieldDetails.__sfdc_sObjectType(String)
21:56:01.1 (791076802)|HEAP_ALLOCATE|[28]|Bytes:16
21:56:01.1 (791089699)|SYSTEM_METHOD_ENTRY|[28]|String.valueOf(Object)
21:56:01.1 (791098771)|HEAP_ALLOCATE|[28]|Bytes:8
21:56:01.1 (791114891)|SYSTEM_METHOD_EXIT|[28]|String.valueOf(Object)
21:56:01.1 (791120077)|HEAP_ALLOCATE|[28]|Bytes:8
21:56:01.1 (791134823)|SYSTEM_METHOD_ENTRY|[28]|String.equalsIgnoreCase(String)
21:56:01.1 (791145158)|SYSTEM_METHOD_EXIT|[28]|String.equalsIgnoreCase(String)
21:56:01.1 (791153597)|STATEMENT_EXECUTE|[28]
21:56:01.1 (791155568)|STATEMENT_EXECUTE|[29]
21:56:01.1 (791161934)|HEAP_ALLOCATE|[29]|Bytes:7
21:56:01.1 (794143485)|HEAP_ALLOCATE|[29]|Bytes:6
21:56:01.1 (794199394)|METHOD_ENTRY|[1]|01p3600000JX1Jj|com_sObjectPicklist.com_sObjectPicklist()
21:56:01.1 (794209933)|STATEMENT_EXECUTE|[1]
21:56:01.1 (794222688)|STATEMENT_EXECUTE|[1]
21:56:01.1 (794232561)|METHOD_EXIT|[1]|com_sObjectPicklist
21:56:01.1 (794419950)|METHOD_ENTRY|[29]|01p3600000JX1Jj|com_sObjectPicklist.getPicklistValues(String, String)
21:56:01.1 (794478086)|VARIABLE_SCOPE_BEGIN|[14]|obj|String|false|false
21:56:01.1 (794510720)|VARIABLE_ASSIGNMENT|[14]|obj|"com_Object_Alert__c"
21:56:01.1 (794522515)|VARIABLE_SCOPE_BEGIN|[14]|field|String|false|false
21:56:01.1 (794536689)|VARIABLE_ASSIGNMENT|[14]|field|"Type__c"
21:56:01.1 (794546196)|STATEMENT_EXECUTE|[14]
21:56:01.1 (794547877)|STATEMENT_EXECUTE|[15]
21:56:01.1 (794563946)|HEAP_ALLOCATE|[15]|Bytes:4
21:56:01.1 (794585465)|VARIABLE_SCOPE_BEGIN|[15]|pickListValuesMap|Map<String,String>|true|false
21:56:01.1 (794618484)|VARIABLE_ASSIGNMENT|[15]|pickListValuesMap|{}|0x186c4892
21:56:01.1 (794624464)|STATEMENT_EXECUTE|[17]
21:56:01.1 (794646577)|SYSTEM_METHOD_ENTRY|[17]|Schema.getGlobalDescribe()
21:56:01.1 (864505739)|HEAP_ALLOCATE|[17]|Bytes:14076
21:56:01.1 (864568432)|SYSTEM_METHOD_EXIT|[17]|Schema.getGlobalDescribe()
21:56:01.1 (864629940)|SYSTEM_METHOD_ENTRY|[17]|Map<String,Schema.SObjectType>.get(Object)
21:56:01.1 (864659647)|SYSTEM_METHOD_EXIT|[17]|Map<String,Schema.SObjectType>.get(Object)
21:56:01.1 (864733048)|SYSTEM_METHOD_ENTRY|[17]|Schema.SObjectType.getDescribe()
21:56:01.1 (865015920)|HEAP_ALLOCATE|[17]|Bytes:4
21:56:01.1 (865046391)|SYSTEM_METHOD_EXIT|[17]|Schema.SObjectType.getDescribe()
21:56:01.1 (865088351)|VARIABLE_SCOPE_BEGIN|[17]|objResult|Schema.DescribeSObjectResult|true|false
21:56:01.1 (865305658)|VARIABLE_ASSIGNMENT|[17]|objResult|"common.api.soap.wsdl.DescribeSObjectResult@d435b73e"|0xa168263
21:56:01.1 (865320529)|STATEMENT_EXECUTE|[19]
21:56:01.1 (865361824)|LIMIT_USAGE|[19]|FIELDS_DESCRIBES|1|100
21:56:01.1 (865434009)|SYSTEM_METHOD_ENTRY|[19]|Schema.SObjectTypeFields.getMap()
21:56:01.1 (865966646)|HEAP_ALLOCATE|[19]|Bytes:136
21:56:01.1 (866004798)|SYSTEM_METHOD_EXIT|[19]|Schema.SObjectTypeFields.getMap()
21:56:01.1 (866051574)|SYSTEM_METHOD_ENTRY|[19]|Map<String,Schema.SObjectField>.get(Object)
21:56:01.1 (866076938)|SYSTEM_METHOD_EXIT|[19]|Map<String,Schema.SObjectField>.get(Object)
21:56:01.1 (866095388)|SYSTEM_METHOD_ENTRY|[19]|Schema.SObjectField.getDescribe()
21:56:01.1 (866137607)|SYSTEM_MODE_ENTER|true
21:56:01.1 (870773437)|HEAP_ALLOCATE|[EXTERNAL]|Bytes:4
21:56:01.1 (870868967)|HEAP_ALLOCATE|[19]|Bytes:8
21:56:01.1 (870905462)|SYSTEM_METHOD_EXIT|[19]|Schema.SObjectField.getDescribe()
21:56:01.1 (870939683)|VARIABLE_SCOPE_BEGIN|[19]|fieldResult|Schema.DescribeFieldResult|true|false
21:56:01.1 (873741852)|VARIABLE_ASSIGNMENT|[19]|fieldResult|"common.api.soap.wsdl.Field@f36b938b"|0x2b233818
21:56:01.1 (873768439)|STATEMENT_EXECUTE|[20]
21:56:01.1 (873808622)|LIMIT_USAGE|[20]|PICKLIST_DESCRIBES|1|100
21:56:01.1 (873823964)|HEAP_ALLOCATE|[EXTERNAL]|Bytes:96
21:56:01.1 (873895816)|HEAP_ALLOCATE|[20]|Bytes:96
21:56:01.1 (873926689)|VARIABLE_SCOPE_BEGIN|[20]|ple|List<Schema.PicklistEntry>|true|false
21:56:01.1 (874172496)|VARIABLE_ASSIGNMENT|[20]|ple|"List of size 23 too large to display"|0x668d97dc
21:56:01.1 (874251775)|SYSTEM_METHOD_ENTRY|[21]|List<Schema.PicklistEntry>.iterator()
21:56:01.1 (874461252)|SYSTEM_METHOD_EXIT|[21]|List<Schema.PicklistEntry>.iterator()
21:56:01.1 (874500616)|SYSTEM_METHOD_ENTRY|[21]|system.ListIterator.hasNext()
21:56:01.1 (874525567)|HEAP_ALLOCATE|[21]|Bytes:5
21:56:01.1 (874539495)|SYSTEM_METHOD_EXIT|[21]|system.ListIterator.hasNext()
21:56:01.1 (874559847)|HEAP_ALLOCATE|[21]|Bytes:4
21:56:01.1 (874580195)|VARIABLE_SCOPE_BEGIN|[21]|f|Schema.PicklistEntry|true|false
21:56:01.1 (874684524)|VARIABLE_ASSIGNMENT|[21]|f|MLR Program Abuser—NO MANUAL ADDS|0x7613a4fd
21:56:01.1 (874697663)|STATEMENT_EXECUTE|[21]
21:56:01.1 (874812707)|STATEMENT_EXECUTE|[22]
21:56:01.1 (874884882)|HEAP_ALLOCATE|[22]|Bytes:33
21:56:01.1 (874916815)|HEAP_ALLOCATE|[22]|Bytes:33
21:56:01.1 (874986272)|SYSTEM_METHOD_ENTRY|[22]|Map<String,String>.put(Object, Object)
21:56:01.1 (875053060)|HEAP_ALLOCATE|[EXTERNAL]|Bytes:-4
21:56:01.1 (875078274)|SYSTEM_METHOD_EXIT|[22]|Map<String,String>.put(Object, Object)
21:56:01.1 (875098545)|SYSTEM_METHOD_ENTRY|[21]|system.ListIterator.hasNext()
21:56:01.1 (875118704)|HEAP_ALLOCATE|[21]|Bytes:5
21:56:01.1 (875145613)|SYSTEM_METHOD_EXIT|[21]|system.ListIterator.hasNext()
21:56:01.1 (875166969)|HEAP_ALLOCATE|[21]|Bytes:4
21:56:01.1 (875194988)|VARIABLE_SCOPE_BEGIN|[21]|f|Schema.PicklistEntry|true|false
21:56:01.1 (875252803)|VARIABLE_ASSIGNMENT|[21]|f|MLR--Do Not Reactivate MLR Cards|0x539349f8
21:56:01.1 (875264879)|STATEMENT_EXECUTE|[21]
21:56:01.1 (875269709)|STATEMENT_EXECUTE|[22]
21:56:01.1 (875283388)|HEAP_ALLOCATE|[22]|Bytes:32
21:56:01.1 (875296070)|HEAP_ALLOCATE|[22]|Bytes:32
21:56:01.1 (875309711)|SYSTEM_METHOD_ENTRY|[22]|Map<String,String>.put(Object, Object)
21:56:01.1 (875317158)|HEAP_ALLOCATE|[EXTERNAL]|Bytes:-4
21:56:01.1 (875332614)|SYSTEM_METHOD_EXIT|[22]|Map<String,String>.put(Object, Object)
21:56:01.1 (875340406)|SYSTEM_METHOD_ENTRY|[21]|system.ListIterator.hasNext()
21:56:01.1 (875350850)|HEAP_ALLOCATE|[21]|Bytes:5
21:56:01.1 (875362520)|SYSTEM_METHOD_EXIT|[21]|system.ListIterator.hasNext()
21:56:01.1 (875371859)|HEAP_ALLOCATE|[21]|Bytes:4
21:56:01.1 (875385954)|VARIABLE_SCOPE_BEGIN|[21]|f|Schema.PicklistEntry|true|false
21:56:01.1 (875411119)|VARIABLE_ASSIGNMENT|[21]|f|NO COMPENSATION ALLOWED|0x2bf2fcf
21:56:01.1 (875420975)|STATEMENT_EXECUTE|[21]
21:56:01.1 (875423254)|STATEMENT_EXECUTE|[22]
21:56:01.1 (875427659)|HEAP_ALLOCATE|[22]|Bytes:23
21:56:01.1 (875434921)|HEAP_ALLOCATE|[22]|Bytes:23
21:56:01.1 (875447259)|SYSTEM_METHOD_ENTRY|[22]|Map<String,String>.put(Object, Object)
21:56:01.1 (875463928)|HEAP_ALLOCATE|[EXTERNAL]|Bytes:-4
21:56:01.1 (875485920)|SYSTEM_METHOD_EXIT|[22]|Map<String,String>.put(Object, Object)
21:56:01.1 (875591992)|SYSTEM_METHOD_ENTRY|[21]|system.ListIterator.hasNext()
21:56:01.1 (875612551)|HEAP_ALLOCATE|[21]|Bytes:5
21:56:01.1 (875625859)|SYSTEM_METHOD_EXIT|[21]|system.ListIterator.hasNext()
21:56:01.1 (875636562)|HEAP_ALLOCATE|[21]|Bytes:4
21:56:01.1 (875657187)|VARIABLE_SCOPE_BEGIN|[21]|f|Schema.PicklistEntry|true|false
21:56:01.1 (875716335)|VARIABLE_ASSIGNMENT|[21]|f|Abusive Language–If Abusive Engage Leader Immediately|0x29c09c2c
21:56:01.1 (875737198)|STATEMENT_EXECUTE|[21]
21:56:01.1 (875742008)|STATEMENT_EXECUTE|[22]
21:56:01.1 (875751258)|HEAP_ALLOCATE|[22]|Bytes:53
21:56:01.1 (875759120)|HEAP_ALLOCATE|[22]|Bytes:53
21:56:01.1 (875782102)|SYSTEM_METHOD_ENTRY|[22]|Map<String,String>.put(Object, Object)
21:56:01.1 (875803542)|HEAP_ALLOCATE|[EXTERNAL]|Bytes:-4
21:56:01.1 (875820721)|SYSTEM_METHOD_EXIT|[22]|Map<String,String>.put(Object, Object)
21:56:01.1 (875836187)|SYSTEM_METHOD_ENTRY|[21]|system.ListIterator.hasNext()
21:56:01.1 (875848729)|HEAP_ALLOCATE|[21]|Bytes:5
21:56:01.1 (875856293)|SYSTEM_METHOD_EXIT|[21]|system.ListIterator.hasNext()
21:56:01.1 (875863287)|HEAP_ALLOCATE|[21]|Bytes:4
21:56:01.1 (875873054)|VARIABLE_SCOPE_BEGIN|[21]|f|Schema.PicklistEntry|true|false
21:56:01.1 (875896925)|VARIABLE_ASSIGNMENT|[21]|f|Frequent Caller: Fuel Pricing, Misc|0x429ff1a5
21:56:01.1 (875912608)|STATEMENT_EXECUTE|[21]
21:56:01.1 (875915609)|STATEMENT_EXECUTE|[22]
21:56:01.1 (875923534)|HEAP_ALLOCATE|[22]|Bytes:35
21:56:01.1 (875942451)|HEAP_ALLOCATE|[22]|Bytes:35
21:56:01.1 (875968158)|SYSTEM_METHOD_ENTRY|[22]|Map<String,String>.put(Object, Object)
21:56:01.1 (875979366)|HEAP_ALLOCATE|[EXTERNAL]|Bytes:-4
21:56:01.1 (875992946)|SYSTEM_METHOD_EXIT|[22]|Map<String,String>.put(Object, Object)
21:56:01.1 (876003755)|SYSTEM_METHOD_ENTRY|[21]|system.ListIterator.hasNext()
21:56:01.1 (876011860)|HEAP_ALLOCATE|[21]|Bytes:5
21:56:01.1 (876020826)|SYSTEM_METHOD_EXIT|[21]|system.ListIterator.hasNext()
21:56:01.1 (876027643)|HEAP_ALLOCATE|[21]|Bytes:4
21:56:01.1 (876039893)|VARIABLE_SCOPE_BEGIN|[21]|f|Schema.PicklistEntry|true|false
21:56:01.1 (876083389)|VARIABLE_ASSIGNMENT|[21]|f|Do not send complaints to the field|0xb0abc87
21:56:01.1 (876092974)|STATEMENT_EXECUTE|[21]
21:56:01.1 (876096308)|STATEMENT_EXECUTE|[22]
21:56:01.1 (876108349)|HEAP_ALLOCATE|[22]|Bytes:35
21:56:01.1 (876124692)|HEAP_ALLOCATE|[22]|Bytes:35
21:56:01.1 (876141617)|SYSTEM_METHOD_ENTRY|[22]|Map<String,String>.put(Object, Object)
21:56:01.1 (876153924)|HEAP_ALLOCATE|[EXTERNAL]|Bytes:-4
21:56:01.1 (876166830)|SYSTEM_METHOD_EXIT|[22]|Map<String,String>.put(Object, Object)
21:56:01.1 (876176305)|SYSTEM_METHOD_ENTRY|[21]|system.ListIterator.hasNext()
21:56:01.1 (876187426)|HEAP_ALLOCATE|[21]|Bytes:5
21:56:01.1 (876198560)|SYSTEM_METHOD_EXIT|[21]|system.ListIterator.hasNext()
21:56:01.1 (876210022)|HEAP_ALLOCATE|[21]|Bytes:4
21:56:01.1 (876227304)|VARIABLE_SCOPE_BEGIN|[21]|f|Schema.PicklistEntry|true|false
21:56:01.1 (876260046)|VARIABLE_ASSIGNMENT|[21]|f|Complete Card Merge - See Case Notes for more info. - Per CS MGR|0x70303b7e
21:56:01.1 (876292381)|STATEMENT_EXECUTE|[21]
21:56:01.1 (876295234)|STATEMENT_EXECUTE|[22]
21:56:01.1 (876300139)|HEAP_ALLOCATE|[22]|Bytes:64
21:56:01.1 (876308298)|HEAP_ALLOCATE|[22]|Bytes:64
21:56:01.1 (876343230)|SYSTEM_METHOD_ENTRY|[22]|Map<String,String>.put(Object, Object)
21:56:01.1 (876362062)|HEAP_ALLOCATE|[EXTERNAL]|Bytes:-4
21:56:01.1 (876381742)|SYSTEM_METHOD_EXIT|[22]|Map<String,String>.put(Object, Object)
21:56:01.1 (876395374)|SYSTEM_METHOD_ENTRY|[21]|system.ListIterator.hasNext()
21:56:01.1 (876410837)|HEAP_ALLOCATE|[21]|Bytes:5
21:56:01.1 (876423036)|SYSTEM_METHOD_EXIT|[21]|system.ListIterator.hasNext()
21:56:01.1 (876446839)|HEAP_ALLOCATE|[21]|Bytes:4
21:56:01.1 (876466394)|VARIABLE_SCOPE_BEGIN|[21]|f|Schema.PicklistEntry|true|false
21:56:01.1 (876500643)|VARIABLE_ASSIGNMENT|[21]|f|Points Investigation Awarded/Completed|0x5dbce8a8
21:56:01.1 (876521528)|STATEMENT_EXECUTE|[21]
21:56:01.1 (876526067)|STATEMENT_EXECUTE|[22]
21:56:01.1 (876532651)|HEAP_ALLOCATE|[22]|Bytes:38
21:56:01.1 (876553128)|HEAP_ALLOCATE|[22]|Bytes:38
21:56:01.1 (876584272)|SYSTEM_METHOD_ENTRY|[22]|Map<String,String>.put(Object, Object)
21:56:01.1 (876593016)|HEAP_ALLOCATE|[EXTERNAL]|Bytes:-4
21:56:01.1 (876602125)|SYSTEM_METHOD_EXIT|[22]|Map<String,String>.put(Object, Object)
21:56:01.1 (876613971)|SYSTEM_METHOD_ENTRY|[21]|system.ListIterator.hasNext()
21:56:01.1 (876630548)|HEAP_ALLOCATE|[21]|Bytes:5
21:56:01.1 (876644051)|SYSTEM_METHOD_EXIT|[21]|system.ListIterator.hasNext()
21:56:01.1 (876667114)|HEAP_ALLOCATE|[21]|Bytes:4
21:56:01.1 (876682041)|VARIABLE_SCOPE_BEGIN|[21]|f|Schema.PicklistEntry|true|false
21:56:01.1 (876724315)|VARIABLE_ASSIGNMENT|[21]|f|Processing Issue - No limit to manual adds|0x60933863
21:56:01.1 (876735896)|STATEMENT_EXECUTE|[21]
21:56:01.1 (876738488)|STATEMENT_EXECUTE|[22]
21:56:01.1 (876745107)|HEAP_ALLOCATE|[22]|Bytes:42
21:56:01.1 (876774381)|HEAP_ALLOCATE|[22]|Bytes:42
21:56:01.1 (876800757)|SYSTEM_METHOD_ENTRY|[22]|Map<String,String>.put(Object, Object)
21:56:01.1 (876821978)|HEAP_ALLOCATE|[EXTERNAL]|Bytes:-4
21:56:01.1 (876855289)|SYSTEM_METHOD_EXIT|[22]|Map<String,String>.put(Object, Object)
21:56:01.1 (876864234)|SYSTEM_METHOD_ENTRY|[21]|system.ListIterator.hasNext()
21:56:01.1 (876870332)|HEAP_ALLOCATE|[21]|Bytes:5
21:56:01.1 (876878223)|SYSTEM_METHOD_EXIT|[21]|system.ListIterator.hasNext()
21:56:01.1 (876891710)|HEAP_ALLOCATE|[21]|Bytes:4
21:56:01.1 (876901423)|VARIABLE_SCOPE_BEGIN|[21]|f|Schema.PicklistEntry|true|false
21:56:01.1 (876921438)|VARIABLE_ASSIGNMENT|[21]|f|Archived Points Returned - 1st|0x3ea34e72
21:56:01.1 (876932832)|STATEMENT_EXECUTE|[21]
21:56:01.1 (876934928)|STATEMENT_EXECUTE|[22]
21:56:01.1 (876942389)|HEAP_ALLOCATE|[22]|Bytes:30
21:56:01.1 (876952894)|HEAP_ALLOCATE|[22]|Bytes:30
21:56:01.1 (876964874)|SYSTEM_METHOD_ENTRY|[22]|Map<String,String>.put(Object, Object)
21:56:01.1 (876972859)|HEAP_ALLOCATE|[EXTERNAL]|Bytes:-4
21:56:01.1 (876986191)|SYSTEM_METHOD_EXIT|[22]|Map<String,String>.put(Object, Object)
21:56:01.1 (876991933)|SYSTEM_METHOD_ENTRY|[21]|system.ListIterator.hasNext()
21:56:01.1 (876996923)|HEAP_ALLOCATE|[21]|Bytes:5
21:56:01.1 (877003018)|SYSTEM_METHOD_EXIT|[21]|system.ListIterator.hasNext()
21:56:01.1 (877011834)|HEAP_ALLOCATE|[21]|Bytes:4
21:56:01.1 (877047695)|VARIABLE_SCOPE_BEGIN|[21]|f|Schema.PicklistEntry|true|false
21:56:01.1 (877063184)|VARIABLE_ASSIGNMENT|[21]|f|Archived points returned - 2nd/Final|0x4fb96913
21:56:01.1 (877073083)|STATEMENT_EXECUTE|[21]
21:56:01.1 (877075124)|STATEMENT_EXECUTE|[22]
21:56:01.1 (877080038)|HEAP_ALLOCATE|[22]|Bytes:36
21:56:01.1 (877102041)|HEAP_ALLOCATE|[22]|Bytes:36
21:56:01.1 (877131866)|SYSTEM_METHOD_ENTRY|[22]|Map<String,String>.put(Object, Object)
21:56:01.1 (877143096)|HEAP_ALLOCATE|[EXTERNAL]|Bytes:-4
21:56:01.1 (877159343)|SYSTEM_METHOD_EXIT|[22]|Map<String,String>.put(Object, Object)
21:56:01.1 (877180929)|SYSTEM_METHOD_ENTRY|[21]|system.ListIterator.hasNext()
21:56:01.1 (877190098)|HEAP_ALLOCATE|[21]|Bytes:5
21:56:01.1 (877199860)|SYSTEM_METHOD_EXIT|[21]|system.ListIterator.hasNext()
21:56:01.1 (877206244)|HEAP_ALLOCATE|[21]|Bytes:4
21:56:01.1 (877215134)|VARIABLE_SCOPE_BEGIN|[21]|f|Schema.PicklistEntry|true|false
21:56:01.1 (877233262)|VARIABLE_ASSIGNMENT|[21]|f|Campaign Abuser - DO NOT add campaign without leadership approval|0x757a21e4
21:56:01.1 (877239281)|STATEMENT_EXECUTE|[21]
21:56:01.1 (877241296)|STATEMENT_EXECUTE|[22]
21:56:01.1 (877247449)|HEAP_ALLOCATE|[22]|Bytes:65
21:56:01.1 (877253030)|HEAP_ALLOCATE|[22]|Bytes:65
21:56:01.1 (877265880)|SYSTEM_METHOD_ENTRY|[22]|Map<String,String>.put(Object, Object)
21:56:01.1 (877271208)|HEAP_ALLOCATE|[EXTERNAL]|Bytes:-4
21:56:01.1 (877278784)|SYSTEM_METHOD_EXIT|[22]|Map<String,String>.put(Object, Object)
21:56:01.1 (877284526)|SYSTEM_METHOD_ENTRY|[21]|system.ListIterator.hasNext()
21:56:01.1 (877289779)|HEAP_ALLOCATE|[21]|Bytes:5
21:56:01.1 (877295749)|SYSTEM_METHOD_EXIT|[21]|system.ListIterator.hasNext()
21:56:01.1 (877302364)|HEAP_ALLOCATE|[21]|Bytes:4
21:56:01.1 (877310528)|VARIABLE_SCOPE_BEGIN|[21]|f|Schema.PicklistEntry|true|false
21:56:01.1 (877323939)|VARIABLE_ASSIGNMENT|[21]|f|Spanish Speaking Only|0xc534f08
21:56:01.1 (877330928)|STATEMENT_EXECUTE|[21]
21:56:01.1 (877333570)|STATEMENT_EXECUTE|[22]
21:56:01.1 (877338169)|HEAP_ALLOCATE|[22]|Bytes:21
21:56:01.1 (877343521)|HEAP_ALLOCATE|[22]|Bytes:21
21:56:01.1 (877353694)|SYSTEM_METHOD_ENTRY|[22]|Map<String,String>.put(Object, Object)
21:56:01.1 (877360389)|HEAP_ALLOCATE|[EXTERNAL]|Bytes:-4
21:56:01.1 (877368860)|SYSTEM_METHOD_EXIT|[22]|Map<String,String>.put(Object, Object)
21:56:01.1 (877376105)|SYSTEM_METHOD_ENTRY|[21]|system.ListIterator.hasNext()
21:56:01.1 (877382035)|HEAP_ALLOCATE|[21]|Bytes:5
21:56:01.1 (877386085)|SYSTEM_METHOD_EXIT|[21]|system.ListIterator.hasNext()
21:56:01.1 (877390897)|HEAP_ALLOCATE|[21]|Bytes:4
21:56:01.1 (877397161)|VARIABLE_SCOPE_BEGIN|[21]|f|Schema.PicklistEntry|true|false
21:56:01.1 (877411035)|VARIABLE_ASSIGNMENT|[21]|f|Urgent/Time Sensitive – Payroll|0x28a7502e
21:56:01.1 (877417531)|STATEMENT_EXECUTE|[21]
21:56:01.1 (877419718)|STATEMENT_EXECUTE|[22]
21:56:01.1 (877423522)|HEAP_ALLOCATE|[22]|Bytes:31
21:56:01.1 (877432015)|HEAP_ALLOCATE|[22]|Bytes:31
21:56:01.1 (877443161)|SYSTEM_METHOD_ENTRY|[22]|Map<String,String>.put(Object, Object)
21:56:01.1 (877448527)|HEAP_ALLOCATE|[EXTERNAL]|Bytes:-4
21:56:01.1 (877455886)|SYSTEM_METHOD_EXIT|[22]|Map<String,String>.put(Object, Object)
21:56:01.1 (877460634)|SYSTEM_METHOD_ENTRY|[21]|system.ListIterator.hasNext()
21:56:01.1 (877464370)|HEAP_ALLOCATE|[21]|Bytes:5
21:56:01.1 (877468346)|SYSTEM_METHOD_EXIT|[21]|system.ListIterator.hasNext()
21:56:01.1 (877472966)|HEAP_ALLOCATE|[21]|Bytes:4
21:56:01.1 (877478584)|VARIABLE_SCOPE_BEGIN|[21]|f|Schema.PicklistEntry|true|false
21:56:01.1 (877487886)|VARIABLE_ASSIGNMENT|[21]|f|Urgent/Time Sensitive – Benefits|0x2c5245d8
21:56:01.1 (877491906)|STATEMENT_EXECUTE|[21]
21:56:01.1 (877493794)|STATEMENT_EXECUTE|[22]
21:56:01.1 (877496726)|HEAP_ALLOCATE|[22]|Bytes:32
21:56:01.1 (877500473)|HEAP_ALLOCATE|[22]|Bytes:32
21:56:01.1 (877506900)|SYSTEM_METHOD_ENTRY|[22]|Map<String,String>.put(Object, Object)
21:56:01.1 (877510570)|HEAP_ALLOCATE|[EXTERNAL]|Bytes:-4
21:56:01.1 (877515906)|SYSTEM_METHOD_EXIT|[22]|Map<String,String>.put(Object, Object)
21:56:01.1 (877520060)|SYSTEM_METHOD_ENTRY|[21]|system.ListIterator.hasNext()
21:56:01.1 (877523534)|HEAP_ALLOCATE|[21]|Bytes:5
21:56:01.1 (877530153)|SYSTEM_METHOD_EXIT|[21]|system.ListIterator.hasNext()
21:56:01.1 (877534398)|HEAP_ALLOCATE|[21]|Bytes:4
21:56:01.1 (877539662)|VARIABLE_SCOPE_BEGIN|[21]|f|Schema.PicklistEntry|true|false
21:56:01.1 (877548479)|VARIABLE_ASSIGNMENT|[21]|f|Urgent/Time Sensitive – LOA|0x80324b7
21:56:01.1 (877552503)|STATEMENT_EXECUTE|[21]
21:56:01.1 (877554101)|STATEMENT_EXECUTE|[22]
21:56:01.1 (877556783)|HEAP_ALLOCATE|[22]|Bytes:27
21:56:01.1 (877560326)|HEAP_ALLOCATE|[22]|Bytes:27
21:56:01.1 (877567021)|SYSTEM_METHOD_ENTRY|[22]|Map<String,String>.put(Object, Object)
21:56:01.1 (877570361)|HEAP_ALLOCATE|[EXTERNAL]|Bytes:-4
21:56:01.1 (877575749)|SYSTEM_METHOD_EXIT|[22]|Map<String,String>.put(Object, Object)
21:56:01.1 (877579741)|SYSTEM_METHOD_ENTRY|[21]|system.ListIterator.hasNext()
21:56:01.1 (877583127)|HEAP_ALLOCATE|[21]|Bytes:5
21:56:01.1 (877586843)|SYSTEM_METHOD_EXIT|[21]|system.ListIterator.hasNext()
21:56:01.1 (877591153)|HEAP_ALLOCATE|[21]|Bytes:4
21:56:01.1 (877596343)|VARIABLE_SCOPE_BEGIN|[21]|f|Schema.PicklistEntry|true|false
21:56:01.1 (877604926)|VARIABLE_ASSIGNMENT|[21]|f|Urgent/Time Sensitive – Talent Stop|0x1e3e11b0
21:56:01.1 (877608930)|STATEMENT_EXECUTE|[21]
21:56:01.1 (877610703)|STATEMENT_EXECUTE|[22]
21:56:01.1 (877613486)|HEAP_ALLOCATE|[22]|Bytes:35
21:56:01.1 (877617007)|HEAP_ALLOCATE|[22]|Bytes:35
21:56:01.1 (877623252)|SYSTEM_METHOD_ENTRY|[22]|Map<String,String>.put(Object, Object)
21:56:01.1 (877626732)|HEAP_ALLOCATE|[EXTERNAL]|Bytes:-4
21:56:01.1 (877632068)|SYSTEM_METHOD_EXIT|[22]|Map<String,String>.put(Object, Object)
21:56:01.1 (877636420)|SYSTEM_METHOD_ENTRY|[21]|system.ListIterator.hasNext()
21:56:01.1 (877639847)|HEAP_ALLOCATE|[21]|Bytes:5
21:56:01.1 (877643587)|SYSTEM_METHOD_EXIT|[21]|system.ListIterator.hasNext()
21:56:01.1 (877647664)|HEAP_ALLOCATE|[21]|Bytes:4
21:56:01.1 (877652625)|VARIABLE_SCOPE_BEGIN|[21]|f|Schema.PicklistEntry|true|false
21:56:01.1 (877661217)|VARIABLE_ASSIGNMENT|[21]|f|Frequent Caller – Manager|0xc8a0479
21:56:01.1 (877665307)|STATEMENT_EXECUTE|[21]
21:56:01.1 (877666927)|STATEMENT_EXECUTE|[22]
21:56:01.1 (877669853)|HEAP_ALLOCATE|[22]|Bytes:25
21:56:01.1 (877674082)|HEAP_ALLOCATE|[22]|Bytes:25
21:56:01.1 (877680807)|SYSTEM_METHOD_ENTRY|[22]|Map<String,String>.put(Object, Object)
21:56:01.1 (877684483)|HEAP_ALLOCATE|[EXTERNAL]|Bytes:-4
21:56:01.1 (877689778)|SYSTEM_METHOD_EXIT|[22]|Map<String,String>.put(Object, Object)
21:56:01.1 (877694003)|SYSTEM_METHOD_ENTRY|[21]|system.ListIterator.hasNext()
21:56:01.1 (877697487)|HEAP_ALLOCATE|[21]|Bytes:5
21:56:01.1 (877701252)|SYSTEM_METHOD_EXIT|[21]|system.ListIterator.hasNext()
21:56:01.1 (877705160)|HEAP_ALLOCATE|[21]|Bytes:4
21:56:01.1 (877710062)|VARIABLE_SCOPE_BEGIN|[21]|f|Schema.PicklistEntry|true|false
21:56:01.1 (877718248)|VARIABLE_ASSIGNMENT|[21]|f|Frequent Caller – Team Member|0x32c8fcb5
21:56:01.1 (877722007)|STATEMENT_EXECUTE|[21]
21:56:01.1 (877723562)|STATEMENT_EXECUTE|[22]
21:56:01.1 (877726286)|HEAP_ALLOCATE|[22]|Bytes:29
21:56:01.1 (877729844)|HEAP_ALLOCATE|[22]|Bytes:29
21:56:01.1 (877736082)|SYSTEM_METHOD_ENTRY|[22]|Map<String,String>.put(Object, Object)
21:56:01.1 (877739397)|HEAP_ALLOCATE|[EXTERNAL]|Bytes:-4
21:56:01.1 (877744737)|SYSTEM_METHOD_EXIT|[22]|Map<String,String>.put(Object, Object)
21:56:01.1 (877749109)|SYSTEM_METHOD_ENTRY|[21]|system.ListIterator.hasNext()
21:56:01.1 (877752530)|HEAP_ALLOCATE|[21]|Bytes:5
21:56:01.1 (877756263)|SYSTEM_METHOD_EXIT|[21]|system.ListIterator.hasNext()
21:56:01.1 (877760133)|HEAP_ALLOCATE|[21]|Bytes:4
21:56:01.1 (877765040)|VARIABLE_SCOPE_BEGIN|[21]|f|Schema.PicklistEntry|true|false
21:56:01.1 (877773434)|VARIABLE_ASSIGNMENT|[21]|f|Frequent Caller - Driver|0x237f40c7
21:56:01.1 (877776989)|STATEMENT_EXECUTE|[21]
21:56:01.1 (877778543)|STATEMENT_EXECUTE|[22]
21:56:01.1 (877781167)|HEAP_ALLOCATE|[22]|Bytes:24
21:56:01.1 (877784874)|HEAP_ALLOCATE|[22]|Bytes:24
21:56:01.1 (877791203)|SYSTEM_METHOD_ENTRY|[22]|Map<String,String>.put(Object, Object)
21:56:01.1 (877794456)|HEAP_ALLOCATE|[EXTERNAL]|Bytes:-4
21:56:01.1 (877799760)|SYSTEM_METHOD_EXIT|[22]|Map<String,String>.put(Object, Object)
21:56:01.1 (877803836)|SYSTEM_METHOD_ENTRY|[21]|system.ListIterator.hasNext()
21:56:01.1 (877807151)|HEAP_ALLOCATE|[21]|Bytes:5
21:56:01.1 (877815137)|SYSTEM_METHOD_EXIT|[21]|system.ListIterator.hasNext()
21:56:01.1 (877819579)|HEAP_ALLOCATE|[21]|Bytes:4
21:56:01.1 (877825721)|VARIABLE_SCOPE_BEGIN|[21]|f|Schema.PicklistEntry|true|false
21:56:01.1 (877835022)|VARIABLE_ASSIGNMENT|[21]|f|Requires Sensitivity|0x4da27689
21:56:01.1 (877838504)|STATEMENT_EXECUTE|[21]
21:56:01.1 (877840277)|STATEMENT_EXECUTE|[22]
21:56:01.1 (877842997)|HEAP_ALLOCATE|[22]|Bytes:20
21:56:01.1 (877846533)|HEAP_ALLOCATE|[22]|Bytes:20
21:56:01.1 (877852859)|SYSTEM_METHOD_ENTRY|[22]|Map<String,String>.put(Object, Object)
21:56:01.1 (877856073)|HEAP_ALLOCATE|[EXTERNAL]|Bytes:-4
21:56:01.1 (877861324)|SYSTEM_METHOD_EXIT|[22]|Map<String,String>.put(Object, Object)
21:56:01.1 (877865358)|SYSTEM_METHOD_ENTRY|[21]|system.ListIterator.hasNext()
21:56:01.1 (877868823)|HEAP_ALLOCATE|[21]|Bytes:5
21:56:01.1 (877872614)|SYSTEM_METHOD_EXIT|[21]|system.ListIterator.hasNext()
21:56:01.1 (877876677)|HEAP_ALLOCATE|[21]|Bytes:4
21:56:01.1 (877881912)|VARIABLE_SCOPE_BEGIN|[21]|f|Schema.PicklistEntry|true|false
21:56:01.1 (877958604)|VARIABLE_ASSIGNMENT|[21]|f|Abusive Language – Escalate to Leader if Needed|0x11570a88
21:56:01.1 (877967139)|STATEMENT_EXECUTE|[21]
21:56:01.1 (878000202)|STATEMENT_EXECUTE|[22]
21:56:01.1 (878004598)|HEAP_ALLOCATE|[22]|Bytes:47
21:56:01.1 (878008749)|HEAP_ALLOCATE|[22]|Bytes:47
21:56:01.1 (878018935)|SYSTEM_METHOD_ENTRY|[22]|Map<String,String>.put(Object, Object)
21:56:01.1 (878022908)|HEAP_ALLOCATE|[EXTERNAL]|Bytes:-4
21:56:01.1 (878028733)|SYSTEM_METHOD_EXIT|[22]|Map<String,String>.put(Object, Object)
21:56:01.1 (878089740)|SYSTEM_METHOD_ENTRY|[21]|system.ListIterator.hasNext()
21:56:01.1 (878094239)|HEAP_ALLOCATE|[21]|Bytes:5
21:56:01.1 (878098271)|SYSTEM_METHOD_EXIT|[21]|system.ListIterator.hasNext()
21:56:01.1 (878102860)|HEAP_ALLOCATE|[21]|Bytes:4
21:56:01.1 (878109381)|VARIABLE_SCOPE_BEGIN|[21]|f|Schema.PicklistEntry|true|false
21:56:01.1 (878121598)|VARIABLE_ASSIGNMENT|[21]|f|Pulse Store|0x640f6143
21:56:01.1 (878125865)|STATEMENT_EXECUTE|[21]
21:56:01.1 (878127470)|STATEMENT_EXECUTE|[22]
21:56:01.1 (878130649)|HEAP_ALLOCATE|[22]|Bytes:11
21:56:01.1 (878134202)|HEAP_ALLOCATE|[22]|Bytes:11
21:56:01.1 (878141050)|SYSTEM_METHOD_ENTRY|[22]|Map<String,String>.put(Object, Object)
21:56:01.1 (878144705)|HEAP_ALLOCATE|[EXTERNAL]|Bytes:-4
21:56:01.1 (878150389)|SYSTEM_METHOD_EXIT|[22]|Map<String,String>.put(Object, Object)
21:56:01.1 (878154803)|SYSTEM_METHOD_ENTRY|[21]|system.ListIterator.hasNext()
21:56:01.1 (878158345)|HEAP_ALLOCATE|[21]|Bytes:5
21:56:01.1 (878162208)|SYSTEM_METHOD_EXIT|[21]|system.ListIterator.hasNext()
21:56:01.1 (878173403)|VARIABLE_ASSIGNMENT|[21]|f|null|
21:56:01.1 (878177910)|STATEMENT_EXECUTE|[24]
21:56:01.1 (878188150)|METHOD_EXIT|[29]|01p3600000JX1Jj|com_sObjectPicklist.getPicklistValues(String, String)
21:56:01.1 (878216445)|SYSTEM_METHOD_ENTRY|[29]|com_sObjectFieldSet.fieldDetails.__sfdc_options(Map<String,String>)
21:56:01.1 (878308530)|VARIABLE_ASSIGNMENT|[EXTERNAL]|this|{"apiName":"Type__c","dbRequired":false,"label":"Type","required":true,"sObjectType":"com_Object_Alert__c","type":"PICKLIST"}|0x482944b
21:56:01.1 (878510171)|VARIABLE_ASSIGNMENT|[EXTERNAL]|value|"Map of size 23 too large to display"|0x186c4892
21:56:01.1 (878548408)|VARIABLE_ASSIGNMENT|[142]|this.options|"Map of size 23 too large to display"|0x482944b
21:56:01.1 (878561307)|SYSTEM_METHOD_EXIT|[29]|com_sObjectFieldSet.fieldDetails.__sfdc_options(Map<String,String>)
21:56:01.1 (878580454)|SYSTEM_METHOD_ENTRY|[33]|com_sObjectFieldSet.fieldDetails.__sfdc_label()
21:56:01.1 (878655292)|VARIABLE_ASSIGNMENT|[EXTERNAL]|this|{"apiName":"Type__c","dbRequired":false,"label":"Type","options":"0x186c4892","required":true,"sObjectType":"com_Object_Alert__c","type":"PICKLIST"}|0x482944b
21:56:01.1 (878668306)|SYSTEM_METHOD_EXIT|[33]|com_sObjectFieldSet.fieldDetails.__sfdc_label()
21:56:01.1 (878675671)|HEAP_ALLOCATE|[33]|Bytes:14
21:56:01.1 (878693972)|STATEMENT_EXECUTE|[33]
21:56:01.1 (878697556)|STATEMENT_EXECUTE|[35]
21:56:01.1 (878720449)|SYSTEM_METHOD_ENTRY|[35]|List<com_sObjectFieldSet.fieldDetails>.add(Object)
21:56:01.1 (878741235)|HEAP_ALLOCATE|[EXTERNAL]|Bytes:4
21:56:01.1 (878751019)|SYSTEM_METHOD_EXIT|[35]|List<com_sObjectFieldSet.fieldDetails>.add(Object)
21:56:01.1 (878763533)|SYSTEM_METHOD_ENTRY|[20]|system.ListIterator.hasNext()
21:56:01.1 (878773712)|HEAP_ALLOCATE|[20]|Bytes:5
21:56:01.1 (878782025)|SYSTEM_METHOD_EXIT|[20]|system.ListIterator.hasNext()
21:56:01.1 (878802987)|VARIABLE_ASSIGNMENT|[20]|f|null|
21:56:01.1 (878810275)|STATEMENT_EXECUTE|[37]
21:56:01.1 (878817739)|METHOD_EXIT|[65]|01p3600000JX1Jf|com_sObjectFieldSet.getFieldSetSchemaList(String, String)
21:56:01.1 (878830116)|VARIABLE_SCOPE_BEGIN|[65]|fieldSetMemberList|List<com_sObjectFieldSet.fieldDetails>|true|false
21:56:01.1 (878887219)|VARIABLE_ASSIGNMENT|[65]|fieldSetMemberList|[{"apiName":"Type__c","dbRequired":false,"label":"Type","options":"0x186c4892","required":true,"sObjectType":"com_Object_Alert__c","type":"PICKLIST"}]|0x193cf2ea
21:56:01.1 (878893783)|STATEMENT_EXECUTE|[66]
21:56:01.1 (878905429)|HEAP_ALLOCATE|[66]|Bytes:4
21:56:01.1 (878921347)|SYSTEM_CONSTRUCTOR_ENTRY|[66]|<init>()
21:56:01.1 (878943436)|SYSTEM_CONSTRUCTOR_EXIT|[66]|<init>()
21:56:01.1 (878956850)|VARIABLE_SCOPE_BEGIN|[66]|fieldSetMemberListReversed|List<com_sObjectFieldSet.fieldDetails>|true|false
21:56:01.1 (878991504)|HEAP_ALLOCATE|[EXTERNAL]|Bytes:4
21:56:01.1 (879004971)|VARIABLE_ASSIGNMENT|[66]|fieldSetMemberListReversed|[]|0x135d31f1
21:56:01.1 (879014872)|STATEMENT_EXECUTE|[67]
21:56:01.1 (879026223)|SYSTEM_METHOD_ENTRY|[67]|List<com_sObjectFieldSet.fieldDetails>.size()
21:56:01.1 (879042241)|SYSTEM_METHOD_EXIT|[67]|List<com_sObjectFieldSet.fieldDetails>.size()
21:56:01.1 (879055737)|VARIABLE_SCOPE_BEGIN|[67]|i|Integer|false|false
21:56:01.1 (879080883)|HEAP_ALLOCATE|[67]|Bytes:4
21:56:01.1 (879095457)|VARIABLE_ASSIGNMENT|[67]|i|0
21:56:01.1 (879103555)|STATEMENT_EXECUTE|[67]
21:56:01.1 (879105901)|STATEMENT_EXECUTE|[68]
21:56:01.1 (879116375)|HEAP_ALLOCATE|[68]|Bytes:52
21:56:01.1 (879132623)|SYSTEM_METHOD_ENTRY|[68]|List<com_sObjectFieldSet.fieldDetails>.add(Object)
21:56:01.1 (879151697)|HEAP_ALLOCATE|[EXTERNAL]|Bytes:4
21:56:01.1 (879161974)|SYSTEM_METHOD_EXIT|[68]|List<com_sObjectFieldSet.fieldDetails>.add(Object)
21:56:01.1 (879168841)|HEAP_ALLOCATE|[67]|Bytes:4
21:56:01.1 (879204523)|VARIABLE_ASSIGNMENT|[67]|i|-1
21:56:01.1 (879217838)|SYSTEM_METHOD_ENTRY|[70]|List<com_sObjectFieldSet.fieldDetails>.iterator()
21:56:01.1 (879300952)|SYSTEM_METHOD_EXIT|[70]|List<com_sObjectFieldSet.fieldDetails>.iterator()
21:56:01.1 (879326899)|SYSTEM_METHOD_ENTRY|[70]|system.ListIterator.hasNext()
21:56:01.1 (879337045)|HEAP_ALLOCATE|[70]|Bytes:5
21:56:01.1 (879347224)|SYSTEM_METHOD_EXIT|[70]|system.ListIterator.hasNext()
21:56:01.1 (879356309)|HEAP_ALLOCATE|[70]|Bytes:52
21:56:01.1 (879369530)|VARIABLE_SCOPE_BEGIN|[70]|fieldSetMemberObj|com_sObjectFieldSet.fieldDetails|true|false
21:56:01.1 (879435730)|VARIABLE_ASSIGNMENT|[70]|fieldSetMemberObj|{"apiName":"Type__c","dbRequired":false,"label":"Type","options":"0x186c4892","required":true,"sObjectType":"com_Object_Alert__c","type":"PICKLIST"}|0x482944b
21:56:01.1 (879445952)|STATEMENT_EXECUTE|[70]
21:56:01.1 (879448787)|STATEMENT_EXECUTE|[71]
21:56:01.1 (879461897)|SYSTEM_METHOD_ENTRY|[71]|com_sObjectFieldSet.fieldDetails.__sfdc_apiName()
21:56:01.1 (879529611)|VARIABLE_ASSIGNMENT|[EXTERNAL]|this|{"apiName":"Type__c","dbRequired":false,"label":"Type","options":"0x186c4892","required":true,"sObjectType":"com_Object_Alert__c","type":"PICKLIST"}|0x482944b
21:56:01.1 (879546422)|SYSTEM_METHOD_EXIT|[71]|com_sObjectFieldSet.fieldDetails.__sfdc_apiName()
21:56:01.1 (879571402)|SYSTEM_METHOD_ENTRY|[71]|Map<String,com_sObjectFieldSet.fieldDetails>.put(Object, Object)
21:56:01.1 (879582446)|HEAP_ALLOCATE|[EXTERNAL]|Bytes:-4
21:56:01.1 (879593357)|SYSTEM_METHOD_EXIT|[71]|Map<String,com_sObjectFieldSet.fieldDetails>.put(Object, Object)
21:56:01.1 (879601976)|SYSTEM_METHOD_ENTRY|[70]|system.ListIterator.hasNext()
21:56:01.1 (879609366)|HEAP_ALLOCATE|[70]|Bytes:5
21:56:01.1 (879616655)|SYSTEM_METHOD_EXIT|[70]|system.ListIterator.hasNext()
21:56:01.1 (879632246)|VARIABLE_ASSIGNMENT|[70]|fieldSetMemberObj|null|
21:56:01.1 (879638946)|STATEMENT_EXECUTE|[73]
21:56:01.1 (879648042)|METHOD_EXIT|[138]|01p3600000JX1Jf|com_sObjectFieldSet.getFieldSetMemberMap(String, String)
21:56:01.1 (879662166)|SYSTEM_METHOD_ENTRY|[138]|Map<String,com_sObjectFieldSet.fieldDetails>.putAll(Object)
21:56:01.1 (879679538)|HEAP_ALLOCATE|[EXTERNAL]|Bytes:-4
21:56:01.1 (879685737)|HEAP_ALLOCATE|[138]|Bytes:4
21:56:01.1 (879694899)|SYSTEM_METHOD_EXIT|[138]|Map<String,com_sObjectFieldSet.fieldDetails>.putAll(Object)
21:56:01.1 (879700164)|STATEMENT_EXECUTE|[139]
21:56:01.1 (879732059)|VARIABLE_ASSIGNMENT|[137]|recordType|null
21:56:01.1 (879738920)|STATEMENT_EXECUTE|[141]
21:56:01.1 (879756994)|SYSTEM_METHOD_ENTRY|[141]|System.debug(ANY)
21:56:01.1 (879960188)|USER_DEBUG|[141]|DEBUG|{Type__c=fieldDetails:[apiName=Type__c, dbRequired=false, display=null, displayClass=null, label=Type, options={Abusive Language – Escalate to Leader if Needed=Abusive Language – Escalate to Leader if Needed, Abusive Language–If Abusive Engage Leader Immediately=Abusive Language–If Abusive Engage Leader Immediately, Archived Points Returned - 1st=Archived Points Returned - 1st, Archived points returned - 2nd/Final=Archived points returned - 2nd/Final, Campaign Abuser - DO NOT add campaign without leadership approval=Campaign Abuser - DO NOT add campaign without leadership approval, Complete Card Merge - See Case Notes for more info. - Per CS MGR=Complete Card Merge - See Case Notes for more info. - Per CS MGR, Do not send complaints to the field=Do not send complaints to the field, Frequent Caller - Driver=Frequent Caller - Driver, Frequent Caller – Manager=Frequent Caller – Manager, Frequent Caller – Team Member=Frequent Caller – Team Member, ...}, required=true, sObjectType=com_Object_Alert__c, staticResourceName=null, staticResourcePath=null, type=PICKLIST, value=null]}
21:56:01.1 (879989385)|SYSTEM_METHOD_EXIT|[141]|System.debug(ANY)
21:56:01.1 (879996263)|STATEMENT_EXECUTE|[142]
21:56:01.1 (880062144)|HEAP_ALLOCATE|[142]|Bytes:24
21:56:01.1 (880088344)|SYSTEM_METHOD_ENTRY|[1]|JSON.JSON()
21:56:01.1 (880093749)|STATEMENT_EXECUTE|[1]
21:56:01.1 (880127288)|SYSTEM_METHOD_EXIT|[1]|JSON
21:56:01.1 (880149050)|METHOD_ENTRY|[142]||System.JSON.serialize(Object)
21:56:01.1 (881226486)|METHOD_EXIT|[142]||System.JSON.serialize(Object)
21:56:01.881 (881314528)|CUMULATIVE_LIMIT_USAGE
21:56:01.881 (881314528)|LIMIT_USAGE_FOR_NS|(default)|
  Number of SOQL queries: 0 out of 100
  Number of query rows: 0 out of 50000
  Number of SOSL queries: 0 out of 20
  Number of DML statements: 0 out of 150
  Number of Publish Immediate DML: 0 out of 150
  Number of DML rows: 0 out of 10000
  Maximum CPU time: 0 out of 10000
  Maximum heap size: 0 out of 6000000
  Number of callouts: 0 out of 100
  Number of Email Invocations: 0 out of 10
  Number of future calls: 0 out of 50
  Number of queueable jobs added to the queue: 0 out of 50
  Number of Mobile Apex push calls: 0 out of 10

21:56:01.881 (881314528)|TOTAL_EMAIL_RECIPIENTS_QUEUED|0
21:56:01.881 (881314528)|STATIC_VARIABLE_LIST|
  int:BYTES:0
  int:BYTES:0
  byte[]:DigitOnes:0
  byte[]:DigitTens:0
  Boolean:FALSE:0
  int:MAX_EXPONENT:0
  double:MAX_VALUE:0
  int:MAX_VALUE:0
  int:MIN_EXPONENT:0
  double:MIN_NORMAL:0
  double:MIN_VALUE:0
  int:MIN_VALUE:0
  double:NEGATIVE_INFINITY:0
  double:NaN:0
  double:POSITIVE_INFINITY:0
  int:PRECISION:0
  int:SIZE:0
  int:SIZE:0
  Boolean:TRUE:0
  String:__sfdcInnerTypes:0
  String:__sfdcInnerTypes:0
  String:__sfdcProperties:0
  String:_sfdcAdditionalCodeLocations:0
  String:_sfdcAdditionalCodeLocations:0
  String:_sfdcAdditionalCodeLocations:0
  String:_sfdcAdditionalCodeLocations:0
  String:_sfdcAdditionalCodeLocations:0
  String:_sfdcAdditionalCodeLocations:0
  String:_sfdcSuppressedCodeLocations:0
  char[]:digits:0
  long:serialVersionUID:0
  long:serialVersionUID:0
  long:serialVersionUID:0

21:56:01.881 (881314528)|CUMULATIVE_LIMIT_USAGE_END

21:56:01.1 (881570627)|CODE_UNIT_FINISHED|com_Alert.getFieldSetMap(String, String)
21:56:01.881 (881609253)|CUMULATIVE_PROFILING_BEGIN
21:56:01.881 (881609253)|CUMULATIVE_PROFILING|No profiling information for SOQL operations
21:56:01.881 (881609253)|CUMULATIVE_PROFILING|No profiling information for SOSL operations
21:56:01.881 (881609253)|CUMULATIVE_PROFILING|No profiling information for DML operations
21:56:01.881 (881609253)|CUMULATIVE_PROFILING|method invocations|
External entry point: public static String getFieldSetMap(String, String): executed 1 time in 875 ms
Class.com_Alert.getFieldSetMap: line 138, column 1: global public Object get(Object): executed 3 times in 865 ms
Class.com_sObjectFieldSet.getFieldSetMemberMap: line 65, column 1: public static List<com_sObjectFieldSet.fieldDetails> getFieldSetSchemaList(String, String): executed 1 time in 864 ms
Class.com_sObjectFieldSet.getFieldSetSchemaList: line 15, column 1: global public static Map<String,Schema.SObjectType> getGlobalDescribe(): executed 1 time in 758 ms
Class.com_sObjectFieldSet.getFieldSetSchemaList: line 29, column 1: public static Map<String,String> getPicklistValues(String, String): executed 2 times in 84 ms
Class.com_sObjectPicklist.getPicklistValues: line 17, column 1: global public static Map<String,Schema.SObjectType> getGlobalDescribe(): executed 3 times in 70 ms
Class.com_sObjectFieldSet.getFieldSetSchemaList: line 18, column 1: global Map<String,Schema.FieldSet> getMap(): executed 2 times in 4 ms
Class.com_sObjectPicklist.getPicklistValues: line 19, column 1: global Map<String,Schema.SObjectField> getMap(): executed 3 times in 4 ms
Class.com_sObjectFieldSet.getFieldSetSchemaList: line 21, column 1: global com_sObjectFieldSet.fieldDetails(): executed 1 time in 2 ms
Class.com_Alert.getFieldSetMap: line 134, column 1: public static Map<String,String> getConfigValues(String): executed 1 time in 2 ms
Class.com_sObjectFieldSet.getFieldSetSchemaList: line 17, column 1: global Schema.DescribeSObjectResult getDescribe(): executed 1 time in 1 ms

21:56:01.881 (881609253)|CUMULATIVE_PROFILING_END
21:56:01.1 (882749638)|CODE_UNIT_FINISHED|apex://com_Alert/ACTION$getFieldSetMap
21:56:01.1 (882775129)|EXECUTION_FINISHED
