66.0 APEX_CODE,FINEST;APEX_PROFILING,FINEST;CALLOUT,FINEST;DATA_ACCESS,INFO;DB,FINEST;NBA,FINEST;SYSTEM,FINE;VALIDATION,INFO;VISUALFORCE,FINER;WAVE,FINEST;WORKFLOW,FINER
21:56:01.0 (293200)|USER_INFO|[EXTERNAL]|005360000036OeQ|victor.felisbino@loves.com.dev2|(GMT-06:00) Central Standard Time (America/Chicago)|GMT-06:00
21:56:01.0 (398327)|EXECUTION_STARTED
21:56:01.0 (418442)|CODE_UNIT_STARTED|[EXTERNAL]|apex://com_relatedNotes/ACTION$getRelatedNotes
21:56:01.0 (5072828)|CODE_UNIT_STARTED|[EXTERNAL]|01p3600000JX1Jd|com_relatedNotes.getRelatedNotes(String, String, String, String)
21:56:01.0 (5394550)|HEAP_ALLOCATE|[95]|Bytes:3
21:56:01.0 (5482017)|HEAP_ALLOCATE|[100]|Bytes:152
21:56:01.0 (5495765)|HEAP_ALLOCATE|[417]|Bytes:408
21:56:01.0 (5506119)|HEAP_ALLOCATE|[430]|Bytes:408
21:56:01.0 (5526622)|HEAP_ALLOCATE|[317]|Bytes:6
21:56:01.0 (5535887)|HEAP_ALLOCATE|[EXTERNAL]|Bytes:12
21:56:01.0 (5539532)|HEAP_ALLOCATE|[EXTERNAL]|Bytes:11
21:56:01.0 (5577724)|METHOD_ENTRY|[8]|01p3600000JX1Jd|com_relatedNotes.com_relatedNotes()
21:56:01.0 (5583852)|STATEMENT_EXECUTE|[8]
21:56:01.0 (5587856)|STATEMENT_EXECUTE|[8]
21:56:01.0 (5611774)|HEAP_ALLOCATE|[68]|Bytes:5
21:56:01.0 (5635262)|HEAP_ALLOCATE|[74]|Bytes:5
21:56:01.0 (5640259)|HEAP_ALLOCATE|[82]|Bytes:7
21:56:01.0 (5651890)|SYSTEM_MODE_ENTER|true
21:56:01.0 (5805927)|HEAP_ALLOCATE|[EXTERNAL]|Bytes:5
21:56:01.0 (5815182)|SYSTEM_MODE_EXIT|true
21:56:01.0 (5826350)|METHOD_EXIT|[8]|com_relatedNotes
21:56:01.0 (5830012)|HEAP_ALLOCATE|[EXTERNAL]|Bytes:18
21:56:01.0 (5832022)|HEAP_ALLOCATE|[EXTERNAL]|Bytes:11
21:56:01.0 (5833369)|HEAP_ALLOCATE|[EXTERNAL]|Bytes:8
21:56:01.0 (5834757)|HEAP_ALLOCATE|[EXTERNAL]|Bytes:11
21:56:01.0 (5847199)|VARIABLE_SCOPE_BEGIN|[10]|recordId|String|false|false
21:56:01.0 (5878802)|VARIABLE_ASSIGNMENT|[10]|recordId|"500WH00000R4iULYAZ"
21:56:01.0 (5882087)|VARIABLE_SCOPE_BEGIN|[10]|obj|String|false|false
21:56:01.0 (5886455)|VARIABLE_ASSIGNMENT|[10]|obj|"CaseComment"
21:56:01.0 (5888938)|VARIABLE_SCOPE_BEGIN|[10]|lookupField|String|false|false
21:56:01.0 (5893029)|VARIABLE_ASSIGNMENT|[10]|lookupField|"ParentId"
21:56:01.0 (5895428)|VARIABLE_SCOPE_BEGIN|[10]|commentField|String|false|false
21:56:01.0 (5899342)|VARIABLE_ASSIGNMENT|[10]|commentField|"CommentBody"
21:56:01.0 (5907652)|SYSTEM_MODE_ENTER|true
21:56:01.0 (5910630)|HEAP_ALLOCATE|[11]|Bytes:5
21:56:01.0 (5913022)|STATEMENT_EXECUTE|[10]
21:56:01.0 (5914093)|STATEMENT_EXECUTE|[11]
21:56:01.0 (5914824)|STATEMENT_EXECUTE|[11]
21:56:01.0 (5915664)|STATEMENT_EXECUTE|[12]
21:56:01.0 (5948644)|HEAP_ALLOCATE|[12]|Bytes:33
21:56:01.0 (5956859)|SYSTEM_METHOD_ENTRY|[1]|Type.Type()
21:56:01.0 (5959118)|STATEMENT_EXECUTE|[1]
21:56:01.0 (5965267)|SYSTEM_METHOD_EXIT|[1]|Type
21:56:01.0 (5978861)|METHOD_ENTRY|[12]||System.Type.forName(String)
21:56:01.0 (10330921)|METHOD_EXIT|[12]||System.Type.forName(String)
21:56:01.0 (10360664)|METHOD_ENTRY|[12]||System.Type.newInstance()
21:56:01.0 (10759614)|METHOD_EXIT|[12]||System.Type.newInstance()
21:56:01.0 (10820911)|SYSTEM_METHOD_ENTRY|[12]|SObject.getSObjectType()
21:56:01.0 (10851076)|SYSTEM_METHOD_EXIT|[12]|SObject.getSObjectType()
21:56:01.0 (10858443)|VARIABLE_SCOPE_BEGIN|[12]|objType|Schema.SObjectType|true|false
21:56:01.0 (11066062)|VARIABLE_ASSIGNMENT|[12]|objType|"common.apex.runtime.impl.ApexSObjectTypeToken@6a57d0f8"|0x6a57d0f8
21:56:01.0 (11075887)|STATEMENT_EXECUTE|[13]
21:56:01.0 (11081499)|HEAP_ALLOCATE|[13]|Bytes:59
21:56:01.0 (11176137)|HEAP_ALLOCATE|[13]|Bytes:4
21:56:01.0 (11189860)|HEAP_ALLOCATE|[13]|Bytes:7
21:56:01.0 (11236915)|HEAP_ALLOCATE|[13]|Bytes:105
21:56:01.0 (11278181)|SYSTEM_METHOD_ENTRY|[1]|UserInfo.UserInfo()
21:56:01.0 (11284048)|STATEMENT_EXECUTE|[1]
21:56:01.0 (11296795)|SYSTEM_METHOD_EXIT|[1]|UserInfo
21:56:01.0 (11313198)|METHOD_ENTRY|[13]||System.UserInfo.getUserId()
21:56:01.0 (11358197)|METHOD_EXIT|[13]||System.UserInfo.getUserId()
21:56:01.0 (15505550)|SOQL_EXECUTE_BEGIN|[13]|Aggregations:0|SELECT Id, Name, profile.name FROM User WHERE Id = :tmpVar1
21:56:01.0 (15571702)|LIMIT_USAGE|[13]|SOQL|1|100
21:56:01.0 (15578739)|LIMIT_USAGE|[13]|AGGS|0|300
21:56:01.0 (24792999)|SOQL_EXECUTE_EXPLAIN|[13]|Index on User : [Id], cardinality: 1, sobjectCardinality: 54400, relativeCost 0
21:56:01.0 (24811673)|SOQL_EXECUTE_END|[13]|Rows:1
21:56:01.0 (24856040)|LIMIT_USAGE|[13]|SOQL_ROWS|1|50000
21:56:01.0 (24866898)|HEAP_ALLOCATE|[13]|Bytes:8
21:56:01.0 (24887459)|HEAP_ALLOCATE|[13]|Bytes:151
21:56:01.0 (24998548)|HEAP_ALLOCATE|[13]|Bytes:8
21:56:01.0 (25011396)|HEAP_ALLOCATE|[13]|Bytes:30
21:56:01.0 (25072173)|HEAP_ALLOCATE|[13]|Bytes:20
21:56:01.0 (25077438)|VARIABLE_SCOPE_BEGIN|[13]|curUser|User|true|false
21:56:01.0 (45513260)|VARIABLE_ASSIGNMENT|[13]|curUser|{"ProfileId":"00e36000000qub5AAA","Id":"005360000036OeQAAU","Profile":{"Name":"System Administrator","Id":"00e36000000qub5AAA"},"Name":"Victor Felisbino"}|0x13b8044e
21:56:01.0 (45542176)|STATEMENT_EXECUTE|[14]
21:56:01.0 (45592218)|VARIABLE_SCOPE_BEGIN|[14]|createdCase|Case|true|false
21:56:01.0 (45606720)|VARIABLE_ASSIGNMENT|[14]|createdCase|null|
21:56:01.0 (45663601)|SYSTEM_METHOD_ENTRY|[15]|Id.valueOf(String)
21:56:01.0 (45705936)|HEAP_ALLOCATE|[15]|Bytes:4
21:56:01.0 (45721852)|SYSTEM_METHOD_EXIT|[15]|Id.valueOf(String)
21:56:01.0 (45734326)|SYSTEM_METHOD_ENTRY|[15]|Id.getSobjectType(Id)
21:56:01.0 (45773716)|SYSTEM_METHOD_EXIT|[15]|Id.getSobjectType(Id)
21:56:01.0 (45779132)|HEAP_ALLOCATE|[15]|Bytes:4
21:56:01.0 (45833876)|SYSTEM_METHOD_ENTRY|[15]|com.salesforce.api.fast.System.compareObjects(Object, Object)
21:56:01.0 (45881174)|SYSTEM_METHOD_EXIT|[15]|com.salesforce.api.fast.System.compareObjects(Object, Object)
21:56:01.0 (45887268)|STATEMENT_EXECUTE|[15]
21:56:01.0 (45888907)|STATEMENT_EXECUTE|[16]
21:56:01.0 (45891923)|HEAP_ALLOCATE|[16]|Bytes:100
21:56:01.0 (45906880)|HEAP_ALLOCATE|[16]|Bytes:4
21:56:01.0 (50025905)|SOQL_EXECUTE_BEGIN|[16]|Aggregations:0|SELECT Id, CreatedById, RecordtypeId, Recordtype.DeveloperName FROM Case WHERE Id = :tmpVar1 LIMIT 1
21:56:01.0 (50073317)|LIMIT_USAGE|[16]|SOQL|2|100
21:56:01.0 (50100375)|LIMIT_USAGE|[16]|AGGS|0|300
21:56:01.0 (59918550)|SOQL_EXECUTE_EXPLAIN|[16]|Index on Case : [Id], cardinality: 1, sobjectCardinality: 140, relativeCost 0.024
21:56:01.0 (59956637)|SOQL_EXECUTE_END|[16]|Rows:1
21:56:01.0 (59978258)|LIMIT_USAGE|[16]|SOQL_ROWS|2|50000
21:56:01.0 (59987688)|HEAP_ALLOCATE|[16]|Bytes:8
21:56:01.0 (60007456)|HEAP_ALLOCATE|[16]|Bytes:164
21:56:01.0 (60057427)|HEAP_ALLOCATE|[16]|Bytes:8
21:56:01.0 (60070505)|HEAP_ALLOCATE|[16]|Bytes:30
21:56:01.0 (60111547)|HEAP_ALLOCATE|[16]|Bytes:20
21:56:01.0 (60852787)|VARIABLE_ASSIGNMENT|[16]|createdCase|{"RecordTypeId":"01236000001A1QdAAK","Id":"500WH00000R4iULYAZ","CreatedById":"005360000036OeQAAU","RecordType":{"DeveloperName":"INC_Basic","Id":"01236000001A1QdAAK"}}|0x40b4289d
21:56:01.0 (60917761)|HEAP_ALLOCATE|[18]|Bytes:10
21:56:01.0 (60945600)|STATEMENT_EXECUTE|[31]
21:56:01.0 (60946992)|STATEMENT_EXECUTE|[32]
21:56:01.0 (60948447)|HEAP_ALLOCATE|[32]|Bytes:72
21:56:01.0 (60951465)|HEAP_ALLOCATE|[32]|Bytes:1
21:56:01.0 (60963302)|HEAP_ALLOCATE|[32]|Bytes:92
21:56:01.0 (60968136)|VARIABLE_SCOPE_BEGIN|[32]|queryFields|String|false|false
21:56:01.0 (60977586)|VARIABLE_ASSIGNMENT|[32]|queryFields|"id, createdby.name,  (72 more) ..."
21:56:01.0 (60979779)|STATEMENT_EXECUTE|[33]
21:56:01.0 (61088171)|HEAP_ALLOCATE|[33]|Bytes:4
21:56:01.0 (61123402)|SYSTEM_CONSTRUCTOR_ENTRY|[33]|<init>()
21:56:01.0 (61154499)|SYSTEM_CONSTRUCTOR_EXIT|[33]|<init>()
21:56:01.0 (61157347)|VARIABLE_SCOPE_BEGIN|[33]|queryConditions|List<QueryBuilder.Condition>|true|false
21:56:01.0 (61177970)|HEAP_ALLOCATE|[EXTERNAL]|Bytes:4
21:56:01.0 (61191492)|VARIABLE_ASSIGNMENT|[33]|queryConditions|[]|0x22bbd6d4
21:56:01.0 (61194552)|STATEMENT_EXECUTE|[34]
21:56:01.0 (61236122)|HEAP_ALLOCATE|[34]|Bytes:119
21:56:01.0 (61251681)|HEAP_ALLOCATE|[34]|Bytes:28
21:56:01.0 (61277189)|CONSTRUCTOR_ENTRY|[34]|01p1R00000K3rJn|<init>(String)|QueryBuilder.CompareCondition
21:56:01.0 (61307018)|VARIABLE_SCOPE_BEGIN|[1074]|this|QueryBuilder.CompareCondition|true|false
21:56:01.0 (61349044)|VARIABLE_ASSIGNMENT|[1074]|this|{}|0x4714b02d
21:56:01.0 (61356739)|VARIABLE_SCOPE_BEGIN|[1074]|fieldName|String|false|false
21:56:01.0 (61361820)|VARIABLE_ASSIGNMENT|[1074]|fieldName|"ParentId"
21:56:01.0 (61365152)|STATEMENT_EXECUTE|[1072]
21:56:01.0 (61366546)|STATEMENT_EXECUTE|[1075]
21:56:01.0 (61369350)|HEAP_ALLOCATE|[1075]|Bytes:14
21:56:01.0 (61374148)|CONSTRUCTOR_ENTRY|[1075]|01p1R00000K3rJn|<init>(String)|QueryBuilder.FieldCondition
21:56:01.0 (61410160)|VARIABLE_SCOPE_BEGIN|[1031]|this|QueryBuilder.FieldCondition|true|false
21:56:01.0 (61419072)|VARIABLE_ASSIGNMENT|[1031]|this|{}|0x4714b02d
21:56:01.0 (61421597)|VARIABLE_SCOPE_BEGIN|[1031]|fieldName|String|false|false
21:56:01.0 (61425627)|VARIABLE_ASSIGNMENT|[1031]|fieldName|"ParentId"
21:56:01.0 (61428092)|STATEMENT_EXECUTE|[1027]
21:56:01.0 (61429014)|STATEMENT_EXECUTE|[1029]
21:56:01.0 (61429767)|STATEMENT_EXECUTE|[1032]
21:56:01.0 (61433042)|HEAP_ALLOCATE|[1032]|Bytes:24
21:56:01.0 (61436516)|CONSTRUCTOR_ENTRY|[1032]|01p1R00000K3rJn|<init>()|QueryBuilder.Condition
21:56:01.0 (61442282)|VARIABLE_SCOPE_BEGIN|[981]|this|QueryBuilder.Condition|true|false
21:56:01.0 (61449765)|VARIABLE_ASSIGNMENT|[981]|this|{}|0x4714b02d
21:56:01.0 (61452817)|STATEMENT_EXECUTE|[973]
21:56:01.0 (61453590)|STATEMENT_EXECUTE|[975]
21:56:01.0 (61455247)|HEAP_ALLOCATE|[975]|Bytes:1
21:56:01.0 (61459532)|STATEMENT_EXECUTE|[976]
21:56:01.0 (61460819)|HEAP_ALLOCATE|[976]|Bytes:1
21:56:01.0 (61462894)|STATEMENT_EXECUTE|[977]
21:56:01.0 (61464137)|HEAP_ALLOCATE|[977]|Bytes:1
21:56:01.0 (61466061)|STATEMENT_EXECUTE|[978]
21:56:01.0 (61466941)|STATEMENT_EXECUTE|[979]
21:56:01.0 (61490952)|STATEMENT_EXECUTE|[981]
21:56:01.0 (61492044)|STATEMENT_EXECUTE|[982]
21:56:01.0 (61493322)|HEAP_ALLOCATE|[982]|Bytes:9
21:56:01.0 (61496497)|STATEMENT_EXECUTE|[983]
21:56:01.0 (61501317)|CONSTRUCTOR_EXIT|[1032]|01p1R00000K3rJn|<init>()|QueryBuilder.Condition
21:56:01.0 (61505240)|STATEMENT_EXECUTE|[1031]
21:56:01.0 (61505999)|STATEMENT_EXECUTE|[1033]
21:56:01.0 (61508080)|STATEMENT_EXECUTE|[1034]
21:56:01.0 (61509453)|HEAP_ALLOCATE|[1034]|Bytes:14
21:56:01.0 (61513197)|CONSTRUCTOR_EXIT|[1075]|01p1R00000K3rJn|<init>(String)|QueryBuilder.FieldCondition
21:56:01.0 (61522901)|STATEMENT_EXECUTE|[1074]
21:56:01.0 (61524209)|STATEMENT_EXECUTE|[1076]
21:56:01.0 (61526291)|HEAP_ALLOCATE|[1076]|Bytes:16
21:56:01.0 (61532636)|CONSTRUCTOR_EXIT|[34]|01p1R00000K3rJn|<init>(String)|QueryBuilder.CompareCondition
21:56:01.0 (61561547)|METHOD_ENTRY|[34]|01p1R00000K3rJn|QueryBuilder.CompareCondition.eq(String)
21:56:01.0 (61566104)|VARIABLE_SCOPE_BEGIN|[1085]|this|QueryBuilder.CompareCondition|true|false
21:56:01.0 (61579802)|VARIABLE_ASSIGNMENT|[1085]|this|{"fieldName":"ParentId","BRACKET_L":"(","BRACKET_R":")","conditionType":"CompareCondition","formedCondition":"","QUOTE":"'"}|0x4714b02d
21:56:01.0 (61584044)|VARIABLE_SCOPE_BEGIN|[1085]|fieldValue|String|false|false
21:56:01.0 (61588894)|VARIABLE_ASSIGNMENT|[1085]|fieldValue|"500WH00000R4iULYAZ"
21:56:01.0 (61592192)|STATEMENT_EXECUTE|[1085]
21:56:01.0 (61592962)|STATEMENT_EXECUTE|[1086]
21:56:01.0 (61595913)|HEAP_ALLOCATE|[1086]|Bytes:3
21:56:01.0 (61603069)|METHOD_ENTRY|[1086]|01p1R00000K3rJn|QueryBuilder.Condition.quote(String)
21:56:01.0 (61613567)|VARIABLE_SCOPE_BEGIN|[990]|this|QueryBuilder.Condition|true|false
21:56:01.0 (61622786)|VARIABLE_ASSIGNMENT|[990]|this|{"fieldName":"ParentId","BRACKET_L":"(","BRACKET_R":")","conditionType":"CompareCondition","formedCondition":"","QUOTE":"'"}|0x4714b02d
21:56:01.0 (61626167)|VARIABLE_SCOPE_BEGIN|[990]|field|String|false|false
21:56:01.0 (61630363)|VARIABLE_ASSIGNMENT|[990]|field|"500WH00000R4iULYAZ"
21:56:01.0 (61667862)|STATEMENT_EXECUTE|[990]
21:56:01.0 (61668802)|STATEMENT_EXECUTE|[991]
21:56:01.0 (61690727)|SYSTEM_METHOD_ENTRY|[991]|String.trim()
21:56:01.0 (61703252)|HEAP_ALLOCATE|[991]|Bytes:18
21:56:01.0 (61708941)|SYSTEM_METHOD_EXIT|[991]|String.trim()
21:56:01.0 (61719557)|SYSTEM_METHOD_ENTRY|[991]|String.escapeSingleQuotes(String)
21:56:01.0 (61731185)|HEAP_ALLOCATE|[991]|Bytes:18
21:56:01.0 (61734835)|SYSTEM_METHOD_EXIT|[991]|String.escapeSingleQuotes(String)
21:56:01.0 (61740572)|HEAP_ALLOCATE|[991]|Bytes:20
21:56:01.0 (61744779)|METHOD_EXIT|[1086]|01p1R00000K3rJn|QueryBuilder.Condition.quote(String)
21:56:01.0 (61747665)|HEAP_ALLOCATE|[1086]|Bytes:31
21:56:01.0 (61750552)|STATEMENT_EXECUTE|[1087]
21:56:01.0 (61752205)|METHOD_EXIT|[34]|01p1R00000K3rJn|QueryBuilder.CompareCondition.eq(String)
21:56:01.0 (61764012)|SYSTEM_METHOD_ENTRY|[34]|List<QueryBuilder.Condition>.add(Object)
21:56:01.0 (61783657)|HEAP_ALLOCATE|[EXTERNAL]|Bytes:4
21:56:01.0 (61789124)|SYSTEM_METHOD_EXIT|[34]|List<QueryBuilder.Condition>.add(Object)
21:56:01.0 (61791143)|STATEMENT_EXECUTE|[36]
21:56:01.0 (61792897)|HEAP_ALLOCATE|[36]|Bytes:1
21:56:01.0 (61831278)|HEAP_ALLOCATE|[36]|Bytes:4
21:56:01.0 (61854773)|SYSTEM_CONSTRUCTOR_ENTRY|[36]|<init>()
21:56:01.0 (61864425)|SYSTEM_CONSTRUCTOR_EXIT|[36]|<init>()
21:56:01.0 (61899245)|HEAP_ALLOCATE|[36]|Bytes:4
21:56:01.0 (61914245)|HEAP_ALLOCATE|[36]|Bytes:16
21:56:01.0 (61916767)|HEAP_ALLOCATE|[36]|Bytes:11
21:56:01.0 (61932583)|CONSTRUCTOR_ENTRY|[36]|01p1R00000K3rJn|<init>(String)|QueryBuilder.DescOrder
21:56:01.0 (61939330)|VARIABLE_SCOPE_BEGIN|[1643]|this|QueryBuilder.DescOrder|true|false
21:56:01.0 (61955853)|VARIABLE_ASSIGNMENT|[1643]|this|{}|0x4379f18e
21:56:01.0 (61959628)|VARIABLE_SCOPE_BEGIN|[1643]|sortingField|String|false|false
21:56:01.0 (61964602)|VARIABLE_ASSIGNMENT|[1643]|sortingField|"CreatedDate"
21:56:01.0 (61967512)|STATEMENT_EXECUTE|[1641]
21:56:01.0 (61968825)|STATEMENT_EXECUTE|[1644]
21:56:01.0 (61970388)|HEAP_ALLOCATE|[1644]|Bytes:4
21:56:01.0 (61974060)|HEAP_ALLOCATE|[1644]|Bytes:14
21:56:01.0 (61980026)|CONSTRUCTOR_ENTRY|[1644]|01p1R00000K3rJn|<init>(String,String)|QueryBuilder.Order
21:56:01.0 (61999713)|VARIABLE_SCOPE_BEGIN|[1611]|this|QueryBuilder.Order|true|false
21:56:01.0 (62007373)|VARIABLE_ASSIGNMENT|[1611]|this|{}|0x4379f18e
21:56:01.0 (62011347)|VARIABLE_SCOPE_BEGIN|[1611]|sortingField|String|false|false
21:56:01.0 (62015258)|VARIABLE_ASSIGNMENT|[1611]|sortingField|"CreatedDate"
21:56:01.0 (62017797)|VARIABLE_SCOPE_BEGIN|[1611]|sortingOrder|String|false|false
21:56:01.0 (62021364)|VARIABLE_ASSIGNMENT|[1611]|sortingOrder|"DESC"
21:56:01.0 (62023727)|STATEMENT_EXECUTE|[1612]
21:56:01.0 (62028034)|CONSTRUCTOR_ENTRY|[1612]|01p1R00000K3rJn|<init>(String,String,String)|QueryBuilder.Order
21:56:01.0 (62037775)|VARIABLE_SCOPE_BEGIN|[1605]|this|QueryBuilder.Order|true|false
21:56:01.0 (62044063)|VARIABLE_ASSIGNMENT|[1605]|this|{}|0x4379f18e
21:56:01.0 (62047025)|VARIABLE_SCOPE_BEGIN|[1605]|sortingField|String|false|false
21:56:01.0 (62050688)|VARIABLE_ASSIGNMENT|[1605]|sortingField|"CreatedDate"
21:56:01.0 (62052913)|VARIABLE_SCOPE_BEGIN|[1605]|sortingOrder|String|false|false
21:56:01.0 (62056445)|VARIABLE_ASSIGNMENT|[1605]|sortingOrder|"DESC"
21:56:01.0 (62058643)|VARIABLE_SCOPE_BEGIN|[1605]|nullsOrder|String|false|false
21:56:01.0 (62062068)|VARIABLE_ASSIGNMENT|[1605]|nullsOrder|""
21:56:01.0 (62064512)|STATEMENT_EXECUTE|[1599]
21:56:01.0 (62065555)|STATEMENT_EXECUTE|[1601]
21:56:01.0 (62066413)|STATEMENT_EXECUTE|[1602]
21:56:01.0 (62067248)|STATEMENT_EXECUTE|[1603]
21:56:01.0 (62077209)|STATEMENT_EXECUTE|[1605]
21:56:01.0 (62078427)|STATEMENT_EXECUTE|[1606]
21:56:01.0 (62090738)|STATEMENT_EXECUTE|[1607]
21:56:01.0 (62092327)|STATEMENT_EXECUTE|[1608]
21:56:01.0 (62096245)|CONSTRUCTOR_EXIT|[1612]|01p1R00000K3rJn|<init>(String,String,String)|QueryBuilder.Order
21:56:01.0 (62099103)|STATEMENT_EXECUTE|[1611]
21:56:01.0 (62101115)|CONSTRUCTOR_EXIT|[1644]|01p1R00000K3rJn|<init>(String,String)|QueryBuilder.Order
21:56:01.0 (62126481)|STATEMENT_EXECUTE|[1643]
21:56:01.0 (62131577)|CONSTRUCTOR_EXIT|[36]|01p1R00000K3rJn|<init>(String)|QueryBuilder.DescOrder
21:56:01.0 (62198190)|HEAP_ALLOCATE|[36]|Bytes:170
21:56:01.0 (62201172)|HEAP_ALLOCATE|[36]|Bytes:45
21:56:01.0 (62223283)|METHOD_ENTRY|[11]|01pbV0000000ZVl|BaseService.BaseService()
21:56:01.0 (62227050)|STATEMENT_EXECUTE|[11]
21:56:01.0 (62229198)|STATEMENT_EXECUTE|[11]
21:56:01.0 (62242603)|HEAP_ALLOCATE|[36]|Bytes:5
21:56:01.0 (62245153)|STATEMENT_EXECUTE|[173]
21:56:01.0 (62246064)|STATEMENT_EXECUTE|[183]
21:56:01.0 (62247022)|STATEMENT_EXECUTE|[195]
21:56:01.0 (62247848)|STATEMENT_EXECUTE|[205]
21:56:01.0 (62248772)|STATEMENT_EXECUTE|[217]
21:56:01.0 (62249775)|STATEMENT_EXECUTE|[227]
21:56:01.0 (62257793)|METHOD_EXIT|[11]|BaseService
21:56:01.0 (62272917)|METHOD_ENTRY|[36]|01pbV0000000ZVl|BaseService.search(List<QueryBuilder.Condition>, String, List<QueryBuilder.Order>, Schema.SObjectType, String)
21:56:01.0 (62278742)|VARIABLE_SCOPE_BEGIN|[47]|queryConditions|List<QueryBuilder.Condition>|true|false
21:56:01.0 (62313120)|VARIABLE_ASSIGNMENT|[47]|queryConditions|[{"fieldName":"ParentId","BRACKET_L":"(","BRACKET_R":")","conditionType":"CompareCondition","formedCondition":"ParentId = '500WH000 (11 more) ...","QUOTE":"'"}]|0x22bbd6d4
21:56:01.0 (62320097)|VARIABLE_SCOPE_BEGIN|[47]|conditionOrder|String|false|false
21:56:01.0 (62327078)|VARIABLE_ASSIGNMENT|[47]|conditionOrder|"1"
21:56:01.0 (62329913)|VARIABLE_SCOPE_BEGIN|[47]|orderBy|List<QueryBuilder.Order>|true|false
21:56:01.0 (62349610)|HEAP_ALLOCATE|[EXTERNAL]|Bytes:8
21:56:01.0 (62358993)|VARIABLE_ASSIGNMENT|[47]|orderBy|[{"nullsOrder":"","sortingField":"CreatedDate","sortingOrder":"DESC"}]|0x530df82d
21:56:01.0 (62363423)|VARIABLE_SCOPE_BEGIN|[47]|objectType|Schema.SObjectType|true|false
21:56:01.0 (62431128)|VARIABLE_ASSIGNMENT|[47]|objectType|"common.apex.runtime.impl.ApexSObjectTypeToken@6a57d0f8"|0x6a57d0f8
21:56:01.0 (62435925)|VARIABLE_SCOPE_BEGIN|[47]|queryFields|String|false|false
21:56:01.0 (62449290)|VARIABLE_ASSIGNMENT|[47]|queryFields|"id, createdby.name,  (72 more) ..."
21:56:01.0 (62457049)|HEAP_ALLOCATE|[48]|Bytes:5
21:56:01.0 (62460418)|STATEMENT_EXECUTE|[47]
21:56:01.0 (62461339)|STATEMENT_EXECUTE|[48]
21:56:01.0 (62501860)|HEAP_ALLOCATE|[48]|Bytes:47
21:56:01.0 (62504302)|HEAP_ALLOCATE|[48]|Bytes:125
21:56:01.0 (62513350)|METHOD_ENTRY|[11]|01pbV0000000ZVj|BaseSelector.BaseSelector()
21:56:01.0 (62516015)|STATEMENT_EXECUTE|[11]
21:56:01.0 (62517928)|STATEMENT_EXECUTE|[11]
21:56:01.0 (62520198)|HEAP_ALLOCATE|[48]|Bytes:5
21:56:01.0 (62522244)|STATEMENT_EXECUTE|[397]
21:56:01.0 (62523348)|STATEMENT_EXECUTE|[407]
21:56:01.0 (62528123)|METHOD_EXIT|[11]|BaseSelector
21:56:01.0 (62531895)|HEAP_ALLOCATE|[48]|Bytes:16
21:56:01.0 (62540766)|CONSTRUCTOR_ENTRY|[48]|01pbV0000000ZVj|<init>(Schema.SObjectType)|BaseSelector
21:56:01.0 (62556224)|VARIABLE_SCOPE_BEGIN|[17]|this|BaseSelector|true|false
21:56:01.0 (62567506)|VARIABLE_ASSIGNMENT|[17]|this|{}|0x67da6078
21:56:01.0 (62753251)|VARIABLE_SCOPE_BEGIN|[17]|type|Schema.SObjectType|true|false
21:56:01.0 (62789816)|VARIABLE_ASSIGNMENT|[17]|type|"common.apex.runtime.impl.ApexSObjectTypeToken@6a57d0f8"|0x6a57d0f8
21:56:01.0 (62796059)|HEAP_ALLOCATE|[14]|Bytes:5
21:56:01.0 (62798289)|STATEMENT_EXECUTE|[11]
21:56:01.0 (62799743)|HEAP_ALLOCATE|[14]|Bytes:5
21:56:01.0 (62801199)|STATEMENT_EXECUTE|[12]
21:56:01.0 (62802069)|STATEMENT_EXECUTE|[13]
21:56:01.0 (62803074)|STATEMENT_EXECUTE|[14]
21:56:01.0 (62805314)|HEAP_ALLOCATE|[14]|Bytes:15
21:56:01.0 (62815925)|VARIABLE_ASSIGNMENT|[14]|this.queryFieldName|"DEFAULT_SOBJECT"|0x67da6078
21:56:01.0 (62829406)|STATEMENT_EXECUTE|[17]
21:56:01.0 (62830414)|STATEMENT_EXECUTE|[18]
21:56:01.0 (62841430)|METHOD_ENTRY|[18]|01pbV0000000ZVj|BaseSelector.checkPermission(Schema.SObjectType)
21:56:01.0 (62851680)|VARIABLE_SCOPE_BEGIN|[36]|this|BaseSelector|true|false
21:56:01.0 (62861955)|VARIABLE_ASSIGNMENT|[36]|this|{"queryFieldName":"DEFAULT_SOBJECT"}|0x67da6078
21:56:01.0 (62864693)|VARIABLE_SCOPE_BEGIN|[36]|type|Schema.SObjectType|true|false
21:56:01.0 (62887562)|VARIABLE_ASSIGNMENT|[36]|type|"common.apex.runtime.impl.ApexSObjectTypeToken@6a57d0f8"|0x6a57d0f8
21:56:01.0 (62892811)|HEAP_ALLOCATE|[37]|Bytes:5
21:56:01.0 (62894871)|STATEMENT_EXECUTE|[36]
21:56:01.0 (62910669)|SYSTEM_METHOD_ENTRY|[37]|Schema.SObjectType.getDescribe()
21:56:01.0 (63167419)|HEAP_ALLOCATE|[37]|Bytes:4
21:56:01.0 (63181761)|SYSTEM_METHOD_EXIT|[37]|Schema.SObjectType.getDescribe()
21:56:01.0 (63203641)|HEAP_ALLOCATE|[37]|Bytes:11
21:56:01.0 (63283120)|HEAP_ALLOCATE|[37]|Bytes:7
21:56:01.0 (63308370)|METHOD_ENTRY|[1]|01pbV0000001QlJ|PermissionChecker.PermissionChecker()
21:56:01.0 (63314265)|STATEMENT_EXECUTE|[1]
21:56:01.0 (63318128)|STATEMENT_EXECUTE|[1]
21:56:01.0 (63325260)|METHOD_EXIT|[1]|PermissionChecker
21:56:01.0 (63339029)|METHOD_ENTRY|[37]|01pbV0000001QlJ|PermissionChecker.hasReadAccess(String)
21:56:01.0 (63345107)|VARIABLE_SCOPE_BEGIN|[5]|objectApiName|String|false|false
21:56:01.0 (63358024)|VARIABLE_ASSIGNMENT|[5]|objectApiName|"CaseComment"
21:56:01.0 (63363618)|STATEMENT_EXECUTE|[5]
21:56:01.0 (63364998)|STATEMENT_EXECUTE|[7]
21:56:01.0 (63396105)|SYSTEM_METHOD_ENTRY|[7]|Schema.getGlobalDescribe()
21:56:01.0 (159460696)|HEAP_ALLOCATE|[7]|Bytes:13496
21:56:01.0 (159527063)|SYSTEM_METHOD_EXIT|[7]|Schema.getGlobalDescribe()
21:56:01.0 (159574610)|SYSTEM_METHOD_ENTRY|[7]|Map<String,Schema.SObjectType>.get(Object)
21:56:01.0 (159597846)|SYSTEM_METHOD_EXIT|[7]|Map<String,Schema.SObjectType>.get(Object)
21:56:01.0 (159618292)|SYSTEM_METHOD_ENTRY|[7]|Schema.SObjectType.getDescribe()
21:56:01.0 (159810387)|HEAP_ALLOCATE|[7]|Bytes:4
21:56:01.0 (159821730)|SYSTEM_METHOD_EXIT|[7]|Schema.SObjectType.getDescribe()
21:56:01.0 (159828920)|VARIABLE_SCOPE_BEGIN|[7]|objectDescribe|Schema.DescribeSObjectResult|true|false
21:56:01.0 (159942329)|VARIABLE_ASSIGNMENT|[7]|objectDescribe|"common.api.soap.wsdl.DescribeSObjectResult@841f9f82"|0x20195b57
21:56:01.0 (159954147)|STATEMENT_EXECUTE|[9]
21:56:01.0 (159985323)|METHOD_EXIT|[37]|01pbV0000001QlJ|PermissionChecker.hasReadAccess(String)
21:56:01.0 (159995225)|STATEMENT_EXECUTE|[37]
21:56:01.0 (160002521)|METHOD_EXIT|[18]|01pbV0000000ZVj|BaseSelector.checkPermission(Schema.SObjectType)
21:56:01.0 (160006396)|STATEMENT_EXECUTE|[19]
21:56:01.0 (160025005)|METHOD_ENTRY|[19]|01pbV0000000ZVj|BaseSelector.setSObjectType(Schema.SObjectType)
21:56:01.0 (160049572)|VARIABLE_SCOPE_BEGIN|[43]|this|BaseSelector|true|false
21:56:01.0 (160093444)|VARIABLE_ASSIGNMENT|[43]|this|{"queryFieldName":"DEFAULT_SOBJECT"}|0x67da6078
21:56:01.0 (160096372)|VARIABLE_SCOPE_BEGIN|[43]|type|Schema.SObjectType|true|false
21:56:01.0 (160125800)|VARIABLE_ASSIGNMENT|[43]|type|"common.apex.runtime.impl.ApexSObjectTypeToken@6a57d0f8"|0x6a57d0f8
21:56:01.0 (160140416)|HEAP_ALLOCATE|[44]|Bytes:5
21:56:01.0 (160143519)|STATEMENT_EXECUTE|[43]
21:56:01.0 (160144422)|STATEMENT_EXECUTE|[44]
21:56:01.0 (160173427)|VARIABLE_ASSIGNMENT|[44]|this.sObjectType|"common.apex.runtime.impl.ApexSObjectTypeToken@6a57d0f8"|0x67da6078
21:56:01.0 (160179319)|METHOD_EXIT|[19]|01pbV0000000ZVj|BaseSelector.setSObjectType(Schema.SObjectType)
21:56:01.0 (160181740)|STATEMENT_EXECUTE|[20]
21:56:01.0 (160189360)|METHOD_ENTRY|[20]|01pbV0000000ZVj|BaseSelector.setQueryFieldsViaMetadata(String)
21:56:01.0 (160196517)|VARIABLE_SCOPE_BEGIN|[49]|this|BaseSelector|true|false
21:56:01.0 (160232752)|VARIABLE_ASSIGNMENT|[49]|this|{"queryFieldName":"DEFAULT_SOBJECT","sObjectType":"common.apex.runtime.impl.ApexSObjectTypeToken@6a57d0f8"}|0x67da6078
21:56:01.0 (160235764)|VARIABLE_SCOPE_BEGIN|[49]|queryFieldName|String|false|false
21:56:01.0 (160240016)|VARIABLE_ASSIGNMENT|[49]|queryFieldName|"DEFAULT_SOBJECT"
21:56:01.0 (160245000)|HEAP_ALLOCATE|[52]|Bytes:5
21:56:01.0 (160247324)|STATEMENT_EXECUTE|[49]
21:56:01.0 (160248323)|STATEMENT_EXECUTE|[52]
21:56:01.0 (160252247)|VARIABLE_ASSIGNMENT|[52]|this.queryFieldName|"DEFAULT_SOBJECT"|0x67da6078
21:56:01.0 (160254945)|STATEMENT_EXECUTE|[53]
21:56:01.0 (160258335)|HEAP_ALLOCATE|[53]|Bytes:101
21:56:01.0 (160272969)|HEAP_ALLOCATE|[53]|Bytes:4
21:56:01.0 (160301397)|SYSTEM_METHOD_ENTRY|[55]|String.escapeSingleQuotes(String)
21:56:01.0 (160323460)|HEAP_ALLOCATE|[55]|Bytes:15
21:56:01.0 (160328729)|SYSTEM_METHOD_EXIT|[55]|String.escapeSingleQuotes(String)
21:56:01.0 (161171487)|SOQL_EXECUTE_BEGIN|[53]|Aggregations:0|SELECT Fields__c FROM Query_Fields__mdt WHERE DeveloperName = :tmpVar1 WITH SECURITY_ENFORCED LIMIT 1
21:56:01.0 (161197832)|LIMIT_USAGE|[53]|SOQL|3|100
21:56:01.0 (161204044)|LIMIT_USAGE|[53]|AGGS|0|300
21:56:01.0 (161966704)|HEAP_ALLOCATE|[EXTERNAL]|Bytes:4
21:56:01.0 (162176058)|HEAP_ALLOCATE|[EXTERNAL]|Bytes:4
21:56:01.0 (165563067)|SOQL_EXECUTE_EXPLAIN|[53]|No explain plan is available
21:56:01.0 (165579552)|SOQL_EXECUTE_END|[53]|Rows:0
21:56:01.0 (165596472)|LIMIT_USAGE|[53]|SOQL_ROWS|2|50000
21:56:01.0 (165608380)|HEAP_ALLOCATE|[53]|Bytes:4
21:56:01.0 (165618554)|HEAP_ALLOCATE|[53]|Bytes:0
21:56:01.0 (165696893)|HEAP_ALLOCATE|[53]|Bytes:4
21:56:01.0 (165709838)|VARIABLE_SCOPE_BEGIN|[53]|queryFields|List<Query_Fields__mdt>|true|false
21:56:01.0 (165729008)|VARIABLE_ASSIGNMENT|[53]|queryFields|[]|0x2bb2e329
21:56:01.0 (165775363)|SYSTEM_METHOD_ENTRY|[58]|List<Query_Fields__mdt>.isEmpty()
21:56:01.0 (165801267)|SYSTEM_METHOD_EXIT|[58]|List<Query_Fields__mdt>.isEmpty()
21:56:01.0 (165808083)|STATEMENT_EXECUTE|[60]
21:56:01.0 (165809168)|STATEMENT_EXECUTE|[61]
21:56:01.0 (165813094)|HEAP_ALLOCATE|[61]|Bytes:2
21:56:01.0 (165830279)|VARIABLE_ASSIGNMENT|[61]|this.fieldList|"Id"|0x67da6078
21:56:01.0 (165833199)|STATEMENT_EXECUTE|[63]
21:56:01.0 (165841836)|METHOD_EXIT|[20]|01pbV0000000ZVj|BaseSelector.setQueryFieldsViaMetadata(String)
21:56:01.0 (165857474)|CONSTRUCTOR_EXIT|[48]|01pbV0000000ZVj|<init>(Schema.SObjectType)|BaseSelector
21:56:01.0 (165873870)|METHOD_ENTRY|[48]|01pbV0000000ZVj|BaseSelector.setQueryFieldsViaString(String)
21:56:01.0 (165887092)|VARIABLE_SCOPE_BEGIN|[67]|this|BaseSelector|true|false
21:56:01.0 (165972915)|VARIABLE_ASSIGNMENT|[67]|this|{"fieldList":"Id","queryFieldName":"DEFAULT_SOBJECT","sObjectType":"common.apex.runtime.impl.ApexSObjectTypeToken@6a57d0f8"}|0x67da6078
21:56:01.0 (166002953)|VARIABLE_SCOPE_BEGIN|[67]|fieldList|String|false|false
21:56:01.0 (166010438)|VARIABLE_ASSIGNMENT|[67]|fieldList|"id, createdby.name,  (72 more) ..."
21:56:01.0 (166022536)|HEAP_ALLOCATE|[68]|Bytes:5
21:56:01.0 (166025508)|STATEMENT_EXECUTE|[67]
21:56:01.0 (166026394)|STATEMENT_EXECUTE|[68]
21:56:01.0 (166032144)|VARIABLE_ASSIGNMENT|[68]|this.fieldList|"id, createdby.name,  (72 more) ..."|0x67da6078
21:56:01.0 (166034953)|STATEMENT_EXECUTE|[69]
21:56:01.0 (166038879)|METHOD_EXIT|[48]|01pbV0000000ZVj|BaseSelector.setQueryFieldsViaString(String)
21:56:01.0 (166050418)|METHOD_ENTRY|[48]|01pbV0000000ZVj|BaseSelector.queryRecords(List<QueryBuilder.Condition>, String, List<QueryBuilder.Order>)
21:56:01.0 (166054019)|VARIABLE_SCOPE_BEGIN|[155]|this|BaseSelector|true|false
21:56:01.0 (166088095)|VARIABLE_ASSIGNMENT|[155]|this|{"fieldList":"id, createdby.name, createddate, lastmodifieddate, lastmodifiedby.name, ParentId,CommentBody","queryFieldName":"DEFAULT_SOBJECT","sObjectType":"common.apex.runtime.impl.ApexSObjectTypeToken@6a57d0f8"}|0x67da6078
21:56:01.0 (166102770)|VARIABLE_SCOPE_BEGIN|[155]|queryConditions|List<QueryBuilder.Condition>|true|false
21:56:01.0 (166160831)|VARIABLE_ASSIGNMENT|[155]|queryConditions|[{"fieldName":"ParentId","BRACKET_L":"(","BRACKET_R":")","conditionType":"CompareCondition","formedCondition":"ParentId = '500WH000 (11 more) ...","QUOTE":"'"}]|0x22bbd6d4
21:56:01.0 (166164773)|VARIABLE_SCOPE_BEGIN|[155]|conditionOrder|String|false|false
21:56:01.0 (166169398)|VARIABLE_ASSIGNMENT|[155]|conditionOrder|"1"
21:56:01.0 (166171632)|VARIABLE_SCOPE_BEGIN|[155]|orderBy|List<QueryBuilder.Order>|true|false
21:56:01.0 (166185580)|VARIABLE_ASSIGNMENT|[155]|orderBy|[{"nullsOrder":"","sortingField":"CreatedDate","sortingOrder":"DESC"}]|0x530df82d
21:56:01.0 (166192510)|HEAP_ALLOCATE|[156]|Bytes:5
21:56:01.0 (166194997)|STATEMENT_EXECUTE|[155]
21:56:01.0 (166195907)|STATEMENT_EXECUTE|[156]
21:56:01.0 (166266674)|HEAP_ALLOCATE|[156]|Bytes:357
21:56:01.0 (166270583)|HEAP_ALLOCATE|[156]|Bytes:173
21:56:01.0 (166272963)|HEAP_ALLOCATE|[156]|Bytes:27
21:56:01.0 (166298818)|METHOD_ENTRY|[4]|01p1R00000K3rJn|QueryBuilder.QueryBuilder()
21:56:01.0 (166303219)|STATEMENT_EXECUTE|[4]
21:56:01.0 (166305779)|STATEMENT_EXECUTE|[4]
21:56:01.0 (166308824)|HEAP_ALLOCATE|[156]|Bytes:5
21:56:01.0 (166310983)|STATEMENT_EXECUTE|[841]
21:56:01.0 (166311878)|STATEMENT_EXECUTE|[973]
21:56:01.0 (166312896)|STATEMENT_EXECUTE|[1007]
21:56:01.0 (166313903)|STATEMENT_EXECUTE|[1027]
21:56:01.0 (166314917)|STATEMENT_EXECUTE|[1048]
21:56:01.0 (166315833)|STATEMENT_EXECUTE|[1072]
21:56:01.0 (166316869)|STATEMENT_EXECUTE|[1201]
21:56:01.0 (166318028)|STATEMENT_EXECUTE|[1235]
21:56:01.0 (166319032)|STATEMENT_EXECUTE|[1400]
21:56:01.0 (166319988)|STATEMENT_EXECUTE|[1478]
21:56:01.0 (166321059)|STATEMENT_EXECUTE|[1556]
21:56:01.0 (166322467)|STATEMENT_EXECUTE|[1570]
21:56:01.0 (166323150)|STATEMENT_EXECUTE|[1599]
21:56:01.0 (166323991)|STATEMENT_EXECUTE|[1628]
21:56:01.0 (166324808)|STATEMENT_EXECUTE|[1641]
21:56:01.0 (166325760)|STATEMENT_EXECUTE|[1649]
21:56:01.0 (166326810)|STATEMENT_EXECUTE|[1700]
21:56:01.0 (166327808)|STATEMENT_EXECUTE|[1723]
21:56:01.0 (166328693)|STATEMENT_EXECUTE|[1850]
21:56:01.0 (166329523)|STATEMENT_EXECUTE|[1911]
21:56:01.0 (166338438)|METHOD_EXIT|[4]|QueryBuilder
21:56:01.0 (166345121)|HEAP_ALLOCATE|[156]|Bytes:80
21:56:01.0 (166352899)|METHOD_ENTRY|[156]|01pbV0000000ZVj|BaseSelector.getSObjectType()
21:56:01.0 (166366743)|VARIABLE_SCOPE_BEGIN|[31]|this|BaseSelector|true|false
21:56:01.0 (166406562)|VARIABLE_ASSIGNMENT|[31]|this|{"fieldList":"id, createdby.name, createddate, lastmodifieddate, lastmodifiedby.name, ParentId,CommentBody","queryFieldName":"DEFAULT_SOBJECT","sObjectType":"common.apex.runtime.impl.ApexSObjectTypeToken@6a57d0f8"}|0x67da6078
21:56:01.0 (166412619)|HEAP_ALLOCATE|[32]|Bytes:5
21:56:01.0 (166414948)|STATEMENT_EXECUTE|[31]
21:56:01.0 (166415848)|STATEMENT_EXECUTE|[32]
21:56:01.0 (166421338)|METHOD_EXIT|[156]|01pbV0000000ZVj|BaseSelector.getSObjectType()
21:56:01.0 (166436522)|CONSTRUCTOR_ENTRY|[156]|01p1R00000K3rJn|<init>(Schema.SObjectType)|QueryBuilder
21:56:01.0 (166440464)|VARIABLE_SCOPE_BEGIN|[97]|this|QueryBuilder|true|false
21:56:01.0 (166455829)|VARIABLE_ASSIGNMENT|[97]|this|{}|0x3ea08a50
21:56:01.0 (166458344)|VARIABLE_SCOPE_BEGIN|[97]|type|Schema.SObjectType|true|false
21:56:01.0 (166478979)|VARIABLE_ASSIGNMENT|[97]|type|"common.apex.runtime.impl.ApexSObjectTypeToken@6a57d0f8"|0x6a57d0f8
21:56:01.0 (166484116)|HEAP_ALLOCATE|[98]|Bytes:5
21:56:01.0 (166486164)|STATEMENT_EXECUTE|[98]
21:56:01.0 (166489656)|CONSTRUCTOR_ENTRY|[98]|01p1R00000K3rJn|<init>()|QueryBuilder
21:56:01.0 (166503360)|VARIABLE_SCOPE_BEGIN|[46]|this|QueryBuilder|true|false
21:56:01.0 (166513813)|VARIABLE_ASSIGNMENT|[46]|this|{}|0x3ea08a50
21:56:01.0 (166518208)|HEAP_ALLOCATE|[47]|Bytes:5
21:56:01.0 (166520181)|STATEMENT_EXECUTE|[4]
21:56:01.0 (166521691)|HEAP_ALLOCATE|[47]|Bytes:5
21:56:01.0 (166523354)|STATEMENT_EXECUTE|[16]
21:56:01.0 (166524313)|STATEMENT_EXECUTE|[17]
21:56:01.0 (166525024)|STATEMENT_EXECUTE|[18]
21:56:01.0 (166525851)|STATEMENT_EXECUTE|[19]
21:56:01.0 (166526532)|STATEMENT_EXECUTE|[20]
21:56:01.0 (166527365)|STATEMENT_EXECUTE|[21]
21:56:01.0 (166528123)|STATEMENT_EXECUTE|[22]
21:56:01.0 (166528811)|STATEMENT_EXECUTE|[23]
21:56:01.0 (166529493)|STATEMENT_EXECUTE|[24]
21:56:01.0 (166530234)|STATEMENT_EXECUTE|[25]
21:56:01.0 (166531078)|STATEMENT_EXECUTE|[26]
21:56:01.0 (166531779)|STATEMENT_EXECUTE|[27]
21:56:01.0 (166532511)|STATEMENT_EXECUTE|[28]
21:56:01.0 (166533329)|STATEMENT_EXECUTE|[29]
21:56:01.0 (166534189)|STATEMENT_EXECUTE|[31]
21:56:01.0 (166534984)|STATEMENT_EXECUTE|[33]
21:56:01.0 (166535809)|STATEMENT_EXECUTE|[35]
21:56:01.0 (166536501)|STATEMENT_EXECUTE|[36]
21:56:01.0 (166537264)|STATEMENT_EXECUTE|[37]
21:56:01.0 (166555024)|STATEMENT_EXECUTE|[46]
21:56:01.0 (166555920)|STATEMENT_EXECUTE|[47]
21:56:01.0 (166568377)|HEAP_ALLOCATE|[47]|Bytes:4
21:56:01.0 (166581514)|SYSTEM_CONSTRUCTOR_ENTRY|[47]|<init>(Integer)
21:56:01.0 (166591028)|SYSTEM_CONSTRUCTOR_EXIT|[47]|<init>(Integer)
21:56:01.0 (166622374)|VARIABLE_ASSIGNMENT|[47]|this.fieldTokens|[]|0x3ea08a50
21:56:01.0 (166625175)|STATEMENT_EXECUTE|[48]
21:56:01.0 (166627879)|HEAP_ALLOCATE|[48]|Bytes:4
21:56:01.0 (166631305)|SYSTEM_CONSTRUCTOR_ENTRY|[48]|<init>(Integer)
21:56:01.0 (166636191)|SYSTEM_CONSTRUCTOR_EXIT|[48]|<init>(Integer)
21:56:01.0 (166643276)|VARIABLE_ASSIGNMENT|[48]|this.groupByFields|[]|0x3ea08a50
21:56:01.0 (166645779)|STATEMENT_EXECUTE|[49]
21:56:01.0 (166652987)|HEAP_ALLOCATE|[49]|Bytes:4
21:56:01.0 (166656107)|SYSTEM_CONSTRUCTOR_ENTRY|[49]|<init>()
21:56:01.0 (166661109)|SYSTEM_CONSTRUCTOR_EXIT|[49]|<init>()
21:56:01.0 (166673118)|HEAP_ALLOCATE|[EXTERNAL]|Bytes:4
21:56:01.0 (166677664)|VARIABLE_ASSIGNMENT|[49]|this.sortingOrder|[]|0x3ea08a50
21:56:01.0 (166680267)|STATEMENT_EXECUTE|[50]
21:56:01.0 (166711249)|HEAP_ALLOCATE|[50]|Bytes:55
21:56:01.0 (166713954)|HEAP_ALLOCATE|[50]|Bytes:11
21:56:01.0 (166717527)|HEAP_ALLOCATE|[50]|Bytes:32
21:56:01.0 (166724299)|CONSTRUCTOR_ENTRY|[50]|01p1R00000K3rJn|<init>(QueryBuilder)|QueryBuilder.ConditionsManager
21:56:01.0 (166730344)|VARIABLE_SCOPE_BEGIN|[854]|this|QueryBuilder.ConditionsManager|true|false
21:56:01.0 (166741022)|VARIABLE_ASSIGNMENT|[854]|this|{}|0x1f437ed5
21:56:01.0 (166743436)|VARIABLE_SCOPE_BEGIN|[854]|queryBuilder|QueryBuilder|true|false
21:56:01.0 (166756744)|VARIABLE_ASSIGNMENT|[854]|queryBuilder|{"fieldTokens":"0x2c461468","groupByFields":"0x121b48ce","sortingOrder":"0x2853b2d7"}|0x3ea08a50
21:56:01.0 (166760076)|STATEMENT_EXECUTE|[841]
21:56:01.0 (166761236)|STATEMENT_EXECUTE|[843]
21:56:01.0 (166763341)|HEAP_ALLOCATE|[843]|Bytes:1
21:56:01.0 (166768071)|VARIABLE_ASSIGNMENT|[843]|this.BRACKET_L|"{"|0x1f437ed5
21:56:01.0 (166770894)|STATEMENT_EXECUTE|[844]
21:56:01.0 (166772089)|HEAP_ALLOCATE|[844]|Bytes:1
21:56:01.0 (166775588)|VARIABLE_ASSIGNMENT|[844]|this.BRACKET_R|"}"|0x1f437ed5
21:56:01.0 (166777975)|STATEMENT_EXECUTE|[846]
21:56:01.0 (166778722)|STATEMENT_EXECUTE|[848]
21:56:01.0 (166779441)|STATEMENT_EXECUTE|[849]
21:56:01.0 (166780146)|STATEMENT_EXECUTE|[850]
21:56:01.0 (166782765)|HEAP_ALLOCATE|[850]|Bytes:4
21:56:01.0 (166787941)|VARIABLE_ASSIGNMENT|[850]|this.conditionCount|1|0x1f437ed5
21:56:01.0 (166790324)|STATEMENT_EXECUTE|[852]
21:56:01.0 (166797816)|STATEMENT_EXECUTE|[854]
21:56:01.0 (166798939)|STATEMENT_EXECUTE|[855]
21:56:01.0 (166811014)|VARIABLE_ASSIGNMENT|[855]|this.queryBuilder|0x3ea08a50|0x1f437ed5
21:56:01.0 (166813741)|STATEMENT_EXECUTE|[856]
21:56:01.0 (166817558)|HEAP_ALLOCATE|[856]|Bytes:4
21:56:01.0 (166821543)|SYSTEM_CONSTRUCTOR_ENTRY|[856]|<init>()
21:56:01.0 (166828848)|SYSTEM_CONSTRUCTOR_EXIT|[856]|<init>()
21:56:01.0 (166835534)|HEAP_ALLOCATE|[EXTERNAL]|Bytes:4
21:56:01.0 (166839077)|VARIABLE_ASSIGNMENT|[856]|this.conditions|[]|0x1f437ed5
21:56:01.0 (166843759)|CONSTRUCTOR_EXIT|[50]|01p1R00000K3rJn|<init>(QueryBuilder)|QueryBuilder.ConditionsManager
21:56:01.0 (166847839)|VARIABLE_ASSIGNMENT|[50]|this.conditionsManager|0x1f437ed5|0x3ea08a50
21:56:01.0 (166850281)|STATEMENT_EXECUTE|[51]
21:56:01.0 (166851999)|HEAP_ALLOCATE|[51]|Bytes:4
21:56:01.0 (166855679)|VARIABLE_ASSIGNMENT|[51]|this.queryLimit|0|0x3ea08a50
21:56:01.0 (166858223)|STATEMENT_EXECUTE|[52]
21:56:01.0 (166859357)|HEAP_ALLOCATE|[52]|Bytes:4
21:56:01.0 (166862399)|VARIABLE_ASSIGNMENT|[52]|this.queryOffset|0|0x3ea08a50
21:56:01.0 (166864784)|STATEMENT_EXECUTE|[53]
21:56:01.0 (166868071)|VARIABLE_ASSIGNMENT|[53]|this.countResult|null|0x3ea08a50
21:56:01.0 (166870434)|STATEMENT_EXECUTE|[54]
21:56:01.0 (166872445)|HEAP_ALLOCATE|[54]|Bytes:5
21:56:01.0 (166876001)|VARIABLE_ASSIGNMENT|[54]|this.checkCrud|false|0x3ea08a50
21:56:01.0 (166878342)|STATEMENT_EXECUTE|[55]
21:56:01.0 (166879665)|HEAP_ALLOCATE|[55]|Bytes:5
21:56:01.0 (166882781)|VARIABLE_ASSIGNMENT|[55]|this.checkFls|false|0x3ea08a50
21:56:01.0 (166885437)|STATEMENT_EXECUTE|[56]
21:56:01.0 (166886774)|HEAP_ALLOCATE|[56]|Bytes:5
21:56:01.0 (166890009)|VARIABLE_ASSIGNMENT|[56]|this.updateTracking|false|0x3ea08a50
21:56:01.0 (166892252)|STATEMENT_EXECUTE|[57]
21:56:01.0 (166893489)|HEAP_ALLOCATE|[57]|Bytes:5
21:56:01.0 (166896615)|VARIABLE_ASSIGNMENT|[57]|this.updateViewstat|false|0x3ea08a50
21:56:01.0 (166898982)|STATEMENT_EXECUTE|[58]
21:56:01.0 (166900221)|HEAP_ALLOCATE|[58]|Bytes:5
21:56:01.0 (166903111)|VARIABLE_ASSIGNMENT|[58]|this.forView|false|0x3ea08a50
21:56:01.0 (166905405)|STATEMENT_EXECUTE|[59]
21:56:01.0 (166906624)|HEAP_ALLOCATE|[59]|Bytes:5
21:56:01.0 (166909548)|VARIABLE_ASSIGNMENT|[59]|this.forReference|false|0x3ea08a50
21:56:01.0 (166911788)|STATEMENT_EXECUTE|[60]
21:56:01.0 (166913011)|HEAP_ALLOCATE|[60]|Bytes:5
21:56:01.0 (166916329)|VARIABLE_ASSIGNMENT|[60]|this.withSecurityEnforced|false|0x3ea08a50
21:56:01.0 (166918656)|STATEMENT_EXECUTE|[61]
21:56:01.0 (166954868)|VARIABLE_ASSIGNMENT|[61]|this.scope|0x300e71d3|0x3ea08a50
21:56:01.0 (166959733)|CONSTRUCTOR_EXIT|[98]|01p1R00000K3rJn|<init>()|QueryBuilder
21:56:01.0 (166962550)|STATEMENT_EXECUTE|[97]
21:56:01.0 (166963284)|STATEMENT_EXECUTE|[99]
21:56:01.0 (166978074)|SYSTEM_METHOD_ENTRY|[99]|Schema.SObjectType.getDescribe()
21:56:01.0 (167165854)|HEAP_ALLOCATE|[99]|Bytes:4
21:56:01.0 (167173916)|SYSTEM_METHOD_EXIT|[99]|Schema.SObjectType.getDescribe()
21:56:01.0 (167188801)|HEAP_ALLOCATE|[99]|Bytes:11
21:56:01.0 (167197046)|VARIABLE_ASSIGNMENT|[99]|this.fromSobject|"CaseComment"|0x3ea08a50
21:56:01.0 (167204793)|CONSTRUCTOR_EXIT|[156]|01p1R00000K3rJn|<init>(Schema.SObjectType)|QueryBuilder
21:56:01.0 (167221882)|METHOD_ENTRY|[157]|01p1R00000K3rJn|QueryBuilder.addFields(String)
21:56:01.0 (167231465)|VARIABLE_SCOPE_BEGIN|[319]|this|QueryBuilder|true|false
21:56:01.0 (167261137)|VARIABLE_ASSIGNMENT|[319]|this|{"checkCrud":false,"checkFls":false,"conditionsManager":"0x1f437ed5","fieldTokens":"0x2c461468","forReference":false,"forView":false,"fromSobject":"CaseComment","groupByFields":"0x121b48ce","queryLimit":0,"queryOffset":0,"scope":"0x300e71d3","sortingOrder":"0x2853b2d7","updateTracking":false,"updateViewstat":false,"withSecurityEnforced":false}|0x3ea08a50
21:56:01.0 (167265710)|VARIABLE_SCOPE_BEGIN|[319]|fieldNames|String|false|false
21:56:01.0 (167271240)|VARIABLE_ASSIGNMENT|[319]|fieldNames|"id, createdby.name,  (72 more) ..."
21:56:01.0 (167277612)|HEAP_ALLOCATE|[320]|Bytes:5
21:56:01.0 (167280222)|STATEMENT_EXECUTE|[319]
21:56:01.0 (167281220)|STATEMENT_EXECUTE|[320]
21:56:01.0 (167296867)|SYSTEM_METHOD_ENTRY|[320]|String.trim()
21:56:01.0 (167307144)|HEAP_ALLOCATE|[320]|Bytes:92
21:56:01.0 (167311975)|SYSTEM_METHOD_EXIT|[320]|String.trim()
21:56:01.0 (167321576)|SYSTEM_METHOD_ENTRY|[320]|String.split(String)
21:56:01.0 (167339326)|HEAP_ALLOCATE|[320]|Bytes:2
21:56:01.0 (167341084)|HEAP_ALLOCATE|[320]|Bytes:15
21:56:01.0 (167342560)|HEAP_ALLOCATE|[320]|Bytes:12
21:56:01.0 (167343927)|HEAP_ALLOCATE|[320]|Bytes:17
21:56:01.0 (167345256)|HEAP_ALLOCATE|[320]|Bytes:20
21:56:01.0 (167346635)|HEAP_ALLOCATE|[320]|Bytes:9
21:56:01.0 (167347988)|HEAP_ALLOCATE|[320]|Bytes:11
21:56:01.0 (167349950)|HEAP_ALLOCATE|[320]|Bytes:32
21:56:01.0 (167353980)|SYSTEM_METHOD_EXIT|[320]|String.split(String)
21:56:01.0 (167360087)|METHOD_ENTRY|[320]|01p1R00000K3rJn|QueryBuilder.addFields(List<String>)
21:56:01.0 (167363142)|VARIABLE_SCOPE_BEGIN|[339]|this|QueryBuilder|true|false
21:56:01.0 (167380656)|VARIABLE_ASSIGNMENT|[339]|this|{"checkCrud":false,"checkFls":false,"conditionsManager":"0x1f437ed5","fieldTokens":"0x2c461468","forReference":false,"forView":false,"fromSobject":"CaseComment","groupByFields":"0x121b48ce","queryLimit":0,"queryOffset":0,"scope":"0x300e71d3","sortingOrder":"0x2853b2d7","updateTracking":false,"updateViewstat":false,"withSecurityEnforced":false}|0x3ea08a50
21:56:01.0 (167384786)|VARIABLE_SCOPE_BEGIN|[339]|fieldNames|List<String>|true|false
21:56:01.0 (167402876)|HEAP_ALLOCATE|[EXTERNAL]|Bytes:32
21:56:01.0 (167410934)|VARIABLE_ASSIGNMENT|[339]|fieldNames|"List of size 7 too large to display"|0x2ce2c4de
21:56:01.0 (167416705)|HEAP_ALLOCATE|[340]|Bytes:5
21:56:01.0 (167419045)|STATEMENT_EXECUTE|[339]
21:56:01.0 (167426885)|SYSTEM_METHOD_ENTRY|[340]|List<String>.iterator()
21:56:01.0 (167468385)|SYSTEM_METHOD_EXIT|[340]|List<String>.iterator()
21:56:01.0 (167476724)|SYSTEM_METHOD_ENTRY|[340]|system.ListIterator.hasNext()
21:56:01.0 (167481447)|HEAP_ALLOCATE|[340]|Bytes:5
21:56:01.0 (167485881)|SYSTEM_METHOD_EXIT|[340]|system.ListIterator.hasNext()
21:56:01.0 (167491749)|HEAP_ALLOCATE|[340]|Bytes:2
21:56:01.0 (167497110)|VARIABLE_SCOPE_BEGIN|[340]|fieldName|String|false|false
21:56:01.0 (167502216)|VARIABLE_ASSIGNMENT|[340]|fieldName|"id"
21:56:01.0 (167504850)|STATEMENT_EXECUTE|[340]
21:56:01.0 (167505782)|STATEMENT_EXECUTE|[341]
21:56:01.0 (167511190)|SYSTEM_METHOD_ENTRY|[341]|String.trim()
21:56:01.0 (167515998)|HEAP_ALLOCATE|[341]|Bytes:2
21:56:01.0 (167519344)|SYSTEM_METHOD_EXIT|[341]|String.trim()
21:56:01.0 (167530141)|SYSTEM_METHOD_ENTRY|[341]|Set<String>.add(Object)
21:56:01.0 (167535590)|HEAP_ALLOCATE|[EXTERNAL]|Bytes:4
21:56:01.0 (167540035)|SYSTEM_METHOD_EXIT|[341]|Set<String>.add(Object)
21:56:01.0 (167543344)|SYSTEM_METHOD_ENTRY|[340]|system.ListIterator.hasNext()
21:56:01.0 (167545877)|HEAP_ALLOCATE|[340]|Bytes:5
21:56:01.0 (167548212)|SYSTEM_METHOD_EXIT|[340]|system.ListIterator.hasNext()
21:56:01.0 (167550626)|HEAP_ALLOCATE|[340]|Bytes:15
21:56:01.0 (167553170)|VARIABLE_SCOPE_BEGIN|[340]|fieldName|String|false|false
21:56:01.0 (167557587)|VARIABLE_ASSIGNMENT|[340]|fieldName|" createdby.name"
21:56:01.0 (167559605)|STATEMENT_EXECUTE|[340]
21:56:01.0 (167560356)|STATEMENT_EXECUTE|[341]
21:56:01.0 (167563707)|SYSTEM_METHOD_ENTRY|[341]|String.trim()
21:56:01.0 (167566081)|HEAP_ALLOCATE|[341]|Bytes:14
21:56:01.0 (167569235)|SYSTEM_METHOD_EXIT|[341]|String.trim()
21:56:01.0 (167573036)|SYSTEM_METHOD_ENTRY|[341]|Set<String>.add(Object)
21:56:01.0 (167574822)|HEAP_ALLOCATE|[EXTERNAL]|Bytes:4
21:56:01.0 (167578186)|SYSTEM_METHOD_EXIT|[341]|Set<String>.add(Object)
21:56:01.0 (167580646)|SYSTEM_METHOD_ENTRY|[340]|system.ListIterator.hasNext()
21:56:01.0 (167583277)|HEAP_ALLOCATE|[340]|Bytes:5
21:56:01.0 (167585582)|SYSTEM_METHOD_EXIT|[340]|system.ListIterator.hasNext()
21:56:01.0 (167587695)|HEAP_ALLOCATE|[340]|Bytes:12
21:56:01.0 (167589787)|VARIABLE_SCOPE_BEGIN|[340]|fieldName|String|false|false
21:56:01.0 (167593935)|VARIABLE_ASSIGNMENT|[340]|fieldName|" createddate"
21:56:01.0 (167595887)|STATEMENT_EXECUTE|[340]
21:56:01.0 (167596632)|STATEMENT_EXECUTE|[341]
21:56:01.0 (167599347)|SYSTEM_METHOD_ENTRY|[341]|String.trim()
21:56:01.0 (167601040)|HEAP_ALLOCATE|[341]|Bytes:11
21:56:01.0 (167604040)|SYSTEM_METHOD_EXIT|[341]|String.trim()
21:56:01.0 (167607277)|SYSTEM_METHOD_ENTRY|[341]|Set<String>.add(Object)
21:56:01.0 (167609073)|HEAP_ALLOCATE|[EXTERNAL]|Bytes:4
21:56:01.0 (167612227)|SYSTEM_METHOD_EXIT|[341]|Set<String>.add(Object)
21:56:01.0 (167614712)|SYSTEM_METHOD_ENTRY|[340]|system.ListIterator.hasNext()
21:56:01.0 (167616948)|HEAP_ALLOCATE|[340]|Bytes:5
21:56:01.0 (167619118)|SYSTEM_METHOD_EXIT|[340]|system.ListIterator.hasNext()
21:56:01.0 (167621255)|HEAP_ALLOCATE|[340]|Bytes:17
21:56:01.0 (167623278)|VARIABLE_SCOPE_BEGIN|[340]|fieldName|String|false|false
21:56:01.0 (167627402)|VARIABLE_ASSIGNMENT|[340]|fieldName|" lastmodifieddate"
21:56:01.0 (167629227)|STATEMENT_EXECUTE|[340]
21:56:01.0 (167629955)|STATEMENT_EXECUTE|[341]
21:56:01.0 (167632620)|SYSTEM_METHOD_ENTRY|[341]|String.trim()
21:56:01.0 (167634466)|HEAP_ALLOCATE|[341]|Bytes:16
21:56:01.0 (167637495)|SYSTEM_METHOD_EXIT|[341]|String.trim()
21:56:01.0 (167640737)|SYSTEM_METHOD_ENTRY|[341]|Set<String>.add(Object)
21:56:01.0 (167642449)|HEAP_ALLOCATE|[EXTERNAL]|Bytes:4
21:56:01.0 (167645862)|SYSTEM_METHOD_EXIT|[341]|Set<String>.add(Object)
21:56:01.0 (167648281)|SYSTEM_METHOD_ENTRY|[340]|system.ListIterator.hasNext()
21:56:01.0 (167650556)|HEAP_ALLOCATE|[340]|Bytes:5
21:56:01.0 (167652711)|SYSTEM_METHOD_EXIT|[340]|system.ListIterator.hasNext()
21:56:01.0 (167654730)|HEAP_ALLOCATE|[340]|Bytes:20
21:56:01.0 (167656782)|VARIABLE_SCOPE_BEGIN|[340]|fieldName|String|false|false
21:56:01.0 (167660854)|VARIABLE_ASSIGNMENT|[340]|fieldName|" lastmodifiedby.name"
21:56:01.0 (167662732)|STATEMENT_EXECUTE|[340]
21:56:01.0 (167663483)|STATEMENT_EXECUTE|[341]
21:56:01.0 (167666192)|SYSTEM_METHOD_ENTRY|[341]|String.trim()
21:56:01.0 (167667961)|HEAP_ALLOCATE|[341]|Bytes:19
21:56:01.0 (167670989)|SYSTEM_METHOD_EXIT|[341]|String.trim()
21:56:01.0 (167674231)|SYSTEM_METHOD_ENTRY|[341]|Set<String>.add(Object)
21:56:01.0 (167675915)|HEAP_ALLOCATE|[EXTERNAL]|Bytes:4
21:56:01.0 (167679039)|SYSTEM_METHOD_EXIT|[341]|Set<String>.add(Object)
21:56:01.0 (167681317)|SYSTEM_METHOD_ENTRY|[340]|system.ListIterator.hasNext()
21:56:01.0 (167683595)|HEAP_ALLOCATE|[340]|Bytes:5
21:56:01.0 (167685743)|SYSTEM_METHOD_EXIT|[340]|system.ListIterator.hasNext()
21:56:01.0 (167687805)|HEAP_ALLOCATE|[340]|Bytes:9
21:56:01.0 (167689797)|VARIABLE_SCOPE_BEGIN|[340]|fieldName|String|false|false
21:56:01.0 (167693710)|VARIABLE_ASSIGNMENT|[340]|fieldName|" ParentId"
21:56:01.0 (167695533)|STATEMENT_EXECUTE|[340]
21:56:01.0 (167696273)|STATEMENT_EXECUTE|[341]
21:56:01.0 (167698931)|SYSTEM_METHOD_ENTRY|[341]|String.trim()
21:56:01.0 (167700771)|HEAP_ALLOCATE|[341]|Bytes:8
21:56:01.0 (167703803)|SYSTEM_METHOD_EXIT|[341]|String.trim()
21:56:01.0 (167706951)|SYSTEM_METHOD_ENTRY|[341]|Set<String>.add(Object)
21:56:01.0 (167708587)|HEAP_ALLOCATE|[EXTERNAL]|Bytes:4
21:56:01.0 (167711897)|SYSTEM_METHOD_EXIT|[341]|Set<String>.add(Object)
21:56:01.0 (167714189)|SYSTEM_METHOD_ENTRY|[340]|system.ListIterator.hasNext()
21:56:01.0 (167716426)|HEAP_ALLOCATE|[340]|Bytes:5
21:56:01.0 (167718590)|SYSTEM_METHOD_EXIT|[340]|system.ListIterator.hasNext()
21:56:01.0 (167720595)|HEAP_ALLOCATE|[340]|Bytes:11
21:56:01.0 (167722615)|VARIABLE_SCOPE_BEGIN|[340]|fieldName|String|false|false
21:56:01.0 (167726510)|VARIABLE_ASSIGNMENT|[340]|fieldName|"CommentBody"
21:56:01.0 (167728389)|STATEMENT_EXECUTE|[340]
21:56:01.0 (167729140)|STATEMENT_EXECUTE|[341]
21:56:01.0 (167731736)|SYSTEM_METHOD_ENTRY|[341]|String.trim()
21:56:01.0 (167733421)|HEAP_ALLOCATE|[341]|Bytes:11
21:56:01.0 (167736390)|SYSTEM_METHOD_EXIT|[341]|String.trim()
21:56:01.0 (167739519)|SYSTEM_METHOD_ENTRY|[341]|Set<String>.add(Object)
21:56:01.0 (167741210)|HEAP_ALLOCATE|[EXTERNAL]|Bytes:4
21:56:01.0 (167744485)|SYSTEM_METHOD_EXIT|[341]|Set<String>.add(Object)
21:56:01.0 (167746752)|SYSTEM_METHOD_ENTRY|[340]|system.ListIterator.hasNext()
21:56:01.0 (167748994)|HEAP_ALLOCATE|[340]|Bytes:5
21:56:01.0 (167751077)|SYSTEM_METHOD_EXIT|[340]|system.ListIterator.hasNext()
21:56:01.0 (167754634)|VARIABLE_ASSIGNMENT|[340]|fieldName|null
21:56:01.0 (167757943)|STATEMENT_EXECUTE|[343]
21:56:01.0 (167761942)|METHOD_EXIT|[320]|01p1R00000K3rJn|QueryBuilder.addFields(List<String>)
21:56:01.0 (167765908)|METHOD_EXIT|[157]|01p1R00000K3rJn|QueryBuilder.addFields(String)
21:56:01.0 (167771420)|METHOD_ENTRY|[158]|01p1R00000K3rJn|QueryBuilder.addConditions()
21:56:01.0 (167777191)|VARIABLE_SCOPE_BEGIN|[470]|this|QueryBuilder|true|false
21:56:01.0 (167797712)|VARIABLE_ASSIGNMENT|[470]|this|{"checkCrud":false,"checkFls":false,"conditionsManager":"0x1f437ed5","fieldTokens":"0x2c461468","forReference":false,"forView":false,"fromSobject":"CaseComment","groupByFields":"0x121b48ce","queryLimit":0,"queryOffset":0,"scope":"0x300e71d3","sortingOrder":"0x2853b2d7","updateTracking":false,"updateViewstat":false,"withSecurityEnforced":false}|0x3ea08a50
21:56:01.0 (167804330)|HEAP_ALLOCATE|[471]|Bytes:5
21:56:01.0 (167806572)|STATEMENT_EXECUTE|[470]
21:56:01.0 (167807320)|STATEMENT_EXECUTE|[471]
21:56:01.0 (167810643)|METHOD_EXIT|[158]|01p1R00000K3rJn|QueryBuilder.addConditions()
21:56:01.0 (167821194)|METHOD_ENTRY|[159]|01p1R00000K3rJn|QueryBuilder.ConditionsManager.addMultipleConditions(List<QueryBuilder.Condition>)
21:56:01.0 (167844260)|VARIABLE_SCOPE_BEGIN|[892]|this|QueryBuilder.ConditionsManager|true|false
21:56:01.0 (167860702)|VARIABLE_ASSIGNMENT|[892]|this|{"BRACKET_L":"{","BRACKET_R":"}","conditionCount":1,"conditions":"0x780e039b","queryBuilder":"0x3ea08a50"}|0x1f437ed5
21:56:01.0 (167864201)|VARIABLE_SCOPE_BEGIN|[892]|conditions|List<QueryBuilder.Condition>|true|false
21:56:01.0 (167880765)|VARIABLE_ASSIGNMENT|[892]|conditions|[{"fieldName":"ParentId","BRACKET_L":"(","BRACKET_R":")","conditionType":"CompareCondition","formedCondition":"ParentId = '500WH000 (11 more) ...","QUOTE":"'"}]|0x22bbd6d4
21:56:01.0 (167885332)|STATEMENT_EXECUTE|[892]
21:56:01.0 (167886946)|STATEMENT_EXECUTE|[893]
21:56:01.0 (167891785)|SYSTEM_METHOD_ENTRY|[894]|List<QueryBuilder.Condition>.iterator()
21:56:01.0 (167962791)|SYSTEM_METHOD_EXIT|[894]|List<QueryBuilder.Condition>.iterator()
21:56:01.0 (167975673)|SYSTEM_METHOD_ENTRY|[894]|system.ListIterator.hasNext()
21:56:01.0 (167979876)|HEAP_ALLOCATE|[894]|Bytes:5
21:56:01.0 (167982646)|SYSTEM_METHOD_EXIT|[894]|system.ListIterator.hasNext()
21:56:01.0 (167987095)|HEAP_ALLOCATE|[894]|Bytes:28
21:56:01.0 (168008891)|VARIABLE_SCOPE_BEGIN|[894]|condition|QueryBuilder.Condition|true|false
21:56:01.0 (168022748)|VARIABLE_ASSIGNMENT|[894]|condition|{"fieldName":"ParentId","BRACKET_L":"(","BRACKET_R":")","conditionType":"CompareCondition","formedCondition":"ParentId = '500WH000 (11 more) ...","QUOTE":"'"}|0x4714b02d
21:56:01.0 (168026254)|STATEMENT_EXECUTE|[894]
21:56:01.0 (168028423)|HEAP_ALLOCATE|[895]|Bytes:41
21:56:01.0 (168143948)|STATEMENT_EXECUTE|[895]
21:56:01.0 (168154171)|METHOD_ENTRY|[898]|01p1R00000K3rJn|QueryBuilder.FieldCondition.isEmpty()
21:56:01.0 (168161818)|VARIABLE_SCOPE_BEGIN|[1043]|this|QueryBuilder.FieldCondition|true|false
21:56:01.0 (168173856)|VARIABLE_ASSIGNMENT|[1043]|this|{"fieldName":"ParentId","BRACKET_L":"(","BRACKET_R":")","conditionType":"CompareCondition","formedCondition":"ParentId = '500WH000 (11 more) ...","QUOTE":"'"}|0x4714b02d
21:56:01.0 (168177887)|STATEMENT_EXECUTE|[1043]
21:56:01.0 (168178924)|STATEMENT_EXECUTE|[1044]
21:56:01.0 (168191204)|SYSTEM_METHOD_ENTRY|[1044]|String.isEmpty(String)
21:56:01.0 (168201079)|SYSTEM_METHOD_EXIT|[1044]|String.isEmpty(String)
21:56:01.0 (168204078)|METHOD_EXIT|[898]|01p1R00000K3rJn|QueryBuilder.FieldCondition.isEmpty()
21:56:01.0 (168206592)|STATEMENT_EXECUTE|[898]
21:56:01.0 (168207879)|STATEMENT_EXECUTE|[901]
21:56:01.0 (168214633)|SYSTEM_METHOD_ENTRY|[901]|List<QueryBuilder.Condition>.add(Object)
21:56:01.0 (168230560)|HEAP_ALLOCATE|[EXTERNAL]|Bytes:4
21:56:01.0 (168234751)|SYSTEM_METHOD_EXIT|[901]|List<QueryBuilder.Condition>.add(Object)
21:56:01.0 (168238148)|SYSTEM_METHOD_ENTRY|[894]|system.ListIterator.hasNext()
21:56:01.0 (168241393)|HEAP_ALLOCATE|[894]|Bytes:5
21:56:01.0 (168243796)|SYSTEM_METHOD_EXIT|[894]|system.ListIterator.hasNext()
21:56:01.0 (168247448)|VARIABLE_ASSIGNMENT|[894]|condition|null|
21:56:01.0 (168250163)|STATEMENT_EXECUTE|[903]
21:56:01.0 (168253011)|METHOD_EXIT|[159]|01p1R00000K3rJn|QueryBuilder.ConditionsManager.addMultipleConditions(List<QueryBuilder.Condition>)
21:56:01.0 (168260958)|METHOD_ENTRY|[160]|01p1R00000K3rJn|QueryBuilder.ConditionsManager.setConditionOrder(String)
21:56:01.0 (168266661)|VARIABLE_SCOPE_BEGIN|[920]|this|QueryBuilder.ConditionsManager|true|false
21:56:01.0 (168278506)|VARIABLE_ASSIGNMENT|[920]|this|{"BRACKET_L":"{","BRACKET_R":"}","conditionCount":1,"conditions":"0x780e039b","queryBuilder":"0x3ea08a50"}|0x1f437ed5
21:56:01.0 (168281643)|VARIABLE_SCOPE_BEGIN|[920]|conditionOrder|String|false|false
21:56:01.0 (168285688)|VARIABLE_ASSIGNMENT|[920]|conditionOrder|"1"
21:56:01.0 (168288776)|STATEMENT_EXECUTE|[920]
21:56:01.0 (168289732)|STATEMENT_EXECUTE|[921]
21:56:01.0 (168296025)|VARIABLE_ASSIGNMENT|[921]|this.conditionOrder|"1"|0x1f437ed5
21:56:01.0 (168298808)|STATEMENT_EXECUTE|[922]
21:56:01.0 (168300555)|METHOD_EXIT|[160]|01p1R00000K3rJn|QueryBuilder.ConditionsManager.setConditionOrder(String)
21:56:01.0 (168304791)|METHOD_ENTRY|[161]|01p1R00000K3rJn|QueryBuilder.ConditionsManager.endConditions()
21:56:01.0 (168309450)|VARIABLE_SCOPE_BEGIN|[925]|this|QueryBuilder.ConditionsManager|true|false
21:56:01.0 (168319085)|VARIABLE_ASSIGNMENT|[925]|this|{"BRACKET_L":"{","BRACKET_R":"}","conditionCount":1,"conditionOrder":"1","conditions":"0x780e039b","queryBuilder":"0x3ea08a50"}|0x1f437ed5
21:56:01.0 (168322594)|STATEMENT_EXECUTE|[925]
21:56:01.0 (168323483)|STATEMENT_EXECUTE|[926]
21:56:01.0 (168326438)|METHOD_ENTRY|[926]|01p1R00000K3rJn|QueryBuilder.ConditionsManager.toString()
21:56:01.0 (168330714)|VARIABLE_SCOPE_BEGIN|[930]|this|QueryBuilder.ConditionsManager|true|false
21:56:01.0 (168339139)|VARIABLE_ASSIGNMENT|[930]|this|{"BRACKET_L":"{","BRACKET_R":"}","conditionCount":1,"conditionOrder":"1","conditions":"0x780e039b","queryBuilder":"0x3ea08a50"}|0x1f437ed5
21:56:01.0 (168342835)|STATEMENT_EXECUTE|[930]
21:56:01.0 (168343628)|STATEMENT_EXECUTE|[931]
21:56:01.0 (168345451)|VARIABLE_SCOPE_BEGIN|[931]|result|String|false|false
21:56:01.0 (168349659)|VARIABLE_ASSIGNMENT|[931]|result|"1"
21:56:01.0 (168355681)|SYSTEM_METHOD_ENTRY|[932]|String.isEmpty(String)
21:56:01.0 (168362074)|SYSTEM_METHOD_EXIT|[932]|String.isEmpty(String)
21:56:01.0 (168364418)|STATEMENT_EXECUTE|[932]
21:56:01.0 (168365391)|STATEMENT_EXECUTE|[935]
21:56:01.0 (168368767)|METHOD_ENTRY|[935]|01p1R00000K3rJn|QueryBuilder.ConditionsManager.bracketConditions(String)
21:56:01.0 (168373151)|VARIABLE_SCOPE_BEGIN|[953]|this|QueryBuilder.ConditionsManager|true|false
21:56:01.0 (168381786)|VARIABLE_ASSIGNMENT|[953]|this|{"BRACKET_L":"{","BRACKET_R":"}","conditionCount":1,"conditionOrder":"1","conditions":"0x780e039b","queryBuilder":"0x3ea08a50"}|0x1f437ed5
21:56:01.0 (168384330)|VARIABLE_SCOPE_BEGIN|[953]|conditions|String|false|false
21:56:01.0 (168387896)|VARIABLE_ASSIGNMENT|[953]|conditions|"1"
21:56:01.0 (168390837)|STATEMENT_EXECUTE|[953]
21:56:01.0 (168391661)|STATEMENT_EXECUTE|[954]
21:56:01.0 (168394561)|SYSTEM_METHOD_ENTRY|[954]|List<QueryBuilder.Condition>.size()
21:56:01.0 (168400046)|SYSTEM_METHOD_EXIT|[954]|List<QueryBuilder.Condition>.size()
21:56:01.0 (168402383)|STATEMENT_EXECUTE|[955]
21:56:01.0 (168404085)|VARIABLE_SCOPE_BEGIN|[955]|i|Integer|false|false
21:56:01.0 (168407904)|HEAP_ALLOCATE|[955]|Bytes:4
21:56:01.0 (168410793)|VARIABLE_ASSIGNMENT|[955]|i|1
21:56:01.0 (168415056)|SYSTEM_METHOD_ENTRY|[955]|List<QueryBuilder.Condition>.size()
21:56:01.0 (168418726)|SYSTEM_METHOD_EXIT|[955]|List<QueryBuilder.Condition>.size()
21:56:01.0 (168421781)|STATEMENT_EXECUTE|[955]
21:56:01.0 (168422658)|STATEMENT_EXECUTE|[956]
21:56:01.0 (168430786)|SYSTEM_METHOD_ENTRY|[956]|String.valueOf(Object)
21:56:01.0 (168436193)|HEAP_ALLOCATE|[956]|Bytes:1
21:56:01.0 (168440411)|SYSTEM_METHOD_EXIT|[956]|String.valueOf(Object)
21:56:01.0 (168446871)|HEAP_ALLOCATE|[956]|Bytes:1
21:56:01.0 (168449009)|VARIABLE_SCOPE_BEGIN|[956]|conditionNumber|String|false|false
21:56:01.0 (168453511)|VARIABLE_ASSIGNMENT|[956]|conditionNumber|"1"
21:56:01.0 (168455804)|STATEMENT_EXECUTE|[957]
21:56:01.0 (168458454)|METHOD_ENTRY|[957]|01p1R00000K3rJn|QueryBuilder.ConditionsManager.bracket(String)
21:56:01.0 (168462341)|VARIABLE_SCOPE_BEGIN|[962]|this|QueryBuilder.ConditionsManager|true|false
21:56:01.0 (168471346)|VARIABLE_ASSIGNMENT|[962]|this|{"BRACKET_L":"{","BRACKET_R":"}","conditionCount":1,"conditionOrder":"1","conditions":"0x780e039b","queryBuilder":"0x3ea08a50"}|0x1f437ed5
21:56:01.0 (168474009)|VARIABLE_SCOPE_BEGIN|[962]|condition|String|false|false
21:56:01.0 (168477687)|VARIABLE_ASSIGNMENT|[962]|condition|"1"
21:56:01.0 (168479959)|STATEMENT_EXECUTE|[962]
21:56:01.0 (168480893)|STATEMENT_EXECUTE|[963]
21:56:01.0 (168484681)|SYSTEM_METHOD_ENTRY|[963]|String.trim()
21:56:01.0 (168488763)|HEAP_ALLOCATE|[963]|Bytes:1
21:56:01.0 (168491986)|SYSTEM_METHOD_EXIT|[963]|String.trim()
21:56:01.0 (168496028)|HEAP_ALLOCATE|[963]|Bytes:3
21:56:01.0 (168498588)|METHOD_EXIT|[957]|01p1R00000K3rJn|QueryBuilder.ConditionsManager.bracket(String)
21:56:01.0 (168505488)|SYSTEM_METHOD_ENTRY|[957]|String.replace(String, String)
21:56:01.0 (168514811)|HEAP_ALLOCATE|[957]|Bytes:3
21:56:01.0 (168518741)|SYSTEM_METHOD_EXIT|[957]|String.replace(String, String)
21:56:01.0 (168521734)|VARIABLE_ASSIGNMENT|[957]|conditions|"{1}"
21:56:01.0 (168524880)|HEAP_ALLOCATE|[955]|Bytes:4
21:56:01.0 (168527563)|VARIABLE_ASSIGNMENT|[955]|i|2
21:56:01.0 (168531142)|SYSTEM_METHOD_ENTRY|[955]|List<QueryBuilder.Condition>.size()
21:56:01.0 (168533549)|SYSTEM_METHOD_EXIT|[955]|List<QueryBuilder.Condition>.size()
21:56:01.0 (168535966)|STATEMENT_EXECUTE|[959]
21:56:01.0 (168537626)|METHOD_EXIT|[935]|01p1R00000K3rJn|QueryBuilder.ConditionsManager.bracketConditions(String)
21:56:01.0 (168540768)|VARIABLE_ASSIGNMENT|[935]|result|"{1}"
21:56:01.0 (168543191)|STATEMENT_EXECUTE|[936]
21:56:01.0 (168544421)|VARIABLE_SCOPE_BEGIN|[936]|i|Integer|false|false
21:56:01.0 (168547242)|HEAP_ALLOCATE|[936]|Bytes:4
21:56:01.0 (168549570)|VARIABLE_ASSIGNMENT|[936]|i|0
21:56:01.0 (168552984)|SYSTEM_METHOD_ENTRY|[936]|List<QueryBuilder.Condition>.size()
21:56:01.0 (168557337)|SYSTEM_METHOD_EXIT|[936]|List<QueryBuilder.Condition>.size()
21:56:01.0 (168560448)|STATEMENT_EXECUTE|[936]
21:56:01.0 (168561449)|STATEMENT_EXECUTE|[937]
21:56:01.0 (168566092)|HEAP_ALLOCATE|[937]|Bytes:28
21:56:01.0 (168574646)|VARIABLE_SCOPE_BEGIN|[937]|condition|QueryBuilder.Condition|true|false
21:56:01.0 (168585876)|VARIABLE_ASSIGNMENT|[937]|condition|{"fieldName":"ParentId","BRACKET_L":"(","BRACKET_R":")","conditionType":"CompareCondition","formedCondition":"ParentId = '500WH000 (11 more) ...","QUOTE":"'"}|0x4714b02d
21:56:01.0 (168612102)|STATEMENT_EXECUTE|[938]
21:56:01.0 (168612946)|STATEMENT_EXECUTE|[941]
21:56:01.0 (168619718)|SYSTEM_METHOD_ENTRY|[941]|String.valueOf(Object)
21:56:01.0 (168624327)|HEAP_ALLOCATE|[941]|Bytes:1
21:56:01.0 (168628887)|SYSTEM_METHOD_EXIT|[941]|String.valueOf(Object)
21:56:01.0 (168631597)|HEAP_ALLOCATE|[941]|Bytes:1
21:56:01.0 (168634619)|METHOD_ENTRY|[941]|01p1R00000K3rJn|QueryBuilder.ConditionsManager.bracket(String)
21:56:01.0 (168637031)|VARIABLE_SCOPE_BEGIN|[962]|this|QueryBuilder.ConditionsManager|true|false
21:56:01.0 (168646968)|VARIABLE_ASSIGNMENT|[962]|this|{"BRACKET_L":"{","BRACKET_R":"}","conditionCount":1,"conditionOrder":"1","conditions":"0x780e039b","queryBuilder":"0x3ea08a50"}|0x1f437ed5
21:56:01.0 (168649520)|VARIABLE_SCOPE_BEGIN|[962]|condition|String|false|false
21:56:01.0 (168653101)|VARIABLE_ASSIGNMENT|[962]|condition|"1"
21:56:01.0 (168655462)|STATEMENT_EXECUTE|[962]
21:56:01.0 (168656222)|STATEMENT_EXECUTE|[963]
21:56:01.0 (168659254)|SYSTEM_METHOD_ENTRY|[963]|String.trim()
21:56:01.0 (168661066)|HEAP_ALLOCATE|[963]|Bytes:1
21:56:01.0 (168664194)|SYSTEM_METHOD_EXIT|[963]|String.trim()
21:56:01.0 (168666661)|HEAP_ALLOCATE|[963]|Bytes:3
21:56:01.0 (168669209)|METHOD_EXIT|[941]|01p1R00000K3rJn|QueryBuilder.ConditionsManager.bracket(String)
21:56:01.0 (168671652)|VARIABLE_SCOPE_BEGIN|[941]|conditionNumber|String|false|false
21:56:01.0 (168675830)|VARIABLE_ASSIGNMENT|[941]|conditionNumber|"{1}"
21:56:01.0 (168682687)|SYSTEM_METHOD_ENTRY|[942]|String.contains(String)
21:56:01.0 (168690119)|SYSTEM_METHOD_EXIT|[942]|String.contains(String)
21:56:01.0 (168692218)|STATEMENT_EXECUTE|[942]
21:56:01.0 (168693084)|STATEMENT_EXECUTE|[943]
21:56:01.0 (168696211)|METHOD_ENTRY|[943]|01p1R00000K3rJn|QueryBuilder.Condition.toString()
21:56:01.0 (168700329)|VARIABLE_SCOPE_BEGIN|[998]|this|QueryBuilder.Condition|true|false
21:56:01.0 (168710110)|VARIABLE_ASSIGNMENT|[998]|this|{"fieldName":"ParentId","BRACKET_L":"(","BRACKET_R":")","conditionType":"CompareCondition","formedCondition":"ParentId = '500WH000 (11 more) ...","QUOTE":"'"}|0x4714b02d
21:56:01.0 (168713832)|STATEMENT_EXECUTE|[998]
21:56:01.0 (168714664)|STATEMENT_EXECUTE|[999]
21:56:01.0 (168716926)|METHOD_EXIT|[943]|01p1R00000K3rJn|QueryBuilder.Condition.toString()
21:56:01.0 (168722161)|SYSTEM_METHOD_ENTRY|[943]|String.replace(String, String)
21:56:01.0 (168727017)|HEAP_ALLOCATE|[943]|Bytes:31
21:56:01.0 (168730959)|SYSTEM_METHOD_EXIT|[943]|String.replace(String, String)
21:56:01.0 (168734279)|VARIABLE_ASSIGNMENT|[943]|result|"ParentId = '500WH000 (11 more) ..."
21:56:01.0 (168736666)|HEAP_ALLOCATE|[936]|Bytes:4
21:56:01.0 (168739372)|VARIABLE_ASSIGNMENT|[936]|i|1
21:56:01.0 (168742721)|SYSTEM_METHOD_ENTRY|[936]|List<QueryBuilder.Condition>.size()
21:56:01.0 (168745040)|SYSTEM_METHOD_EXIT|[936]|List<QueryBuilder.Condition>.size()
21:56:01.0 (168747843)|STATEMENT_EXECUTE|[946]
21:56:01.0 (168749444)|METHOD_EXIT|[926]|01p1R00000K3rJn|QueryBuilder.ConditionsManager.toString()
21:56:01.0 (168755642)|VARIABLE_ASSIGNMENT|[926]|this.builtCondition|"ParentId = '500WH000 (11 more) ..."|0x1f437ed5
21:56:01.0 (168758782)|STATEMENT_EXECUTE|[927]
21:56:01.0 (168760694)|METHOD_EXIT|[161]|01p1R00000K3rJn|QueryBuilder.ConditionsManager.endConditions()
21:56:01.0 (168770495)|METHOD_ENTRY|[162]|01p1R00000K3rJn|QueryBuilder.addMultipleOrderBy(List<QueryBuilder.Order>)
21:56:01.0 (168775998)|VARIABLE_SCOPE_BEGIN|[499]|this|QueryBuilder|true|false
21:56:01.0 (168798244)|VARIABLE_ASSIGNMENT|[499]|this|{"checkCrud":false,"checkFls":false,"conditionsManager":"0x1f437ed5","fieldTokens":"0x2c461468","forReference":false,"forView":false,"fromSobject":"CaseComment","groupByFields":"0x121b48ce","queryLimit":0,"queryOffset":0,"scope":"0x300e71d3","sortingOrder":"0x2853b2d7","updateTracking":false,"updateViewstat":false,"withSecurityEnforced":false}|0x3ea08a50
21:56:01.0 (168802753)|VARIABLE_SCOPE_BEGIN|[499]|orderBy|List<QueryBuilder.Order>|true|false
21:56:01.0 (168815427)|VARIABLE_ASSIGNMENT|[499]|orderBy|[{"nullsOrder":"","sortingField":"CreatedDate","sortingOrder":"DESC"}]|0x530df82d
21:56:01.0 (168822495)|HEAP_ALLOCATE|[500]|Bytes:5
21:56:01.0 (168824597)|STATEMENT_EXECUTE|[499]
21:56:01.0 (168825507)|STATEMENT_EXECUTE|[500]
21:56:01.0 (168833212)|SYSTEM_METHOD_ENTRY|[500]|List<QueryBuilder.Order>.addAll(Object)
21:56:01.0 (168845499)|HEAP_ALLOCATE|[500]|Bytes:16
21:56:01.0 (168847947)|HEAP_ALLOCATE|[500]|Bytes:16
21:56:01.0 (168870249)|HEAP_ALLOCATE|[EXTERNAL]|Bytes:4
21:56:01.0 (168873232)|HEAP_ALLOCATE|[500]|Bytes:4
21:56:01.0 (168877347)|SYSTEM_METHOD_EXIT|[500]|List<QueryBuilder.Order>.addAll(Object)
21:56:01.0 (168879637)|STATEMENT_EXECUTE|[501]
21:56:01.0 (168883262)|METHOD_EXIT|[162]|01p1R00000K3rJn|QueryBuilder.addMultipleOrderBy(List<QueryBuilder.Order>)
21:56:01.0 (168890580)|METHOD_ENTRY|[163]|01p1R00000K3rJn|QueryBuilder.toList()
21:56:01.0 (168895332)|VARIABLE_SCOPE_BEGIN|[734]|this|QueryBuilder|true|false
21:56:01.0 (168911348)|VARIABLE_ASSIGNMENT|[734]|this|{"checkCrud":false,"checkFls":false,"conditionsManager":"0x1f437ed5","fieldTokens":"0x2c461468","forReference":false,"forView":false,"fromSobject":"CaseComment","groupByFields":"0x121b48ce","queryLimit":0,"queryOffset":0,"scope":"0x300e71d3","sortingOrder":"0x2853b2d7","updateTracking":false,"updateViewstat":false,"withSecurityEnforced":false}|0x3ea08a50
21:56:01.0 (168917419)|HEAP_ALLOCATE|[735]|Bytes:5
21:56:01.0 (168919309)|STATEMENT_EXECUTE|[734]
21:56:01.0 (168921249)|STATEMENT_EXECUTE|[735]
21:56:01.0 (168922267)|STATEMENT_EXECUTE|[736]
21:56:01.0 (168923542)|HEAP_ALLOCATE|[736]|Bytes:17
21:56:01.0 (168928067)|METHOD_ENTRY|[736]|01p1R00000K3rJn|QueryBuilder.toString()
21:56:01.0 (168932792)|VARIABLE_SCOPE_BEGIN|[650]|this|QueryBuilder|true|false
21:56:01.0 (168946112)|VARIABLE_ASSIGNMENT|[650]|this|{"checkCrud":false,"checkFls":false,"conditionsManager":"0x1f437ed5","fieldTokens":"0x2c461468","forReference":false,"forView":false,"fromSobject":"CaseComment","groupByFields":"0x121b48ce","queryLimit":0,"queryOffset":0,"scope":"0x300e71d3","sortingOrder":"0x2853b2d7","updateTracking":false,"updateViewstat":false,"withSecurityEnforced":false}|0x3ea08a50
21:56:01.0 (168952127)|HEAP_ALLOCATE|[651]|Bytes:5
21:56:01.0 (168954207)|STATEMENT_EXECUTE|[650]
21:56:01.0 (168955108)|STATEMENT_EXECUTE|[651]
21:56:01.0 (168968759)|SYSTEM_METHOD_ENTRY|[651]|System.debug(ANY)
21:56:01.0 (168990077)|USER_DEBUG|[651]|DEBUG|null
21:56:01.0 (168994691)|SYSTEM_METHOD_EXIT|[651]|System.debug(ANY)
21:56:01.0 (168996796)|STATEMENT_EXECUTE|[652]
21:56:01.0 (168998136)|HEAP_ALLOCATE|[652]|Bytes:7
21:56:01.0 (169000343)|VARIABLE_SCOPE_BEGIN|[652]|result|String|false|false
21:56:01.0 (169005578)|VARIABLE_ASSIGNMENT|[652]|result|"SELECT "
21:56:01.0 (169007537)|STATEMENT_EXECUTE|[653]
21:56:01.0 (169008707)|VARIABLE_SCOPE_BEGIN|[653]|fields|String|false|false
21:56:01.0 (169012650)|VARIABLE_ASSIGNMENT|[653]|fields|""
21:56:01.0 (169017770)|SYSTEM_METHOD_ENTRY|[654]|Set<String>.isEmpty()
21:56:01.0 (169025674)|SYSTEM_METHOD_EXIT|[654]|Set<String>.isEmpty()
21:56:01.0 (169028217)|STATEMENT_EXECUTE|[656]
21:56:01.0 (169029083)|STATEMENT_EXECUTE|[657]
21:56:01.0 (169037219)|HEAP_ALLOCATE|[657]|Bytes:4
21:56:01.0 (169043664)|SYSTEM_CONSTRUCTOR_ENTRY|[657]|<init>()
21:56:01.0 (169051884)|SYSTEM_CONSTRUCTOR_EXIT|[657]|<init>()
21:56:01.0 (169058492)|SYSTEM_METHOD_ENTRY|[657]|List<String>.addAll(Object)
21:56:01.0 (169064389)|HEAP_ALLOCATE|[657]|Bytes:28
21:56:01.0 (169067616)|SYSTEM_METHOD_EXIT|[657]|List<String>.addAll(Object)
21:56:01.0 (169070140)|HEAP_ALLOCATE|[657]|Bytes:4
21:56:01.0 (169081047)|SYSTEM_METHOD_ENTRY|[657]|String.join(Object, String)
21:56:01.0 (169095478)|HEAP_ALLOCATE|[657]|Bytes:5
21:56:01.0 (169099992)|HEAP_ALLOCATE|[657]|Bytes:5
21:56:01.0 (169103117)|HEAP_ALLOCATE|[657]|Bytes:5
21:56:01.0 (169105541)|HEAP_ALLOCATE|[657]|Bytes:5
21:56:01.0 (169107897)|HEAP_ALLOCATE|[657]|Bytes:5
21:56:01.0 (169110464)|HEAP_ALLOCATE|[657]|Bytes:5
21:56:01.0 (169113080)|HEAP_ALLOCATE|[657]|Bytes:5
21:56:01.0 (169115532)|HEAP_ALLOCATE|[657]|Bytes:5
21:56:01.0 (169117582)|HEAP_ALLOCATE|[657]|Bytes:105
21:56:01.0 (169122586)|SYSTEM_METHOD_EXIT|[657]|String.join(Object, String)
21:56:01.0 (169127177)|VARIABLE_ASSIGNMENT|[657]|fields|"id\n\t, createdby.name (85 more) ..."
21:56:01.0 (169129237)|STATEMENT_EXECUTE|[659]
21:56:01.0 (169130902)|HEAP_ALLOCATE|[659]|Bytes:2
21:56:01.0 (169134542)|HEAP_ALLOCATE|[659]|Bytes:107
21:56:01.0 (169136754)|HEAP_ALLOCATE|[659]|Bytes:114
21:56:01.0 (169140353)|VARIABLE_ASSIGNMENT|[659]|result|"SELECT id\n\t, created (94 more) ..."
21:56:01.0 (169142554)|STATEMENT_EXECUTE|[660]
21:56:01.0 (169143843)|HEAP_ALLOCATE|[660]|Bytes:5
21:56:01.0 (169146984)|HEAP_ALLOCATE|[660]|Bytes:18
21:56:01.0 (169149319)|HEAP_ALLOCATE|[660]|Bytes:132
21:56:01.0 (169152726)|VARIABLE_ASSIGNMENT|[660]|result|"SELECT id\n\t, created (112 more) ..."
21:56:01.0 (169157278)|METHOD_ENTRY|[665]|01p1R00000K3rJn|QueryBuilder.ConditionsManager.hasConditions()
21:56:01.0 (169162016)|VARIABLE_SCOPE_BEGIN|[949]|this|QueryBuilder.ConditionsManager|true|false
21:56:01.0 (169176297)|VARIABLE_ASSIGNMENT|[949]|this|{"BRACKET_L":"{","BRACKET_R":"}","builtCondition":"ParentId = '500WH000 (11 more) ...","conditionCount":1,"conditionOrder":"1","conditions":"0x780e039b","queryBuilder":"0x3ea08a50"}|0x1f437ed5
21:56:01.0 (169180188)|STATEMENT_EXECUTE|[949]
21:56:01.0 (169180961)|STATEMENT_EXECUTE|[950]
21:56:01.0 (169183767)|SYSTEM_METHOD_ENTRY|[950]|List<QueryBuilder.Condition>.isEmpty()
21:56:01.0 (169188554)|SYSTEM_METHOD_EXIT|[950]|List<QueryBuilder.Condition>.isEmpty()
21:56:01.0 (169192311)|METHOD_EXIT|[665]|01p1R00000K3rJn|QueryBuilder.ConditionsManager.hasConditions()
21:56:01.0 (169194959)|STATEMENT_EXECUTE|[665]
21:56:01.0 (169196004)|STATEMENT_EXECUTE|[666]
21:56:01.0 (169197487)|HEAP_ALLOCATE|[666]|Bytes:41
21:56:01.0 (169200639)|HEAP_ALLOCATE|[666]|Bytes:72
21:56:01.0 (169205013)|SYSTEM_METHOD_ENTRY|[666]|System.debug(ANY)
21:56:01.0 (169211302)|USER_DEBUG|[666]|DEBUG|**this.conditionsManager.builtCondition: ParentId = '500WH00000R4iULYAZ'
21:56:01.0 (169214688)|SYSTEM_METHOD_EXIT|[666]|System.debug(ANY)
21:56:01.0 (169216551)|STATEMENT_EXECUTE|[667]
21:56:01.0 (169217942)|HEAP_ALLOCATE|[667]|Bytes:6
21:56:01.0 (169220817)|HEAP_ALLOCATE|[667]|Bytes:39
21:56:01.0 (169222980)|HEAP_ALLOCATE|[667]|Bytes:171
21:56:01.0 (169226434)|VARIABLE_ASSIGNMENT|[667]|result|"SELECT id\n\t, created (151 more) ..."
21:56:01.0 (169229909)|SYSTEM_METHOD_ENTRY|[681]|List<QueryBuilder.Order>.isEmpty()
21:56:01.0 (169233744)|SYSTEM_METHOD_EXIT|[681]|List<QueryBuilder.Order>.isEmpty()
21:56:01.0 (169236772)|STATEMENT_EXECUTE|[681]
21:56:01.0 (169237584)|STATEMENT_EXECUTE|[682]
21:56:01.0 (169238498)|HEAP_ALLOCATE|[682]|Bytes:9
21:56:01.0 (169240882)|HEAP_ALLOCATE|[682]|Bytes:180
21:56:01.0 (169244256)|VARIABLE_ASSIGNMENT|[682]|result|"SELECT id\n\t, created (160 more) ..."
21:56:01.0 (169246427)|STATEMENT_EXECUTE|[683]
21:56:01.0 (169249637)|HEAP_ALLOCATE|[683]|Bytes:4
21:56:01.0 (169252432)|SYSTEM_CONSTRUCTOR_ENTRY|[683]|<init>()
21:56:01.0 (169257099)|SYSTEM_CONSTRUCTOR_EXIT|[683]|<init>()
21:56:01.0 (169259142)|VARIABLE_SCOPE_BEGIN|[683]|orders|List<String>|true|false
21:56:01.0 (169280322)|HEAP_ALLOCATE|[EXTERNAL]|Bytes:4
21:56:01.0 (169285131)|VARIABLE_ASSIGNMENT|[683]|orders|[]|0x591094ad
21:56:01.0 (169290809)|SYSTEM_METHOD_ENTRY|[684]|List<QueryBuilder.Order>.iterator()
21:56:01.0 (169337699)|SYSTEM_METHOD_EXIT|[684]|List<QueryBuilder.Order>.iterator()
21:56:01.0 (169349702)|SYSTEM_METHOD_ENTRY|[684]|system.ListIterator.hasNext()
21:56:01.0 (169354241)|HEAP_ALLOCATE|[684]|Bytes:5
21:56:01.0 (169357153)|SYSTEM_METHOD_EXIT|[684]|system.ListIterator.hasNext()
21:56:01.0 (169361442)|HEAP_ALLOCATE|[684]|Bytes:16
21:56:01.0 (169371099)|VARIABLE_SCOPE_BEGIN|[684]|order|QueryBuilder.Order|true|false
21:56:01.0 (169383044)|VARIABLE_ASSIGNMENT|[684]|order|{"nullsOrder":"","sortingField":"CreatedDate","sortingOrder":"DESC"}|0x4379f18e
21:56:01.0 (169386079)|STATEMENT_EXECUTE|[684]
21:56:01.0 (169386959)|STATEMENT_EXECUTE|[685]
21:56:01.0 (169398811)|METHOD_ENTRY|[685]|01p1R00000K3rJn|QueryBuilder.Order.toString()
21:56:01.0 (169404769)|VARIABLE_SCOPE_BEGIN|[1615]|this|QueryBuilder.Order|true|false
21:56:01.0 (169412595)|VARIABLE_ASSIGNMENT|[1615]|this|{"nullsOrder":"","sortingField":"CreatedDate","sortingOrder":"DESC"}|0x4379f18e
21:56:01.0 (169416376)|STATEMENT_EXECUTE|[1615]
21:56:01.0 (169417527)|STATEMENT_EXECUTE|[1616]
21:56:01.0 (169419858)|HEAP_ALLOCATE|[1617]|Bytes:1
21:56:01.0 (169429287)|SYSTEM_METHOD_ENTRY|[1618]|String.isNotEmpty(String)
21:56:01.0 (169437579)|SYSTEM_METHOD_EXIT|[1618]|String.isNotEmpty(String)
21:56:01.0 (169443180)|HEAP_ALLOCATE|[1616]|Bytes:16
21:56:01.0 (169445892)|METHOD_EXIT|[685]|01p1R00000K3rJn|QueryBuilder.Order.toString()
21:56:01.0 (169451077)|SYSTEM_METHOD_ENTRY|[685]|List<String>.add(Object)
21:56:01.0 (169453881)|HEAP_ALLOCATE|[EXTERNAL]|Bytes:4
21:56:01.0 (169457247)|SYSTEM_METHOD_EXIT|[685]|List<String>.add(Object)
21:56:01.0 (169460639)|SYSTEM_METHOD_ENTRY|[684]|system.ListIterator.hasNext()
21:56:01.0 (169463373)|HEAP_ALLOCATE|[684]|Bytes:5
21:56:01.0 (169465786)|SYSTEM_METHOD_EXIT|[684]|system.ListIterator.hasNext()
21:56:01.0 (169469635)|VARIABLE_ASSIGNMENT|[684]|order|null|
21:56:01.0 (169472182)|STATEMENT_EXECUTE|[687]
21:56:01.0 (169473367)|HEAP_ALLOCATE|[687]|Bytes:2
21:56:01.0 (169478953)|SYSTEM_METHOD_ENTRY|[687]|String.join(Object, String)
21:56:01.0 (169486430)|HEAP_ALLOCATE|[687]|Bytes:5
21:56:01.0 (169489048)|HEAP_ALLOCATE|[687]|Bytes:16
21:56:01.0 (169491548)|HEAP_ALLOCATE|[687]|Bytes:5
21:56:01.0 (169493460)|HEAP_ALLOCATE|[687]|Bytes:16
21:56:01.0 (169498117)|SYSTEM_METHOD_EXIT|[687]|String.join(Object, String)
21:56:01.0 (169500872)|HEAP_ALLOCATE|[687]|Bytes:18
21:56:01.0 (169503155)|HEAP_ALLOCATE|[687]|Bytes:198
21:56:01.0 (169506993)|VARIABLE_ASSIGNMENT|[687]|result|"SELECT id\n\t, created (178 more) ..."
21:56:01.0 (169511363)|STATEMENT_EXECUTE|[689]
21:56:01.0 (169512273)|STATEMENT_EXECUTE|[692]
21:56:01.0 (169513258)|HEAP_ALLOCATE|[692]|Bytes:10
21:56:01.0 (169515458)|HEAP_ALLOCATE|[692]|Bytes:208
21:56:01.0 (169520168)|SYSTEM_METHOD_ENTRY|[692]|System.debug(ANY)
21:56:01.0 (169526830)|USER_DEBUG|[692]|DEBUG|**result: SELECT id
	, createdby.name
	, createddate
	, lastmodifieddate
	, lastmodifiedby.name
	, ParentId
	, CommentBody 
FROM CaseComment 
WHERE ParentId = '500WH00000R4iULYAZ' 
ORDER BY CreatedDate DESC 

21:56:01.0 (169530908)|SYSTEM_METHOD_EXIT|[692]|System.debug(ANY)
21:56:01.0 (169532973)|STATEMENT_EXECUTE|[693]
21:56:01.0 (169536688)|SYSTEM_METHOD_ENTRY|[693]|String.trim()
21:56:01.0 (169541123)|HEAP_ALLOCATE|[693]|Bytes:196
21:56:01.0 (169544748)|SYSTEM_METHOD_EXIT|[693]|String.trim()
21:56:01.0 (169548909)|METHOD_EXIT|[736]|01p1R00000K3rJn|QueryBuilder.toString()
21:56:01.0 (169552256)|HEAP_ALLOCATE|[736]|Bytes:213
21:56:01.0 (169555443)|SYSTEM_METHOD_ENTRY|[736]|System.debug(ANY)
21:56:01.0 (169557880)|USER_DEBUG|[736]|DEBUG|**this.toString: SELECT id
	, createdby.name
	, createddate
	, lastmodifieddate
	, lastmodifiedby.name
	, ParentId
	, CommentBody 
FROM CaseComment 
WHERE ParentId = '500WH00000R4iULYAZ' 
ORDER BY CreatedDate DESC
21:56:01.0 (169561522)|SYSTEM_METHOD_EXIT|[736]|System.debug(ANY)
21:56:01.0 (169563311)|STATEMENT_EXECUTE|[737]
21:56:01.0 (169566141)|METHOD_ENTRY|[737]|01p1R00000K3rJn|QueryBuilder.toString()
21:56:01.0 (169570098)|VARIABLE_SCOPE_BEGIN|[650]|this|QueryBuilder|true|false
21:56:01.0 (169588596)|VARIABLE_ASSIGNMENT|[650]|this|{"checkCrud":false,"checkFls":false,"conditionsManager":"0x1f437ed5","fieldTokens":"0x2c461468","forReference":false,"forView":false,"fromSobject":"CaseComment","groupByFields":"0x121b48ce","queryLimit":0,"queryOffset":0,"scope":"0x300e71d3","sortingOrder":"0x2853b2d7","updateTracking":false,"updateViewstat":false,"withSecurityEnforced":false}|0x3ea08a50
21:56:01.0 (169595219)|HEAP_ALLOCATE|[651]|Bytes:5
21:56:01.0 (169597135)|STATEMENT_EXECUTE|[650]
21:56:01.0 (169597878)|STATEMENT_EXECUTE|[651]
21:56:01.0 (169600874)|SYSTEM_METHOD_ENTRY|[651]|System.debug(ANY)
21:56:01.0 (169603527)|USER_DEBUG|[651]|DEBUG|null
21:56:01.0 (169606478)|SYSTEM_METHOD_EXIT|[651]|System.debug(ANY)
21:56:01.0 (169608230)|STATEMENT_EXECUTE|[652]
21:56:01.0 (169609668)|VARIABLE_SCOPE_BEGIN|[652]|result|String|false|false
21:56:01.0 (169613730)|VARIABLE_ASSIGNMENT|[652]|result|"SELECT "
21:56:01.0 (169615603)|STATEMENT_EXECUTE|[653]
21:56:01.0 (169616669)|VARIABLE_SCOPE_BEGIN|[653]|fields|String|false|false
21:56:01.0 (169620709)|VARIABLE_ASSIGNMENT|[653]|fields|""
21:56:01.0 (169624426)|SYSTEM_METHOD_ENTRY|[654]|Set<String>.isEmpty()
21:56:01.0 (169627408)|SYSTEM_METHOD_EXIT|[654]|Set<String>.isEmpty()
21:56:01.0 (169629633)|STATEMENT_EXECUTE|[656]
21:56:01.0 (169630403)|STATEMENT_EXECUTE|[657]
21:56:01.0 (169634033)|HEAP_ALLOCATE|[657]|Bytes:4
21:56:01.0 (169637218)|SYSTEM_CONSTRUCTOR_ENTRY|[657]|<init>()
21:56:01.0 (169640024)|SYSTEM_CONSTRUCTOR_EXIT|[657]|<init>()
21:56:01.0 (169644573)|SYSTEM_METHOD_ENTRY|[657]|List<String>.addAll(Object)
21:56:01.0 (169648432)|HEAP_ALLOCATE|[657]|Bytes:28
21:56:01.0 (169651570)|SYSTEM_METHOD_EXIT|[657]|List<String>.addAll(Object)
21:56:01.0 (169657187)|SYSTEM_METHOD_ENTRY|[657]|String.join(Object, String)
21:56:01.0 (169661929)|HEAP_ALLOCATE|[657]|Bytes:5
21:56:01.0 (169665127)|HEAP_ALLOCATE|[657]|Bytes:5
21:56:01.0 (169668000)|HEAP_ALLOCATE|[657]|Bytes:5
21:56:01.0 (169670565)|HEAP_ALLOCATE|[657]|Bytes:5
21:56:01.0 (169673006)|HEAP_ALLOCATE|[657]|Bytes:5
21:56:01.0 (169680210)|HEAP_ALLOCATE|[657]|Bytes:5
21:56:01.0 (169682685)|HEAP_ALLOCATE|[657]|Bytes:5
21:56:01.0 (169685143)|HEAP_ALLOCATE|[657]|Bytes:5
21:56:01.0 (169687077)|HEAP_ALLOCATE|[657]|Bytes:105
21:56:01.0 (169691798)|SYSTEM_METHOD_EXIT|[657]|String.join(Object, String)
21:56:01.0 (169695497)|VARIABLE_ASSIGNMENT|[657]|fields|"id\n\t, createdby.name (85 more) ..."
21:56:01.0 (169697480)|STATEMENT_EXECUTE|[659]
21:56:01.0 (169699200)|HEAP_ALLOCATE|[659]|Bytes:107
21:56:01.0 (169701346)|HEAP_ALLOCATE|[659]|Bytes:114
21:56:01.0 (169704694)|VARIABLE_ASSIGNMENT|[659]|result|"SELECT id\n\t, created (94 more) ..."
21:56:01.0 (169706608)|STATEMENT_EXECUTE|[660]
21:56:01.0 (169708608)|HEAP_ALLOCATE|[660]|Bytes:18
21:56:01.0 (169710698)|HEAP_ALLOCATE|[660]|Bytes:132
21:56:01.0 (169714031)|VARIABLE_ASSIGNMENT|[660]|result|"SELECT id\n\t, created (112 more) ..."
21:56:01.0 (169717282)|METHOD_ENTRY|[665]|01p1R00000K3rJn|QueryBuilder.ConditionsManager.hasConditions()
21:56:01.0 (169719670)|VARIABLE_SCOPE_BEGIN|[949]|this|QueryBuilder.ConditionsManager|true|false
21:56:01.0 (169732000)|VARIABLE_ASSIGNMENT|[949]|this|{"BRACKET_L":"{","BRACKET_R":"}","builtCondition":"ParentId = '500WH000 (11 more) ...","conditionCount":1,"conditionOrder":"1","conditions":"0x780e039b","queryBuilder":"0x3ea08a50"}|0x1f437ed5
21:56:01.0 (169735718)|STATEMENT_EXECUTE|[949]
21:56:01.0 (169736482)|STATEMENT_EXECUTE|[950]
21:56:01.0 (169738628)|SYSTEM_METHOD_ENTRY|[950]|List<QueryBuilder.Condition>.isEmpty()
21:56:01.0 (169741170)|SYSTEM_METHOD_EXIT|[950]|List<QueryBuilder.Condition>.isEmpty()
21:56:01.0 (169744352)|METHOD_EXIT|[665]|01p1R00000K3rJn|QueryBuilder.ConditionsManager.hasConditions()
21:56:01.0 (169746722)|STATEMENT_EXECUTE|[665]
21:56:01.0 (169747542)|STATEMENT_EXECUTE|[666]
21:56:01.0 (169749467)|HEAP_ALLOCATE|[666]|Bytes:72
21:56:01.0 (169753052)|SYSTEM_METHOD_ENTRY|[666]|System.debug(ANY)
21:56:01.0 (169756119)|USER_DEBUG|[666]|DEBUG|**this.conditionsManager.builtCondition: ParentId = '500WH00000R4iULYAZ'
21:56:01.0 (169759235)|SYSTEM_METHOD_EXIT|[666]|System.debug(ANY)
21:56:01.0 (169760983)|STATEMENT_EXECUTE|[667]
21:56:01.0 (169762910)|HEAP_ALLOCATE|[667]|Bytes:39
21:56:01.0 (169765183)|HEAP_ALLOCATE|[667]|Bytes:171
21:56:01.0 (169768568)|VARIABLE_ASSIGNMENT|[667]|result|"SELECT id\n\t, created (151 more) ..."
21:56:01.0 (169771739)|SYSTEM_METHOD_ENTRY|[681]|List<QueryBuilder.Order>.isEmpty()
21:56:01.0 (169774063)|SYSTEM_METHOD_EXIT|[681]|List<QueryBuilder.Order>.isEmpty()
21:56:01.0 (169776463)|STATEMENT_EXECUTE|[681]
21:56:01.0 (169777224)|STATEMENT_EXECUTE|[682]
21:56:01.0 (169778560)|HEAP_ALLOCATE|[682]|Bytes:180
21:56:01.0 (169781778)|VARIABLE_ASSIGNMENT|[682]|result|"SELECT id\n\t, created (160 more) ..."
21:56:01.0 (169783636)|STATEMENT_EXECUTE|[683]
21:56:01.0 (169786086)|HEAP_ALLOCATE|[683]|Bytes:4
21:56:01.0 (169788623)|SYSTEM_CONSTRUCTOR_ENTRY|[683]|<init>()
21:56:01.0 (169790913)|SYSTEM_CONSTRUCTOR_EXIT|[683]|<init>()
21:56:01.0 (169792618)|VARIABLE_SCOPE_BEGIN|[683]|orders|List<String>|true|false
21:56:01.0 (169813003)|HEAP_ALLOCATE|[EXTERNAL]|Bytes:4
21:56:01.0 (169817215)|VARIABLE_ASSIGNMENT|[683]|orders|[]|0x2c759210
21:56:01.0 (169821520)|SYSTEM_METHOD_ENTRY|[684]|List<QueryBuilder.Order>.iterator()
21:56:01.0 (169824943)|SYSTEM_METHOD_EXIT|[684]|List<QueryBuilder.Order>.iterator()
21:56:01.0 (169828264)|SYSTEM_METHOD_ENTRY|[684]|system.ListIterator.hasNext()
21:56:01.0 (169831133)|HEAP_ALLOCATE|[684]|Bytes:5
21:56:01.0 (169833620)|SYSTEM_METHOD_EXIT|[684]|system.ListIterator.hasNext()
21:56:01.0 (169836907)|HEAP_ALLOCATE|[684]|Bytes:16
21:56:01.0 (169843110)|VARIABLE_SCOPE_BEGIN|[684]|order|QueryBuilder.Order|true|false
21:56:01.0 (169852573)|VARIABLE_ASSIGNMENT|[684]|order|{"nullsOrder":"","sortingField":"CreatedDate","sortingOrder":"DESC"}|0x4379f18e
21:56:01.0 (169855360)|STATEMENT_EXECUTE|[684]
21:56:01.0 (169856126)|STATEMENT_EXECUTE|[685]
21:56:01.0 (169858366)|METHOD_ENTRY|[685]|01p1R00000K3rJn|QueryBuilder.Order.toString()
21:56:01.0 (169860657)|VARIABLE_SCOPE_BEGIN|[1615]|this|QueryBuilder.Order|true|false
21:56:01.0 (169867646)|VARIABLE_ASSIGNMENT|[1615]|this|{"nullsOrder":"","sortingField":"CreatedDate","sortingOrder":"DESC"}|0x4379f18e
21:56:01.0 (169870573)|STATEMENT_EXECUTE|[1615]
21:56:01.0 (169871454)|STATEMENT_EXECUTE|[1616]
21:56:01.0 (169877143)|SYSTEM_METHOD_ENTRY|[1618]|String.isNotEmpty(String)
21:56:01.0 (169881322)|SYSTEM_METHOD_EXIT|[1618]|String.isNotEmpty(String)
21:56:01.0 (169884300)|HEAP_ALLOCATE|[1616]|Bytes:16
21:56:01.0 (169886970)|METHOD_EXIT|[685]|01p1R00000K3rJn|QueryBuilder.Order.toString()
21:56:01.0 (169891300)|SYSTEM_METHOD_ENTRY|[685]|List<String>.add(Object)
21:56:01.0 (169893464)|HEAP_ALLOCATE|[EXTERNAL]|Bytes:4
21:56:01.0 (169896730)|SYSTEM_METHOD_EXIT|[685]|List<String>.add(Object)
21:56:01.0 (169899885)|SYSTEM_METHOD_ENTRY|[684]|system.ListIterator.hasNext()
21:56:01.0 (169902438)|HEAP_ALLOCATE|[684]|Bytes:5
21:56:01.0 (169904675)|SYSTEM_METHOD_EXIT|[684]|system.ListIterator.hasNext()
21:56:01.0 (169907983)|VARIABLE_ASSIGNMENT|[684]|order|null|
21:56:01.0 (169910133)|STATEMENT_EXECUTE|[687]
21:56:01.0 (169914505)|SYSTEM_METHOD_ENTRY|[687]|String.join(Object, String)
21:56:01.0 (169918958)|HEAP_ALLOCATE|[687]|Bytes:5
21:56:01.0 (169921323)|HEAP_ALLOCATE|[687]|Bytes:16
21:56:01.0 (169924103)|HEAP_ALLOCATE|[687]|Bytes:5
21:56:01.0 (169926398)|HEAP_ALLOCATE|[687]|Bytes:16
21:56:01.0 (169931037)|SYSTEM_METHOD_EXIT|[687]|String.join(Object, String)
21:56:01.0 (169933389)|HEAP_ALLOCATE|[687]|Bytes:18
21:56:01.0 (169935460)|HEAP_ALLOCATE|[687]|Bytes:198
21:56:01.0 (169938998)|VARIABLE_ASSIGNMENT|[687]|result|"SELECT id\n\t, created (178 more) ..."
21:56:01.0 (169941953)|STATEMENT_EXECUTE|[689]
21:56:01.0 (169942937)|STATEMENT_EXECUTE|[692]
21:56:01.0 (169944418)|HEAP_ALLOCATE|[692]|Bytes:208
21:56:01.0 (169948240)|SYSTEM_METHOD_ENTRY|[692]|System.debug(ANY)
21:56:01.0 (169951370)|USER_DEBUG|[692]|DEBUG|**result: SELECT id
	, createdby.name
	, createddate
	, lastmodifieddate
	, lastmodifiedby.name
	, ParentId
	, CommentBody 
FROM CaseComment 
WHERE ParentId = '500WH00000R4iULYAZ' 
ORDER BY CreatedDate DESC 

21:56:01.0 (169955048)|SYSTEM_METHOD_EXIT|[692]|System.debug(ANY)
21:56:01.0 (169956735)|STATEMENT_EXECUTE|[693]
21:56:01.0 (169959628)|SYSTEM_METHOD_ENTRY|[693]|String.trim()
21:56:01.0 (169961803)|HEAP_ALLOCATE|[693]|Bytes:196
21:56:01.0 (169965030)|SYSTEM_METHOD_EXIT|[693]|String.trim()
21:56:01.0 (169968508)|METHOD_EXIT|[737]|01p1R00000K3rJn|QueryBuilder.toString()
21:56:01.0 (169978360)|SYSTEM_METHOD_ENTRY|[737]|Database.query(String)
21:56:01.0 (170739009)|SOQL_EXECUTE_BEGIN|[737]|Aggregations:0|SELECT id
	, createdby.name
	, createddate
	, lastmodifieddate
	, lastmodifiedby.name
	, ParentId
	, CommentBody 
FROM CaseComment 
WHERE ParentId = '500WH00000R4iULYAZ' 
ORDER BY CreatedDate DESC
21:56:01.0 (170761230)|LIMIT_USAGE|[737]|SOQL|4|100
21:56:01.0 (170767661)|LIMIT_USAGE|[737]|AGGS|0|300
21:56:01.0 (179226621)|SOQL_EXECUTE_EXPLAIN|[737]|Index on CaseComment : [ParentId], cardinality: 0, sobjectCardinality: 280, relativeCost 0
21:56:01.0 (179246095)|SOQL_EXECUTE_END|[737]|Rows:0
21:56:01.0 (179264669)|LIMIT_USAGE|[737]|SOQL_ROWS|2|50000
21:56:01.0 (179280862)|HEAP_ALLOCATE|[737]|Bytes:4
21:56:01.0 (179299326)|HEAP_ALLOCATE|[737]|Bytes:0
21:56:01.0 (179360924)|HEAP_ALLOCATE|[737]|Bytes:4
21:56:01.0 (179379573)|SYSTEM_METHOD_EXIT|[737]|Database.query(String)
21:56:01.0 (179393246)|VARIABLE_SCOPE_BEGIN|[737]|result|List<SObject>|true|false
21:56:01.0 (179411664)|VARIABLE_ASSIGNMENT|[737]|result|[]|0x5de62e27
21:56:01.0 (179416969)|STATEMENT_EXECUTE|[738]
21:56:01.0 (179432674)|VARIABLE_ASSIGNMENT|[738]|this.result|[]|0x3ea08a50
21:56:01.0 (179437868)|STATEMENT_EXECUTE|[740]
21:56:01.0 (179447630)|METHOD_EXIT|[163]|01p1R00000K3rJn|QueryBuilder.toList()
21:56:01.0 (179458272)|METHOD_EXIT|[48]|01pbV0000000ZVj|BaseSelector.queryRecords(List<QueryBuilder.Condition>, String, List<QueryBuilder.Order>)
21:56:01.0 (179467501)|METHOD_EXIT|[36]|01pbV0000000ZVl|BaseService.search(List<QueryBuilder.Condition>, String, List<QueryBuilder.Order>, Schema.SObjectType, String)
21:56:01.0 (179472486)|VARIABLE_SCOPE_BEGIN|[36]|comments|List<SObject>|true|false
21:56:01.0 (179480361)|VARIABLE_ASSIGNMENT|[36]|comments|[]|0x5de62e27
21:56:01.0 (179484936)|STATEMENT_EXECUTE|[37]
21:56:01.0 (179535773)|HEAP_ALLOCATE|[37]|Bytes:24
21:56:01.0 (179559061)|SYSTEM_METHOD_ENTRY|[1]|JSON.JSON()
21:56:01.0 (179563506)|STATEMENT_EXECUTE|[1]
21:56:01.0 (179575531)|SYSTEM_METHOD_EXIT|[1]|JSON
21:56:01.0 (179589986)|METHOD_ENTRY|[37]||System.JSON.serialize(Object)
21:56:01.0 (179995449)|METHOD_EXIT|[37]||System.JSON.serialize(Object)
21:56:01.0 (180012434)|SYSTEM_MODE_EXIT|true
21:56:01.182 (182053879)|CUMULATIVE_LIMIT_USAGE
21:56:01.182 (182053879)|LIMIT_USAGE_FOR_NS|(default)|
  Number of SOQL queries: 4 out of 100
  Number of query rows: 2 out of 50000
  Number of SOSL queries: 0 out of 20
  Number of DML statements: 0 out of 150
  Number of Publish Immediate DML: 0 out of 150
  Number of DML rows: 0 out of 10000
  Maximum CPU time: 0 out of 10000
  Maximum heap size: 0 out of 6000000
  Number of callouts: 0 out of 100
  Number of Email Invocations: 0 out of 10
  Number of future calls: 0 out of 50
  Number of queueable jobs added to the queue: 0 out of 50
  Number of Mobile Apex push calls: 0 out of 10

21:56:01.182 (182053879)|TOTAL_EMAIL_RECIPIENTS_QUEUED|0
21:56:01.182 (182053879)|STATIC_VARIABLE_LIST|
  int:BYTES:0
  int:BYTES:0
  QueryBuilder.FilterScope:Delegated:0
  byte[]:DigitOnes:0
  byte[]:DigitTens:0
  QueryBuilder.FilterScope:Everything:0
  Boolean:FALSE:0
  int:MAX_EXPONENT:0
  double:MAX_VALUE:0
  int:MAX_VALUE:0
  int:MIN_EXPONENT:0
  double:MIN_NORMAL:0
  double:MIN_VALUE:0
  int:MIN_VALUE:0
  QueryBuilder.FilterScope:Mine:0
  QueryBuilder.FilterScope:MineAndMyGroups:0
  QueryBuilder.FilterScope:My_Team_Territory:0
  QueryBuilder.FilterScope:My_Territory:0
  double:NEGATIVE_INFINITY:0
  double:NaN:0
  double:POSITIVE_INFINITY:0
  int:PRECISION:0
  int:SIZE:0
  int:SIZE:0
  Boolean:TRUE:0
  QueryBuilder.FilterScope:Team:0
  String:__sfdcInnerTypes:0
  String:__sfdcInnerTypes:0
  String:__sfdcInnerTypes:0
  String:_sfdcAdditionalCodeLocations:0
  String:_sfdcAdditionalCodeLocations:0
  String:_sfdcAdditionalCodeLocations:0
  String:_sfdcAdditionalCodeLocations:0
  String:_sfdcAdditionalCodeLocations:0
  String:_sfdcAdditionalCodeLocations:0
  String:_sfdcAdditionalCodeLocations:0
  String:_sfdcAdditionalCodeLocations:0
  String:_sfdcAdditionalCodeLocations:0
  String:_sfdcAdditionalCodeLocations:0
  String:_sfdcAdditionalCodeLocations:0
  String:_sfdcAdditionalCodeLocations:0
  String:_sfdcAdditionalCodeLocations:0
  String:_sfdcAdditionalCodeLocations:0
  String:_sfdcAdditionalCodeLocations:0
  String:_sfdcSuppressedCodeLocations:0
  String:_sfdcSuppressedCodeLocations:0
  String:_sfdcSuppressedCodeLocations:0
  char[]:digits:0
  long:serialVersionUID:0
  long:serialVersionUID:0
  long:serialVersionUID:0

21:56:01.182 (182053879)|CUMULATIVE_LIMIT_USAGE_END

21:56:01.0 (182269348)|CODE_UNIT_FINISHED|com_relatedNotes.getRelatedNotes(String, String, String, String)
21:56:01.182 (182305698)|CUMULATIVE_PROFILING_BEGIN
21:56:01.182 (182305698)|CUMULATIVE_PROFILING|SOQL operations|
Class.com_relatedNotes.getRelatedNotes: line 16, column 1: [select Id, CreatedById, RecordtypeId, Recordtype.DeveloperName from Case where Id =: recordId limit 1]: executed 1 time in 14 ms
Class.BaseSelector.setQueryFieldsViaMetadata: line 53, column 1: [SELECT Fields__c 
                                                 FROM Query_Fields__mdt 
                                                WHERE DeveloperName =: String.escapeSingleQuotes(queryFieldName)
                                                WITH SECURITY_ENFORCED
                                                LIMIT 1]: executed 1 time in 5 ms

21:56:01.182 (182305698)|CUMULATIVE_PROFILING|No profiling information for SOSL operations
21:56:01.182 (182305698)|CUMULATIVE_PROFILING|No profiling information for DML operations
21:56:01.182 (182305698)|CUMULATIVE_PROFILING|method invocations|
External entry point: public static String getRelatedNotes(String, String, String, String): executed 1 time in 177 ms
Class.com_relatedNotes.getRelatedNotes: line 36, column 1: global public List<QueryBuilder.Order>(): executed 3 times in 117 ms
Class.BaseService.search: line 48, column 1: public BaseSelector(Schema.SObjectType): executed 3 times in 117 ms
Class.PermissionChecker.hasReadAccess: line 7, column 1: global public static Map<String,Schema.SObjectType> getGlobalDescribe(): executed 3 times in 97 ms
Class.BaseSelector.checkPermission: line 37, column 1: global Schema.DescribeSObjectResult getDescribe(): executed 2 times in 97 ms
Class.BaseSelector.<init>: line 18, column 1: protected void checkPermission(Schema.SObjectType): executed 1 time in 97 ms
Class.com_relatedNotes.getRelatedNotes: line 13, column 1: global static String getUserId(): executed 2 times in 14 ms
Class.QueryBuilder.toList: line 737, column 1: public String toString(): executed 2 times in 10 ms
Class.BaseSelector.queryRecords: line 163, column 1: public List<SObject> toList(): executed 1 time in 10 ms
Class.BaseSelector.<init>: line 20, column 1: public BaseSelector setQueryFieldsViaMetadata(String): executed 1 time in 6 ms
Class.com_relatedNotes.getRelatedNotes: line 12, column 1: global static System.Type forName(String): executed 3 times in 5 ms

21:56:01.182 (182305698)|CUMULATIVE_PROFILING_END
21:56:01.0 (182910064)|CODE_UNIT_FINISHED|apex://com_relatedNotes/ACTION$getRelatedNotes
21:56:01.0 (182924980)|EXECUTION_FINISHED
