57.0 APEX_CODE,INFO;APEX_PROFILING,INFO;CALLOUT,INFO;DB,INFO;SYSTEM,DEBUG;VALIDATION,INFO;WORKFLOW,INFO
Execute Anonymous: HttpService.callExternalApi();
16:00:00.000 (1000000)|EXECUTION_STARTED
16:00:00.001 (2000000)|CODE_UNIT_STARTED|[EXTERNAL]|execute_anonymous_apex
16:00:00.002 (3000000)|METHOD_ENTRY|[1]|HttpService.callExternalApi()
16:00:00.003 (4000000)|CALLOUT_REQUEST|[10]|System.HttpRequest[Endpoint=https://api.example.com/v1/contacts, Method=POST]
16:00:01.003 (1004000000)|CALLOUT_RESPONSE|[10]|System.HttpResponse[Status=OK, StatusCode=200]
16:00:01.005 (1006000000)|CALLOUT_REQUEST|[22]|System.HttpRequest[Endpoint=https://api.example.com/v1/accounts, Method=GET]
16:00:01.305 (1306000000)|CALLOUT_RESPONSE|[22]|System.HttpResponse[Status=Not Found, StatusCode=404]
16:00:01.310 (1311000000)|METHOD_EXIT|[1]|HttpService
16:00:01.311 (1312000000)|CUMULATIVE_LIMIT_USAGE
16:00:01.311 (1312100000)|LIMIT_USAGE_FOR_NS|(default)|
  Number of SOQL queries: 0 out of 100
  Number of query rows: 0 out of 50000
  Number of SOSL queries: 0 out of 20
  Number of DML statements: 0 out of 150
  Number of DML rows: 0 out of 10000
  Maximum CPU time: 450 out of 10000
  Maximum heap size: 4096 out of 6000000
  Number of callouts: 2 out of 100
  Number of Email Invocations: 0 out of 10
  Number of future calls: 0 out of 50
  Number of queueable jobs added to the queue: 0 out of 50
  Number of Mobile Apex push calls: 0 out of 10
16:00:01.312 (1313000000)|CUMULATIVE_LIMIT_USAGE_END
16:00:01.313 (1314000000)|CODE_UNIT_FINISHED|execute_anonymous_apex
16:00:01.314 (1315000000)|EXECUTION_FINISHED
