57.0 APEX_CODE,FINEST;APEX_PROFILING,INFO;DB,INFO;SYSTEM,DEBUG;VALIDATION,INFO;WORKFLOW,INFO
Trigger: ContactTrigger on Contact (before insert)
14:00:00.000 (1000000)|EXECUTION_STARTED
14:00:00.001 (2000000)|CODE_UNIT_STARTED|[EXTERNAL]|ContactTrigger on Contact trigger event BeforeInsert for [Contact]
14:00:00.001 (2500000)|CODE_UNIT_STARTED|[EXTERNAL]|ContactTriggerHandler.handleBeforeInsert()
14:00:00.002 (3000000)|METHOD_ENTRY|[5]|ContactTriggerHandler.handleBeforeInsert()
14:00:00.003 (4000000)|SOQL_EXECUTE_BEGIN|[12]|Aggregations:0|SELECT Id, Name FROM Account WHERE Id = '001000000000001'
14:00:00.004 (5000000)|SOQL_EXECUTE_END|[12]|Rows:1
14:00:00.005 (6000000)|SOQL_EXECUTE_BEGIN|[12]|Aggregations:0|SELECT Id, Name FROM Account WHERE Id = '001000000000002'
14:00:00.006 (7000000)|SOQL_EXECUTE_END|[12]|Rows:1
14:00:00.007 (8000000)|SOQL_EXECUTE_BEGIN|[12]|Aggregations:0|SELECT Id, Name FROM Account WHERE Id = '001000000000003'
14:00:00.008 (9000000)|SOQL_EXECUTE_END|[12]|Rows:1
14:00:00.009 (10000000)|SOQL_EXECUTE_BEGIN|[12]|Aggregations:0|SELECT Id, Name FROM Account WHERE Id = '001000000000004'
14:00:00.010 (11000000)|SOQL_EXECUTE_END|[12]|Rows:1
14:00:00.011 (12000000)|SOQL_EXECUTE_BEGIN|[12]|Aggregations:0|SELECT Id, Name FROM Account WHERE Id = '001000000000005'
14:00:00.012 (13000000)|SOQL_EXECUTE_END|[12]|Rows:1
14:00:00.013 (14000000)|SOQL_EXECUTE_BEGIN|[12]|Aggregations:0|SELECT Id, Name FROM Account WHERE Id = '001000000000006'
14:00:00.014 (15000000)|SOQL_EXECUTE_END|[12]|Rows:1
14:00:00.015 (16000000)|METHOD_EXIT|[5]|ContactTriggerHandler
14:00:00.016 (17000000)|CODE_UNIT_FINISHED|ContactTriggerHandler.handleBeforeInsert()
14:00:00.017 (18000000)|CODE_UNIT_FINISHED|ContactTrigger on Contact trigger event BeforeInsert for [Contact]
14:00:00.018 (19000000)|CUMULATIVE_LIMIT_USAGE
14:00:00.018 (19100000)|LIMIT_USAGE_FOR_NS|(default)|
  Number of SOQL queries: 6 out of 100
  Number of query rows: 6 out of 50000
  Number of SOSL queries: 0 out of 20
  Number of DML statements: 0 out of 150
  Number of DML rows: 0 out of 10000
  Maximum CPU time: 320 out of 10000
  Maximum heap size: 2048 out of 6000000
  Number of callouts: 0 out of 100
  Number of Email Invocations: 0 out of 10
  Number of future calls: 0 out of 50
  Number of queueable jobs added to the queue: 0 out of 50
  Number of Mobile Apex push calls: 0 out of 10
14:00:00.019 (20000000)|CUMULATIVE_LIMIT_USAGE_END
14:00:00.020 (21000000)|CUMULATIVE_PROFILING
14:00:00.020 (21100000)|CUMULATIVE_PROFILING_BEGIN
ContactTriggerHandler.handleBeforeInsert: line 12, column 1: [SELECT Id, Name FROM Account WHERE Id = '?']: executed 6 times in 12 ms
14:00:00.020 (21200000)|CUMULATIVE_PROFILING_END
14:00:00.021 (22000000)|EXECUTION_FINISHED
