57.0 APEX_CODE,INFO;APEX_PROFILING,INFO;DB,INFO;SYSTEM,DEBUG;VALIDATION,INFO;WORKFLOW,INFO
Execute Anonymous: ConfigService.loadSettings();
18:00:00.000 (1000000)|EXECUTION_STARTED
18:00:00.001 (2000000)|CODE_UNIT_STARTED|[EXTERNAL]|execute_anonymous_apex
18:00:00.002 (3000000)|METHOD_ENTRY|[1]|ConfigService.loadSettings()
18:00:00.003 (4000000)|SOQL_EXECUTE_BEGIN|[8]|Aggregations:0|SELECT DeveloperName, IsActive__c, Value__c FROM Feature_Flag__mdt WHERE IsActive__c = true
18:00:00.004 (5000000)|SOQL_EXECUTE_END|[8]|Rows:12
18:00:00.005 (6000000)|SOQL_EXECUTE_BEGIN|[15]|Aggregations:0|SELECT DeveloperName, Endpoint__c FROM Integration_Setting__mdt
18:00:00.006 (7000000)|SOQL_EXECUTE_END|[15]|Rows:5
18:00:00.007 (8000000)|SOQL_EXECUTE_BEGIN|[25]|Aggregations:0|SELECT Id, Name FROM Account WHERE Name = 'Acme'
18:00:00.008 (9000000)|SOQL_EXECUTE_END|[25]|Rows:3
18:00:00.009 (10000000)|METHOD_EXIT|[1]|ConfigService
18:00:00.010 (11000000)|CUMULATIVE_LIMIT_USAGE
18:00:00.010 (11100000)|LIMIT_USAGE_FOR_NS|(default)|
  Number of SOQL queries: 1 out of 100
  Number of query rows: 20 out of 50000
  Number of SOSL queries: 0 out of 20
  Number of DML statements: 0 out of 150
  Number of DML rows: 0 out of 10000
  Maximum CPU time: 230 out of 10000
  Maximum heap size: 16384 out of 6000000
  Number of callouts: 0 out of 100
  Number of Email Invocations: 0 out of 10
  Number of future calls: 0 out of 50
  Number of queueable jobs added to the queue: 0 out of 50
  Number of Mobile Apex push calls: 0 out of 10
18:00:00.011 (12000000)|CUMULATIVE_LIMIT_USAGE_END
18:00:00.012 (13000000)|CODE_UNIT_FINISHED|execute_anonymous_apex
18:00:00.013 (14000000)|EXECUTION_FINISHED
